#
# A fatal error has been detected by the Java Runtime Environment:
#
#  SIGSEGV (0xb) at pc=0x00007fedb4e1bd9d, pid=4576, tid=4598
#
# JRE version: OpenJDK Runtime Environment (11.0.1+13) (build 11.0.1+13-Ubuntu-2ubuntu1)
# Java VM: OpenJDK 64-Bit Server VM (11.0.1+13-Ubuntu-2ubuntu1, mixed mode, sharing, tiered, compressed oops, g1 gc, linux-amd64)
# Problematic frame:
# C  [librxtxSerial.so+0x6d9d]  read_byte_array+0x3d
#
# Core dump will be written. Default location: Core dumps may be processed with "/usr/share/apport/apport %p %s %c %d %P" (or dumping to /mnt/2E521095521063BD/JavaPractice/Cashier/core.4576)
#
# If you would like to submit a bug report, please visit:
#   http://bugreport.java.com/bugreport/crash.jsp
# The crash happened outside the Java Virtual Machine in native code.
# See problematic frame for where to report the bug.
#

---------------  S U M M A R Y ------------

Command Line: -Dfile.encoding=UTF-8 --module-path=/mnt/2E521095521063BD/JavaPractice/Cashier/build/classes SerialTest

Host: AMD Ryzen 3 2200G with Radeon Vega Graphics, 4 cores, 6G, Ubuntu 18.10
Time: Tue Jan 29 02:00:45 2019 PST elapsed time: 3 seconds (0d 0h 0m 3s)

---------------  T H R E A D  ---------------

Current thread (0x00007feddc19a800):  JavaThread "Thread-0" [_thread_in_native, id=4598, stack(0x00007fedb4d14000,0x00007fedb4e15000)]

Stack: [0x00007fedb4d14000,0x00007fedb4e15000],  sp=0x00007fedb4e12af0,  free space=1018k
Native frames: (J=compiled Java code, A=aot compiled Java code, j=interpreted, Vv=VM code, C=native code)
C  [librxtxSerial.so+0x6d9d]  read_byte_array+0x3d

Java frames: (J=compiled Java code, j=interpreted, Vv=VM code)
j  gnu.io.RXTXPort.readArray([BII)I+0
j  gnu.io.RXTXPort$SerialInputStream.read([BII)I+187
j  sun.nio.cs.StreamDecoder.readBytes()I+135 java.base@11.0.1
j  sun.nio.cs.StreamDecoder.implRead([CII)I+112 java.base@11.0.1
j  sun.nio.cs.StreamDecoder.read([CII)I+180 java.base@11.0.1
j  java.io.InputStreamReader.read([CII)I+7 java.base@11.0.1
j  java.io.BufferedReader.fill()V+145 java.base@11.0.1
j  java.io.BufferedReader.readLine(Z)Ljava/lang/String;+44 java.base@11.0.1
j  java.io.BufferedReader.readLine()Ljava/lang/String;+2 java.base@11.0.1
j  SerialTest.serialEvent(Lgnu/io/SerialPortEvent;)V+12
j  gnu.io.RXTXPort.sendEvent(IZ)Z+382
v  ~StubRoutines::call_stub
j  gnu.io.RXTXPort.eventLoop()V+0
j  gnu.io.RXTXPort$MonitorThread.run()V+12
v  ~StubRoutines::call_stub

siginfo: si_signo: 11 (SIGSEGV), si_code: 1 (SEGV_MAPERR), si_addr: 0xffffffffb4e13768

Register to memory mapping:

RAX=0xffffffffb4e13760 is an unknown value
RBX=0x00007fed80002820 points into unknown readable memory
RCX=0x0000000000000001 is an unknown value
RDX=0x00007fede21d5b00: <offset 0x00000000004a8b00> in /usr/lib/jvm/java-11-openjdk-amd64/lib/server/libjvm.so at 0x00007fede1d2d000
RSP=0x00007fedb4e12af0 is pointing into the stack for thread: 0x00007feddc19a800
RBP=0x00007feddc19ab40 points into unknown readable memory
RSI=0x00007fedb4e1eb25: <offset 0x0000000000009b25> in /lib/x86_64-linux-gnu/librxtxSerial.so at 0x00007fedb4e15000
RDI=0x00007fedb4e1ea9f: <offset 0x0000000000009a9f> in /lib/x86_64-linux-gnu/librxtxSerial.so at 0x00007fedb4e15000
R8 =0x00007fedc44843f8 is pointing into metadata
R9 =0x0000000099920340 is an oop
gnu.io.RXTXPort 
{0x0000000099920340} - klass: 'gnu/io/RXTXPort'
R10=0x0000000000000006 is an unknown value
R11=0x00007fede2e73a0c: <offset 0x0000000001146a0c> in /usr/lib/jvm/java-11-openjdk-amd64/lib/server/libjvm.so at 0x00007fede1d2d000
R12=0xffffffffffffffff is an unknown value
R13=0x0000000000000001 is an unknown value
R14=0x0000000000000007 is an unknown value
R15=0x00000000ffffffff is an unallocated location in the heap


Registers:
RAX=0xffffffffb4e13760, RBX=0x00007fed80002820, RCX=0x0000000000000001, RDX=0x00007fede21d5b00
RSP=0x00007fedb4e12af0, RBP=0x00007feddc19ab40, RSI=0x00007fedb4e1eb25, RDI=0x00007fedb4e1ea9f
R8 =0x00007fedc44843f8, R9 =0x0000000099920340, R10=0x0000000000000006, R11=0x00007fede2e73a0c
R12=0xffffffffffffffff, R13=0x0000000000000001, R14=0x0000000000000007, R15=0x00000000ffffffff
RIP=0x00007fedb4e1bd9d, EFLAGS=0x0000000000010206, CSGSFS=0x002b000000000033, ERR=0x0000000000000005
  TRAPNO=0x000000000000000e

Top of Stack: (sp=0x00007fedb4e12af0)
0x00007fedb4e12af0:   00007fedb4e12b30 0000000000002000
0x00007fedb4e12b00:   00000001b4e12b40 00007fed80002820
0x00007fedb4e12b10:   0000000700000007 00007fede28830e7
0x00007fedb4e12b20:   0000000000000000 0000000000002000 

Instructions: (pc=0x00007fedb4e1bd9d)
0x00007fedb4e1bd7d:   4c 24 18 48 8d 15 17 2d 00 00 48 8d 0d 0e 2d 00
0x00007fedb4e1bd8d:   00 44 89 44 24 14 e8 88 c7 ff ff 48 89 44 24 48
0x00007fedb4e1bd9d:   8b 40 08 45 85 ff 48 8b 54 24 48 89 44 24 40 c7
0x00007fedb4e1bdad:   42 08 00 00 00 00 0f 88 bd 01 00 00 31 c0 e8 70 


---------------  P R O C E S S  ---------------

Threads class SMR info:
_java_thread_list=0x00007feddc1b3940, length=11, elements={
0x00007feddc0f4800, 0x00007feddc0f6800, 0x00007feddc0fc000, 0x00007feddc0fe800,
0x00007feddc100800, 0x00007feddc102800, 0x00007feddc11a000, 0x00007feddc150800,
0x00007feddc19a800, 0x00007feddc18e000, 0x00007feddc011000
}

Java Threads: ( => current thread )
  0x00007feddc0f4800 JavaThread "Reference Handler" daemon [_thread_blocked, id=4588, stack(0x00007fedbc691000,0x00007fedbc792000)]
  0x00007feddc0f6800 JavaThread "Finalizer" daemon [_thread_blocked, id=4589, stack(0x00007fedbc590000,0x00007fedbc691000)]
  0x00007feddc0fc000 JavaThread "Signal Dispatcher" daemon [_thread_blocked, id=4590, stack(0x00007fedbc48f000,0x00007fedbc590000)]
  0x00007feddc0fe800 JavaThread "C2 CompilerThread0" daemon [_thread_blocked, id=4591, stack(0x00007fedbc38e000,0x00007fedbc48f000)]
  0x00007feddc100800 JavaThread "C1 CompilerThread0" daemon [_thread_blocked, id=4592, stack(0x00007fedbc28d000,0x00007fedbc38e000)]
  0x00007feddc102800 JavaThread "Sweeper thread" daemon [_thread_blocked, id=4593, stack(0x00007fedbc18c000,0x00007fedbc28d000)]
  0x00007feddc11a000 JavaThread "Common-Cleaner" daemon [_thread_blocked, id=4594, stack(0x00007fedbc05a000,0x00007fedbc15b000)]
  0x00007feddc150800 JavaThread "Service Thread" daemon [_thread_blocked, id=4595, stack(0x00007fedb5124000,0x00007fedb5225000)]
=>0x00007feddc19a800 JavaThread "Thread-0" [_thread_in_native, id=4598, stack(0x00007fedb4d14000,0x00007fedb4e15000)]
  0x00007feddc18e000 JavaThread "Thread-1" [_thread_blocked, id=4599, stack(0x00007fedb4c13000,0x00007fedb4d14000)]
  0x00007feddc011000 JavaThread "DestroyJavaVM" [_thread_blocked, id=4578, stack(0x00007fede18fb000,0x00007fede19fc000)]

Other Threads:
  0x00007feddc0f2000 VMThread "VM Thread" [stack: 0x00007fedbc794000,0x00007fedbc894000] [id=4587]
  0x00007feddc153000 WatcherThread [stack: 0x00007fedb5024000,0x00007fedb5124000] [id=4596]
  0x00007feddc026800 GCTaskThread "GC Thread#0" [stack: 0x00007fede15a9000,0x00007fede16a9000] [id=4580]
  0x00007feddc052800 ConcurrentGCThread "G1 Main Marker" [stack: 0x00007fede062d000,0x00007fede072d000] [id=4583]
  0x00007feddc054800 ConcurrentGCThread "G1 Conc#0" [stack: 0x00007fede052b000,0x00007fede062b000] [id=4584]
  0x00007feddc0c0800 ConcurrentGCThread "G1 Refine#0" [stack: 0x00007fede0025000,0x00007fede0125000] [id=4585]
  0x00007feddc0c2800 ConcurrentGCThread "G1 Young RemSet Sampling" [stack: 0x00007fedc488b000,0x00007fedc498b000] [id=4586]

Threads with active compile tasks:

VM state:not at safepoint (normal execution)

VM Mutex/Monitor currently owned by a thread: None

Heap address: 0x0000000092e00000, size: 1746 MB, Compressed Oops mode: 32-bit
Narrow klass base: 0x0000000800000000, Narrow klass shift: 3
Compressed class space size: 1073741824 Address: 0x0000000840000000

Heap:
 garbage-first heap   total 114688K, used 2680K [0x0000000092e00000, 0x0000000100000000)
  region size 1024K, 3 young (3072K), 0 survivors (0K)
 Metaspace       used 864K, capacity 4716K, committed 4864K, reserved 1056768K
  class space    used 85K, capacity 444K, committed 512K, reserved 1048576K
Heap Regions: E=young(eden), S=young(survivor), O=old, HS=humongous(starts), HC=humongous(continues), CS=collection set, F=free, A=archive, TAMS=top-at-mark-start (previous, next)
|   0|0x0000000092e00000, 0x0000000092e00000, 0x0000000092f00000|  0%| F|  |TAMS 0x0000000092e00000, 0x0000000092e00000| Untracked 
|   1|0x0000000092f00000, 0x0000000092f00000, 0x0000000093000000|  0%| F|  |TAMS 0x0000000092f00000, 0x0000000092f00000| Untracked 
|   2|0x0000000093000000, 0x0000000093000000, 0x0000000093100000|  0%| F|  |TAMS 0x0000000093000000, 0x0000000093000000| Untracked 
|   3|0x0000000093100000, 0x0000000093100000, 0x0000000093200000|  0%| F|  |TAMS 0x0000000093100000, 0x0000000093100000| Untracked 
|   4|0x0000000093200000, 0x0000000093200000, 0x0000000093300000|  0%| F|  |TAMS 0x0000000093200000, 0x0000000093200000| Untracked 
|   5|0x0000000093300000, 0x0000000093300000, 0x0000000093400000|  0%| F|  |TAMS 0x0000000093300000, 0x0000000093300000| Untracked 
|   6|0x0000000093400000, 0x0000000093400000, 0x0000000093500000|  0%| F|  |TAMS 0x0000000093400000, 0x0000000093400000| Untracked 
|   7|0x0000000093500000, 0x0000000093500000, 0x0000000093600000|  0%| F|  |TAMS 0x0000000093500000, 0x0000000093500000| Untracked 
|   8|0x0000000093600000, 0x0000000093600000, 0x0000000093700000|  0%| F|  |TAMS 0x0000000093600000, 0x0000000093600000| Untracked 
|   9|0x0000000093700000, 0x0000000093700000, 0x0000000093800000|  0%| F|  |TAMS 0x0000000093700000, 0x0000000093700000| Untracked 
|  10|0x0000000093800000, 0x0000000093800000, 0x0000000093900000|  0%| F|  |TAMS 0x0000000093800000, 0x0000000093800000| Untracked 
|  11|0x0000000093900000, 0x0000000093900000, 0x0000000093a00000|  0%| F|  |TAMS 0x0000000093900000, 0x0000000093900000| Untracked 
|  12|0x0000000093a00000, 0x0000000093a00000, 0x0000000093b00000|  0%| F|  |TAMS 0x0000000093a00000, 0x0000000093a00000| Untracked 
|  13|0x0000000093b00000, 0x0000000093b00000, 0x0000000093c00000|  0%| F|  |TAMS 0x0000000093b00000, 0x0000000093b00000| Untracked 
|  14|0x0000000093c00000, 0x0000000093c00000, 0x0000000093d00000|  0%| F|  |TAMS 0x0000000093c00000, 0x0000000093c00000| Untracked 
|  15|0x0000000093d00000, 0x0000000093d00000, 0x0000000093e00000|  0%| F|  |TAMS 0x0000000093d00000, 0x0000000093d00000| Untracked 
|  16|0x0000000093e00000, 0x0000000093e00000, 0x0000000093f00000|  0%| F|  |TAMS 0x0000000093e00000, 0x0000000093e00000| Untracked 
|  17|0x0000000093f00000, 0x0000000093f00000, 0x0000000094000000|  0%| F|  |TAMS 0x0000000093f00000, 0x0000000093f00000| Untracked 
|  18|0x0000000094000000, 0x0000000094000000, 0x0000000094100000|  0%| F|  |TAMS 0x0000000094000000, 0x0000000094000000| Untracked 
|  19|0x0000000094100000, 0x0000000094100000, 0x0000000094200000|  0%| F|  |TAMS 0x0000000094100000, 0x0000000094100000| Untracked 
|  20|0x0000000094200000, 0x0000000094200000, 0x0000000094300000|  0%| F|  |TAMS 0x0000000094200000, 0x0000000094200000| Untracked 
|  21|0x0000000094300000, 0x0000000094300000, 0x0000000094400000|  0%| F|  |TAMS 0x0000000094300000, 0x0000000094300000| Untracked 
|  22|0x0000000094400000, 0x0000000094400000, 0x0000000094500000|  0%| F|  |TAMS 0x0000000094400000, 0x0000000094400000| Untracked 
|  23|0x0000000094500000, 0x0000000094500000, 0x0000000094600000|  0%| F|  |TAMS 0x0000000094500000, 0x0000000094500000| Untracked 
|  24|0x0000000094600000, 0x0000000094600000, 0x0000000094700000|  0%| F|  |TAMS 0x0000000094600000, 0x0000000094600000| Untracked 
|  25|0x0000000094700000, 0x0000000094700000, 0x0000000094800000|  0%| F|  |TAMS 0x0000000094700000, 0x0000000094700000| Untracked 
|  26|0x0000000094800000, 0x0000000094800000, 0x0000000094900000|  0%| F|  |TAMS 0x0000000094800000, 0x0000000094800000| Untracked 
|  27|0x0000000094900000, 0x0000000094900000, 0x0000000094a00000|  0%| F|  |TAMS 0x0000000094900000, 0x0000000094900000| Untracked 
|  28|0x0000000094a00000, 0x0000000094a00000, 0x0000000094b00000|  0%| F|  |TAMS 0x0000000094a00000, 0x0000000094a00000| Untracked 
|  29|0x0000000094b00000, 0x0000000094b00000, 0x0000000094c00000|  0%| F|  |TAMS 0x0000000094b00000, 0x0000000094b00000| Untracked 
|  30|0x0000000094c00000, 0x0000000094c00000, 0x0000000094d00000|  0%| F|  |TAMS 0x0000000094c00000, 0x0000000094c00000| Untracked 
|  31|0x0000000094d00000, 0x0000000094d00000, 0x0000000094e00000|  0%| F|  |TAMS 0x0000000094d00000, 0x0000000094d00000| Untracked 
|  32|0x0000000094e00000, 0x0000000094e00000, 0x0000000094f00000|  0%| F|  |TAMS 0x0000000094e00000, 0x0000000094e00000| Untracked 
|  33|0x0000000094f00000, 0x0000000094f00000, 0x0000000095000000|  0%| F|  |TAMS 0x0000000094f00000, 0x0000000094f00000| Untracked 
|  34|0x0000000095000000, 0x0000000095000000, 0x0000000095100000|  0%| F|  |TAMS 0x0000000095000000, 0x0000000095000000| Untracked 
|  35|0x0000000095100000, 0x0000000095100000, 0x0000000095200000|  0%| F|  |TAMS 0x0000000095100000, 0x0000000095100000| Untracked 
|  36|0x0000000095200000, 0x0000000095200000, 0x0000000095300000|  0%| F|  |TAMS 0x0000000095200000, 0x0000000095200000| Untracked 
|  37|0x0000000095300000, 0x0000000095300000, 0x0000000095400000|  0%| F|  |TAMS 0x0000000095300000, 0x0000000095300000| Untracked 
|  38|0x0000000095400000, 0x0000000095400000, 0x0000000095500000|  0%| F|  |TAMS 0x0000000095400000, 0x0000000095400000| Untracked 
|  39|0x0000000095500000, 0x0000000095500000, 0x0000000095600000|  0%| F|  |TAMS 0x0000000095500000, 0x0000000095500000| Untracked 
|  40|0x0000000095600000, 0x0000000095600000, 0x0000000095700000|  0%| F|  |TAMS 0x0000000095600000, 0x0000000095600000| Untracked 
|  41|0x0000000095700000, 0x0000000095700000, 0x0000000095800000|  0%| F|  |TAMS 0x0000000095700000, 0x0000000095700000| Untracked 
|  42|0x0000000095800000, 0x0000000095800000, 0x0000000095900000|  0%| F|  |TAMS 0x0000000095800000, 0x0000000095800000| Untracked 
|  43|0x0000000095900000, 0x0000000095900000, 0x0000000095a00000|  0%| F|  |TAMS 0x0000000095900000, 0x0000000095900000| Untracked 
|  44|0x0000000095a00000, 0x0000000095a00000, 0x0000000095b00000|  0%| F|  |TAMS 0x0000000095a00000, 0x0000000095a00000| Untracked 
|  45|0x0000000095b00000, 0x0000000095b00000, 0x0000000095c00000|  0%| F|  |TAMS 0x0000000095b00000, 0x0000000095b00000| Untracked 
|  46|0x0000000095c00000, 0x0000000095c00000, 0x0000000095d00000|  0%| F|  |TAMS 0x0000000095c00000, 0x0000000095c00000| Untracked 
|  47|0x0000000095d00000, 0x0000000095d00000, 0x0000000095e00000|  0%| F|  |TAMS 0x0000000095d00000, 0x0000000095d00000| Untracked 
|  48|0x0000000095e00000, 0x0000000095e00000, 0x0000000095f00000|  0%| F|  |TAMS 0x0000000095e00000, 0x0000000095e00000| Untracked 
|  49|0x0000000095f00000, 0x0000000095f00000, 0x0000000096000000|  0%| F|  |TAMS 0x0000000095f00000, 0x0000000095f00000| Untracked 
|  50|0x0000000096000000, 0x0000000096000000, 0x0000000096100000|  0%| F|  |TAMS 0x0000000096000000, 0x0000000096000000| Untracked 
|  51|0x0000000096100000, 0x0000000096100000, 0x0000000096200000|  0%| F|  |TAMS 0x0000000096100000, 0x0000000096100000| Untracked 
|  52|0x0000000096200000, 0x0000000096200000, 0x0000000096300000|  0%| F|  |TAMS 0x0000000096200000, 0x0000000096200000| Untracked 
|  53|0x0000000096300000, 0x0000000096300000, 0x0000000096400000|  0%| F|  |TAMS 0x0000000096300000, 0x0000000096300000| Untracked 
|  54|0x0000000096400000, 0x0000000096400000, 0x0000000096500000|  0%| F|  |TAMS 0x0000000096400000, 0x0000000096400000| Untracked 
|  55|0x0000000096500000, 0x0000000096500000, 0x0000000096600000|  0%| F|  |TAMS 0x0000000096500000, 0x0000000096500000| Untracked 
|  56|0x0000000096600000, 0x0000000096600000, 0x0000000096700000|  0%| F|  |TAMS 0x0000000096600000, 0x0000000096600000| Untracked 
|  57|0x0000000096700000, 0x0000000096700000, 0x0000000096800000|  0%| F|  |TAMS 0x0000000096700000, 0x0000000096700000| Untracked 
|  58|0x0000000096800000, 0x0000000096800000, 0x0000000096900000|  0%| F|  |TAMS 0x0000000096800000, 0x0000000096800000| Untracked 
|  59|0x0000000096900000, 0x0000000096900000, 0x0000000096a00000|  0%| F|  |TAMS 0x0000000096900000, 0x0000000096900000| Untracked 
|  60|0x0000000096a00000, 0x0000000096a00000, 0x0000000096b00000|  0%| F|  |TAMS 0x0000000096a00000, 0x0000000096a00000| Untracked 
|  61|0x0000000096b00000, 0x0000000096b00000, 0x0000000096c00000|  0%| F|  |TAMS 0x0000000096b00000, 0x0000000096b00000| Untracked 
|  62|0x0000000096c00000, 0x0000000096c00000, 0x0000000096d00000|  0%| F|  |TAMS 0x0000000096c00000, 0x0000000096c00000| Untracked 
|  63|0x0000000096d00000, 0x0000000096d00000, 0x0000000096e00000|  0%| F|  |TAMS 0x0000000096d00000, 0x0000000096d00000| Untracked 
|  64|0x0000000096e00000, 0x0000000096e00000, 0x0000000096f00000|  0%| F|  |TAMS 0x0000000096e00000, 0x0000000096e00000| Untracked 
|  65|0x0000000096f00000, 0x0000000096f00000, 0x0000000097000000|  0%| F|  |TAMS 0x0000000096f00000, 0x0000000096f00000| Untracked 
|  66|0x0000000097000000, 0x0000000097000000, 0x0000000097100000|  0%| F|  |TAMS 0x0000000097000000, 0x0000000097000000| Untracked 
|  67|0x0000000097100000, 0x0000000097100000, 0x0000000097200000|  0%| F|  |TAMS 0x0000000097100000, 0x0000000097100000| Untracked 
|  68|0x0000000097200000, 0x0000000097200000, 0x0000000097300000|  0%| F|  |TAMS 0x0000000097200000, 0x0000000097200000| Untracked 
|  69|0x0000000097300000, 0x0000000097300000, 0x0000000097400000|  0%| F|  |TAMS 0x0000000097300000, 0x0000000097300000| Untracked 
|  70|0x0000000097400000, 0x0000000097400000, 0x0000000097500000|  0%| F|  |TAMS 0x0000000097400000, 0x0000000097400000| Untracked 
|  71|0x0000000097500000, 0x0000000097500000, 0x0000000097600000|  0%| F|  |TAMS 0x0000000097500000, 0x0000000097500000| Untracked 
|  72|0x0000000097600000, 0x0000000097600000, 0x0000000097700000|  0%| F|  |TAMS 0x0000000097600000, 0x0000000097600000| Untracked 
|  73|0x0000000097700000, 0x0000000097700000, 0x0000000097800000|  0%| F|  |TAMS 0x0000000097700000, 0x0000000097700000| Untracked 
|  74|0x0000000097800000, 0x0000000097800000, 0x0000000097900000|  0%| F|  |TAMS 0x0000000097800000, 0x0000000097800000| Untracked 
|  75|0x0000000097900000, 0x0000000097900000, 0x0000000097a00000|  0%| F|  |TAMS 0x0000000097900000, 0x0000000097900000| Untracked 
|  76|0x0000000097a00000, 0x0000000097a00000, 0x0000000097b00000|  0%| F|  |TAMS 0x0000000097a00000, 0x0000000097a00000| Untracked 
|  77|0x0000000097b00000, 0x0000000097b00000, 0x0000000097c00000|  0%| F|  |TAMS 0x0000000097b00000, 0x0000000097b00000| Untracked 
|  78|0x0000000097c00000, 0x0000000097c00000, 0x0000000097d00000|  0%| F|  |TAMS 0x0000000097c00000, 0x0000000097c00000| Untracked 
|  79|0x0000000097d00000, 0x0000000097d00000, 0x0000000097e00000|  0%| F|  |TAMS 0x0000000097d00000, 0x0000000097d00000| Untracked 
|  80|0x0000000097e00000, 0x0000000097e00000, 0x0000000097f00000|  0%| F|  |TAMS 0x0000000097e00000, 0x0000000097e00000| Untracked 
|  81|0x0000000097f00000, 0x0000000097f00000, 0x0000000098000000|  0%| F|  |TAMS 0x0000000097f00000, 0x0000000097f00000| Untracked 
|  82|0x0000000098000000, 0x0000000098000000, 0x0000000098100000|  0%| F|  |TAMS 0x0000000098000000, 0x0000000098000000| Untracked 
|  83|0x0000000098100000, 0x0000000098100000, 0x0000000098200000|  0%| F|  |TAMS 0x0000000098100000, 0x0000000098100000| Untracked 
|  84|0x0000000098200000, 0x0000000098200000, 0x0000000098300000|  0%| F|  |TAMS 0x0000000098200000, 0x0000000098200000| Untracked 
|  85|0x0000000098300000, 0x0000000098300000, 0x0000000098400000|  0%| F|  |TAMS 0x0000000098300000, 0x0000000098300000| Untracked 
|  86|0x0000000098400000, 0x0000000098400000, 0x0000000098500000|  0%| F|  |TAMS 0x0000000098400000, 0x0000000098400000| Untracked 
|  87|0x0000000098500000, 0x0000000098500000, 0x0000000098600000|  0%| F|  |TAMS 0x0000000098500000, 0x0000000098500000| Untracked 
|  88|0x0000000098600000, 0x0000000098600000, 0x0000000098700000|  0%| F|  |TAMS 0x0000000098600000, 0x0000000098600000| Untracked 
|  89|0x0000000098700000, 0x0000000098700000, 0x0000000098800000|  0%| F|  |TAMS 0x0000000098700000, 0x0000000098700000| Untracked 
|  90|0x0000000098800000, 0x0000000098800000, 0x0000000098900000|  0%| F|  |TAMS 0x0000000098800000, 0x0000000098800000| Untracked 
|  91|0x0000000098900000, 0x0000000098900000, 0x0000000098a00000|  0%| F|  |TAMS 0x0000000098900000, 0x0000000098900000| Untracked 
|  92|0x0000000098a00000, 0x0000000098a00000, 0x0000000098b00000|  0%| F|  |TAMS 0x0000000098a00000, 0x0000000098a00000| Untracked 
|  93|0x0000000098b00000, 0x0000000098b00000, 0x0000000098c00000|  0%| F|  |TAMS 0x0000000098b00000, 0x0000000098b00000| Untracked 
|  94|0x0000000098c00000, 0x0000000098c00000, 0x0000000098d00000|  0%| F|  |TAMS 0x0000000098c00000, 0x0000000098c00000| Untracked 
|  95|0x0000000098d00000, 0x0000000098d00000, 0x0000000098e00000|  0%| F|  |TAMS 0x0000000098d00000, 0x0000000098d00000| Untracked 
|  96|0x0000000098e00000, 0x0000000098e00000, 0x0000000098f00000|  0%| F|  |TAMS 0x0000000098e00000, 0x0000000098e00000| Untracked 
|  97|0x0000000098f00000, 0x0000000098f00000, 0x0000000099000000|  0%| F|  |TAMS 0x0000000098f00000, 0x0000000098f00000| Untracked 
|  98|0x0000000099000000, 0x0000000099000000, 0x0000000099100000|  0%| F|  |TAMS 0x0000000099000000, 0x0000000099000000| Untracked 
|  99|0x0000000099100000, 0x0000000099100000, 0x0000000099200000|  0%| F|  |TAMS 0x0000000099100000, 0x0000000099100000| Untracked 
| 100|0x0000000099200000, 0x0000000099200000, 0x0000000099300000|  0%| F|  |TAMS 0x0000000099200000, 0x0000000099200000| Untracked 
| 101|0x0000000099300000, 0x0000000099300000, 0x0000000099400000|  0%| F|  |TAMS 0x0000000099300000, 0x0000000099300000| Untracked 
| 102|0x0000000099400000, 0x0000000099400000, 0x0000000099500000|  0%| F|  |TAMS 0x0000000099400000, 0x0000000099400000| Untracked 
| 103|0x0000000099500000, 0x0000000099500000, 0x0000000099600000|  0%| F|  |TAMS 0x0000000099500000, 0x0000000099500000| Untracked 
| 104|0x0000000099600000, 0x0000000099600000, 0x0000000099700000|  0%| F|  |TAMS 0x0000000099600000, 0x0000000099600000| Untracked 
| 105|0x0000000099700000, 0x0000000099700000, 0x0000000099800000|  0%| F|  |TAMS 0x0000000099700000, 0x0000000099700000| Untracked 
| 106|0x0000000099800000, 0x0000000099800000, 0x0000000099900000|  0%| F|  |TAMS 0x0000000099800000, 0x0000000099800000| Untracked 
| 107|0x0000000099900000, 0x00000000999d7a48, 0x0000000099a00000| 84%| E|  |TAMS 0x0000000099900000, 0x0000000099900000| Complete 
| 108|0x0000000099a00000, 0x0000000099b00000, 0x0000000099b00000|100%| E|CS|TAMS 0x0000000099a00000, 0x0000000099a00000| Complete 
| 109|0x0000000099b00000, 0x0000000099c00000, 0x0000000099c00000|100%| E|CS|TAMS 0x0000000099b00000, 0x0000000099b00000| Complete 
|1744|0x00000000ffe00000, 0x00000000ffe34000, 0x00000000fff00000| 20%|OA|  |TAMS 0x00000000ffe00000, 0x00000000ffe00000| Untracked 
|1745|0x00000000fff00000, 0x00000000fff6a000, 0x0000000100000000| 41%|CA|  |TAMS 0x00000000fff00000, 0x00000000fff00000| Untracked 

Card table byte_map: [0x00007fede0ad1000,0x00007fede0e3a000] _byte_map_base: 0x00007fede063a000

Marking Bits (Prev, Next): (CMBitMap*) 0x00007feddc04af68, (CMBitMap*) 0x00007feddc04afa0
 Prev Bits: [0x00007fedbe4b8000, 0x00007fedc0000000)
 Next Bits: [0x00007fedbc970000, 0x00007fedbe4b8000)

Polling page: 0x00007fede32d1000

Metaspace:

Usage:
  Non-class:      4.17 MB capacity,   779.67 KB ( 18%) used,     3.41 MB ( 82%) free+waste,     2.44 KB ( <1%) overhead. 
      Class:    444.00 KB capacity,    85.09 KB ( 19%) used,   357.28 KB ( 80%) free+waste,     1.62 KB ( <1%) overhead. 
       Both:      4.61 MB capacity,   864.77 KB ( 18%) used,     3.76 MB ( 82%) free+waste,     4.06 KB ( <1%) overhead. 

Virtual space:
  Non-class space:        8.00 MB reserved,       4.25 MB ( 53%) committed 
      Class space:        1.00 GB reserved,     512.00 KB ( <1%) committed 
             Both:        1.01 GB reserved,       4.75 MB ( <1%) committed 

Chunk freelists:
   Non-Class:  6.00 KB
       Class:  512 bytes
        Both:  6.50 KB

CodeHeap 'non-profiled nmethods': size=120032Kb used=76Kb max_used=76Kb free=119955Kb
 bounds [0x00007fedcc453000, 0x00007fedcc6c3000, 0x00007fedd398b000]
CodeHeap 'profiled nmethods': size=120032Kb used=313Kb max_used=313Kb free=119718Kb
 bounds [0x00007fedc4f1b000, 0x00007fedc518b000, 0x00007fedcc453000]
CodeHeap 'non-nmethods': size=5696Kb used=1045Kb max_used=1060Kb free=4650Kb
 bounds [0x00007fedc498b000, 0x00007fedc4bfb000, 0x00007fedc4f1b000]
 total_blobs=651 nmethods=251 adapters=242
 compilation: enabled
              stopped_count=0, restarted_count=0
 full_count=0

Compilation events (10 events):
Event: 0.705 Thread 0x00007feddc100800 nmethod 245 0x00007fedc4f67910 code [0x00007fedc4f67b00, 0x00007fedc4f67f58]
Event: 0.707 Thread 0x00007feddc100800  246       3       java.util.zip.ZipUtils::CENNAM (9 bytes)
Event: 0.707 Thread 0x00007feddc100800 nmethod 246 0x00007fedc4f68110 code [0x00007fedc4f682c0, 0x00007fedc4f684b0]
Event: 0.709 Thread 0x00007feddc100800  247       3       java.util.zip.ZipUtils::CENHOW (9 bytes)
Event: 0.709 Thread 0x00007feddc100800 nmethod 247 0x00007fedc4f68610 code [0x00007fedc4f687c0, 0x00007fedc4f689b0]
Event: 0.710 Thread 0x00007feddc100800  248       3       jdk.internal.misc.Unsafe::putObjectRelease (9 bytes)
Event: 0.710 Thread 0x00007feddc100800 nmethod 248 0x00007fedc4f68b10 code [0x00007fedc4f68cc0, 0x00007fedc4f68e90]
Event: 0.710 Thread 0x00007feddc100800  250       3       java.util.concurrent.ConcurrentHashMap::setTabAt (20 bytes)
Event: 0.710 Thread 0x00007feddc100800 nmethod 250 0x00007fedc4f68f10 code [0x00007fedc4f690c0, 0x00007fedc4f693b0]
Event: 3.434 Thread 0x00007feddc100800  251       1       java.nio.Buffer::position (5 bytes)

GC Heap History (0 events):
No events

Deoptimization events (0 events):
No events

Classes redefined (0 events):
No events

Internal exceptions (5 events):
Event: 0.084 Thread 0x00007feddc011000 Exception <a 'sun/nio/fs/UnixException'{0x0000000099a08df8}> (0x0000000099a08df8) thrown at [/build/openjdk-lts-rLGL8O/openjdk-lts-11.0.1+13/src/hotspot/share/prims/jni.cpp, line 615]
Event: 0.112 Thread 0x00007feddc011000 Exception <a 'java/io/FileNotFoundException'{0x0000000099add1e8}> (0x0000000099add1e8) thrown at [/build/openjdk-lts-rLGL8O/openjdk-lts-11.0.1+13/src/hotspot/share/prims/jni.cpp, line 615]
Event: 0.416 Thread 0x00007feddc011000 Exception <a 'java/io/FileNotFoundException'{0x0000000099aed130}> (0x0000000099aed130) thrown at [/build/openjdk-lts-rLGL8O/openjdk-lts-11.0.1+13/src/hotspot/share/prims/jni.cpp, line 615]
Event: 0.418 Thread 0x00007feddc011000 Exception <a 'java/io/FileNotFoundException'{0x0000000099af96d8}> (0x0000000099af96d8) thrown at [/build/openjdk-lts-rLGL8O/openjdk-lts-11.0.1+13/src/hotspot/share/prims/jni.cpp, line 615]
Event: 0.702 Thread 0x00007feddc011000 Exception <a 'java/io/FileNotFoundException'{0x00000000999096c0}> (0x00000000999096c0) thrown at [/build/openjdk-lts-rLGL8O/openjdk-lts-11.0.1+13/src/hotspot/share/prims/jni.cpp, line 615]

Events (10 events):
Event: 0.740 loading class java/io/BufferedReader done
Event: 0.740 loading class sun/nio/cs/StreamDecoder
Event: 0.741 loading class sun/nio/cs/StreamDecoder done
Event: 0.741 loading class sun/nio/cs/UTF_8$Decoder
Event: 0.741 loading class java/nio/charset/CharsetDecoder
Event: 0.741 loading class java/nio/charset/CharsetDecoder done
Event: 0.741 loading class sun/nio/cs/UTF_8$Decoder done
Event: 0.744 Thread 0x00007feddc18e000 Thread added: 0x00007feddc18e000
Event: 0.744 Thread 0x00007feddc011000 Thread exited: 0x00007feddc011000
Event: 0.744 Thread 0x00007feddc011000 Thread added: 0x00007feddc011000


Dynamic libraries:
92e00000-99c00000 rw-p 00000000 00:00 0 
99c00000-ffe00000 ---p 00000000 00:00 0 
ffe00000-ffe34000 rw-p 0111a000 08:02 21370163                           /usr/lib/jvm/java-11-openjdk-amd64/lib/server/classes.jsa
ffe34000-fff00000 rw-p 00000000 00:00 0 
fff00000-fff6a000 rw-p 010b0000 08:02 21370163                           /usr/lib/jvm/java-11-openjdk-amd64/lib/server/classes.jsa
fff6a000-100000000 rw-p 00000000 00:00 0 
800000000-800002000 rwxp 00001000 08:02 21370163                         /usr/lib/jvm/java-11-openjdk-amd64/lib/server/classes.jsa
800002000-8003be000 rw-p 00003000 08:02 21370163                         /usr/lib/jvm/java-11-openjdk-amd64/lib/server/classes.jsa
8003be000-800a9a000 r--p 003bf000 08:02 21370163                         /usr/lib/jvm/java-11-openjdk-amd64/lib/server/classes.jsa
800a9a000-800a9b000 rw-p 00a9b000 08:02 21370163                         /usr/lib/jvm/java-11-openjdk-amd64/lib/server/classes.jsa
800a9b000-8010af000 r--p 00a9c000 08:02 21370163                         /usr/lib/jvm/java-11-openjdk-amd64/lib/server/classes.jsa
840000000-840080000 rw-p 00000000 00:00 0 
840080000-880000000 ---p 00000000 00:00 0 
5591484ac000-5591484ad000 r--p 00000000 08:02 21238314                   /usr/lib/jvm/java-11-openjdk-amd64/bin/java
5591484ad000-5591484ae000 r-xp 00001000 08:02 21238314                   /usr/lib/jvm/java-11-openjdk-amd64/bin/java
5591484ae000-5591484af000 r--p 00002000 08:02 21238314                   /usr/lib/jvm/java-11-openjdk-amd64/bin/java
5591484af000-5591484b0000 r--p 00002000 08:02 21238314                   /usr/lib/jvm/java-11-openjdk-amd64/bin/java
5591484b0000-5591484b1000 rw-p 00003000 08:02 21238314                   /usr/lib/jvm/java-11-openjdk-amd64/bin/java
5591492fc000-55914931d000 rw-p 00000000 00:00 0                          [heap]
7fed74000000-7fed74021000 rw-p 00000000 00:00 0 
7fed74021000-7fed78000000 ---p 00000000 00:00 0 
7fed7c000000-7fed7c021000 rw-p 00000000 00:00 0 
7fed7c021000-7fed80000000 ---p 00000000 00:00 0 
7fed80000000-7fed80021000 rw-p 00000000 00:00 0 
7fed80021000-7fed84000000 ---p 00000000 00:00 0 
7fed84000000-7fed84021000 rw-p 00000000 00:00 0 
7fed84021000-7fed88000000 ---p 00000000 00:00 0 
7fed88000000-7fed88021000 rw-p 00000000 00:00 0 
7fed88021000-7fed8c000000 ---p 00000000 00:00 0 
7fed8c000000-7fed8c0fb000 rw-p 00000000 00:00 0 
7fed8c0fb000-7fed90000000 ---p 00000000 00:00 0 
7fed90000000-7fed90021000 rw-p 00000000 00:00 0 
7fed90021000-7fed94000000 ---p 00000000 00:00 0 
7fed94000000-7fed94021000 rw-p 00000000 00:00 0 
7fed94021000-7fed98000000 ---p 00000000 00:00 0 
7fed98000000-7fed981bc000 rw-p 00000000 00:00 0 
7fed981bc000-7fed9c000000 ---p 00000000 00:00 0 
7fed9c000000-7fed9c021000 rw-p 00000000 00:00 0 
7fed9c021000-7feda0000000 ---p 00000000 00:00 0 
7feda0000000-7feda0021000 rw-p 00000000 00:00 0 
7feda0021000-7feda4000000 ---p 00000000 00:00 0 
7feda4000000-7feda4021000 rw-p 00000000 00:00 0 
7feda4021000-7feda8000000 ---p 00000000 00:00 0 
7feda8000000-7feda8021000 rw-p 00000000 00:00 0 
7feda8021000-7fedac000000 ---p 00000000 00:00 0 
7fedac000000-7fedac021000 rw-p 00000000 00:00 0 
7fedac021000-7fedb0000000 ---p 00000000 00:00 0 
7fedb0000000-7fedb0021000 rw-p 00000000 00:00 0 
7fedb0021000-7fedb4000000 ---p 00000000 00:00 0 
7fedb4c13000-7fedb4c17000 ---p 00000000 00:00 0 
7fedb4c17000-7fedb4d14000 rw-p 00000000 00:00 0 
7fedb4d14000-7fedb4d18000 ---p 00000000 00:00 0 
7fedb4d18000-7fedb4e15000 rw-p 00000000 00:00 0 
7fedb4e15000-7fedb4e22000 r-xp 00000000 08:02 15466584                   /lib/x86_64-linux-gnu/librxtxSerial.so
7fedb4e22000-7fedb5021000 ---p 0000d000 08:02 15466584                   /lib/x86_64-linux-gnu/librxtxSerial.so
7fedb5021000-7fedb5022000 rw-p 0000c000 08:02 15466584                   /lib/x86_64-linux-gnu/librxtxSerial.so
7fedb5022000-7fedb5023000 ---p 00000000 00:00 0 
7fedb5023000-7fedb5124000 rw-p 00000000 00:00 0 
7fedb5124000-7fedb5128000 ---p 00000000 00:00 0 
7fedb5128000-7fedb5225000 rw-p 00000000 00:00 0 
7fedb5225000-7fedb6000000 r--p 00000000 08:02 21240392                   /usr/lib/locale/locale-archive
7fedb6000000-7fedb8000000 rw-p 00000000 00:00 0 
7fedb8000000-7fedb8021000 rw-p 00000000 00:00 0 
7fedb8021000-7fedbc000000 ---p 00000000 00:00 0 
7fedbc05a000-7fedbc05e000 ---p 00000000 00:00 0 
7fedbc05e000-7fedbc18c000 rw-p 00000000 00:00 0 
7fedbc18c000-7fedbc190000 ---p 00000000 00:00 0 
7fedbc190000-7fedbc28d000 rw-p 00000000 00:00 0 
7fedbc28d000-7fedbc291000 ---p 00000000 00:00 0 
7fedbc291000-7fedbc38e000 rw-p 00000000 00:00 0 
7fedbc38e000-7fedbc392000 ---p 00000000 00:00 0 
7fedbc392000-7fedbc48f000 rw-p 00000000 00:00 0 
7fedbc48f000-7fedbc493000 ---p 00000000 00:00 0 
7fedbc493000-7fedbc590000 rw-p 00000000 00:00 0 
7fedbc590000-7fedbc594000 ---p 00000000 00:00 0 
7fedbc594000-7fedbc691000 rw-p 00000000 00:00 0 
7fedbc691000-7fedbc695000 ---p 00000000 00:00 0 
7fedbc695000-7fedbc792000 rw-p 00000000 00:00 0 
7fedbc792000-7fedbc793000 ---p 00000000 00:00 0 
7fedbc793000-7fedbcb28000 rw-p 00000000 00:00 0 
7fedbcb28000-7fedbe4b0000 ---p 00000000 00:00 0 
7fedbe4b0000-7fedbe670000 rw-p 00000000 00:00 0 
7fedbe670000-7fedbfff8000 ---p 00000000 00:00 0 
7fedbfff8000-7fedc0000000 rw-p 00000000 00:00 0 
7fedc0000000-7fedc0021000 rw-p 00000000 00:00 0 
7fedc0021000-7fedc4000000 ---p 00000000 00:00 0 
7fedc4014000-7fedc4018000 r--p 00000000 08:02 21369962                   /usr/lib/jvm/java-11-openjdk-amd64/lib/libnet.so
7fedc4018000-7fedc4027000 r-xp 00004000 08:02 21369962                   /usr/lib/jvm/java-11-openjdk-amd64/lib/libnet.so
7fedc4027000-7fedc402b000 r--p 00013000 08:02 21369962                   /usr/lib/jvm/java-11-openjdk-amd64/lib/libnet.so
7fedc402b000-7fedc402c000 r--p 00016000 08:02 21369962                   /usr/lib/jvm/java-11-openjdk-amd64/lib/libnet.so
7fedc402c000-7fedc402d000 rw-p 00017000 08:02 21369962                   /usr/lib/jvm/java-11-openjdk-amd64/lib/libnet.so
7fedc402d000-7fedc4034000 r--p 00000000 08:02 21369963                   /usr/lib/jvm/java-11-openjdk-amd64/lib/libnio.so
7fedc4034000-7fedc403b000 r-xp 00007000 08:02 21369963                   /usr/lib/jvm/java-11-openjdk-amd64/lib/libnio.so
7fedc403b000-7fedc403e000 r--p 0000e000 08:02 21369963                   /usr/lib/jvm/java-11-openjdk-amd64/lib/libnio.so
7fedc403e000-7fedc403f000 r--p 00010000 08:02 21369963                   /usr/lib/jvm/java-11-openjdk-amd64/lib/libnio.so
7fedc403f000-7fedc4040000 rw-p 00011000 08:02 21369963                   /usr/lib/jvm/java-11-openjdk-amd64/lib/libnio.so
7fedc4040000-7fedc44a8000 rw-p 00000000 00:00 0 
7fedc44a8000-7fedc4868000 ---p 00000000 00:00 0 
7fedc4868000-7fedc4889000 rw-p 00000000 00:00 0 
7fedc4889000-7fedc488a000 ---p 00000000 00:00 0 
7fedc488a000-7fedc498b000 rw-p 00000000 00:00 0 
7fedc498b000-7fedc4bfb000 rwxp 00000000 00:00 0 
7fedc4bfb000-7fedc4f1b000 ---p 00000000 00:00 0 
7fedc4f1b000-7fedc518b000 rwxp 00000000 00:00 0 
7fedc518b000-7fedcc453000 ---p 00000000 00:00 0 
7fedcc453000-7fedcc6c3000 rwxp 00000000 00:00 0 
7fedcc6c3000-7fedd398b000 ---p 00000000 00:00 0 
7fedd398b000-7feddc000000 r--s 00000000 08:02 21369972                   /usr/lib/jvm/java-11-openjdk-amd64/lib/modules
7feddc000000-7feddc1c6000 rw-p 00000000 00:00 0 
7feddc1c6000-7fede0000000 ---p 00000000 00:00 0 
7fede0002000-7fede0023000 rw-p 00000000 00:00 0 
7fede0023000-7fede0024000 ---p 00000000 00:00 0 
7fede0024000-7fede0529000 rw-p 00000000 00:00 0 
7fede0529000-7fede052a000 ---p 00000000 00:00 0 
7fede052a000-7fede062b000 rw-p 00000000 00:00 0 
7fede062b000-7fede062c000 ---p 00000000 00:00 0 
7fede062c000-7fede079f000 rw-p 00000000 00:00 0 
7fede079f000-7fede0ad0000 ---p 00000000 00:00 0 
7fede0ad0000-7fede0b08000 rw-p 00000000 00:00 0 
7fede0b08000-7fede0e39000 ---p 00000000 00:00 0 
7fede0e39000-7fede0e71000 rw-p 00000000 00:00 0 
7fede0e71000-7fede11a2000 ---p 00000000 00:00 0 
7fede11a2000-7fede15a7000 rw-p 00000000 00:00 0 
7fede15a7000-7fede15a8000 ---p 00000000 00:00 0 
7fede15a8000-7fede16ae000 rw-p 00000000 00:00 0 
7fede16ae000-7fede1794000 ---p 00000000 00:00 0 
7fede1794000-7fede1799000 rw-p 00000000 00:00 0 
7fede1799000-7fede187f000 ---p 00000000 00:00 0 
7fede187f000-7fede1884000 rw-p 00000000 00:00 0 
7fede1884000-7fede188b000 ---p 00000000 00:00 0 
7fede188b000-7fede188d000 r--p 00000000 08:02 21369954                   /usr/lib/jvm/java-11-openjdk-amd64/lib/libjimage.so
7fede188d000-7fede1890000 r-xp 00002000 08:02 21369954                   /usr/lib/jvm/java-11-openjdk-amd64/lib/libjimage.so
7fede1890000-7fede1892000 r--p 00005000 08:02 21369954                   /usr/lib/jvm/java-11-openjdk-amd64/lib/libjimage.so
7fede1892000-7fede1893000 r--p 00006000 08:02 21369954                   /usr/lib/jvm/java-11-openjdk-amd64/lib/libjimage.so
7fede1893000-7fede1894000 rw-p 00007000 08:02 21369954                   /usr/lib/jvm/java-11-openjdk-amd64/lib/libjimage.so
7fede1894000-7fede1897000 r--p 00000000 08:02 15471560                   /lib/x86_64-linux-gnu/libnss_files-2.28.so
7fede1897000-7fede189e000 r-xp 00003000 08:02 15471560                   /lib/x86_64-linux-gnu/libnss_files-2.28.so
7fede189e000-7fede18a1000 r--p 0000a000 08:02 15471560                   /lib/x86_64-linux-gnu/libnss_files-2.28.so
7fede18a1000-7fede18a2000 r--p 0000c000 08:02 15471560                   /lib/x86_64-linux-gnu/libnss_files-2.28.so
7fede18a2000-7fede18a3000 rw-p 0000d000 08:02 15471560                   /lib/x86_64-linux-gnu/libnss_files-2.28.so
7fede18a3000-7fede18a9000 rw-p 00000000 00:00 0 
7fede18b1000-7fede18b3000 r--p 00000000 08:02 21369971                   /usr/lib/jvm/java-11-openjdk-amd64/lib/libzip.so
7fede18b3000-7fede18b7000 r-xp 00002000 08:02 21369971                   /usr/lib/jvm/java-11-openjdk-amd64/lib/libzip.so
7fede18b7000-7fede18b9000 r--p 00006000 08:02 21369971                   /usr/lib/jvm/java-11-openjdk-amd64/lib/libzip.so
7fede18b9000-7fede18ba000 r--p 00007000 08:02 21369971                   /usr/lib/jvm/java-11-openjdk-amd64/lib/libzip.so
7fede18ba000-7fede18bb000 rw-p 00008000 08:02 21369971                   /usr/lib/jvm/java-11-openjdk-amd64/lib/libzip.so
7fede18bb000-7fede18c3000 rw-s 00000000 08:02 1049670                    /tmp/hsperfdata_jay/4576
7fede18c3000-7fede18d0000 r--p 00000000 08:02 21369950                   /usr/lib/jvm/java-11-openjdk-amd64/lib/libjava.so
7fede18d0000-7fede18e7000 r-xp 0000d000 08:02 21369950                   /usr/lib/jvm/java-11-openjdk-amd64/lib/libjava.so
7fede18e7000-7fede18ee000 r--p 00024000 08:02 21369950                   /usr/lib/jvm/java-11-openjdk-amd64/lib/libjava.so
7fede18ee000-7fede18ef000 r--p 0002a000 08:02 21369950                   /usr/lib/jvm/java-11-openjdk-amd64/lib/libjava.so
7fede18ef000-7fede18f1000 rw-p 0002b000 08:02 21369950                   /usr/lib/jvm/java-11-openjdk-amd64/lib/libjava.so
7fede18f1000-7fede18f3000 r--p 00000000 08:02 15471610                   /lib/x86_64-linux-gnu/librt-2.28.so
7fede18f3000-7fede18f7000 r-xp 00002000 08:02 15471610                   /lib/x86_64-linux-gnu/librt-2.28.so
7fede18f7000-7fede18f9000 r--p 00006000 08:02 15471610                   /lib/x86_64-linux-gnu/librt-2.28.so
7fede18f9000-7fede18fa000 r--p 00007000 08:02 15471610                   /lib/x86_64-linux-gnu/librt-2.28.so
7fede18fa000-7fede18fb000 rw-p 00008000 08:02 15471610                   /lib/x86_64-linux-gnu/librt-2.28.so
7fede18fb000-7fede18ff000 ---p 00000000 00:00 0 
7fede18ff000-7fede19fc000 rw-p 00000000 00:00 0 
7fede19fc000-7fede19ff000 r--p 00000000 08:02 15471507                   /lib/x86_64-linux-gnu/libgcc_s.so.1
7fede19ff000-7fede1a10000 r-xp 00003000 08:02 15471507                   /lib/x86_64-linux-gnu/libgcc_s.so.1
7fede1a10000-7fede1a13000 r--p 00014000 08:02 15471507                   /lib/x86_64-linux-gnu/libgcc_s.so.1
7fede1a13000-7fede1a14000 ---p 00017000 08:02 15471507                   /lib/x86_64-linux-gnu/libgcc_s.so.1
7fede1a14000-7fede1a15000 r--p 00017000 08:02 15471507                   /lib/x86_64-linux-gnu/libgcc_s.so.1
7fede1a15000-7fede1a16000 rw-p 00018000 08:02 15471507                   /lib/x86_64-linux-gnu/libgcc_s.so.1
7fede1a16000-7fede1a23000 r--p 00000000 08:02 15471533                   /lib/x86_64-linux-gnu/libm-2.28.so
7fede1a23000-7fede1ace000 r-xp 0000d000 08:02 15471533                   /lib/x86_64-linux-gnu/libm-2.28.so
7fede1ace000-7fede1ba1000 r--p 000b8000 08:02 15471533                   /lib/x86_64-linux-gnu/libm-2.28.so
7fede1ba1000-7fede1ba2000 r--p 0018a000 08:02 15471533                   /lib/x86_64-linux-gnu/libm-2.28.so
7fede1ba2000-7fede1ba3000 rw-p 0018b000 08:02 15471533                   /lib/x86_64-linux-gnu/libm-2.28.so
7fede1ba3000-7fede1c2c000 r--p 00000000 08:02 21242280                   /usr/lib/x86_64-linux-gnu/libstdc++.so.6.0.25
7fede1c2c000-7fede1cdf000 r-xp 00089000 08:02 21242280                   /usr/lib/x86_64-linux-gnu/libstdc++.so.6.0.25
7fede1cdf000-7fede1d1d000 r--p 0013c000 08:02 21242280                   /usr/lib/x86_64-linux-gnu/libstdc++.so.6.0.25
7fede1d1d000-7fede1d27000 r--p 00179000 08:02 21242280                   /usr/lib/x86_64-linux-gnu/libstdc++.so.6.0.25
7fede1d27000-7fede1d29000 rw-p 00183000 08:02 21242280                   /usr/lib/x86_64-linux-gnu/libstdc++.so.6.0.25
7fede1d29000-7fede1d2d000 rw-p 00000000 00:00 0 
7fede1d2d000-7fede1fba000 r--p 00000000 08:02 21369977                   /usr/lib/jvm/java-11-openjdk-amd64/lib/server/libjvm.so
7fede1fba000-7fede2afc000 r-xp 0028d000 08:02 21369977                   /usr/lib/jvm/java-11-openjdk-amd64/lib/server/libjvm.so
7fede2afc000-7fede2d43000 r--p 00dcf000 08:02 21369977                   /usr/lib/jvm/java-11-openjdk-amd64/lib/server/libjvm.so
7fede2d43000-7fede2e0b000 r--p 01015000 08:02 21369977                   /usr/lib/jvm/java-11-openjdk-amd64/lib/server/libjvm.so
7fede2e0b000-7fede2e45000 rw-p 010dd000 08:02 21369977                   /usr/lib/jvm/java-11-openjdk-amd64/lib/server/libjvm.so
7fede2e45000-7fede2e9c000 rw-p 00000000 00:00 0 
7fede2e9c000-7fede2ea2000 r--p 00000000 08:02 15471602                   /lib/x86_64-linux-gnu/libpthread-2.28.so
7fede2ea2000-7fede2eb1000 r-xp 00006000 08:02 15471602                   /lib/x86_64-linux-gnu/libpthread-2.28.so
7fede2eb1000-7fede2eb7000 r--p 00015000 08:02 15471602                   /lib/x86_64-linux-gnu/libpthread-2.28.so
7fede2eb7000-7fede2eb8000 r--p 0001a000 08:02 15471602                   /lib/x86_64-linux-gnu/libpthread-2.28.so
7fede2eb8000-7fede2eb9000 rw-p 0001b000 08:02 15471602                   /lib/x86_64-linux-gnu/libpthread-2.28.so
7fede2eb9000-7fede2ebd000 rw-p 00000000 00:00 0 
7fede2ebd000-7fede2ebe000 r--p 00000000 08:02 15471493                   /lib/x86_64-linux-gnu/libdl-2.28.so
7fede2ebe000-7fede2ec0000 r-xp 00001000 08:02 15471493                   /lib/x86_64-linux-gnu/libdl-2.28.so
7fede2ec0000-7fede2ec1000 r--p 00003000 08:02 15471493                   /lib/x86_64-linux-gnu/libdl-2.28.so
7fede2ec1000-7fede2ec2000 r--p 00003000 08:02 15471493                   /lib/x86_64-linux-gnu/libdl-2.28.so
7fede2ec2000-7fede2ec3000 rw-p 00004000 08:02 15471493                   /lib/x86_64-linux-gnu/libdl-2.28.so
7fede2ec3000-7fede2edf000 r-xp 00000000 08:02 15471641                   /lib/x86_64-linux-gnu/libz.so.1.2.11
7fede2edf000-7fede30de000 ---p 0001c000 08:02 15471641                   /lib/x86_64-linux-gnu/libz.so.1.2.11
7fede30de000-7fede30df000 r--p 0001b000 08:02 15471641                   /lib/x86_64-linux-gnu/libz.so.1.2.11
7fede30df000-7fede30e0000 rw-p 0001c000 08:02 15471641                   /lib/x86_64-linux-gnu/libz.so.1.2.11
7fede30e0000-7fede3102000 r--p 00000000 08:02 15471472                   /lib/x86_64-linux-gnu/libc-2.28.so
7fede3102000-7fede3273000 r-xp 00022000 08:02 15471472                   /lib/x86_64-linux-gnu/libc-2.28.so
7fede3273000-7fede32bf000 r--p 00193000 08:02 15471472                   /lib/x86_64-linux-gnu/libc-2.28.so
7fede32bf000-7fede32c0000 ---p 001df000 08:02 15471472                   /lib/x86_64-linux-gnu/libc-2.28.so
7fede32c0000-7fede32c4000 r--p 001df000 08:02 15471472                   /lib/x86_64-linux-gnu/libc-2.28.so
7fede32c4000-7fede32c6000 rw-p 001e3000 08:02 15471472                   /lib/x86_64-linux-gnu/libc-2.28.so
7fede32c6000-7fede32ca000 rw-p 00000000 00:00 0 
7fede32d1000-7fede32d2000 ---p 00000000 00:00 0 
7fede32d2000-7fede32d3000 r--p 00000000 00:00 0 
7fede32d3000-7fede32d8000 r--p 00000000 08:02 21369970                   /usr/lib/jvm/java-11-openjdk-amd64/lib/libverify.so
7fede32d8000-7fede32df000 r-xp 00005000 08:02 21369970                   /usr/lib/jvm/java-11-openjdk-amd64/lib/libverify.so
7fede32df000-7fede32e1000 r--p 0000c000 08:02 21369970                   /usr/lib/jvm/java-11-openjdk-amd64/lib/libverify.so
7fede32e1000-7fede32e3000 r--p 0000d000 08:02 21369970                   /usr/lib/jvm/java-11-openjdk-amd64/lib/libverify.so
7fede32e3000-7fede32e4000 rw-p 0000f000 08:02 21369970                   /usr/lib/jvm/java-11-openjdk-amd64/lib/libverify.so
7fede32e4000-7fede32e7000 r--p 00000000 08:02 21369935                   /usr/lib/jvm/java-11-openjdk-amd64/lib/jli/libjli.so
7fede32e7000-7fede32f1000 r-xp 00003000 08:02 21369935                   /usr/lib/jvm/java-11-openjdk-amd64/lib/jli/libjli.so
7fede32f1000-7fede32f4000 r--p 0000d000 08:02 21369935                   /usr/lib/jvm/java-11-openjdk-amd64/lib/jli/libjli.so
7fede32f4000-7fede32f5000 r--p 0000f000 08:02 21369935                   /usr/lib/jvm/java-11-openjdk-amd64/lib/jli/libjli.so
7fede32f5000-7fede32f6000 rw-p 00010000 08:02 21369935                   /usr/lib/jvm/java-11-openjdk-amd64/lib/jli/libjli.so
7fede32f6000-7fede32f8000 rw-p 00000000 00:00 0 
7fede32f8000-7fede32f9000 r--p 00000000 08:02 15471446                   /lib/x86_64-linux-gnu/ld-2.28.so
7fede32f9000-7fede3319000 r-xp 00001000 08:02 15471446                   /lib/x86_64-linux-gnu/ld-2.28.so
7fede3319000-7fede3321000 r--p 00021000 08:02 15471446                   /lib/x86_64-linux-gnu/ld-2.28.so
7fede3321000-7fede3322000 r--p 00028000 08:02 15471446                   /lib/x86_64-linux-gnu/ld-2.28.so
7fede3322000-7fede3323000 rw-p 00029000 08:02 15471446                   /lib/x86_64-linux-gnu/ld-2.28.so
7fede3323000-7fede3324000 rw-p 00000000 00:00 0 
7fff0990f000-7fff09930000 rw-p 00000000 00:00 0                          [stack]
7fff099b1000-7fff099b4000 r--p 00000000 00:00 0                          [vvar]
7fff099b4000-7fff099b6000 r-xp 00000000 00:00 0                          [vdso]
ffffffffff600000-ffffffffff601000 r-xp 00000000 00:00 0                  [vsyscall]


VM Arguments:
jvm_args: -Dfile.encoding=UTF-8 --module-path=/mnt/2E521095521063BD/JavaPractice/Cashier/build/classes 
java_command: SerialTest
java_class_path (initial): /mnt/2E521095521063BD/JavaPractice/Cashier/lib/absolutelayout/AbsoluteLayout.jar:/mnt/2E521095521063BD/downloads/sqlite-jdbc-3.23.1.jar:/mnt/2E521095521063BD/JavaPractice/Cashier/lib/RXTXcomm.jar:/mnt/2E521095521063BD/JavaPractice/Cashier/build/classes
Launcher Type: SUN_STANDARD

[Global flags]
     intx CICompilerCount                          = 3                                         {product} {ergonomic}
     uint ConcGCThreads                            = 1                                         {product} {ergonomic}
     uint G1ConcRefinementThreads                  = 4                                         {product} {ergonomic}
   size_t G1HeapRegionSize                         = 1048576                                   {product} {ergonomic}
    uintx GCDrainStackTargetSize                   = 64                                        {product} {ergonomic}
   size_t InitialHeapSize                          = 115343360                                 {product} {ergonomic}
   size_t MarkStackSize                            = 4194304                                   {product} {ergonomic}
   size_t MaxHeapSize                              = 1830813696                                {product} {ergonomic}
   size_t MaxNewSize                               = 1097859072                                {product} {ergonomic}
   size_t MinHeapDeltaBytes                        = 1048576                                   {product} {ergonomic}
    uintx NonNMethodCodeHeapSize                   = 5830092                                {pd product} {ergonomic}
    uintx NonProfiledCodeHeapSize                  = 122914074                              {pd product} {ergonomic}
    uintx ProfiledCodeHeapSize                     = 122914074                              {pd product} {ergonomic}
    uintx ReservedCodeCacheSize                    = 251658240                              {pd product} {ergonomic}
     bool SegmentedCodeCache                       = true                                      {product} {ergonomic}
     bool UseCompressedClassPointers               = true                                 {lp64_product} {ergonomic}
     bool UseCompressedOops                        = true                                 {lp64_product} {ergonomic}
     bool UseG1GC                                  = true                                      {product} {ergonomic}

Logging:
Log output configuration:
 #0: stdout all=warning uptime,level,tags
 #1: stderr all=off uptime,level,tags

Environment Variables:
PATH=/usr/local/sbin:/usr/local/bin:/usr/sbin:/usr/bin:/sbin:/bin:/usr/games:/usr/local/games:/snap/bin
USERNAME=jay
SHELL=/usr/bin/zsh
DISPLAY=:0

Signal Handlers:
SIGSEGV: [libjvm.so+0xd54fa0], sa_mask[0]=11111111011111111101111111111110, sa_flags=SA_RESTART|SA_SIGINFO
SIGBUS: [libjvm.so+0xd54fa0], sa_mask[0]=11111111011111111101111111111110, sa_flags=SA_RESTART|SA_SIGINFO
SIGFPE: [libjvm.so+0xd54fa0], sa_mask[0]=11111111011111111101111111111110, sa_flags=SA_RESTART|SA_SIGINFO
SIGPIPE: [libjvm.so+0xb5d0d0], sa_mask[0]=11111111011111111101111111111110, sa_flags=SA_RESTART|SA_SIGINFO
SIGXFSZ: [libjvm.so+0xb5d0d0], sa_mask[0]=11111111011111111101111111111110, sa_flags=SA_RESTART|SA_SIGINFO
SIGILL: [libjvm.so+0xd54fa0], sa_mask[0]=11111111011111111101111111111110, sa_flags=SA_RESTART|SA_SIGINFO
SIGUSR2: [libjvm.so+0xb5cf60], sa_mask[0]=00100000000000000000000000000000, sa_flags=SA_RESTART|SA_SIGINFO
SIGHUP: [libjvm.so+0xb5d4d0], sa_mask[0]=11111111011111111101111111111110, sa_flags=SA_RESTART|SA_SIGINFO
SIGINT: SIG_IGN, sa_mask[0]=00000000000000000000000000000000, sa_flags=none
SIGTERM: [libjvm.so+0xb5d4d0], sa_mask[0]=11111111011111111101111111111110, sa_flags=SA_RESTART|SA_SIGINFO
SIGQUIT: [libjvm.so+0xb5d4d0], sa_mask[0]=11111111011111111101111111111110, sa_flags=SA_RESTART|SA_SIGINFO


---------------  S Y S T E M  ---------------

OS:DISTRIB_ID=Ubuntu
DISTRIB_RELEASE=18.10
DISTRIB_CODENAME=cosmic
DISTRIB_DESCRIPTION="Ubuntu 18.10"
uname:Linux 4.18.0-13-generic #14-Ubuntu SMP Wed Dec 5 09:04:24 UTC 2018 x86_64
libc:glibc 2.28 NPTL 2.28 
rlimit: STACK 8192k, CORE 0k, NPROC 27226, NOFILE 1048576, AS infinity, DATA infinity, FSIZE infinity
load average:1.21 1.33 1.34

/proc/meminfo:
MemTotal:        7147380 kB
MemFree:          422876 kB
MemAvailable:    1703796 kB
Buffers:          324008 kB
Cached:          1246364 kB
SwapCached:          516 kB
Active:          4792392 kB
Inactive:        1418652 kB
Active(anon):    4011968 kB
Inactive(anon):   780552 kB
Active(file):     780424 kB
Inactive(file):   638100 kB
Unevictable:          64 kB
Mlocked:              64 kB
SwapTotal:       2097148 kB
SwapFree:        2091516 kB
Dirty:              1152 kB
Writeback:             0 kB
AnonPages:       4640352 kB
Mapped:           637216 kB
Shmem:            151844 kB
Slab:             304052 kB
SReclaimable:     162668 kB
SUnreclaim:       141384 kB
KernelStack:       19040 kB
PageTables:        62800 kB
NFS_Unstable:          0 kB
Bounce:                0 kB
WritebackTmp:          0 kB
CommitLimit:     5670836 kB
Committed_AS:   15048984 kB
VmallocTotal:   34359738367 kB
VmallocUsed:           0 kB
VmallocChunk:          0 kB
HardwareCorrupted:     0 kB
AnonHugePages:      2048 kB
ShmemHugePages:        0 kB
ShmemPmdMapped:        0 kB
CmaTotal:              0 kB
CmaFree:               0 kB
HugePages_Total:       0
HugePages_Free:        0
HugePages_Rsvd:        0
HugePages_Surp:        0
Hugepagesize:       2048 kB
Hugetlb:               0 kB
DirectMap4k:      502884 kB
DirectMap2M:     6785024 kB
DirectMap1G:     1048576 kB


/proc/sys/kernel/threads-max (system-wide limit on the number of threads):
54452


/proc/sys/vm/max_map_count (maximum number of memory map areas a process may have):
65530


/proc/sys/kernel/pid_max (system-wide limit on number of process identifiers):
32768


container (cgroup) information:
container_type: cgroupv1
cpu_cpuset_cpus: 0-3
cpu_memory_nodes: 0
active_processor_count: 4
cpu_quota: -1
cpu_period: 100000
cpu_shares: -1
memory_limit_in_bytes: -1
memory_and_swap_limit_in_bytes: -2
memory_soft_limit_in_bytes: -1
memory_usage_in_bytes: 5542490112
memory_max_usage_in_bytes: 6010335232


CPU:total 4 (initial active 4) (4 cores per cpu, 1 threads per core) family 23 model 17 stepping 0, cmov, cx8, fxsr, mmx, sse, sse2, sse3, ssse3, sse4.1, sse4.2, popcnt, avx, avx2, aes, clmul, mmxext, 3dnowpref, lzcnt, sse4a, tsc, tscinvbit, tscinv, bmi1, bmi2, adx, sha, fma
CPU Model and flags from /proc/cpuinfo:
model name	: AMD Ryzen 3 2200G with Radeon Vega Graphics
flags		: fpu vme de pse tsc msr pae mce cx8 apic sep mtrr pge mca cmov pat pse36 clflush mmx fxsr sse sse2 ht syscall nx mmxext fxsr_opt pdpe1gb rdtscp lm constant_tsc rep_good nopl nonstop_tsc cpuid extd_apicid aperfmperf pni pclmulqdq monitor ssse3 fma cx16 sse4_1 sse4_2 movbe popcnt aes xsave avx f16c rdrand lahf_lm cmp_legacy svm extapic cr8_legacy abm sse4a misalignsse 3dnowprefetch osvw skinit wdt tce topoext perfctr_core perfctr_nb bpext perfctr_llc mwaitx hw_pstate sme ssbd sev ibpb vmmcall fsgsbase bmi1 avx2 smep bmi2 rdseed adx smap clflushopt sha_ni xsaveopt xsavec xgetbv1 xsaves clzero irperf xsaveerptr arat npt lbrv svm_lock nrip_save tsc_scale vmcb_clean flushbyasid decodeassists pausefilter pfthreshold avic v_vmsave_vmload vgif overflow_recov succor smca

Memory: 4k page, physical 7147380k(422876k free), swap 2097148k(2091516k free)

vm_info: OpenJDK 64-Bit Server VM (11.0.1+13-Ubuntu-2ubuntu1) for linux-amd64 JRE (11.0.1+13-Ubuntu-2ubuntu1), built on Oct 22 2018 18:46:28 by "buildd" with gcc 8.2.0

END.
