#
# A fatal error has been detected by the Java Runtime Environment:
#
#  SIGSEGV (0xb) at pc=0x00007feb9817c462, pid=6669, tid=6691
#
# JRE version: OpenJDK Runtime Environment (11.0.1+13) (build 11.0.1+13-Ubuntu-2ubuntu1)
# Java VM: OpenJDK 64-Bit Server VM (11.0.1+13-Ubuntu-2ubuntu1, mixed mode, sharing, tiered, compressed oops, g1 gc, linux-amd64)
# Problematic frame:
# C  [librxtxSerial.so+0x6462]  read_byte_array+0x52
#
# Core dump will be written. Default location: Core dumps may be processed with "/usr/share/apport/apport %p %s %c %d %P" (or dumping to /mnt/2E521095521063BD/JavaPractice/Cashier/core.6669)
#
# If you would like to submit a bug report, please visit:
#   http://bugreport.java.com/bugreport/crash.jsp
# The crash happened outside the Java Virtual Machine in native code.
# See problematic frame for where to report the bug.
#

---------------  S U M M A R Y ------------

Command Line: -Dfile.encoding=UTF-8 --module-path=/mnt/2E521095521063BD/JavaPractice/Cashier/build/classes SerialTest

Host: AMD Ryzen 3 2200G with Radeon Vega Graphics, 4 cores, 6G, Ubuntu 18.10
Time: Tue Jan 29 02:05:33 2019 PST elapsed time: 1 seconds (0d 0h 0m 1s)

---------------  T H R E A D  ---------------

Current thread (0x00007febb0195800):  JavaThread "Thread-0" [_thread_in_native, id=6691, stack(0x00007feb98283000,0x00007feb98384000)]

Stack: [0x00007feb98283000,0x00007feb98384000],  sp=0x00007feb98381af0,  free space=1018k
Native frames: (J=compiled Java code, A=aot compiled Java code, j=interpreted, Vv=VM code, C=native code)
C  [librxtxSerial.so+0x6462]  read_byte_array+0x52

Java frames: (J=compiled Java code, j=interpreted, Vv=VM code)
j  gnu.io.RXTXPort.readArray([BII)I+0
j  gnu.io.RXTXPort$SerialInputStream.read([BII)I+187
j  sun.nio.cs.StreamDecoder.readBytes()I+135 java.base@11.0.1
j  sun.nio.cs.StreamDecoder.implRead([CII)I+112 java.base@11.0.1
j  sun.nio.cs.StreamDecoder.read([CII)I+180 java.base@11.0.1
j  java.io.InputStreamReader.read([CII)I+7 java.base@11.0.1
j  java.io.BufferedReader.fill()V+145 java.base@11.0.1
j  java.io.BufferedReader.readLine(Z)Ljava/lang/String;+44 java.base@11.0.1
j  java.io.BufferedReader.readLine()Ljava/lang/String;+2 java.base@11.0.1
j  SerialTest.serialEvent(Lgnu/io/SerialPortEvent;)V+12
j  gnu.io.RXTXPort.sendEvent(IZ)Z+382
v  ~StubRoutines::call_stub
j  gnu.io.RXTXPort.eventLoop()V+0
j  gnu.io.RXTXPort$MonitorThread.run()V+12
v  ~StubRoutines::call_stub

siginfo: si_signo: 11 (SIGSEGV), si_code: 1 (SEGV_MAPERR), si_addr: 0xffffffff98382778

Register to memory mapping:

RAX=0xffffffff98382770 is an unknown value
RBX=0xffffffffffffffff is an unknown value
RCX=0x0000000000000001 is an unknown value
RDX=0x00007febb70eab80: <offset 0x00000000004a8b80> in /usr/lib/jvm/java-11-openjdk-amd64/lib/server/libjvm.so at 0x00007febb6c42000
RSP=0x00007feb98381af0 is pointing into the stack for thread: 0x00007febb0195800
RBP=0x00007febb0195b40 points into unknown readable memory
RSI=0x00007feb9817fe30: <offset 0x0000000000009e30> in /lib/x86_64-linux-gnu/librxtxSerial.so at 0x00007feb98176000
RDI=0x00007feb9817fd3e: <offset 0x0000000000009d3e> in /lib/x86_64-linux-gnu/librxtxSerial.so at 0x00007feb98176000
R8 =0x00007febb4a043f8 is pointing into metadata
R9 =0x000000009991fee8 is an oop
gnu.io.RXTXPort 
{0x000000009991fee8} - klass: 'gnu/io/RXTXPort'
R10=0x0000000000000006 is an unknown value
R11=0x00007febb7d88a0c: <offset 0x0000000001146a0c> in /usr/lib/jvm/java-11-openjdk-amd64/lib/server/libjvm.so at 0x00007febb6c42000
R12=0x00000000ffffffff is an unallocated location in the heap
R13=0x0 is NULL
R14=0x0000000000000007 is an unknown value
R15=0x0 is NULL


Registers:
RAX=0xffffffff98382770, RBX=0xffffffffffffffff, RCX=0x0000000000000001, RDX=0x00007febb70eab80
RSP=0x00007feb98381af0, RBP=0x00007febb0195b40, RSI=0x00007feb9817fe30, RDI=0x00007feb9817fd3e
R8 =0x00007febb4a043f8, R9 =0x000000009991fee8, R10=0x0000000000000006, R11=0x00007febb7d88a0c
R12=0x00000000ffffffff, R13=0x0000000000000000, R14=0x0000000000000007, R15=0x0000000000000000
RIP=0x00007feb9817c462, EFLAGS=0x0000000000010206, CSGSFS=0x002b000000000033, ERR=0x0000000000000005
  TRAPNO=0x000000000000000e

Top of Stack: (sp=0x00007feb98381af0)
0x00007feb98381af0:   0000000000000000 0000000000000000
0x00007feb98381b00:   00007feb98381b40 0000000000002000
0x00007feb98381b10:   00007feb98381b50 ffffffff98382770
0x00007feb98381b20:   0000000000000007 0000000000000000 

Instructions: (pc=0x00007feb9817c462)
0x00007feb9817c442:   89 44 24 4c 48 c7 44 24 40 00 00 00 00 48 c7 44
0x00007feb9817c452:   24 38 00 00 00 00 e8 53 d7 ff ff 48 89 44 24 28
0x00007feb9817c462:   8b 40 08 45 85 e4 48 8b 54 24 28 44 8b 7c 24 4c
0x00007feb9817c472:   89 44 24 34 c7 42 08 00 00 00 00 78 0c 31 c0 e8 


---------------  P R O C E S S  ---------------

Threads class SMR info:
_java_thread_list=0x00007febb01a1210, length=11, elements={
0x00007febb00f4800, 0x00007febb00f6800, 0x00007febb00fc000, 0x00007febb00fe800,
0x00007febb0100800, 0x00007febb0102800, 0x00007febb011a000, 0x00007febb0150800,
0x00007febb0195800, 0x00007febb0196800, 0x00007febb0011000
}

Java Threads: ( => current thread )
  0x00007febb00f4800 JavaThread "Reference Handler" daemon [_thread_blocked, id=6680, stack(0x00007febb42ed000,0x00007febb43ee000)]
  0x00007febb00f6800 JavaThread "Finalizer" daemon [_thread_blocked, id=6681, stack(0x00007febb41ec000,0x00007febb42ed000)]
  0x00007febb00fc000 JavaThread "Signal Dispatcher" daemon [_thread_blocked, id=6682, stack(0x00007febb40eb000,0x00007febb41ec000)]
  0x00007febb00fe800 JavaThread "C2 CompilerThread0" daemon [_thread_blocked, id=6683, stack(0x00007feb9888a000,0x00007feb9898b000)]
  0x00007febb0100800 JavaThread "C1 CompilerThread0" daemon [_thread_blocked, id=6684, stack(0x00007feb98789000,0x00007feb9888a000)]
  0x00007febb0102800 JavaThread "Sweeper thread" daemon [_thread_blocked, id=6685, stack(0x00007feb98688000,0x00007feb98789000)]
  0x00007febb011a000 JavaThread "Common-Cleaner" daemon [_thread_blocked, id=6686, stack(0x00007feb98587000,0x00007feb98688000)]
  0x00007febb0150800 JavaThread "Service Thread" daemon [_thread_blocked, id=6687, stack(0x00007feb98486000,0x00007feb98587000)]
=>0x00007febb0195800 JavaThread "Thread-0" [_thread_in_native, id=6691, stack(0x00007feb98283000,0x00007feb98384000)]
  0x00007febb0196800 JavaThread "Thread-1" [_thread_blocked, id=6692, stack(0x00007feb98075000,0x00007feb98176000)]
  0x00007febb0011000 JavaThread "DestroyJavaVM" [_thread_blocked, id=6672, stack(0x00007febb6810000,0x00007febb6911000)]

Other Threads:
  0x00007febb00f2000 VMThread "VM Thread" [stack: 0x00007febb43f0000,0x00007febb44f0000] [id=6679]
  0x00007febb0152800 WatcherThread [stack: 0x00007feb98386000,0x00007feb98486000] [id=6688]
  0x00007febb0026800 GCTaskThread "GC Thread#0" [stack: 0x00007febb64be000,0x00007febb65be000] [id=6673]
  0x00007febb0052800 ConcurrentGCThread "G1 Main Marker" [stack: 0x00007febb5542000,0x00007febb5642000] [id=6674]
  0x00007febb0054800 ConcurrentGCThread "G1 Conc#0" [stack: 0x00007febb5440000,0x00007febb5540000] [id=6675]
  0x00007febb00c0800 ConcurrentGCThread "G1 Refine#0" [stack: 0x00007febb4f3a000,0x00007febb503a000] [id=6676]
  0x00007febb00c2800 ConcurrentGCThread "G1 Young RemSet Sampling" [stack: 0x00007febb4e38000,0x00007febb4f38000] [id=6677]

Threads with active compile tasks:

VM state:not at safepoint (normal execution)

VM Mutex/Monitor currently owned by a thread: None

Heap address: 0x0000000092e00000, size: 1746 MB, Compressed Oops mode: 32-bit
Narrow klass base: 0x0000000800000000, Narrow klass shift: 3
Compressed class space size: 1073741824 Address: 0x0000000840000000

Heap:
 garbage-first heap   total 114688K, used 2680K [0x0000000092e00000, 0x0000000100000000)
  region size 1024K, 3 young (3072K), 0 survivors (0K)
 Metaspace       used 853K, capacity 4716K, committed 4864K, reserved 1056768K
  class space    used 85K, capacity 444K, committed 512K, reserved 1048576K
Heap Regions: E=young(eden), S=young(survivor), O=old, HS=humongous(starts), HC=humongous(continues), CS=collection set, F=free, A=archive, TAMS=top-at-mark-start (previous, next)
|   0|0x0000000092e00000, 0x0000000092e00000, 0x0000000092f00000|  0%| F|  |TAMS 0x0000000092e00000, 0x0000000092e00000| Untracked 
|   1|0x0000000092f00000, 0x0000000092f00000, 0x0000000093000000|  0%| F|  |TAMS 0x0000000092f00000, 0x0000000092f00000| Untracked 
|   2|0x0000000093000000, 0x0000000093000000, 0x0000000093100000|  0%| F|  |TAMS 0x0000000093000000, 0x0000000093000000| Untracked 
|   3|0x0000000093100000, 0x0000000093100000, 0x0000000093200000|  0%| F|  |TAMS 0x0000000093100000, 0x0000000093100000| Untracked 
|   4|0x0000000093200000, 0x0000000093200000, 0x0000000093300000|  0%| F|  |TAMS 0x0000000093200000, 0x0000000093200000| Untracked 
|   5|0x0000000093300000, 0x0000000093300000, 0x0000000093400000|  0%| F|  |TAMS 0x0000000093300000, 0x0000000093300000| Untracked 
|   6|0x0000000093400000, 0x0000000093400000, 0x0000000093500000|  0%| F|  |TAMS 0x0000000093400000, 0x0000000093400000| Untracked 
|   7|0x0000000093500000, 0x0000000093500000, 0x0000000093600000|  0%| F|  |TAMS 0x0000000093500000, 0x0000000093500000| Untracked 
|   8|0x0000000093600000, 0x0000000093600000, 0x0000000093700000|  0%| F|  |TAMS 0x0000000093600000, 0x0000000093600000| Untracked 
|   9|0x0000000093700000, 0x0000000093700000, 0x0000000093800000|  0%| F|  |TAMS 0x0000000093700000, 0x0000000093700000| Untracked 
|  10|0x0000000093800000, 0x0000000093800000, 0x0000000093900000|  0%| F|  |TAMS 0x0000000093800000, 0x0000000093800000| Untracked 
|  11|0x0000000093900000, 0x0000000093900000, 0x0000000093a00000|  0%| F|  |TAMS 0x0000000093900000, 0x0000000093900000| Untracked 
|  12|0x0000000093a00000, 0x0000000093a00000, 0x0000000093b00000|  0%| F|  |TAMS 0x0000000093a00000, 0x0000000093a00000| Untracked 
|  13|0x0000000093b00000, 0x0000000093b00000, 0x0000000093c00000|  0%| F|  |TAMS 0x0000000093b00000, 0x0000000093b00000| Untracked 
|  14|0x0000000093c00000, 0x0000000093c00000, 0x0000000093d00000|  0%| F|  |TAMS 0x0000000093c00000, 0x0000000093c00000| Untracked 
|  15|0x0000000093d00000, 0x0000000093d00000, 0x0000000093e00000|  0%| F|  |TAMS 0x0000000093d00000, 0x0000000093d00000| Untracked 
|  16|0x0000000093e00000, 0x0000000093e00000, 0x0000000093f00000|  0%| F|  |TAMS 0x0000000093e00000, 0x0000000093e00000| Untracked 
|  17|0x0000000093f00000, 0x0000000093f00000, 0x0000000094000000|  0%| F|  |TAMS 0x0000000093f00000, 0x0000000093f00000| Untracked 
|  18|0x0000000094000000, 0x0000000094000000, 0x0000000094100000|  0%| F|  |TAMS 0x0000000094000000, 0x0000000094000000| Untracked 
|  19|0x0000000094100000, 0x0000000094100000, 0x0000000094200000|  0%| F|  |TAMS 0x0000000094100000, 0x0000000094100000| Untracked 
|  20|0x0000000094200000, 0x0000000094200000, 0x0000000094300000|  0%| F|  |TAMS 0x0000000094200000, 0x0000000094200000| Untracked 
|  21|0x0000000094300000, 0x0000000094300000, 0x0000000094400000|  0%| F|  |TAMS 0x0000000094300000, 0x0000000094300000| Untracked 
|  22|0x0000000094400000, 0x0000000094400000, 0x0000000094500000|  0%| F|  |TAMS 0x0000000094400000, 0x0000000094400000| Untracked 
|  23|0x0000000094500000, 0x0000000094500000, 0x0000000094600000|  0%| F|  |TAMS 0x0000000094500000, 0x0000000094500000| Untracked 
|  24|0x0000000094600000, 0x0000000094600000, 0x0000000094700000|  0%| F|  |TAMS 0x0000000094600000, 0x0000000094600000| Untracked 
|  25|0x0000000094700000, 0x0000000094700000, 0x0000000094800000|  0%| F|  |TAMS 0x0000000094700000, 0x0000000094700000| Untracked 
|  26|0x0000000094800000, 0x0000000094800000, 0x0000000094900000|  0%| F|  |TAMS 0x0000000094800000, 0x0000000094800000| Untracked 
|  27|0x0000000094900000, 0x0000000094900000, 0x0000000094a00000|  0%| F|  |TAMS 0x0000000094900000, 0x0000000094900000| Untracked 
|  28|0x0000000094a00000, 0x0000000094a00000, 0x0000000094b00000|  0%| F|  |TAMS 0x0000000094a00000, 0x0000000094a00000| Untracked 
|  29|0x0000000094b00000, 0x0000000094b00000, 0x0000000094c00000|  0%| F|  |TAMS 0x0000000094b00000, 0x0000000094b00000| Untracked 
|  30|0x0000000094c00000, 0x0000000094c00000, 0x0000000094d00000|  0%| F|  |TAMS 0x0000000094c00000, 0x0000000094c00000| Untracked 
|  31|0x0000000094d00000, 0x0000000094d00000, 0x0000000094e00000|  0%| F|  |TAMS 0x0000000094d00000, 0x0000000094d00000| Untracked 
|  32|0x0000000094e00000, 0x0000000094e00000, 0x0000000094f00000|  0%| F|  |TAMS 0x0000000094e00000, 0x0000000094e00000| Untracked 
|  33|0x0000000094f00000, 0x0000000094f00000, 0x0000000095000000|  0%| F|  |TAMS 0x0000000094f00000, 0x0000000094f00000| Untracked 
|  34|0x0000000095000000, 0x0000000095000000, 0x0000000095100000|  0%| F|  |TAMS 0x0000000095000000, 0x0000000095000000| Untracked 
|  35|0x0000000095100000, 0x0000000095100000, 0x0000000095200000|  0%| F|  |TAMS 0x0000000095100000, 0x0000000095100000| Untracked 
|  36|0x0000000095200000, 0x0000000095200000, 0x0000000095300000|  0%| F|  |TAMS 0x0000000095200000, 0x0000000095200000| Untracked 
|  37|0x0000000095300000, 0x0000000095300000, 0x0000000095400000|  0%| F|  |TAMS 0x0000000095300000, 0x0000000095300000| Untracked 
|  38|0x0000000095400000, 0x0000000095400000, 0x0000000095500000|  0%| F|  |TAMS 0x0000000095400000, 0x0000000095400000| Untracked 
|  39|0x0000000095500000, 0x0000000095500000, 0x0000000095600000|  0%| F|  |TAMS 0x0000000095500000, 0x0000000095500000| Untracked 
|  40|0x0000000095600000, 0x0000000095600000, 0x0000000095700000|  0%| F|  |TAMS 0x0000000095600000, 0x0000000095600000| Untracked 
|  41|0x0000000095700000, 0x0000000095700000, 0x0000000095800000|  0%| F|  |TAMS 0x0000000095700000, 0x0000000095700000| Untracked 
|  42|0x0000000095800000, 0x0000000095800000, 0x0000000095900000|  0%| F|  |TAMS 0x0000000095800000, 0x0000000095800000| Untracked 
|  43|0x0000000095900000, 0x0000000095900000, 0x0000000095a00000|  0%| F|  |TAMS 0x0000000095900000, 0x0000000095900000| Untracked 
|  44|0x0000000095a00000, 0x0000000095a00000, 0x0000000095b00000|  0%| F|  |TAMS 0x0000000095a00000, 0x0000000095a00000| Untracked 
|  45|0x0000000095b00000, 0x0000000095b00000, 0x0000000095c00000|  0%| F|  |TAMS 0x0000000095b00000, 0x0000000095b00000| Untracked 
|  46|0x0000000095c00000, 0x0000000095c00000, 0x0000000095d00000|  0%| F|  |TAMS 0x0000000095c00000, 0x0000000095c00000| Untracked 
|  47|0x0000000095d00000, 0x0000000095d00000, 0x0000000095e00000|  0%| F|  |TAMS 0x0000000095d00000, 0x0000000095d00000| Untracked 
|  48|0x0000000095e00000, 0x0000000095e00000, 0x0000000095f00000|  0%| F|  |TAMS 0x0000000095e00000, 0x0000000095e00000| Untracked 
|  49|0x0000000095f00000, 0x0000000095f00000, 0x0000000096000000|  0%| F|  |TAMS 0x0000000095f00000, 0x0000000095f00000| Untracked 
|  50|0x0000000096000000, 0x0000000096000000, 0x0000000096100000|  0%| F|  |TAMS 0x0000000096000000, 0x0000000096000000| Untracked 
|  51|0x0000000096100000, 0x0000000096100000, 0x0000000096200000|  0%| F|  |TAMS 0x0000000096100000, 0x0000000096100000| Untracked 
|  52|0x0000000096200000, 0x0000000096200000, 0x0000000096300000|  0%| F|  |TAMS 0x0000000096200000, 0x0000000096200000| Untracked 
|  53|0x0000000096300000, 0x0000000096300000, 0x0000000096400000|  0%| F|  |TAMS 0x0000000096300000, 0x0000000096300000| Untracked 
|  54|0x0000000096400000, 0x0000000096400000, 0x0000000096500000|  0%| F|  |TAMS 0x0000000096400000, 0x0000000096400000| Untracked 
|  55|0x0000000096500000, 0x0000000096500000, 0x0000000096600000|  0%| F|  |TAMS 0x0000000096500000, 0x0000000096500000| Untracked 
|  56|0x0000000096600000, 0x0000000096600000, 0x0000000096700000|  0%| F|  |TAMS 0x0000000096600000, 0x0000000096600000| Untracked 
|  57|0x0000000096700000, 0x0000000096700000, 0x0000000096800000|  0%| F|  |TAMS 0x0000000096700000, 0x0000000096700000| Untracked 
|  58|0x0000000096800000, 0x0000000096800000, 0x0000000096900000|  0%| F|  |TAMS 0x0000000096800000, 0x0000000096800000| Untracked 
|  59|0x0000000096900000, 0x0000000096900000, 0x0000000096a00000|  0%| F|  |TAMS 0x0000000096900000, 0x0000000096900000| Untracked 
|  60|0x0000000096a00000, 0x0000000096a00000, 0x0000000096b00000|  0%| F|  |TAMS 0x0000000096a00000, 0x0000000096a00000| Untracked 
|  61|0x0000000096b00000, 0x0000000096b00000, 0x0000000096c00000|  0%| F|  |TAMS 0x0000000096b00000, 0x0000000096b00000| Untracked 
|  62|0x0000000096c00000, 0x0000000096c00000, 0x0000000096d00000|  0%| F|  |TAMS 0x0000000096c00000, 0x0000000096c00000| Untracked 
|  63|0x0000000096d00000, 0x0000000096d00000, 0x0000000096e00000|  0%| F|  |TAMS 0x0000000096d00000, 0x0000000096d00000| Untracked 
|  64|0x0000000096e00000, 0x0000000096e00000, 0x0000000096f00000|  0%| F|  |TAMS 0x0000000096e00000, 0x0000000096e00000| Untracked 
|  65|0x0000000096f00000, 0x0000000096f00000, 0x0000000097000000|  0%| F|  |TAMS 0x0000000096f00000, 0x0000000096f00000| Untracked 
|  66|0x0000000097000000, 0x0000000097000000, 0x0000000097100000|  0%| F|  |TAMS 0x0000000097000000, 0x0000000097000000| Untracked 
|  67|0x0000000097100000, 0x0000000097100000, 0x0000000097200000|  0%| F|  |TAMS 0x0000000097100000, 0x0000000097100000| Untracked 
|  68|0x0000000097200000, 0x0000000097200000, 0x0000000097300000|  0%| F|  |TAMS 0x0000000097200000, 0x0000000097200000| Untracked 
|  69|0x0000000097300000, 0x0000000097300000, 0x0000000097400000|  0%| F|  |TAMS 0x0000000097300000, 0x0000000097300000| Untracked 
|  70|0x0000000097400000, 0x0000000097400000, 0x0000000097500000|  0%| F|  |TAMS 0x0000000097400000, 0x0000000097400000| Untracked 
|  71|0x0000000097500000, 0x0000000097500000, 0x0000000097600000|  0%| F|  |TAMS 0x0000000097500000, 0x0000000097500000| Untracked 
|  72|0x0000000097600000, 0x0000000097600000, 0x0000000097700000|  0%| F|  |TAMS 0x0000000097600000, 0x0000000097600000| Untracked 
|  73|0x0000000097700000, 0x0000000097700000, 0x0000000097800000|  0%| F|  |TAMS 0x0000000097700000, 0x0000000097700000| Untracked 
|  74|0x0000000097800000, 0x0000000097800000, 0x0000000097900000|  0%| F|  |TAMS 0x0000000097800000, 0x0000000097800000| Untracked 
|  75|0x0000000097900000, 0x0000000097900000, 0x0000000097a00000|  0%| F|  |TAMS 0x0000000097900000, 0x0000000097900000| Untracked 
|  76|0x0000000097a00000, 0x0000000097a00000, 0x0000000097b00000|  0%| F|  |TAMS 0x0000000097a00000, 0x0000000097a00000| Untracked 
|  77|0x0000000097b00000, 0x0000000097b00000, 0x0000000097c00000|  0%| F|  |TAMS 0x0000000097b00000, 0x0000000097b00000| Untracked 
|  78|0x0000000097c00000, 0x0000000097c00000, 0x0000000097d00000|  0%| F|  |TAMS 0x0000000097c00000, 0x0000000097c00000| Untracked 
|  79|0x0000000097d00000, 0x0000000097d00000, 0x0000000097e00000|  0%| F|  |TAMS 0x0000000097d00000, 0x0000000097d00000| Untracked 
|  80|0x0000000097e00000, 0x0000000097e00000, 0x0000000097f00000|  0%| F|  |TAMS 0x0000000097e00000, 0x0000000097e00000| Untracked 
|  81|0x0000000097f00000, 0x0000000097f00000, 0x0000000098000000|  0%| F|  |TAMS 0x0000000097f00000, 0x0000000097f00000| Untracked 
|  82|0x0000000098000000, 0x0000000098000000, 0x0000000098100000|  0%| F|  |TAMS 0x0000000098000000, 0x0000000098000000| Untracked 
|  83|0x0000000098100000, 0x0000000098100000, 0x0000000098200000|  0%| F|  |TAMS 0x0000000098100000, 0x0000000098100000| Untracked 
|  84|0x0000000098200000, 0x0000000098200000, 0x0000000098300000|  0%| F|  |TAMS 0x0000000098200000, 0x0000000098200000| Untracked 
|  85|0x0000000098300000, 0x0000000098300000, 0x0000000098400000|  0%| F|  |TAMS 0x0000000098300000, 0x0000000098300000| Untracked 
|  86|0x0000000098400000, 0x0000000098400000, 0x0000000098500000|  0%| F|  |TAMS 0x0000000098400000, 0x0000000098400000| Untracked 
|  87|0x0000000098500000, 0x0000000098500000, 0x0000000098600000|  0%| F|  |TAMS 0x0000000098500000, 0x0000000098500000| Untracked 
|  88|0x0000000098600000, 0x0000000098600000, 0x0000000098700000|  0%| F|  |TAMS 0x0000000098600000, 0x0000000098600000| Untracked 
|  89|0x0000000098700000, 0x0000000098700000, 0x0000000098800000|  0%| F|  |TAMS 0x0000000098700000, 0x0000000098700000| Untracked 
|  90|0x0000000098800000, 0x0000000098800000, 0x0000000098900000|  0%| F|  |TAMS 0x0000000098800000, 0x0000000098800000| Untracked 
|  91|0x0000000098900000, 0x0000000098900000, 0x0000000098a00000|  0%| F|  |TAMS 0x0000000098900000, 0x0000000098900000| Untracked 
|  92|0x0000000098a00000, 0x0000000098a00000, 0x0000000098b00000|  0%| F|  |TAMS 0x0000000098a00000, 0x0000000098a00000| Untracked 
|  93|0x0000000098b00000, 0x0000000098b00000, 0x0000000098c00000|  0%| F|  |TAMS 0x0000000098b00000, 0x0000000098b00000| Untracked 
|  94|0x0000000098c00000, 0x0000000098c00000, 0x0000000098d00000|  0%| F|  |TAMS 0x0000000098c00000, 0x0000000098c00000| Untracked 
|  95|0x0000000098d00000, 0x0000000098d00000, 0x0000000098e00000|  0%| F|  |TAMS 0x0000000098d00000, 0x0000000098d00000| Untracked 
|  96|0x0000000098e00000, 0x0000000098e00000, 0x0000000098f00000|  0%| F|  |TAMS 0x0000000098e00000, 0x0000000098e00000| Untracked 
|  97|0x0000000098f00000, 0x0000000098f00000, 0x0000000099000000|  0%| F|  |TAMS 0x0000000098f00000, 0x0000000098f00000| Untracked 
|  98|0x0000000099000000, 0x0000000099000000, 0x0000000099100000|  0%| F|  |TAMS 0x0000000099000000, 0x0000000099000000| Untracked 
|  99|0x0000000099100000, 0x0000000099100000, 0x0000000099200000|  0%| F|  |TAMS 0x0000000099100000, 0x0000000099100000| Untracked 
| 100|0x0000000099200000, 0x0000000099200000, 0x0000000099300000|  0%| F|  |TAMS 0x0000000099200000, 0x0000000099200000| Untracked 
| 101|0x0000000099300000, 0x0000000099300000, 0x0000000099400000|  0%| F|  |TAMS 0x0000000099300000, 0x0000000099300000| Untracked 
| 102|0x0000000099400000, 0x0000000099400000, 0x0000000099500000|  0%| F|  |TAMS 0x0000000099400000, 0x0000000099400000| Untracked 
| 103|0x0000000099500000, 0x0000000099500000, 0x0000000099600000|  0%| F|  |TAMS 0x0000000099500000, 0x0000000099500000| Untracked 
| 104|0x0000000099600000, 0x0000000099600000, 0x0000000099700000|  0%| F|  |TAMS 0x0000000099600000, 0x0000000099600000| Untracked 
| 105|0x0000000099700000, 0x0000000099700000, 0x0000000099800000|  0%| F|  |TAMS 0x0000000099700000, 0x0000000099700000| Untracked 
| 106|0x0000000099800000, 0x0000000099800000, 0x0000000099900000|  0%| F|  |TAMS 0x0000000099800000, 0x0000000099800000| Untracked 
| 107|0x0000000099900000, 0x00000000999d7a50, 0x0000000099a00000| 84%| E|  |TAMS 0x0000000099900000, 0x0000000099900000| Complete 
| 108|0x0000000099a00000, 0x0000000099b00000, 0x0000000099b00000|100%| E|CS|TAMS 0x0000000099a00000, 0x0000000099a00000| Complete 
| 109|0x0000000099b00000, 0x0000000099c00000, 0x0000000099c00000|100%| E|CS|TAMS 0x0000000099b00000, 0x0000000099b00000| Complete 
|1744|0x00000000ffe00000, 0x00000000ffe34000, 0x00000000fff00000| 20%|OA|  |TAMS 0x00000000ffe00000, 0x00000000ffe00000| Untracked 
|1745|0x00000000fff00000, 0x00000000fff6a000, 0x0000000100000000| 41%|CA|  |TAMS 0x00000000fff00000, 0x00000000fff00000| Untracked 

Card table byte_map: [0x00007febb59e6000,0x00007febb5d4f000] _byte_map_base: 0x00007febb554f000

Marking Bits (Prev, Next): (CMBitMap*) 0x00007febb004af68, (CMBitMap*) 0x00007febb004afa0
 Prev Bits: [0x00007feb924b8000, 0x00007feb94000000)
 Next Bits: [0x00007feb90970000, 0x00007feb924b8000)

Polling page: 0x00007febb81e6000

Metaspace:

Usage:
  Non-class:      4.17 MB capacity,   768.06 KB ( 18%) used,     3.42 MB ( 82%) free+waste,     2.44 KB ( <1%) overhead. 
      Class:    444.00 KB capacity,    85.09 KB ( 19%) used,   357.28 KB ( 80%) free+waste,     1.62 KB ( <1%) overhead. 
       Both:      4.61 MB capacity,   853.16 KB ( 18%) used,     3.77 MB ( 82%) free+waste,     4.06 KB ( <1%) overhead. 

Virtual space:
  Non-class space:        8.00 MB reserved,       4.25 MB ( 53%) committed 
      Class space:        1.00 GB reserved,     512.00 KB ( <1%) committed 
             Both:        1.01 GB reserved,       4.75 MB ( <1%) committed 

Chunk freelists:
   Non-Class:  0 bytes
       Class:  512 bytes
        Both:  512 bytes

CodeHeap 'non-profiled nmethods': size=120032Kb used=73Kb max_used=73Kb free=119958Kb
 bounds [0x00007feba0453000, 0x00007feba06c3000, 0x00007feba798b000]
CodeHeap 'profiled nmethods': size=120032Kb used=301Kb max_used=301Kb free=119730Kb
 bounds [0x00007feb98f1b000, 0x00007feb9918b000, 0x00007feba0453000]
CodeHeap 'non-nmethods': size=5696Kb used=1044Kb max_used=1066Kb free=4651Kb
 bounds [0x00007feb9898b000, 0x00007feb98bfb000, 0x00007feb98f1b000]
 total_blobs=639 nmethods=241 adapters=242
 compilation: enabled
              stopped_count=0, restarted_count=0
 full_count=0

Compilation events (10 events):
Event: 0.699 Thread 0x00007febb0100800  238       3       java.util.Arrays::copyOf (19 bytes)
Event: 0.699 Thread 0x00007febb0100800 nmethod 238 0x00007feb98f64d10 code [0x00007feb98f64ee0, 0x00007feb98f65228]
Event: 0.699 Thread 0x00007febb0100800  236       3       java.util.zip.ZipUtils::CENNAM (9 bytes)
Event: 0.699 Thread 0x00007febb0100800 nmethod 236 0x00007feb98f65390 code [0x00007feb98f65540, 0x00007feb98f65730]
Event: 0.699 Thread 0x00007febb0100800  237       3       java.util.zip.ZipUtils::CENHOW (9 bytes)
Event: 0.700 Thread 0x00007febb0100800 nmethod 237 0x00007feb98f65890 code [0x00007feb98f65a40, 0x00007feb98f65c30]
Event: 0.700 Thread 0x00007febb0100800  239       3       java.util.concurrent.ConcurrentHashMap::casTabAt (21 bytes)
Event: 0.700 Thread 0x00007febb0100800 nmethod 239 0x00007feb98f65d90 code [0x00007feb98f65f40, 0x00007feb98f660f0]
Event: 0.700 Thread 0x00007febb0100800  240       3       jdk.internal.misc.Unsafe::putObjectRelease (9 bytes)
Event: 0.700 Thread 0x00007febb0100800 nmethod 240 0x00007feb98f66190 code [0x00007feb98f66340, 0x00007feb98f66510]

GC Heap History (0 events):
No events

Deoptimization events (0 events):
No events

Classes redefined (0 events):
No events

Internal exceptions (5 events):
Event: 0.060 Thread 0x00007febb0011000 Exception <a 'sun/nio/fs/UnixException'{0x0000000099a08df8}> (0x0000000099a08df8) thrown at [/build/openjdk-lts-rLGL8O/openjdk-lts-11.0.1+13/src/hotspot/share/prims/jni.cpp, line 615]
Event: 0.096 Thread 0x00007febb0011000 Exception <a 'java/io/FileNotFoundException'{0x0000000099adcd98}> (0x0000000099adcd98) thrown at [/build/openjdk-lts-rLGL8O/openjdk-lts-11.0.1+13/src/hotspot/share/prims/jni.cpp, line 615]
Event: 0.409 Thread 0x00007febb0011000 Exception <a 'java/io/FileNotFoundException'{0x0000000099aecce0}> (0x0000000099aecce0) thrown at [/build/openjdk-lts-rLGL8O/openjdk-lts-11.0.1+13/src/hotspot/share/prims/jni.cpp, line 615]
Event: 0.410 Thread 0x00007febb0011000 Exception <a 'java/io/FileNotFoundException'{0x0000000099af9288}> (0x0000000099af9288) thrown at [/build/openjdk-lts-rLGL8O/openjdk-lts-11.0.1+13/src/hotspot/share/prims/jni.cpp, line 615]
Event: 0.694 Thread 0x00007febb0011000 Exception <a 'java/io/FileNotFoundException'{0x0000000099909268}> (0x0000000099909268) thrown at [/build/openjdk-lts-rLGL8O/openjdk-lts-11.0.1+13/src/hotspot/share/prims/jni.cpp, line 615]

Events (10 events):
Event: 0.719 loading class java/io/BufferedReader done
Event: 0.719 loading class sun/nio/cs/StreamDecoder
Event: 0.719 loading class sun/nio/cs/StreamDecoder done
Event: 0.719 loading class sun/nio/cs/UTF_8$Decoder
Event: 0.719 loading class java/nio/charset/CharsetDecoder
Event: 0.719 loading class java/nio/charset/CharsetDecoder done
Event: 0.719 loading class sun/nio/cs/UTF_8$Decoder done
Event: 0.720 Thread 0x00007febb0196800 Thread added: 0x00007febb0196800
Event: 0.721 Thread 0x00007febb0011000 Thread exited: 0x00007febb0011000
Event: 0.721 Thread 0x00007febb0011000 Thread added: 0x00007febb0011000


Dynamic libraries:
92e00000-99c00000 rw-p 00000000 00:00 0 
99c00000-ffe00000 ---p 00000000 00:00 0 
ffe00000-ffe34000 rw-p 0111a000 08:02 21370163                           /usr/lib/jvm/java-11-openjdk-amd64/lib/server/classes.jsa
ffe34000-fff00000 rw-p 00000000 00:00 0 
fff00000-fff6a000 rw-p 010b0000 08:02 21370163                           /usr/lib/jvm/java-11-openjdk-amd64/lib/server/classes.jsa
fff6a000-100000000 rw-p 00000000 00:00 0 
800000000-800002000 rwxp 00001000 08:02 21370163                         /usr/lib/jvm/java-11-openjdk-amd64/lib/server/classes.jsa
800002000-8003be000 rw-p 00003000 08:02 21370163                         /usr/lib/jvm/java-11-openjdk-amd64/lib/server/classes.jsa
8003be000-800a9a000 r--p 003bf000 08:02 21370163                         /usr/lib/jvm/java-11-openjdk-amd64/lib/server/classes.jsa
800a9a000-800a9b000 rw-p 00a9b000 08:02 21370163                         /usr/lib/jvm/java-11-openjdk-amd64/lib/server/classes.jsa
800a9b000-8010af000 r--p 00a9c000 08:02 21370163                         /usr/lib/jvm/java-11-openjdk-amd64/lib/server/classes.jsa
840000000-840080000 rw-p 00000000 00:00 0 
840080000-880000000 ---p 00000000 00:00 0 
561d198c9000-561d198ca000 r--p 00000000 08:02 21238314                   /usr/lib/jvm/java-11-openjdk-amd64/bin/java
561d198ca000-561d198cb000 r-xp 00001000 08:02 21238314                   /usr/lib/jvm/java-11-openjdk-amd64/bin/java
561d198cb000-561d198cc000 r--p 00002000 08:02 21238314                   /usr/lib/jvm/java-11-openjdk-amd64/bin/java
561d198cc000-561d198cd000 r--p 00002000 08:02 21238314                   /usr/lib/jvm/java-11-openjdk-amd64/bin/java
561d198cd000-561d198ce000 rw-p 00003000 08:02 21238314                   /usr/lib/jvm/java-11-openjdk-amd64/bin/java
561d19b6e000-561d19b8f000 rw-p 00000000 00:00 0                          [heap]
7feb48000000-7feb48021000 rw-p 00000000 00:00 0 
7feb48021000-7feb4c000000 ---p 00000000 00:00 0 
7feb50000000-7feb50021000 rw-p 00000000 00:00 0 
7feb50021000-7feb54000000 ---p 00000000 00:00 0 
7feb54000000-7feb54021000 rw-p 00000000 00:00 0 
7feb54021000-7feb58000000 ---p 00000000 00:00 0 
7feb58000000-7feb58021000 rw-p 00000000 00:00 0 
7feb58021000-7feb5c000000 ---p 00000000 00:00 0 
7feb5c000000-7feb5c021000 rw-p 00000000 00:00 0 
7feb5c021000-7feb60000000 ---p 00000000 00:00 0 
7feb60000000-7feb600d3000 rw-p 00000000 00:00 0 
7feb600d3000-7feb64000000 ---p 00000000 00:00 0 
7feb64000000-7feb64021000 rw-p 00000000 00:00 0 
7feb64021000-7feb68000000 ---p 00000000 00:00 0 
7feb68000000-7feb68021000 rw-p 00000000 00:00 0 
7feb68021000-7feb6c000000 ---p 00000000 00:00 0 
7feb6c000000-7feb6c197000 rw-p 00000000 00:00 0 
7feb6c197000-7feb70000000 ---p 00000000 00:00 0 
7feb70000000-7feb70021000 rw-p 00000000 00:00 0 
7feb70021000-7feb74000000 ---p 00000000 00:00 0 
7feb74000000-7feb74021000 rw-p 00000000 00:00 0 
7feb74021000-7feb78000000 ---p 00000000 00:00 0 
7feb78000000-7feb78021000 rw-p 00000000 00:00 0 
7feb78021000-7feb7c000000 ---p 00000000 00:00 0 
7feb7c000000-7feb7c021000 rw-p 00000000 00:00 0 
7feb7c021000-7feb80000000 ---p 00000000 00:00 0 
7feb80000000-7feb80021000 rw-p 00000000 00:00 0 
7feb80021000-7feb84000000 ---p 00000000 00:00 0 
7feb84000000-7feb84021000 rw-p 00000000 00:00 0 
7feb84021000-7feb88000000 ---p 00000000 00:00 0 
7feb89225000-7feb8a000000 r--p 00000000 08:02 21240392                   /usr/lib/locale/locale-archive
7feb8a000000-7feb8c000000 rw-p 00000000 00:00 0 
7feb8c000000-7feb8c021000 rw-p 00000000 00:00 0 
7feb8c021000-7feb90000000 ---p 00000000 00:00 0 
7feb90970000-7feb90b28000 rw-p 00000000 00:00 0 
7feb90b28000-7feb924b0000 ---p 00000000 00:00 0 
7feb924b0000-7feb92670000 rw-p 00000000 00:00 0 
7feb92670000-7feb93ff8000 ---p 00000000 00:00 0 
7feb93ff8000-7feb94000000 rw-p 00000000 00:00 0 
7feb94000000-7feb94021000 rw-p 00000000 00:00 0 
7feb94021000-7feb98000000 ---p 00000000 00:00 0 
7feb98075000-7feb98079000 ---p 00000000 00:00 0 
7feb98079000-7feb98176000 rw-p 00000000 00:00 0 
7feb98176000-7feb98182000 r-xp 00000000 08:02 15466585                   /lib/x86_64-linux-gnu/librxtxSerial.so
7feb98182000-7feb98281000 ---p 0000c000 08:02 15466585                   /lib/x86_64-linux-gnu/librxtxSerial.so
7feb98281000-7feb98283000 rw-p 0000b000 08:02 15466585                   /lib/x86_64-linux-gnu/librxtxSerial.so
7feb98283000-7feb98287000 ---p 00000000 00:00 0 
7feb98287000-7feb98384000 rw-p 00000000 00:00 0 
7feb98384000-7feb98385000 ---p 00000000 00:00 0 
7feb98385000-7feb98486000 rw-p 00000000 00:00 0 
7feb98486000-7feb9848a000 ---p 00000000 00:00 0 
7feb9848a000-7feb98587000 rw-p 00000000 00:00 0 
7feb98587000-7feb9858b000 ---p 00000000 00:00 0 
7feb9858b000-7feb98688000 rw-p 00000000 00:00 0 
7feb98688000-7feb9868c000 ---p 00000000 00:00 0 
7feb9868c000-7feb98789000 rw-p 00000000 00:00 0 
7feb98789000-7feb9878d000 ---p 00000000 00:00 0 
7feb9878d000-7feb9888a000 rw-p 00000000 00:00 0 
7feb9888a000-7feb9888e000 ---p 00000000 00:00 0 
7feb9888e000-7feb9898b000 rw-p 00000000 00:00 0 
7feb9898b000-7feb98bfb000 rwxp 00000000 00:00 0 
7feb98bfb000-7feb98f1b000 ---p 00000000 00:00 0 
7feb98f1b000-7feb9918b000 rwxp 00000000 00:00 0 
7feb9918b000-7feba0453000 ---p 00000000 00:00 0 
7feba0453000-7feba06c3000 rwxp 00000000 00:00 0 
7feba06c3000-7feba798b000 ---p 00000000 00:00 0 
7feba798b000-7febb0000000 r--s 00000000 08:02 21369972                   /usr/lib/jvm/java-11-openjdk-amd64/lib/modules
7febb0000000-7febb01bd000 rw-p 00000000 00:00 0 
7febb01bd000-7febb4000000 ---p 00000000 00:00 0 
7febb408e000-7febb40bf000 rw-p 00000000 00:00 0 
7febb40bf000-7febb40c3000 r--p 00000000 08:02 21369962                   /usr/lib/jvm/java-11-openjdk-amd64/lib/libnet.so
7febb40c3000-7febb40d2000 r-xp 00004000 08:02 21369962                   /usr/lib/jvm/java-11-openjdk-amd64/lib/libnet.so
7febb40d2000-7febb40d6000 r--p 00013000 08:02 21369962                   /usr/lib/jvm/java-11-openjdk-amd64/lib/libnet.so
7febb40d6000-7febb40d7000 r--p 00016000 08:02 21369962                   /usr/lib/jvm/java-11-openjdk-amd64/lib/libnet.so
7febb40d7000-7febb40d8000 rw-p 00017000 08:02 21369962                   /usr/lib/jvm/java-11-openjdk-amd64/lib/libnet.so
7febb40d8000-7febb40df000 r--p 00000000 08:02 21369963                   /usr/lib/jvm/java-11-openjdk-amd64/lib/libnio.so
7febb40df000-7febb40e6000 r-xp 00007000 08:02 21369963                   /usr/lib/jvm/java-11-openjdk-amd64/lib/libnio.so
7febb40e6000-7febb40e9000 r--p 0000e000 08:02 21369963                   /usr/lib/jvm/java-11-openjdk-amd64/lib/libnio.so
7febb40e9000-7febb40ea000 r--p 00010000 08:02 21369963                   /usr/lib/jvm/java-11-openjdk-amd64/lib/libnio.so
7febb40ea000-7febb40eb000 rw-p 00011000 08:02 21369963                   /usr/lib/jvm/java-11-openjdk-amd64/lib/libnio.so
7febb40eb000-7febb40ef000 ---p 00000000 00:00 0 
7febb40ef000-7febb41ec000 rw-p 00000000 00:00 0 
7febb41ec000-7febb41f0000 ---p 00000000 00:00 0 
7febb41f0000-7febb42ed000 rw-p 00000000 00:00 0 
7febb42ed000-7febb42f1000 ---p 00000000 00:00 0 
7febb42f1000-7febb43ee000 rw-p 00000000 00:00 0 
7febb43ee000-7febb43ef000 ---p 00000000 00:00 0 
7febb43ef000-7febb4a34000 rw-p 00000000 00:00 0 
7febb4a34000-7febb4df4000 ---p 00000000 00:00 0 
7febb4df4000-7febb4e36000 rw-p 00000000 00:00 0 
7febb4e36000-7febb4e37000 ---p 00000000 00:00 0 
7febb4e37000-7febb4f38000 rw-p 00000000 00:00 0 
7febb4f38000-7febb4f39000 ---p 00000000 00:00 0 
7febb4f39000-7febb543e000 rw-p 00000000 00:00 0 
7febb543e000-7febb543f000 ---p 00000000 00:00 0 
7febb543f000-7febb5540000 rw-p 00000000 00:00 0 
7febb5540000-7febb5541000 ---p 00000000 00:00 0 
7febb5541000-7febb56b4000 rw-p 00000000 00:00 0 
7febb56b4000-7febb59e5000 ---p 00000000 00:00 0 
7febb59e5000-7febb5a1d000 rw-p 00000000 00:00 0 
7febb5a1d000-7febb5d4e000 ---p 00000000 00:00 0 
7febb5d4e000-7febb5d86000 rw-p 00000000 00:00 0 
7febb5d86000-7febb60b7000 ---p 00000000 00:00 0 
7febb60b7000-7febb64bc000 rw-p 00000000 00:00 0 
7febb64bc000-7febb64bd000 ---p 00000000 00:00 0 
7febb64bd000-7febb65c3000 rw-p 00000000 00:00 0 
7febb65c3000-7febb66a9000 ---p 00000000 00:00 0 
7febb66a9000-7febb66ae000 rw-p 00000000 00:00 0 
7febb66ae000-7febb6794000 ---p 00000000 00:00 0 
7febb6794000-7febb6799000 rw-p 00000000 00:00 0 
7febb6799000-7febb67a0000 ---p 00000000 00:00 0 
7febb67a0000-7febb67a2000 r--p 00000000 08:02 21369954                   /usr/lib/jvm/java-11-openjdk-amd64/lib/libjimage.so
7febb67a2000-7febb67a5000 r-xp 00002000 08:02 21369954                   /usr/lib/jvm/java-11-openjdk-amd64/lib/libjimage.so
7febb67a5000-7febb67a7000 r--p 00005000 08:02 21369954                   /usr/lib/jvm/java-11-openjdk-amd64/lib/libjimage.so
7febb67a7000-7febb67a8000 r--p 00006000 08:02 21369954                   /usr/lib/jvm/java-11-openjdk-amd64/lib/libjimage.so
7febb67a8000-7febb67a9000 rw-p 00007000 08:02 21369954                   /usr/lib/jvm/java-11-openjdk-amd64/lib/libjimage.so
7febb67a9000-7febb67ac000 r--p 00000000 08:02 15471560                   /lib/x86_64-linux-gnu/libnss_files-2.28.so
7febb67ac000-7febb67b3000 r-xp 00003000 08:02 15471560                   /lib/x86_64-linux-gnu/libnss_files-2.28.so
7febb67b3000-7febb67b6000 r--p 0000a000 08:02 15471560                   /lib/x86_64-linux-gnu/libnss_files-2.28.so
7febb67b6000-7febb67b7000 r--p 0000c000 08:02 15471560                   /lib/x86_64-linux-gnu/libnss_files-2.28.so
7febb67b7000-7febb67b8000 rw-p 0000d000 08:02 15471560                   /lib/x86_64-linux-gnu/libnss_files-2.28.so
7febb67b8000-7febb67be000 rw-p 00000000 00:00 0 
7febb67c6000-7febb67c8000 r--p 00000000 08:02 21369971                   /usr/lib/jvm/java-11-openjdk-amd64/lib/libzip.so
7febb67c8000-7febb67cc000 r-xp 00002000 08:02 21369971                   /usr/lib/jvm/java-11-openjdk-amd64/lib/libzip.so
7febb67cc000-7febb67ce000 r--p 00006000 08:02 21369971                   /usr/lib/jvm/java-11-openjdk-amd64/lib/libzip.so
7febb67ce000-7febb67cf000 r--p 00007000 08:02 21369971                   /usr/lib/jvm/java-11-openjdk-amd64/lib/libzip.so
7febb67cf000-7febb67d0000 rw-p 00008000 08:02 21369971                   /usr/lib/jvm/java-11-openjdk-amd64/lib/libzip.so
7febb67d0000-7febb67d8000 rw-s 00000000 08:02 1050262                    /tmp/hsperfdata_jay/6669
7febb67d8000-7febb67e5000 r--p 00000000 08:02 21369950                   /usr/lib/jvm/java-11-openjdk-amd64/lib/libjava.so
7febb67e5000-7febb67fc000 r-xp 0000d000 08:02 21369950                   /usr/lib/jvm/java-11-openjdk-amd64/lib/libjava.so
7febb67fc000-7febb6803000 r--p 00024000 08:02 21369950                   /usr/lib/jvm/java-11-openjdk-amd64/lib/libjava.so
7febb6803000-7febb6804000 r--p 0002a000 08:02 21369950                   /usr/lib/jvm/java-11-openjdk-amd64/lib/libjava.so
7febb6804000-7febb6806000 rw-p 0002b000 08:02 21369950                   /usr/lib/jvm/java-11-openjdk-amd64/lib/libjava.so
7febb6806000-7febb6808000 r--p 00000000 08:02 15471610                   /lib/x86_64-linux-gnu/librt-2.28.so
7febb6808000-7febb680c000 r-xp 00002000 08:02 15471610                   /lib/x86_64-linux-gnu/librt-2.28.so
7febb680c000-7febb680e000 r--p 00006000 08:02 15471610                   /lib/x86_64-linux-gnu/librt-2.28.so
7febb680e000-7febb680f000 r--p 00007000 08:02 15471610                   /lib/x86_64-linux-gnu/librt-2.28.so
7febb680f000-7febb6810000 rw-p 00008000 08:02 15471610                   /lib/x86_64-linux-gnu/librt-2.28.so
7febb6810000-7febb6814000 ---p 00000000 00:00 0 
7febb6814000-7febb6911000 rw-p 00000000 00:00 0 
7febb6911000-7febb6914000 r--p 00000000 08:02 15471507                   /lib/x86_64-linux-gnu/libgcc_s.so.1
7febb6914000-7febb6925000 r-xp 00003000 08:02 15471507                   /lib/x86_64-linux-gnu/libgcc_s.so.1
7febb6925000-7febb6928000 r--p 00014000 08:02 15471507                   /lib/x86_64-linux-gnu/libgcc_s.so.1
7febb6928000-7febb6929000 ---p 00017000 08:02 15471507                   /lib/x86_64-linux-gnu/libgcc_s.so.1
7febb6929000-7febb692a000 r--p 00017000 08:02 15471507                   /lib/x86_64-linux-gnu/libgcc_s.so.1
7febb692a000-7febb692b000 rw-p 00018000 08:02 15471507                   /lib/x86_64-linux-gnu/libgcc_s.so.1
7febb692b000-7febb6938000 r--p 00000000 08:02 15471533                   /lib/x86_64-linux-gnu/libm-2.28.so
7febb6938000-7febb69e3000 r-xp 0000d000 08:02 15471533                   /lib/x86_64-linux-gnu/libm-2.28.so
7febb69e3000-7febb6ab6000 r--p 000b8000 08:02 15471533                   /lib/x86_64-linux-gnu/libm-2.28.so
7febb6ab6000-7febb6ab7000 r--p 0018a000 08:02 15471533                   /lib/x86_64-linux-gnu/libm-2.28.so
7febb6ab7000-7febb6ab8000 rw-p 0018b000 08:02 15471533                   /lib/x86_64-linux-gnu/libm-2.28.so
7febb6ab8000-7febb6b41000 r--p 00000000 08:02 21242280                   /usr/lib/x86_64-linux-gnu/libstdc++.so.6.0.25
7febb6b41000-7febb6bf4000 r-xp 00089000 08:02 21242280                   /usr/lib/x86_64-linux-gnu/libstdc++.so.6.0.25
7febb6bf4000-7febb6c32000 r--p 0013c000 08:02 21242280                   /usr/lib/x86_64-linux-gnu/libstdc++.so.6.0.25
7febb6c32000-7febb6c3c000 r--p 00179000 08:02 21242280                   /usr/lib/x86_64-linux-gnu/libstdc++.so.6.0.25
7febb6c3c000-7febb6c3e000 rw-p 00183000 08:02 21242280                   /usr/lib/x86_64-linux-gnu/libstdc++.so.6.0.25
7febb6c3e000-7febb6c42000 rw-p 00000000 00:00 0 
7febb6c42000-7febb6ecf000 r--p 00000000 08:02 21369977                   /usr/lib/jvm/java-11-openjdk-amd64/lib/server/libjvm.so
7febb6ecf000-7febb7a11000 r-xp 0028d000 08:02 21369977                   /usr/lib/jvm/java-11-openjdk-amd64/lib/server/libjvm.so
7febb7a11000-7febb7c58000 r--p 00dcf000 08:02 21369977                   /usr/lib/jvm/java-11-openjdk-amd64/lib/server/libjvm.so
7febb7c58000-7febb7d20000 r--p 01015000 08:02 21369977                   /usr/lib/jvm/java-11-openjdk-amd64/lib/server/libjvm.so
7febb7d20000-7febb7d5a000 rw-p 010dd000 08:02 21369977                   /usr/lib/jvm/java-11-openjdk-amd64/lib/server/libjvm.so
7febb7d5a000-7febb7db1000 rw-p 00000000 00:00 0 
7febb7db1000-7febb7db7000 r--p 00000000 08:02 15471602                   /lib/x86_64-linux-gnu/libpthread-2.28.so
7febb7db7000-7febb7dc6000 r-xp 00006000 08:02 15471602                   /lib/x86_64-linux-gnu/libpthread-2.28.so
7febb7dc6000-7febb7dcc000 r--p 00015000 08:02 15471602                   /lib/x86_64-linux-gnu/libpthread-2.28.so
7febb7dcc000-7febb7dcd000 r--p 0001a000 08:02 15471602                   /lib/x86_64-linux-gnu/libpthread-2.28.so
7febb7dcd000-7febb7dce000 rw-p 0001b000 08:02 15471602                   /lib/x86_64-linux-gnu/libpthread-2.28.so
7febb7dce000-7febb7dd2000 rw-p 00000000 00:00 0 
7febb7dd2000-7febb7dd3000 r--p 00000000 08:02 15471493                   /lib/x86_64-linux-gnu/libdl-2.28.so
7febb7dd3000-7febb7dd5000 r-xp 00001000 08:02 15471493                   /lib/x86_64-linux-gnu/libdl-2.28.so
7febb7dd5000-7febb7dd6000 r--p 00003000 08:02 15471493                   /lib/x86_64-linux-gnu/libdl-2.28.so
7febb7dd6000-7febb7dd7000 r--p 00003000 08:02 15471493                   /lib/x86_64-linux-gnu/libdl-2.28.so
7febb7dd7000-7febb7dd8000 rw-p 00004000 08:02 15471493                   /lib/x86_64-linux-gnu/libdl-2.28.so
7febb7dd8000-7febb7df4000 r-xp 00000000 08:02 15471641                   /lib/x86_64-linux-gnu/libz.so.1.2.11
7febb7df4000-7febb7ff3000 ---p 0001c000 08:02 15471641                   /lib/x86_64-linux-gnu/libz.so.1.2.11
7febb7ff3000-7febb7ff4000 r--p 0001b000 08:02 15471641                   /lib/x86_64-linux-gnu/libz.so.1.2.11
7febb7ff4000-7febb7ff5000 rw-p 0001c000 08:02 15471641                   /lib/x86_64-linux-gnu/libz.so.1.2.11
7febb7ff5000-7febb8017000 r--p 00000000 08:02 15471472                   /lib/x86_64-linux-gnu/libc-2.28.so
7febb8017000-7febb8188000 r-xp 00022000 08:02 15471472                   /lib/x86_64-linux-gnu/libc-2.28.so
7febb8188000-7febb81d4000 r--p 00193000 08:02 15471472                   /lib/x86_64-linux-gnu/libc-2.28.so
7febb81d4000-7febb81d5000 ---p 001df000 08:02 15471472                   /lib/x86_64-linux-gnu/libc-2.28.so
7febb81d5000-7febb81d9000 r--p 001df000 08:02 15471472                   /lib/x86_64-linux-gnu/libc-2.28.so
7febb81d9000-7febb81db000 rw-p 001e3000 08:02 15471472                   /lib/x86_64-linux-gnu/libc-2.28.so
7febb81db000-7febb81df000 rw-p 00000000 00:00 0 
7febb81e6000-7febb81e7000 ---p 00000000 00:00 0 
7febb81e7000-7febb81e8000 r--p 00000000 00:00 0 
7febb81e8000-7febb81ed000 r--p 00000000 08:02 21369970                   /usr/lib/jvm/java-11-openjdk-amd64/lib/libverify.so
7febb81ed000-7febb81f4000 r-xp 00005000 08:02 21369970                   /usr/lib/jvm/java-11-openjdk-amd64/lib/libverify.so
7febb81f4000-7febb81f6000 r--p 0000c000 08:02 21369970                   /usr/lib/jvm/java-11-openjdk-amd64/lib/libverify.so
7febb81f6000-7febb81f8000 r--p 0000d000 08:02 21369970                   /usr/lib/jvm/java-11-openjdk-amd64/lib/libverify.so
7febb81f8000-7febb81f9000 rw-p 0000f000 08:02 21369970                   /usr/lib/jvm/java-11-openjdk-amd64/lib/libverify.so
7febb81f9000-7febb81fc000 r--p 00000000 08:02 21369935                   /usr/lib/jvm/java-11-openjdk-amd64/lib/jli/libjli.so
7febb81fc000-7febb8206000 r-xp 00003000 08:02 21369935                   /usr/lib/jvm/java-11-openjdk-amd64/lib/jli/libjli.so
7febb8206000-7febb8209000 r--p 0000d000 08:02 21369935                   /usr/lib/jvm/java-11-openjdk-amd64/lib/jli/libjli.so
7febb8209000-7febb820a000 r--p 0000f000 08:02 21369935                   /usr/lib/jvm/java-11-openjdk-amd64/lib/jli/libjli.so
7febb820a000-7febb820b000 rw-p 00010000 08:02 21369935                   /usr/lib/jvm/java-11-openjdk-amd64/lib/jli/libjli.so
7febb820b000-7febb820d000 rw-p 00000000 00:00 0 
7febb820d000-7febb820e000 r--p 00000000 08:02 15471446                   /lib/x86_64-linux-gnu/ld-2.28.so
7febb820e000-7febb822e000 r-xp 00001000 08:02 15471446                   /lib/x86_64-linux-gnu/ld-2.28.so
7febb822e000-7febb8236000 r--p 00021000 08:02 15471446                   /lib/x86_64-linux-gnu/ld-2.28.so
7febb8236000-7febb8237000 r--p 00028000 08:02 15471446                   /lib/x86_64-linux-gnu/ld-2.28.so
7febb8237000-7febb8238000 rw-p 00029000 08:02 15471446                   /lib/x86_64-linux-gnu/ld-2.28.so
7febb8238000-7febb8239000 rw-p 00000000 00:00 0 
7ffd3ca8a000-7ffd3caab000 rw-p 00000000 00:00 0                          [stack]
7ffd3cb85000-7ffd3cb88000 r--p 00000000 00:00 0                          [vvar]
7ffd3cb88000-7ffd3cb8a000 r-xp 00000000 00:00 0                          [vdso]
ffffffffff600000-ffffffffff601000 r-xp 00000000 00:00 0                  [vsyscall]


VM Arguments:
jvm_args: -Dfile.encoding=UTF-8 --module-path=/mnt/2E521095521063BD/JavaPractice/Cashier/build/classes 
java_command: SerialTest
java_class_path (initial): /mnt/2E521095521063BD/JavaPractice/Cashier/lib/absolutelayout/AbsoluteLayout.jar:/mnt/2E521095521063BD/downloads/sqlite-jdbc-3.23.1.jar:/mnt/2E521095521063BD/JavaPractice/Cashier/lib/RXTXcomm.jar:/mnt/2E521095521063BD/JavaPractice/Cashier/build/classes
Launcher Type: SUN_STANDARD

[Global flags]
     intx CICompilerCount                          = 3                                         {product} {ergonomic}
     uint ConcGCThreads                            = 1                                         {product} {ergonomic}
     uint G1ConcRefinementThreads                  = 4                                         {product} {ergonomic}
   size_t G1HeapRegionSize                         = 1048576                                   {product} {ergonomic}
    uintx GCDrainStackTargetSize                   = 64                                        {product} {ergonomic}
   size_t InitialHeapSize                          = 115343360                                 {product} {ergonomic}
   size_t MarkStackSize                            = 4194304                                   {product} {ergonomic}
   size_t MaxHeapSize                              = 1830813696                                {product} {ergonomic}
   size_t MaxNewSize                               = 1097859072                                {product} {ergonomic}
   size_t MinHeapDeltaBytes                        = 1048576                                   {product} {ergonomic}
    uintx NonNMethodCodeHeapSize                   = 5830092                                {pd product} {ergonomic}
    uintx NonProfiledCodeHeapSize                  = 122914074                              {pd product} {ergonomic}
    uintx ProfiledCodeHeapSize                     = 122914074                              {pd product} {ergonomic}
    uintx ReservedCodeCacheSize                    = 251658240                              {pd product} {ergonomic}
     bool SegmentedCodeCache                       = true                                      {product} {ergonomic}
     bool UseCompressedClassPointers               = true                                 {lp64_product} {ergonomic}
     bool UseCompressedOops                        = true                                 {lp64_product} {ergonomic}
     bool UseG1GC                                  = true                                      {product} {ergonomic}

Logging:
Log output configuration:
 #0: stdout all=warning uptime,level,tags
 #1: stderr all=off uptime,level,tags

Environment Variables:
PATH=/usr/local/sbin:/usr/local/bin:/usr/sbin:/usr/bin:/sbin:/bin:/usr/games:/usr/local/games:/snap/bin
USERNAME=jay
SHELL=/usr/bin/zsh
DISPLAY=:0

Signal Handlers:
SIGSEGV: [libjvm.so+0xd54fa0], sa_mask[0]=11111111011111111101111111111110, sa_flags=SA_RESTART|SA_SIGINFO
SIGBUS: [libjvm.so+0xd54fa0], sa_mask[0]=11111111011111111101111111111110, sa_flags=SA_RESTART|SA_SIGINFO
SIGFPE: [libjvm.so+0xd54fa0], sa_mask[0]=11111111011111111101111111111110, sa_flags=SA_RESTART|SA_SIGINFO
SIGPIPE: [libjvm.so+0xb5d0d0], sa_mask[0]=11111111011111111101111111111110, sa_flags=SA_RESTART|SA_SIGINFO
SIGXFSZ: [libjvm.so+0xb5d0d0], sa_mask[0]=11111111011111111101111111111110, sa_flags=SA_RESTART|SA_SIGINFO
SIGILL: [libjvm.so+0xd54fa0], sa_mask[0]=11111111011111111101111111111110, sa_flags=SA_RESTART|SA_SIGINFO
SIGUSR2: [libjvm.so+0xb5cf60], sa_mask[0]=00100000000000000000000000000000, sa_flags=SA_RESTART|SA_SIGINFO
SIGHUP: [libjvm.so+0xb5d4d0], sa_mask[0]=11111111011111111101111111111110, sa_flags=SA_RESTART|SA_SIGINFO
SIGINT: SIG_IGN, sa_mask[0]=00000000000000000000000000000000, sa_flags=none
SIGTERM: [libjvm.so+0xb5d4d0], sa_mask[0]=11111111011111111101111111111110, sa_flags=SA_RESTART|SA_SIGINFO
SIGQUIT: [libjvm.so+0xb5d4d0], sa_mask[0]=11111111011111111101111111111110, sa_flags=SA_RESTART|SA_SIGINFO


---------------  S Y S T E M  ---------------

OS:DISTRIB_ID=Ubuntu
DISTRIB_RELEASE=18.10
DISTRIB_CODENAME=cosmic
DISTRIB_DESCRIPTION="Ubuntu 18.10"
uname:Linux 4.18.0-13-generic #14-Ubuntu SMP Wed Dec 5 09:04:24 UTC 2018 x86_64
libc:glibc 2.28 NPTL 2.28 
rlimit: STACK 8192k, CORE 0k, NPROC 27226, NOFILE 1048576, AS infinity, DATA infinity, FSIZE infinity
load average:2.02 1.46 1.36

/proc/meminfo:
MemTotal:        7147380 kB
MemFree:          317848 kB
MemAvailable:    1687416 kB
Buffers:          364488 kB
Cached:          1287616 kB
SwapCached:          732 kB
Active:          4857676 kB
Inactive:        1434492 kB
Active(anon):    4006548 kB
Inactive(anon):   787104 kB
Active(file):     851128 kB
Inactive(file):   647388 kB
Unevictable:          64 kB
Mlocked:              64 kB
SwapTotal:       2097148 kB
SwapFree:        2091516 kB
Dirty:               680 kB
Writeback:             0 kB
AnonPages:       4639596 kB
Mapped:           640696 kB
Shmem:            153584 kB
Slab:             317180 kB
SReclaimable:     174280 kB
SUnreclaim:       142900 kB
KernelStack:       18144 kB
PageTables:        62744 kB
NFS_Unstable:          0 kB
Bounce:                0 kB
WritebackTmp:          0 kB
CommitLimit:     5670836 kB
Committed_AS:   14610260 kB
VmallocTotal:   34359738367 kB
VmallocUsed:           0 kB
VmallocChunk:          0 kB
HardwareCorrupted:     0 kB
AnonHugePages:      2048 kB
ShmemHugePages:        0 kB
ShmemPmdMapped:        0 kB
CmaTotal:              0 kB
CmaFree:               0 kB
HugePages_Total:       0
HugePages_Free:        0
HugePages_Rsvd:        0
HugePages_Surp:        0
Hugepagesize:       2048 kB
Hugetlb:               0 kB
DirectMap4k:      521316 kB
DirectMap2M:     6766592 kB
DirectMap1G:     1048576 kB


/proc/sys/kernel/threads-max (system-wide limit on the number of threads):
54452


/proc/sys/vm/max_map_count (maximum number of memory map areas a process may have):
65530


/proc/sys/kernel/pid_max (system-wide limit on number of process identifiers):
32768


container (cgroup) information:
container_type: cgroupv1
cpu_cpuset_cpus: 0-3
cpu_memory_nodes: 0
active_processor_count: 4
cpu_quota: -1
cpu_period: 100000
cpu_shares: -1
memory_limit_in_bytes: -1
memory_and_swap_limit_in_bytes: -2
memory_soft_limit_in_bytes: -1
memory_usage_in_bytes: 5513940992
memory_max_usage_in_bytes: 6010335232


CPU:total 4 (initial active 4) (4 cores per cpu, 1 threads per core) family 23 model 17 stepping 0, cmov, cx8, fxsr, mmx, sse, sse2, sse3, ssse3, sse4.1, sse4.2, popcnt, avx, avx2, aes, clmul, mmxext, 3dnowpref, lzcnt, sse4a, tsc, tscinvbit, tscinv, bmi1, bmi2, adx, sha, fma
CPU Model and flags from /proc/cpuinfo:
model name	: AMD Ryzen 3 2200G with Radeon Vega Graphics
flags		: fpu vme de pse tsc msr pae mce cx8 apic sep mtrr pge mca cmov pat pse36 clflush mmx fxsr sse sse2 ht syscall nx mmxext fxsr_opt pdpe1gb rdtscp lm constant_tsc rep_good nopl nonstop_tsc cpuid extd_apicid aperfmperf pni pclmulqdq monitor ssse3 fma cx16 sse4_1 sse4_2 movbe popcnt aes xsave avx f16c rdrand lahf_lm cmp_legacy svm extapic cr8_legacy abm sse4a misalignsse 3dnowprefetch osvw skinit wdt tce topoext perfctr_core perfctr_nb bpext perfctr_llc mwaitx hw_pstate sme ssbd sev ibpb vmmcall fsgsbase bmi1 avx2 smep bmi2 rdseed adx smap clflushopt sha_ni xsaveopt xsavec xgetbv1 xsaves clzero irperf xsaveerptr arat npt lbrv svm_lock nrip_save tsc_scale vmcb_clean flushbyasid decodeassists pausefilter pfthreshold avic v_vmsave_vmload vgif overflow_recov succor smca

Memory: 4k page, physical 7147380k(317848k free), swap 2097148k(2091516k free)

vm_info: OpenJDK 64-Bit Server VM (11.0.1+13-Ubuntu-2ubuntu1) for linux-amd64 JRE (11.0.1+13-Ubuntu-2ubuntu1), built on Oct 22 2018 18:46:28 by "buildd" with gcc 8.2.0

END.
