#
# A fatal error has been detected by the Java Runtime Environment:
#
#  SIGSEGV (0xb) at pc=0x00007fd5686e1462, pid=20305, tid=20328
#
# JRE version: OpenJDK Runtime Environment (11.0.1+13) (build 11.0.1+13-Ubuntu-2ubuntu1)
# Java VM: OpenJDK 64-Bit Server VM (11.0.1+13-Ubuntu-2ubuntu1, mixed mode, sharing, tiered, compressed oops, g1 gc, linux-amd64)
# Problematic frame:
# C  [librxtxSerial.so+0x6462]  read_byte_array+0x52
#
# Core dump will be written. Default location: Core dumps may be processed with "/usr/share/apport/apport %p %s %c %d %P" (or dumping to /mnt/2E521095521063BD/JavaPractice/Cashier/core.20305)
#
# If you would like to submit a bug report, please visit:
#   http://bugreport.java.com/bugreport/crash.jsp
# The crash happened outside the Java Virtual Machine in native code.
# See problematic frame for where to report the bug.
#

---------------  S U M M A R Y ------------

Command Line: -Dfile.encoding=UTF-8 --module-path=/mnt/2E521095521063BD/JavaPractice/Cashier/build/classes SerialTest

Host: AMD Ryzen 3 2200G with Radeon Vega Graphics, 4 cores, 6G, Ubuntu 18.10
Time: Tue Jan 22 09:39:09 2019 PST elapsed time: 2 seconds (0d 0h 0m 2s)

---------------  T H R E A D  ---------------

Current thread (0x00007fd5901a6000):  JavaThread "Thread-0" [_thread_in_native, id=20328, stack(0x00007fd5685da000,0x00007fd5686db000)]

Stack: [0x00007fd5685da000,0x00007fd5686db000],  sp=0x00007fd5686d8af0,  free space=1018k
Native frames: (J=compiled Java code, A=aot compiled Java code, j=interpreted, Vv=VM code, C=native code)
C  [librxtxSerial.so+0x6462]  read_byte_array+0x52

Java frames: (J=compiled Java code, j=interpreted, Vv=VM code)
j  gnu.io.RXTXPort.readArray([BII)I+0
j  gnu.io.RXTXPort$SerialInputStream.read([BII)I+187
j  sun.nio.cs.StreamDecoder.readBytes()I+135 java.base@11.0.1
j  sun.nio.cs.StreamDecoder.implRead([CII)I+112 java.base@11.0.1
j  sun.nio.cs.StreamDecoder.read([CII)I+180 java.base@11.0.1
j  java.io.InputStreamReader.read([CII)I+7 java.base@11.0.1
j  java.io.BufferedReader.fill()V+145 java.base@11.0.1
j  java.io.BufferedReader.readLine(Z)Ljava/lang/String;+44 java.base@11.0.1
j  java.io.BufferedReader.readLine()Ljava/lang/String;+2 java.base@11.0.1
j  SerialTest.serialEvent(Lgnu/io/SerialPortEvent;)V+12
j  gnu.io.RXTXPort.sendEvent(IZ)Z+382
v  ~StubRoutines::call_stub
j  gnu.io.RXTXPort.eventLoop()V+0
j  gnu.io.RXTXPort$MonitorThread.run()V+12
v  ~StubRoutines::call_stub

siginfo: si_signo: 11 (SIGSEGV), si_code: 1 (SEGV_MAPERR), si_addr: 0x00000000686d9778

Register to memory mapping:

RAX=0x00000000686d9770 is an unknown value
RBX=0xffffffffffffffff is an unknown value
RCX=0x0000000000000001 is an unknown value
RDX=0x00007fd595960b80: <offset 0x00000000004a8b80> in /usr/lib/jvm/java-11-openjdk-amd64/lib/server/libjvm.so at 0x00007fd5954b8000
RSP=0x00007fd5686d8af0 is pointing into the stack for thread: 0x00007fd5901a6000
RBP=0x00007fd5901a6340 points into unknown readable memory
RSI=0x00007fd5686e4e30: <offset 0x0000000000009e30> in /lib/x86_64-linux-gnu/librxtxSerial.so at 0x00007fd5686db000
RDI=0x00007fd5686e4d3e: <offset 0x0000000000009d3e> in /lib/x86_64-linux-gnu/librxtxSerial.so at 0x00007fd5686db000
R8 =0x00007fd5705443f8 is pointing into metadata
R9 =0x0000000099901668 is an oop
gnu.io.RXTXPort 
{0x0000000099901668} - klass: 'gnu/io/RXTXPort'
R10=0x0000000000000006 is an unknown value
R11=0x00007fd5965fea0c: <offset 0x0000000001146a0c> in /usr/lib/jvm/java-11-openjdk-amd64/lib/server/libjvm.so at 0x00007fd5954b8000
R12=0x00000000ffffffff is an unallocated location in the heap
R13=0x0 is NULL
R14=0x0000000000000007 is an unknown value
R15=0x0 is NULL


Registers:
RAX=0x00000000686d9770, RBX=0xffffffffffffffff, RCX=0x0000000000000001, RDX=0x00007fd595960b80
RSP=0x00007fd5686d8af0, RBP=0x00007fd5901a6340, RSI=0x00007fd5686e4e30, RDI=0x00007fd5686e4d3e
R8 =0x00007fd5705443f8, R9 =0x0000000099901668, R10=0x0000000000000006, R11=0x00007fd5965fea0c
R12=0x00000000ffffffff, R13=0x0000000000000000, R14=0x0000000000000007, R15=0x0000000000000000
RIP=0x00007fd5686e1462, EFLAGS=0x0000000000010206, CSGSFS=0x002b000000000033, ERR=0x0000000000000004
  TRAPNO=0x000000000000000e

Top of Stack: (sp=0x00007fd5686d8af0)
0x00007fd5686d8af0:   0000000000000000 0000000000000000
0x00007fd5686d8b00:   00007fd5686d8b40 0000000000002000
0x00007fd5686d8b10:   00007fd5686d8b50 00000000686d9770
0x00007fd5686d8b20:   0000000000000007 0000000000000000 

Instructions: (pc=0x00007fd5686e1462)
0x00007fd5686e1442:   89 44 24 4c 48 c7 44 24 40 00 00 00 00 48 c7 44
0x00007fd5686e1452:   24 38 00 00 00 00 e8 53 d7 ff ff 48 89 44 24 28
0x00007fd5686e1462:   8b 40 08 45 85 e4 48 8b 54 24 28 44 8b 7c 24 4c
0x00007fd5686e1472:   89 44 24 34 c7 42 08 00 00 00 00 78 0c 31 c0 e8 


---------------  P R O C E S S  ---------------

Threads class SMR info:
_java_thread_list=0x00007fd5901adfb0, length=11, elements={
0x00007fd5900f4800, 0x00007fd5900f6800, 0x00007fd5900fc000, 0x00007fd5900fe800,
0x00007fd590100800, 0x00007fd590102800, 0x00007fd590132000, 0x00007fd590168000,
0x00007fd5901a6000, 0x00007fd5901a6800, 0x00007fd590011000
}

Java Threads: ( => current thread )
  0x00007fd5900f4800 JavaThread "Reference Handler" daemon [_thread_blocked, id=20317, stack(0x00007fd569dfd000,0x00007fd569efe000)]
  0x00007fd5900f6800 JavaThread "Finalizer" daemon [_thread_blocked, id=20319, stack(0x00007fd569cfc000,0x00007fd569dfd000)]
  0x00007fd5900fc000 JavaThread "Signal Dispatcher" daemon [_thread_blocked, id=20321, stack(0x00007fd568e20000,0x00007fd568f21000)]
  0x00007fd5900fe800 JavaThread "C2 CompilerThread0" daemon [_thread_blocked, id=20322, stack(0x00007fd568d1f000,0x00007fd568e20000)]
  0x00007fd590100800 JavaThread "C1 CompilerThread0" daemon [_thread_blocked, id=20323, stack(0x00007fd568c1e000,0x00007fd568d1f000)]
  0x00007fd590102800 JavaThread "Sweeper thread" daemon [_thread_blocked, id=20324, stack(0x00007fd568b1d000,0x00007fd568c1e000)]
  0x00007fd590132000 JavaThread "Common-Cleaner" daemon [_thread_blocked, id=20325, stack(0x00007fd5689eb000,0x00007fd568aec000)]
  0x00007fd590168000 JavaThread "Service Thread" daemon [_thread_blocked, id=20326, stack(0x00007fd5688ea000,0x00007fd5689eb000)]
=>0x00007fd5901a6000 JavaThread "Thread-0" [_thread_in_native, id=20328, stack(0x00007fd5685da000,0x00007fd5686db000)]
  0x00007fd5901a6800 JavaThread "Thread-1" [_thread_blocked, id=20329, stack(0x00007fd5684d9000,0x00007fd5685da000)]
  0x00007fd590011000 JavaThread "DestroyJavaVM" [_thread_blocked, id=20308, stack(0x00007fd595086000,0x00007fd595187000)]

Other Threads:
  0x00007fd5900f2000 VMThread "VM Thread" [stack: 0x00007fd569f00000,0x00007fd56a000000] [id=20315]
  0x00007fd59016a800 WatcherThread [stack: 0x00007fd5687ea000,0x00007fd5688ea000] [id=20327]
  0x00007fd590026800 GCTaskThread "GC Thread#0" [stack: 0x00007fd594d35000,0x00007fd594e35000] [id=20310]
  0x00007fd590052800 ConcurrentGCThread "G1 Main Marker" [stack: 0x00007fd594122000,0x00007fd594222000] [id=20311]
  0x00007fd590054800 ConcurrentGCThread "G1 Conc#0" [stack: 0x00007fd594020000,0x00007fd594120000] [id=20312]
  0x00007fd5900c0800 ConcurrentGCThread "G1 Refine#0" [stack: 0x00007fd57811e000,0x00007fd57821e000] [id=20313]
  0x00007fd5900c2800 ConcurrentGCThread "G1 Young RemSet Sampling" [stack: 0x00007fd57801c000,0x00007fd57811c000] [id=20314]

Threads with active compile tasks:

VM state:not at safepoint (normal execution)

VM Mutex/Monitor currently owned by a thread: None

Heap address: 0x0000000092e00000, size: 1746 MB, Compressed Oops mode: 32-bit
Narrow klass base: 0x0000000800000000, Narrow klass shift: 3
Compressed class space size: 1073741824 Address: 0x0000000840000000

Heap:
 garbage-first heap   total 114688K, used 2680K [0x0000000092e00000, 0x0000000100000000)
  region size 1024K, 3 young (3072K), 0 survivors (0K)
 Metaspace       used 851K, capacity 4716K, committed 4864K, reserved 1056768K
  class space    used 85K, capacity 444K, committed 512K, reserved 1048576K
Heap Regions: E=young(eden), S=young(survivor), O=old, HS=humongous(starts), HC=humongous(continues), CS=collection set, F=free, A=archive, TAMS=top-at-mark-start (previous, next)
|   0|0x0000000092e00000, 0x0000000092e00000, 0x0000000092f00000|  0%| F|  |TAMS 0x0000000092e00000, 0x0000000092e00000| Untracked 
|   1|0x0000000092f00000, 0x0000000092f00000, 0x0000000093000000|  0%| F|  |TAMS 0x0000000092f00000, 0x0000000092f00000| Untracked 
|   2|0x0000000093000000, 0x0000000093000000, 0x0000000093100000|  0%| F|  |TAMS 0x0000000093000000, 0x0000000093000000| Untracked 
|   3|0x0000000093100000, 0x0000000093100000, 0x0000000093200000|  0%| F|  |TAMS 0x0000000093100000, 0x0000000093100000| Untracked 
|   4|0x0000000093200000, 0x0000000093200000, 0x0000000093300000|  0%| F|  |TAMS 0x0000000093200000, 0x0000000093200000| Untracked 
|   5|0x0000000093300000, 0x0000000093300000, 0x0000000093400000|  0%| F|  |TAMS 0x0000000093300000, 0x0000000093300000| Untracked 
|   6|0x0000000093400000, 0x0000000093400000, 0x0000000093500000|  0%| F|  |TAMS 0x0000000093400000, 0x0000000093400000| Untracked 
|   7|0x0000000093500000, 0x0000000093500000, 0x0000000093600000|  0%| F|  |TAMS 0x0000000093500000, 0x0000000093500000| Untracked 
|   8|0x0000000093600000, 0x0000000093600000, 0x0000000093700000|  0%| F|  |TAMS 0x0000000093600000, 0x0000000093600000| Untracked 
|   9|0x0000000093700000, 0x0000000093700000, 0x0000000093800000|  0%| F|  |TAMS 0x0000000093700000, 0x0000000093700000| Untracked 
|  10|0x0000000093800000, 0x0000000093800000, 0x0000000093900000|  0%| F|  |TAMS 0x0000000093800000, 0x0000000093800000| Untracked 
|  11|0x0000000093900000, 0x0000000093900000, 0x0000000093a00000|  0%| F|  |TAMS 0x0000000093900000, 0x0000000093900000| Untracked 
|  12|0x0000000093a00000, 0x0000000093a00000, 0x0000000093b00000|  0%| F|  |TAMS 0x0000000093a00000, 0x0000000093a00000| Untracked 
|  13|0x0000000093b00000, 0x0000000093b00000, 0x0000000093c00000|  0%| F|  |TAMS 0x0000000093b00000, 0x0000000093b00000| Untracked 
|  14|0x0000000093c00000, 0x0000000093c00000, 0x0000000093d00000|  0%| F|  |TAMS 0x0000000093c00000, 0x0000000093c00000| Untracked 
|  15|0x0000000093d00000, 0x0000000093d00000, 0x0000000093e00000|  0%| F|  |TAMS 0x0000000093d00000, 0x0000000093d00000| Untracked 
|  16|0x0000000093e00000, 0x0000000093e00000, 0x0000000093f00000|  0%| F|  |TAMS 0x0000000093e00000, 0x0000000093e00000| Untracked 
|  17|0x0000000093f00000, 0x0000000093f00000, 0x0000000094000000|  0%| F|  |TAMS 0x0000000093f00000, 0x0000000093f00000| Untracked 
|  18|0x0000000094000000, 0x0000000094000000, 0x0000000094100000|  0%| F|  |TAMS 0x0000000094000000, 0x0000000094000000| Untracked 
|  19|0x0000000094100000, 0x0000000094100000, 0x0000000094200000|  0%| F|  |TAMS 0x0000000094100000, 0x0000000094100000| Untracked 
|  20|0x0000000094200000, 0x0000000094200000, 0x0000000094300000|  0%| F|  |TAMS 0x0000000094200000, 0x0000000094200000| Untracked 
|  21|0x0000000094300000, 0x0000000094300000, 0x0000000094400000|  0%| F|  |TAMS 0x0000000094300000, 0x0000000094300000| Untracked 
|  22|0x0000000094400000, 0x0000000094400000, 0x0000000094500000|  0%| F|  |TAMS 0x0000000094400000, 0x0000000094400000| Untracked 
|  23|0x0000000094500000, 0x0000000094500000, 0x0000000094600000|  0%| F|  |TAMS 0x0000000094500000, 0x0000000094500000| Untracked 
|  24|0x0000000094600000, 0x0000000094600000, 0x0000000094700000|  0%| F|  |TAMS 0x0000000094600000, 0x0000000094600000| Untracked 
|  25|0x0000000094700000, 0x0000000094700000, 0x0000000094800000|  0%| F|  |TAMS 0x0000000094700000, 0x0000000094700000| Untracked 
|  26|0x0000000094800000, 0x0000000094800000, 0x0000000094900000|  0%| F|  |TAMS 0x0000000094800000, 0x0000000094800000| Untracked 
|  27|0x0000000094900000, 0x0000000094900000, 0x0000000094a00000|  0%| F|  |TAMS 0x0000000094900000, 0x0000000094900000| Untracked 
|  28|0x0000000094a00000, 0x0000000094a00000, 0x0000000094b00000|  0%| F|  |TAMS 0x0000000094a00000, 0x0000000094a00000| Untracked 
|  29|0x0000000094b00000, 0x0000000094b00000, 0x0000000094c00000|  0%| F|  |TAMS 0x0000000094b00000, 0x0000000094b00000| Untracked 
|  30|0x0000000094c00000, 0x0000000094c00000, 0x0000000094d00000|  0%| F|  |TAMS 0x0000000094c00000, 0x0000000094c00000| Untracked 
|  31|0x0000000094d00000, 0x0000000094d00000, 0x0000000094e00000|  0%| F|  |TAMS 0x0000000094d00000, 0x0000000094d00000| Untracked 
|  32|0x0000000094e00000, 0x0000000094e00000, 0x0000000094f00000|  0%| F|  |TAMS 0x0000000094e00000, 0x0000000094e00000| Untracked 
|  33|0x0000000094f00000, 0x0000000094f00000, 0x0000000095000000|  0%| F|  |TAMS 0x0000000094f00000, 0x0000000094f00000| Untracked 
|  34|0x0000000095000000, 0x0000000095000000, 0x0000000095100000|  0%| F|  |TAMS 0x0000000095000000, 0x0000000095000000| Untracked 
|  35|0x0000000095100000, 0x0000000095100000, 0x0000000095200000|  0%| F|  |TAMS 0x0000000095100000, 0x0000000095100000| Untracked 
|  36|0x0000000095200000, 0x0000000095200000, 0x0000000095300000|  0%| F|  |TAMS 0x0000000095200000, 0x0000000095200000| Untracked 
|  37|0x0000000095300000, 0x0000000095300000, 0x0000000095400000|  0%| F|  |TAMS 0x0000000095300000, 0x0000000095300000| Untracked 
|  38|0x0000000095400000, 0x0000000095400000, 0x0000000095500000|  0%| F|  |TAMS 0x0000000095400000, 0x0000000095400000| Untracked 
|  39|0x0000000095500000, 0x0000000095500000, 0x0000000095600000|  0%| F|  |TAMS 0x0000000095500000, 0x0000000095500000| Untracked 
|  40|0x0000000095600000, 0x0000000095600000, 0x0000000095700000|  0%| F|  |TAMS 0x0000000095600000, 0x0000000095600000| Untracked 
|  41|0x0000000095700000, 0x0000000095700000, 0x0000000095800000|  0%| F|  |TAMS 0x0000000095700000, 0x0000000095700000| Untracked 
|  42|0x0000000095800000, 0x0000000095800000, 0x0000000095900000|  0%| F|  |TAMS 0x0000000095800000, 0x0000000095800000| Untracked 
|  43|0x0000000095900000, 0x0000000095900000, 0x0000000095a00000|  0%| F|  |TAMS 0x0000000095900000, 0x0000000095900000| Untracked 
|  44|0x0000000095a00000, 0x0000000095a00000, 0x0000000095b00000|  0%| F|  |TAMS 0x0000000095a00000, 0x0000000095a00000| Untracked 
|  45|0x0000000095b00000, 0x0000000095b00000, 0x0000000095c00000|  0%| F|  |TAMS 0x0000000095b00000, 0x0000000095b00000| Untracked 
|  46|0x0000000095c00000, 0x0000000095c00000, 0x0000000095d00000|  0%| F|  |TAMS 0x0000000095c00000, 0x0000000095c00000| Untracked 
|  47|0x0000000095d00000, 0x0000000095d00000, 0x0000000095e00000|  0%| F|  |TAMS 0x0000000095d00000, 0x0000000095d00000| Untracked 
|  48|0x0000000095e00000, 0x0000000095e00000, 0x0000000095f00000|  0%| F|  |TAMS 0x0000000095e00000, 0x0000000095e00000| Untracked 
|  49|0x0000000095f00000, 0x0000000095f00000, 0x0000000096000000|  0%| F|  |TAMS 0x0000000095f00000, 0x0000000095f00000| Untracked 
|  50|0x0000000096000000, 0x0000000096000000, 0x0000000096100000|  0%| F|  |TAMS 0x0000000096000000, 0x0000000096000000| Untracked 
|  51|0x0000000096100000, 0x0000000096100000, 0x0000000096200000|  0%| F|  |TAMS 0x0000000096100000, 0x0000000096100000| Untracked 
|  52|0x0000000096200000, 0x0000000096200000, 0x0000000096300000|  0%| F|  |TAMS 0x0000000096200000, 0x0000000096200000| Untracked 
|  53|0x0000000096300000, 0x0000000096300000, 0x0000000096400000|  0%| F|  |TAMS 0x0000000096300000, 0x0000000096300000| Untracked 
|  54|0x0000000096400000, 0x0000000096400000, 0x0000000096500000|  0%| F|  |TAMS 0x0000000096400000, 0x0000000096400000| Untracked 
|  55|0x0000000096500000, 0x0000000096500000, 0x0000000096600000|  0%| F|  |TAMS 0x0000000096500000, 0x0000000096500000| Untracked 
|  56|0x0000000096600000, 0x0000000096600000, 0x0000000096700000|  0%| F|  |TAMS 0x0000000096600000, 0x0000000096600000| Untracked 
|  57|0x0000000096700000, 0x0000000096700000, 0x0000000096800000|  0%| F|  |TAMS 0x0000000096700000, 0x0000000096700000| Untracked 
|  58|0x0000000096800000, 0x0000000096800000, 0x0000000096900000|  0%| F|  |TAMS 0x0000000096800000, 0x0000000096800000| Untracked 
|  59|0x0000000096900000, 0x0000000096900000, 0x0000000096a00000|  0%| F|  |TAMS 0x0000000096900000, 0x0000000096900000| Untracked 
|  60|0x0000000096a00000, 0x0000000096a00000, 0x0000000096b00000|  0%| F|  |TAMS 0x0000000096a00000, 0x0000000096a00000| Untracked 
|  61|0x0000000096b00000, 0x0000000096b00000, 0x0000000096c00000|  0%| F|  |TAMS 0x0000000096b00000, 0x0000000096b00000| Untracked 
|  62|0x0000000096c00000, 0x0000000096c00000, 0x0000000096d00000|  0%| F|  |TAMS 0x0000000096c00000, 0x0000000096c00000| Untracked 
|  63|0x0000000096d00000, 0x0000000096d00000, 0x0000000096e00000|  0%| F|  |TAMS 0x0000000096d00000, 0x0000000096d00000| Untracked 
|  64|0x0000000096e00000, 0x0000000096e00000, 0x0000000096f00000|  0%| F|  |TAMS 0x0000000096e00000, 0x0000000096e00000| Untracked 
|  65|0x0000000096f00000, 0x0000000096f00000, 0x0000000097000000|  0%| F|  |TAMS 0x0000000096f00000, 0x0000000096f00000| Untracked 
|  66|0x0000000097000000, 0x0000000097000000, 0x0000000097100000|  0%| F|  |TAMS 0x0000000097000000, 0x0000000097000000| Untracked 
|  67|0x0000000097100000, 0x0000000097100000, 0x0000000097200000|  0%| F|  |TAMS 0x0000000097100000, 0x0000000097100000| Untracked 
|  68|0x0000000097200000, 0x0000000097200000, 0x0000000097300000|  0%| F|  |TAMS 0x0000000097200000, 0x0000000097200000| Untracked 
|  69|0x0000000097300000, 0x0000000097300000, 0x0000000097400000|  0%| F|  |TAMS 0x0000000097300000, 0x0000000097300000| Untracked 
|  70|0x0000000097400000, 0x0000000097400000, 0x0000000097500000|  0%| F|  |TAMS 0x0000000097400000, 0x0000000097400000| Untracked 
|  71|0x0000000097500000, 0x0000000097500000, 0x0000000097600000|  0%| F|  |TAMS 0x0000000097500000, 0x0000000097500000| Untracked 
|  72|0x0000000097600000, 0x0000000097600000, 0x0000000097700000|  0%| F|  |TAMS 0x0000000097600000, 0x0000000097600000| Untracked 
|  73|0x0000000097700000, 0x0000000097700000, 0x0000000097800000|  0%| F|  |TAMS 0x0000000097700000, 0x0000000097700000| Untracked 
|  74|0x0000000097800000, 0x0000000097800000, 0x0000000097900000|  0%| F|  |TAMS 0x0000000097800000, 0x0000000097800000| Untracked 
|  75|0x0000000097900000, 0x0000000097900000, 0x0000000097a00000|  0%| F|  |TAMS 0x0000000097900000, 0x0000000097900000| Untracked 
|  76|0x0000000097a00000, 0x0000000097a00000, 0x0000000097b00000|  0%| F|  |TAMS 0x0000000097a00000, 0x0000000097a00000| Untracked 
|  77|0x0000000097b00000, 0x0000000097b00000, 0x0000000097c00000|  0%| F|  |TAMS 0x0000000097b00000, 0x0000000097b00000| Untracked 
|  78|0x0000000097c00000, 0x0000000097c00000, 0x0000000097d00000|  0%| F|  |TAMS 0x0000000097c00000, 0x0000000097c00000| Untracked 
|  79|0x0000000097d00000, 0x0000000097d00000, 0x0000000097e00000|  0%| F|  |TAMS 0x0000000097d00000, 0x0000000097d00000| Untracked 
|  80|0x0000000097e00000, 0x0000000097e00000, 0x0000000097f00000|  0%| F|  |TAMS 0x0000000097e00000, 0x0000000097e00000| Untracked 
|  81|0x0000000097f00000, 0x0000000097f00000, 0x0000000098000000|  0%| F|  |TAMS 0x0000000097f00000, 0x0000000097f00000| Untracked 
|  82|0x0000000098000000, 0x0000000098000000, 0x0000000098100000|  0%| F|  |TAMS 0x0000000098000000, 0x0000000098000000| Untracked 
|  83|0x0000000098100000, 0x0000000098100000, 0x0000000098200000|  0%| F|  |TAMS 0x0000000098100000, 0x0000000098100000| Untracked 
|  84|0x0000000098200000, 0x0000000098200000, 0x0000000098300000|  0%| F|  |TAMS 0x0000000098200000, 0x0000000098200000| Untracked 
|  85|0x0000000098300000, 0x0000000098300000, 0x0000000098400000|  0%| F|  |TAMS 0x0000000098300000, 0x0000000098300000| Untracked 
|  86|0x0000000098400000, 0x0000000098400000, 0x0000000098500000|  0%| F|  |TAMS 0x0000000098400000, 0x0000000098400000| Untracked 
|  87|0x0000000098500000, 0x0000000098500000, 0x0000000098600000|  0%| F|  |TAMS 0x0000000098500000, 0x0000000098500000| Untracked 
|  88|0x0000000098600000, 0x0000000098600000, 0x0000000098700000|  0%| F|  |TAMS 0x0000000098600000, 0x0000000098600000| Untracked 
|  89|0x0000000098700000, 0x0000000098700000, 0x0000000098800000|  0%| F|  |TAMS 0x0000000098700000, 0x0000000098700000| Untracked 
|  90|0x0000000098800000, 0x0000000098800000, 0x0000000098900000|  0%| F|  |TAMS 0x0000000098800000, 0x0000000098800000| Untracked 
|  91|0x0000000098900000, 0x0000000098900000, 0x0000000098a00000|  0%| F|  |TAMS 0x0000000098900000, 0x0000000098900000| Untracked 
|  92|0x0000000098a00000, 0x0000000098a00000, 0x0000000098b00000|  0%| F|  |TAMS 0x0000000098a00000, 0x0000000098a00000| Untracked 
|  93|0x0000000098b00000, 0x0000000098b00000, 0x0000000098c00000|  0%| F|  |TAMS 0x0000000098b00000, 0x0000000098b00000| Untracked 
|  94|0x0000000098c00000, 0x0000000098c00000, 0x0000000098d00000|  0%| F|  |TAMS 0x0000000098c00000, 0x0000000098c00000| Untracked 
|  95|0x0000000098d00000, 0x0000000098d00000, 0x0000000098e00000|  0%| F|  |TAMS 0x0000000098d00000, 0x0000000098d00000| Untracked 
|  96|0x0000000098e00000, 0x0000000098e00000, 0x0000000098f00000|  0%| F|  |TAMS 0x0000000098e00000, 0x0000000098e00000| Untracked 
|  97|0x0000000098f00000, 0x0000000098f00000, 0x0000000099000000|  0%| F|  |TAMS 0x0000000098f00000, 0x0000000098f00000| Untracked 
|  98|0x0000000099000000, 0x0000000099000000, 0x0000000099100000|  0%| F|  |TAMS 0x0000000099000000, 0x0000000099000000| Untracked 
|  99|0x0000000099100000, 0x0000000099100000, 0x0000000099200000|  0%| F|  |TAMS 0x0000000099100000, 0x0000000099100000| Untracked 
| 100|0x0000000099200000, 0x0000000099200000, 0x0000000099300000|  0%| F|  |TAMS 0x0000000099200000, 0x0000000099200000| Untracked 
| 101|0x0000000099300000, 0x0000000099300000, 0x0000000099400000|  0%| F|  |TAMS 0x0000000099300000, 0x0000000099300000| Untracked 
| 102|0x0000000099400000, 0x0000000099400000, 0x0000000099500000|  0%| F|  |TAMS 0x0000000099400000, 0x0000000099400000| Untracked 
| 103|0x0000000099500000, 0x0000000099500000, 0x0000000099600000|  0%| F|  |TAMS 0x0000000099500000, 0x0000000099500000| Untracked 
| 104|0x0000000099600000, 0x0000000099600000, 0x0000000099700000|  0%| F|  |TAMS 0x0000000099600000, 0x0000000099600000| Untracked 
| 105|0x0000000099700000, 0x0000000099700000, 0x0000000099800000|  0%| F|  |TAMS 0x0000000099700000, 0x0000000099700000| Untracked 
| 106|0x0000000099800000, 0x0000000099800000, 0x0000000099900000|  0%| F|  |TAMS 0x0000000099800000, 0x0000000099800000| Untracked 
| 107|0x0000000099900000, 0x00000000999d7a80, 0x0000000099a00000| 84%| E|  |TAMS 0x0000000099900000, 0x0000000099900000| Complete 
| 108|0x0000000099a00000, 0x0000000099b00000, 0x0000000099b00000|100%| E|CS|TAMS 0x0000000099a00000, 0x0000000099a00000| Complete 
| 109|0x0000000099b00000, 0x0000000099c00000, 0x0000000099c00000|100%| E|CS|TAMS 0x0000000099b00000, 0x0000000099b00000| Complete 
|1744|0x00000000ffe00000, 0x00000000ffe34000, 0x00000000fff00000| 20%|OA|  |TAMS 0x00000000ffe00000, 0x00000000ffe00000| Untracked 
|1745|0x00000000fff00000, 0x00000000fff6a000, 0x0000000100000000| 41%|CA|  |TAMS 0x00000000fff00000, 0x00000000fff00000| Untracked 

Card table byte_map: [0x00007fd59425d000,0x00007fd5945c6000] _byte_map_base: 0x00007fd593dc6000

Marking Bits (Prev, Next): (CMBitMap*) 0x00007fd59004af68, (CMBitMap*) 0x00007fd59004afa0
 Prev Bits: [0x00007fd5724b8000, 0x00007fd574000000)
 Next Bits: [0x00007fd570970000, 0x00007fd5724b8000)

Polling page: 0x00007fd596a5b000

Metaspace:

Usage:
  Non-class:      4.17 MB capacity,   766.12 KB ( 18%) used,     3.42 MB ( 82%) free+waste,     2.44 KB ( <1%) overhead. 
      Class:    444.00 KB capacity,    85.09 KB ( 19%) used,   357.28 KB ( 80%) free+waste,     1.62 KB ( <1%) overhead. 
       Both:      4.61 MB capacity,   851.21 KB ( 18%) used,     3.77 MB ( 82%) free+waste,     4.06 KB ( <1%) overhead. 

Virtual space:
  Non-class space:        8.00 MB reserved,       4.25 MB ( 53%) committed 
      Class space:        1.00 GB reserved,     512.00 KB ( <1%) committed 
             Both:        1.01 GB reserved,       4.75 MB ( <1%) committed 

Chunk freelists:
   Non-Class:  3.00 KB
       Class:  512 bytes
        Both:  3.50 KB

CodeHeap 'non-profiled nmethods': size=120032Kb used=75Kb max_used=75Kb free=119956Kb
 bounds [0x00007fd580453000, 0x00007fd5806c3000, 0x00007fd58798b000]
CodeHeap 'profiled nmethods': size=120032Kb used=286Kb max_used=286Kb free=119745Kb
 bounds [0x00007fd578f1b000, 0x00007fd57918b000, 0x00007fd580453000]
CodeHeap 'non-nmethods': size=5696Kb used=1047Kb max_used=1061Kb free=4648Kb
 bounds [0x00007fd57898b000, 0x00007fd578bfb000, 0x00007fd578f1b000]
 total_blobs=635 nmethods=239 adapters=242
 compilation: enabled
              stopped_count=0, restarted_count=0
 full_count=0

Compilation events (10 events):
Event: 0.129 Thread 0x00007fd590100800  233       3       java.lang.String::toLowerCase (8 bytes)
Event: 0.129 Thread 0x00007fd590100800 nmethod 233 0x00007fd578f61090 code [0x00007fd578f61280, 0x00007fd578f61638]
Event: 0.129 Thread 0x00007fd590100800  235       3       java.util.zip.ZipUtils::CENNAM (9 bytes)
Event: 0.130 Thread 0x00007fd590100800 nmethod 235 0x00007fd578f61790 code [0x00007fd578f61940, 0x00007fd578f61b30]
Event: 0.130 Thread 0x00007fd590100800  236       3       java.util.zip.ZipUtils::CENHOW (9 bytes)
Event: 0.130 Thread 0x00007fd590100800 nmethod 236 0x00007fd578f61c90 code [0x00007fd578f61e40, 0x00007fd578f62030]
Event: 0.130 Thread 0x00007fd590100800  237       3       jdk.internal.misc.Unsafe::putObjectRelease (9 bytes)
Event: 0.130 Thread 0x00007fd590100800 nmethod 237 0x00007fd578f62190 code [0x00007fd578f62340, 0x00007fd578f62510]
Event: 0.130 Thread 0x00007fd590100800  239       3       java.util.concurrent.ConcurrentHashMap::setTabAt (20 bytes)
Event: 0.131 Thread 0x00007fd590100800 nmethod 239 0x00007fd578f62590 code [0x00007fd578f62740, 0x00007fd578f62a30]

GC Heap History (0 events):
No events

Deoptimization events (0 events):
No events

Classes redefined (0 events):
No events

Internal exceptions (5 events):
Event: 0.084 Thread 0x00007fd590011000 Exception <a 'sun/nio/fs/UnixException'{0x0000000099a08df8}> (0x0000000099a08df8) thrown at [/build/openjdk-lts-rLGL8O/openjdk-lts-11.0.1+13/src/hotspot/share/prims/jni.cpp, line 615]
Event: 0.112 Thread 0x00007fd590011000 Exception <a 'java/io/FileNotFoundException'{0x0000000099add088}> (0x0000000099add088) thrown at [/build/openjdk-lts-rLGL8O/openjdk-lts-11.0.1+13/src/hotspot/share/prims/jni.cpp, line 615]
Event: 0.118 Thread 0x00007fd590011000 Exception <a 'java/io/FileNotFoundException'{0x0000000099add9a8}> (0x0000000099add9a8) thrown at [/build/openjdk-lts-rLGL8O/openjdk-lts-11.0.1+13/src/hotspot/share/prims/jni.cpp, line 615]
Event: 0.119 Thread 0x00007fd590011000 Exception <a 'java/io/FileNotFoundException'{0x0000000099ae9fc8}> (0x0000000099ae9fc8) thrown at [/build/openjdk-lts-rLGL8O/openjdk-lts-11.0.1+13/src/hotspot/share/prims/jni.cpp, line 615]
Event: 0.126 Thread 0x00007fd590011000 Exception <a 'java/io/FileNotFoundException'{0x0000000099aea6d0}> (0x0000000099aea6d0) thrown at [/build/openjdk-lts-rLGL8O/openjdk-lts-11.0.1+13/src/hotspot/share/prims/jni.cpp, line 615]

Events (10 events):
Event: 0.138 loading class java/io/BufferedReader done
Event: 0.138 loading class sun/nio/cs/StreamDecoder
Event: 0.139 loading class sun/nio/cs/StreamDecoder done
Event: 0.139 loading class sun/nio/cs/UTF_8$Decoder
Event: 0.139 loading class java/nio/charset/CharsetDecoder
Event: 0.139 loading class java/nio/charset/CharsetDecoder done
Event: 0.139 loading class sun/nio/cs/UTF_8$Decoder done
Event: 0.139 Thread 0x00007fd5901a6800 Thread added: 0x00007fd5901a6800
Event: 0.140 Thread 0x00007fd590011000 Thread exited: 0x00007fd590011000
Event: 0.140 Thread 0x00007fd590011000 Thread added: 0x00007fd590011000


Dynamic libraries:
92e00000-99c00000 rw-p 00000000 00:00 0 
99c00000-ffe00000 ---p 00000000 00:00 0 
ffe00000-ffe34000 rw-p 0111a000 08:02 21370163                           /usr/lib/jvm/java-11-openjdk-amd64/lib/server/classes.jsa
ffe34000-fff00000 rw-p 00000000 00:00 0 
fff00000-fff6a000 rw-p 010b0000 08:02 21370163                           /usr/lib/jvm/java-11-openjdk-amd64/lib/server/classes.jsa
fff6a000-100000000 rw-p 00000000 00:00 0 
800000000-800002000 rwxp 00001000 08:02 21370163                         /usr/lib/jvm/java-11-openjdk-amd64/lib/server/classes.jsa
800002000-8003be000 rw-p 00003000 08:02 21370163                         /usr/lib/jvm/java-11-openjdk-amd64/lib/server/classes.jsa
8003be000-800a9a000 r--p 003bf000 08:02 21370163                         /usr/lib/jvm/java-11-openjdk-amd64/lib/server/classes.jsa
800a9a000-800a9b000 rw-p 00a9b000 08:02 21370163                         /usr/lib/jvm/java-11-openjdk-amd64/lib/server/classes.jsa
800a9b000-8010af000 r--p 00a9c000 08:02 21370163                         /usr/lib/jvm/java-11-openjdk-amd64/lib/server/classes.jsa
840000000-840080000 rw-p 00000000 00:00 0 
840080000-880000000 ---p 00000000 00:00 0 
562ecd2d3000-562ecd2d4000 r--p 00000000 08:02 21238314                   /usr/lib/jvm/java-11-openjdk-amd64/bin/java
562ecd2d4000-562ecd2d5000 r-xp 00001000 08:02 21238314                   /usr/lib/jvm/java-11-openjdk-amd64/bin/java
562ecd2d5000-562ecd2d6000 r--p 00002000 08:02 21238314                   /usr/lib/jvm/java-11-openjdk-amd64/bin/java
562ecd2d6000-562ecd2d7000 r--p 00002000 08:02 21238314                   /usr/lib/jvm/java-11-openjdk-amd64/bin/java
562ecd2d7000-562ecd2d8000 rw-p 00003000 08:02 21238314                   /usr/lib/jvm/java-11-openjdk-amd64/bin/java
562ece6d7000-562ece6f8000 rw-p 00000000 00:00 0                          [heap]
7fd528000000-7fd528021000 rw-p 00000000 00:00 0 
7fd528021000-7fd52c000000 ---p 00000000 00:00 0 
7fd530000000-7fd530021000 rw-p 00000000 00:00 0 
7fd530021000-7fd534000000 ---p 00000000 00:00 0 
7fd534000000-7fd534021000 rw-p 00000000 00:00 0 
7fd534021000-7fd538000000 ---p 00000000 00:00 0 
7fd538000000-7fd538021000 rw-p 00000000 00:00 0 
7fd538021000-7fd53c000000 ---p 00000000 00:00 0 
7fd53c000000-7fd53c021000 rw-p 00000000 00:00 0 
7fd53c021000-7fd540000000 ---p 00000000 00:00 0 
7fd540000000-7fd5400ea000 rw-p 00000000 00:00 0 
7fd5400ea000-7fd544000000 ---p 00000000 00:00 0 
7fd544000000-7fd544021000 rw-p 00000000 00:00 0 
7fd544021000-7fd548000000 ---p 00000000 00:00 0 
7fd548000000-7fd548021000 rw-p 00000000 00:00 0 
7fd548021000-7fd54c000000 ---p 00000000 00:00 0 
7fd54c000000-7fd54c181000 rw-p 00000000 00:00 0 
7fd54c181000-7fd550000000 ---p 00000000 00:00 0 
7fd550000000-7fd550021000 rw-p 00000000 00:00 0 
7fd550021000-7fd554000000 ---p 00000000 00:00 0 
7fd554000000-7fd554021000 rw-p 00000000 00:00 0 
7fd554021000-7fd558000000 ---p 00000000 00:00 0 
7fd558000000-7fd558021000 rw-p 00000000 00:00 0 
7fd558021000-7fd55c000000 ---p 00000000 00:00 0 
7fd55c000000-7fd55c021000 rw-p 00000000 00:00 0 
7fd55c021000-7fd560000000 ---p 00000000 00:00 0 
7fd560000000-7fd560021000 rw-p 00000000 00:00 0 
7fd560021000-7fd564000000 ---p 00000000 00:00 0 
7fd564000000-7fd564021000 rw-p 00000000 00:00 0 
7fd564021000-7fd568000000 ---p 00000000 00:00 0 
7fd5684d9000-7fd5684dd000 ---p 00000000 00:00 0 
7fd5684dd000-7fd5685da000 rw-p 00000000 00:00 0 
7fd5685da000-7fd5685de000 ---p 00000000 00:00 0 
7fd5685de000-7fd5686db000 rw-p 00000000 00:00 0 
7fd5686db000-7fd5686e7000 r-xp 00000000 08:02 15466584                   /lib/x86_64-linux-gnu/librxtxSerial.so
7fd5686e7000-7fd5687e6000 ---p 0000c000 08:02 15466584                   /lib/x86_64-linux-gnu/librxtxSerial.so
7fd5687e6000-7fd5687e8000 rw-p 0000b000 08:02 15466584                   /lib/x86_64-linux-gnu/librxtxSerial.so
7fd5687e8000-7fd5687e9000 ---p 00000000 00:00 0 
7fd5687e9000-7fd5688ea000 rw-p 00000000 00:00 0 
7fd5688ea000-7fd5688ee000 ---p 00000000 00:00 0 
7fd5688ee000-7fd5689eb000 rw-p 00000000 00:00 0 
7fd5689eb000-7fd5689ef000 ---p 00000000 00:00 0 
7fd5689ef000-7fd568b1d000 rw-p 00000000 00:00 0 
7fd568b1d000-7fd568b21000 ---p 00000000 00:00 0 
7fd568b21000-7fd568c1e000 rw-p 00000000 00:00 0 
7fd568c1e000-7fd568c22000 ---p 00000000 00:00 0 
7fd568c22000-7fd568d1f000 rw-p 00000000 00:00 0 
7fd568d1f000-7fd568d23000 ---p 00000000 00:00 0 
7fd568d23000-7fd568e20000 rw-p 00000000 00:00 0 
7fd568e20000-7fd568e24000 ---p 00000000 00:00 0 
7fd568e24000-7fd568f21000 rw-p 00000000 00:00 0 
7fd568f21000-7fd569cfc000 r--p 00000000 08:02 21240392                   /usr/lib/locale/locale-archive
7fd569cfc000-7fd569d00000 ---p 00000000 00:00 0 
7fd569d00000-7fd569dfd000 rw-p 00000000 00:00 0 
7fd569dfd000-7fd569e01000 ---p 00000000 00:00 0 
7fd569e01000-7fd569efe000 rw-p 00000000 00:00 0 
7fd569efe000-7fd569eff000 ---p 00000000 00:00 0 
7fd569eff000-7fd56c000000 rw-p 00000000 00:00 0 
7fd56c000000-7fd56c021000 rw-p 00000000 00:00 0 
7fd56c021000-7fd570000000 ---p 00000000 00:00 0 
7fd57002a000-7fd57056e000 rw-p 00000000 00:00 0 
7fd57056e000-7fd57092e000 ---p 00000000 00:00 0 
7fd57092e000-7fd570b28000 rw-p 00000000 00:00 0 
7fd570b28000-7fd5724b0000 ---p 00000000 00:00 0 
7fd5724b0000-7fd572670000 rw-p 00000000 00:00 0 
7fd572670000-7fd573ff8000 ---p 00000000 00:00 0 
7fd573ff8000-7fd574000000 rw-p 00000000 00:00 0 
7fd574000000-7fd574021000 rw-p 00000000 00:00 0 
7fd574021000-7fd578000000 ---p 00000000 00:00 0 
7fd578001000-7fd578005000 r--p 00000000 08:02 21369962                   /usr/lib/jvm/java-11-openjdk-amd64/lib/libnet.so
7fd578005000-7fd578014000 r-xp 00004000 08:02 21369962                   /usr/lib/jvm/java-11-openjdk-amd64/lib/libnet.so
7fd578014000-7fd578018000 r--p 00013000 08:02 21369962                   /usr/lib/jvm/java-11-openjdk-amd64/lib/libnet.so
7fd578018000-7fd578019000 r--p 00016000 08:02 21369962                   /usr/lib/jvm/java-11-openjdk-amd64/lib/libnet.so
7fd578019000-7fd57801a000 rw-p 00017000 08:02 21369962                   /usr/lib/jvm/java-11-openjdk-amd64/lib/libnet.so
7fd57801a000-7fd57801b000 ---p 00000000 00:00 0 
7fd57801b000-7fd57811c000 rw-p 00000000 00:00 0 
7fd57811c000-7fd57811d000 ---p 00000000 00:00 0 
7fd57811d000-7fd578659000 rw-p 00000000 00:00 0 
7fd578659000-7fd57898a000 ---p 00000000 00:00 0 
7fd57898a000-7fd57898b000 rw-p 00000000 00:00 0 
7fd57898b000-7fd578bfb000 rwxp 00000000 00:00 0 
7fd578bfb000-7fd578f1b000 ---p 00000000 00:00 0 
7fd578f1b000-7fd57918b000 rwxp 00000000 00:00 0 
7fd57918b000-7fd580453000 ---p 00000000 00:00 0 
7fd580453000-7fd5806c3000 rwxp 00000000 00:00 0 
7fd5806c3000-7fd58798b000 ---p 00000000 00:00 0 
7fd58798b000-7fd590000000 r--s 00000000 08:02 21369972                   /usr/lib/jvm/java-11-openjdk-amd64/lib/modules
7fd590000000-7fd5901d9000 rw-p 00000000 00:00 0 
7fd5901d9000-7fd594000000 ---p 00000000 00:00 0 
7fd59400b000-7fd594012000 r--p 00000000 08:02 21369963                   /usr/lib/jvm/java-11-openjdk-amd64/lib/libnio.so
7fd594012000-7fd594019000 r-xp 00007000 08:02 21369963                   /usr/lib/jvm/java-11-openjdk-amd64/lib/libnio.so
7fd594019000-7fd59401c000 r--p 0000e000 08:02 21369963                   /usr/lib/jvm/java-11-openjdk-amd64/lib/libnio.so
7fd59401c000-7fd59401d000 r--p 00010000 08:02 21369963                   /usr/lib/jvm/java-11-openjdk-amd64/lib/libnio.so
7fd59401d000-7fd59401e000 rw-p 00011000 08:02 21369963                   /usr/lib/jvm/java-11-openjdk-amd64/lib/libnio.so
7fd59401e000-7fd59401f000 ---p 00000000 00:00 0 
7fd59401f000-7fd594120000 rw-p 00000000 00:00 0 
7fd594120000-7fd594121000 ---p 00000000 00:00 0 
7fd594121000-7fd594294000 rw-p 00000000 00:00 0 
7fd594294000-7fd5945c5000 ---p 00000000 00:00 0 
7fd5945c5000-7fd5945fd000 rw-p 00000000 00:00 0 
7fd5945fd000-7fd59492e000 ---p 00000000 00:00 0 
7fd59492e000-7fd594d33000 rw-p 00000000 00:00 0 
7fd594d33000-7fd594d34000 ---p 00000000 00:00 0 
7fd594d34000-7fd594e3a000 rw-p 00000000 00:00 0 
7fd594e3a000-7fd594f20000 ---p 00000000 00:00 0 
7fd594f20000-7fd594f25000 rw-p 00000000 00:00 0 
7fd594f25000-7fd59500b000 ---p 00000000 00:00 0 
7fd59500b000-7fd595010000 rw-p 00000000 00:00 0 
7fd595010000-7fd595017000 ---p 00000000 00:00 0 
7fd595017000-7fd595019000 r--p 00000000 08:02 21369954                   /usr/lib/jvm/java-11-openjdk-amd64/lib/libjimage.so
7fd595019000-7fd59501c000 r-xp 00002000 08:02 21369954                   /usr/lib/jvm/java-11-openjdk-amd64/lib/libjimage.so
7fd59501c000-7fd59501e000 r--p 00005000 08:02 21369954                   /usr/lib/jvm/java-11-openjdk-amd64/lib/libjimage.so
7fd59501e000-7fd59501f000 r--p 00006000 08:02 21369954                   /usr/lib/jvm/java-11-openjdk-amd64/lib/libjimage.so
7fd59501f000-7fd595020000 rw-p 00007000 08:02 21369954                   /usr/lib/jvm/java-11-openjdk-amd64/lib/libjimage.so
7fd595020000-7fd595023000 r--p 00000000 08:02 15471560                   /lib/x86_64-linux-gnu/libnss_files-2.28.so
7fd595023000-7fd59502a000 r-xp 00003000 08:02 15471560                   /lib/x86_64-linux-gnu/libnss_files-2.28.so
7fd59502a000-7fd59502d000 r--p 0000a000 08:02 15471560                   /lib/x86_64-linux-gnu/libnss_files-2.28.so
7fd59502d000-7fd59502e000 r--p 0000c000 08:02 15471560                   /lib/x86_64-linux-gnu/libnss_files-2.28.so
7fd59502e000-7fd59502f000 rw-p 0000d000 08:02 15471560                   /lib/x86_64-linux-gnu/libnss_files-2.28.so
7fd59502f000-7fd595035000 rw-p 00000000 00:00 0 
7fd59503c000-7fd59503e000 r--p 00000000 08:02 21369971                   /usr/lib/jvm/java-11-openjdk-amd64/lib/libzip.so
7fd59503e000-7fd595042000 r-xp 00002000 08:02 21369971                   /usr/lib/jvm/java-11-openjdk-amd64/lib/libzip.so
7fd595042000-7fd595044000 r--p 00006000 08:02 21369971                   /usr/lib/jvm/java-11-openjdk-amd64/lib/libzip.so
7fd595044000-7fd595045000 r--p 00007000 08:02 21369971                   /usr/lib/jvm/java-11-openjdk-amd64/lib/libzip.so
7fd595045000-7fd595046000 rw-p 00008000 08:02 21369971                   /usr/lib/jvm/java-11-openjdk-amd64/lib/libzip.so
7fd595046000-7fd59504e000 rw-s 00000000 08:02 1050616                    /tmp/hsperfdata_jay/20305
7fd59504e000-7fd59505b000 r--p 00000000 08:02 21369950                   /usr/lib/jvm/java-11-openjdk-amd64/lib/libjava.so
7fd59505b000-7fd595072000 r-xp 0000d000 08:02 21369950                   /usr/lib/jvm/java-11-openjdk-amd64/lib/libjava.so
7fd595072000-7fd595079000 r--p 00024000 08:02 21369950                   /usr/lib/jvm/java-11-openjdk-amd64/lib/libjava.so
7fd595079000-7fd59507a000 r--p 0002a000 08:02 21369950                   /usr/lib/jvm/java-11-openjdk-amd64/lib/libjava.so
7fd59507a000-7fd59507c000 rw-p 0002b000 08:02 21369950                   /usr/lib/jvm/java-11-openjdk-amd64/lib/libjava.so
7fd59507c000-7fd59507e000 r--p 00000000 08:02 15471610                   /lib/x86_64-linux-gnu/librt-2.28.so
7fd59507e000-7fd595082000 r-xp 00002000 08:02 15471610                   /lib/x86_64-linux-gnu/librt-2.28.so
7fd595082000-7fd595084000 r--p 00006000 08:02 15471610                   /lib/x86_64-linux-gnu/librt-2.28.so
7fd595084000-7fd595085000 r--p 00007000 08:02 15471610                   /lib/x86_64-linux-gnu/librt-2.28.so
7fd595085000-7fd595086000 rw-p 00008000 08:02 15471610                   /lib/x86_64-linux-gnu/librt-2.28.so
7fd595086000-7fd59508a000 ---p 00000000 00:00 0 
7fd59508a000-7fd595187000 rw-p 00000000 00:00 0 
7fd595187000-7fd59518a000 r--p 00000000 08:02 15471507                   /lib/x86_64-linux-gnu/libgcc_s.so.1
7fd59518a000-7fd59519b000 r-xp 00003000 08:02 15471507                   /lib/x86_64-linux-gnu/libgcc_s.so.1
7fd59519b000-7fd59519e000 r--p 00014000 08:02 15471507                   /lib/x86_64-linux-gnu/libgcc_s.so.1
7fd59519e000-7fd59519f000 ---p 00017000 08:02 15471507                   /lib/x86_64-linux-gnu/libgcc_s.so.1
7fd59519f000-7fd5951a0000 r--p 00017000 08:02 15471507                   /lib/x86_64-linux-gnu/libgcc_s.so.1
7fd5951a0000-7fd5951a1000 rw-p 00018000 08:02 15471507                   /lib/x86_64-linux-gnu/libgcc_s.so.1
7fd5951a1000-7fd5951ae000 r--p 00000000 08:02 15471533                   /lib/x86_64-linux-gnu/libm-2.28.so
7fd5951ae000-7fd595259000 r-xp 0000d000 08:02 15471533                   /lib/x86_64-linux-gnu/libm-2.28.so
7fd595259000-7fd59532c000 r--p 000b8000 08:02 15471533                   /lib/x86_64-linux-gnu/libm-2.28.so
7fd59532c000-7fd59532d000 r--p 0018a000 08:02 15471533                   /lib/x86_64-linux-gnu/libm-2.28.so
7fd59532d000-7fd59532e000 rw-p 0018b000 08:02 15471533                   /lib/x86_64-linux-gnu/libm-2.28.so
7fd59532e000-7fd5953b7000 r--p 00000000 08:02 21242280                   /usr/lib/x86_64-linux-gnu/libstdc++.so.6.0.25
7fd5953b7000-7fd59546a000 r-xp 00089000 08:02 21242280                   /usr/lib/x86_64-linux-gnu/libstdc++.so.6.0.25
7fd59546a000-7fd5954a8000 r--p 0013c000 08:02 21242280                   /usr/lib/x86_64-linux-gnu/libstdc++.so.6.0.25
7fd5954a8000-7fd5954b2000 r--p 00179000 08:02 21242280                   /usr/lib/x86_64-linux-gnu/libstdc++.so.6.0.25
7fd5954b2000-7fd5954b4000 rw-p 00183000 08:02 21242280                   /usr/lib/x86_64-linux-gnu/libstdc++.so.6.0.25
7fd5954b4000-7fd5954b8000 rw-p 00000000 00:00 0 
7fd5954b8000-7fd595745000 r--p 00000000 08:02 21369977                   /usr/lib/jvm/java-11-openjdk-amd64/lib/server/libjvm.so
7fd595745000-7fd596287000 r-xp 0028d000 08:02 21369977                   /usr/lib/jvm/java-11-openjdk-amd64/lib/server/libjvm.so
7fd596287000-7fd5964ce000 r--p 00dcf000 08:02 21369977                   /usr/lib/jvm/java-11-openjdk-amd64/lib/server/libjvm.so
7fd5964ce000-7fd596596000 r--p 01015000 08:02 21369977                   /usr/lib/jvm/java-11-openjdk-amd64/lib/server/libjvm.so
7fd596596000-7fd5965d0000 rw-p 010dd000 08:02 21369977                   /usr/lib/jvm/java-11-openjdk-amd64/lib/server/libjvm.so
7fd5965d0000-7fd596627000 rw-p 00000000 00:00 0 
7fd596627000-7fd59662d000 r--p 00000000 08:02 15471602                   /lib/x86_64-linux-gnu/libpthread-2.28.so
7fd59662d000-7fd59663c000 r-xp 00006000 08:02 15471602                   /lib/x86_64-linux-gnu/libpthread-2.28.so
7fd59663c000-7fd596642000 r--p 00015000 08:02 15471602                   /lib/x86_64-linux-gnu/libpthread-2.28.so
7fd596642000-7fd596643000 r--p 0001a000 08:02 15471602                   /lib/x86_64-linux-gnu/libpthread-2.28.so
7fd596643000-7fd596644000 rw-p 0001b000 08:02 15471602                   /lib/x86_64-linux-gnu/libpthread-2.28.so
7fd596644000-7fd596648000 rw-p 00000000 00:00 0 
7fd596648000-7fd596649000 r--p 00000000 08:02 15471493                   /lib/x86_64-linux-gnu/libdl-2.28.so
7fd596649000-7fd59664b000 r-xp 00001000 08:02 15471493                   /lib/x86_64-linux-gnu/libdl-2.28.so
7fd59664b000-7fd59664c000 r--p 00003000 08:02 15471493                   /lib/x86_64-linux-gnu/libdl-2.28.so
7fd59664c000-7fd59664d000 r--p 00003000 08:02 15471493                   /lib/x86_64-linux-gnu/libdl-2.28.so
7fd59664d000-7fd59664e000 rw-p 00004000 08:02 15471493                   /lib/x86_64-linux-gnu/libdl-2.28.so
7fd59664e000-7fd59666a000 r-xp 00000000 08:02 15471641                   /lib/x86_64-linux-gnu/libz.so.1.2.11
7fd59666a000-7fd596869000 ---p 0001c000 08:02 15471641                   /lib/x86_64-linux-gnu/libz.so.1.2.11
7fd596869000-7fd59686a000 r--p 0001b000 08:02 15471641                   /lib/x86_64-linux-gnu/libz.so.1.2.11
7fd59686a000-7fd59686b000 rw-p 0001c000 08:02 15471641                   /lib/x86_64-linux-gnu/libz.so.1.2.11
7fd59686b000-7fd59688d000 r--p 00000000 08:02 15471472                   /lib/x86_64-linux-gnu/libc-2.28.so
7fd59688d000-7fd5969fe000 r-xp 00022000 08:02 15471472                   /lib/x86_64-linux-gnu/libc-2.28.so
7fd5969fe000-7fd596a4a000 r--p 00193000 08:02 15471472                   /lib/x86_64-linux-gnu/libc-2.28.so
7fd596a4a000-7fd596a4b000 ---p 001df000 08:02 15471472                   /lib/x86_64-linux-gnu/libc-2.28.so
7fd596a4b000-7fd596a4f000 r--p 001df000 08:02 15471472                   /lib/x86_64-linux-gnu/libc-2.28.so
7fd596a4f000-7fd596a51000 rw-p 001e3000 08:02 15471472                   /lib/x86_64-linux-gnu/libc-2.28.so
7fd596a51000-7fd596a55000 rw-p 00000000 00:00 0 
7fd596a5b000-7fd596a5c000 ---p 00000000 00:00 0 
7fd596a5c000-7fd596a5d000 r--p 00000000 00:00 0 
7fd596a5d000-7fd596a62000 r--p 00000000 08:02 21369970                   /usr/lib/jvm/java-11-openjdk-amd64/lib/libverify.so
7fd596a62000-7fd596a69000 r-xp 00005000 08:02 21369970                   /usr/lib/jvm/java-11-openjdk-amd64/lib/libverify.so
7fd596a69000-7fd596a6b000 r--p 0000c000 08:02 21369970                   /usr/lib/jvm/java-11-openjdk-amd64/lib/libverify.so
7fd596a6b000-7fd596a6d000 r--p 0000d000 08:02 21369970                   /usr/lib/jvm/java-11-openjdk-amd64/lib/libverify.so
7fd596a6d000-7fd596a6e000 rw-p 0000f000 08:02 21369970                   /usr/lib/jvm/java-11-openjdk-amd64/lib/libverify.so
7fd596a6e000-7fd596a71000 r--p 00000000 08:02 21369935                   /usr/lib/jvm/java-11-openjdk-amd64/lib/jli/libjli.so
7fd596a71000-7fd596a7b000 r-xp 00003000 08:02 21369935                   /usr/lib/jvm/java-11-openjdk-amd64/lib/jli/libjli.so
7fd596a7b000-7fd596a7e000 r--p 0000d000 08:02 21369935                   /usr/lib/jvm/java-11-openjdk-amd64/lib/jli/libjli.so
7fd596a7e000-7fd596a7f000 r--p 0000f000 08:02 21369935                   /usr/lib/jvm/java-11-openjdk-amd64/lib/jli/libjli.so
7fd596a7f000-7fd596a80000 rw-p 00010000 08:02 21369935                   /usr/lib/jvm/java-11-openjdk-amd64/lib/jli/libjli.so
7fd596a80000-7fd596a82000 rw-p 00000000 00:00 0 
7fd596a82000-7fd596a83000 r--p 00000000 08:02 15471446                   /lib/x86_64-linux-gnu/ld-2.28.so
7fd596a83000-7fd596aa3000 r-xp 00001000 08:02 15471446                   /lib/x86_64-linux-gnu/ld-2.28.so
7fd596aa3000-7fd596aab000 r--p 00021000 08:02 15471446                   /lib/x86_64-linux-gnu/ld-2.28.so
7fd596aab000-7fd596aac000 r--p 00028000 08:02 15471446                   /lib/x86_64-linux-gnu/ld-2.28.so
7fd596aac000-7fd596aad000 rw-p 00029000 08:02 15471446                   /lib/x86_64-linux-gnu/ld-2.28.so
7fd596aad000-7fd596aae000 rw-p 00000000 00:00 0 
7ffd4ae21000-7ffd4ae42000 rw-p 00000000 00:00 0                          [stack]
7ffd4aeba000-7ffd4aebd000 r--p 00000000 00:00 0                          [vvar]
7ffd4aebd000-7ffd4aebf000 r-xp 00000000 00:00 0                          [vdso]
ffffffffff600000-ffffffffff601000 r-xp 00000000 00:00 0                  [vsyscall]


VM Arguments:
jvm_args: -Dfile.encoding=UTF-8 --module-path=/mnt/2E521095521063BD/JavaPractice/Cashier/build/classes 
java_command: SerialTest
java_class_path (initial): /mnt/2E521095521063BD/JavaPractice/Cashier/lib/absolutelayout/AbsoluteLayout.jar:/mnt/2E521095521063BD/downloads/sqlite-jdbc-3.23.1.jar:/mnt/2E521095521063BD/JavaPractice/Cashier/lib/RXTXcomm.jar:/mnt/2E521095521063BD/JavaPractice/Cashier/build/classes
Launcher Type: SUN_STANDARD

[Global flags]
     intx CICompilerCount                          = 3                                         {product} {ergonomic}
     uint ConcGCThreads                            = 1                                         {product} {ergonomic}
     uint G1ConcRefinementThreads                  = 4                                         {product} {ergonomic}
   size_t G1HeapRegionSize                         = 1048576                                   {product} {ergonomic}
    uintx GCDrainStackTargetSize                   = 64                                        {product} {ergonomic}
   size_t InitialHeapSize                          = 115343360                                 {product} {ergonomic}
   size_t MarkStackSize                            = 4194304                                   {product} {ergonomic}
   size_t MaxHeapSize                              = 1830813696                                {product} {ergonomic}
   size_t MaxNewSize                               = 1097859072                                {product} {ergonomic}
   size_t MinHeapDeltaBytes                        = 1048576                                   {product} {ergonomic}
    uintx NonNMethodCodeHeapSize                   = 5830092                                {pd product} {ergonomic}
    uintx NonProfiledCodeHeapSize                  = 122914074                              {pd product} {ergonomic}
    uintx ProfiledCodeHeapSize                     = 122914074                              {pd product} {ergonomic}
    uintx ReservedCodeCacheSize                    = 251658240                              {pd product} {ergonomic}
     bool SegmentedCodeCache                       = true                                      {product} {ergonomic}
     bool UseCompressedClassPointers               = true                                 {lp64_product} {ergonomic}
     bool UseCompressedOops                        = true                                 {lp64_product} {ergonomic}
     bool UseG1GC                                  = true                                      {product} {ergonomic}

Logging:
Log output configuration:
 #0: stdout all=warning uptime,level,tags
 #1: stderr all=off uptime,level,tags

Environment Variables:
PATH=/usr/local/sbin:/usr/local/bin:/usr/sbin:/usr/bin:/sbin:/bin:/usr/games:/usr/local/games:/snap/bin
USERNAME=jay
SHELL=/usr/bin/zsh
DISPLAY=:0

Signal Handlers:
SIGSEGV: [libjvm.so+0xd54fa0], sa_mask[0]=11111111011111111101111111111110, sa_flags=SA_RESTART|SA_SIGINFO
SIGBUS: [libjvm.so+0xd54fa0], sa_mask[0]=11111111011111111101111111111110, sa_flags=SA_RESTART|SA_SIGINFO
SIGFPE: [libjvm.so+0xd54fa0], sa_mask[0]=11111111011111111101111111111110, sa_flags=SA_RESTART|SA_SIGINFO
SIGPIPE: [libjvm.so+0xb5d0d0], sa_mask[0]=11111111011111111101111111111110, sa_flags=SA_RESTART|SA_SIGINFO
SIGXFSZ: [libjvm.so+0xb5d0d0], sa_mask[0]=11111111011111111101111111111110, sa_flags=SA_RESTART|SA_SIGINFO
SIGILL: [libjvm.so+0xd54fa0], sa_mask[0]=11111111011111111101111111111110, sa_flags=SA_RESTART|SA_SIGINFO
SIGUSR2: [libjvm.so+0xb5cf60], sa_mask[0]=00100000000000000000000000000000, sa_flags=SA_RESTART|SA_SIGINFO
SIGHUP: [libjvm.so+0xb5d4d0], sa_mask[0]=11111111011111111101111111111110, sa_flags=SA_RESTART|SA_SIGINFO
SIGINT: SIG_IGN, sa_mask[0]=00000000000000000000000000000000, sa_flags=none
SIGTERM: [libjvm.so+0xb5d4d0], sa_mask[0]=11111111011111111101111111111110, sa_flags=SA_RESTART|SA_SIGINFO
SIGQUIT: [libjvm.so+0xb5d4d0], sa_mask[0]=11111111011111111101111111111110, sa_flags=SA_RESTART|SA_SIGINFO


---------------  S Y S T E M  ---------------

OS:DISTRIB_ID=Ubuntu
DISTRIB_RELEASE=18.10
DISTRIB_CODENAME=cosmic
DISTRIB_DESCRIPTION="Ubuntu 18.10"
uname:Linux 4.18.0-13-generic #14-Ubuntu SMP Wed Dec 5 09:04:24 UTC 2018 x86_64
libc:glibc 2.28 NPTL 2.28 
rlimit: STACK 8192k, CORE 0k, NPROC 27226, NOFILE 1048576, AS infinity, DATA infinity, FSIZE infinity
load average:0.48 0.68 0.60

/proc/meminfo:
MemTotal:        7147368 kB
MemFree:          227900 kB
MemAvailable:    1902976 kB
Buffers:          426588 kB
Cached:          1338072 kB
SwapCached:          472 kB
Active:          4778072 kB
Inactive:        1335012 kB
Active(anon):    3813200 kB
Inactive(anon):   583980 kB
Active(file):     964872 kB
Inactive(file):   751032 kB
Unevictable:          80 kB
Mlocked:              80 kB
SwapTotal:       2097148 kB
SwapFree:        2095100 kB
Dirty:               920 kB
Writeback:             0 kB
AnonPages:       4348208 kB
Mapped:           517756 kB
Shmem:             48760 kB
Slab:             397012 kB
SReclaimable:     262396 kB
SUnreclaim:       134616 kB
KernelStack:       18576 kB
PageTables:        56628 kB
NFS_Unstable:          0 kB
Bounce:                0 kB
WritebackTmp:          0 kB
CommitLimit:     5670832 kB
Committed_AS:   13899892 kB
VmallocTotal:   34359738367 kB
VmallocUsed:           0 kB
VmallocChunk:          0 kB
HardwareCorrupted:     0 kB
AnonHugePages:      2048 kB
ShmemHugePages:        0 kB
ShmemPmdMapped:        0 kB
CmaTotal:              0 kB
CmaFree:               0 kB
HugePages_Total:       0
HugePages_Free:        0
HugePages_Rsvd:        0
HugePages_Surp:        0
Hugepagesize:       2048 kB
Hugetlb:               0 kB
DirectMap4k:      742500 kB
DirectMap2M:     6545408 kB
DirectMap1G:     1048576 kB


/proc/sys/kernel/threads-max (system-wide limit on the number of threads):
54452


/proc/sys/vm/max_map_count (maximum number of memory map areas a process may have):
65530


/proc/sys/kernel/pid_max (system-wide limit on number of process identifiers):
32768


container (cgroup) information:
container_type: cgroupv1
cpu_cpuset_cpus: 0-3
cpu_memory_nodes: 0
active_processor_count: 4
cpu_quota: -1
cpu_period: 100000
cpu_shares: -1
memory_limit_in_bytes: -1
memory_and_swap_limit_in_bytes: -2
memory_soft_limit_in_bytes: -1
memory_usage_in_bytes: 5002588160
memory_max_usage_in_bytes: 5061738496


CPU:total 4 (initial active 4) (4 cores per cpu, 1 threads per core) family 23 model 17 stepping 0, cmov, cx8, fxsr, mmx, sse, sse2, sse3, ssse3, sse4.1, sse4.2, popcnt, avx, avx2, aes, clmul, mmxext, 3dnowpref, lzcnt, sse4a, tsc, tscinvbit, tscinv, bmi1, bmi2, adx, sha, fma
CPU Model and flags from /proc/cpuinfo:
model name	: AMD Ryzen 3 2200G with Radeon Vega Graphics
flags		: fpu vme de pse tsc msr pae mce cx8 apic sep mtrr pge mca cmov pat pse36 clflush mmx fxsr sse sse2 ht syscall nx mmxext fxsr_opt pdpe1gb rdtscp lm constant_tsc rep_good nopl nonstop_tsc cpuid extd_apicid aperfmperf pni pclmulqdq monitor ssse3 fma cx16 sse4_1 sse4_2 movbe popcnt aes xsave avx f16c rdrand lahf_lm cmp_legacy svm extapic cr8_legacy abm sse4a misalignsse 3dnowprefetch osvw skinit wdt tce topoext perfctr_core perfctr_nb bpext perfctr_llc mwaitx hw_pstate sme ssbd sev ibpb vmmcall fsgsbase bmi1 avx2 smep bmi2 rdseed adx smap clflushopt sha_ni xsaveopt xsavec xgetbv1 xsaves clzero irperf xsaveerptr arat npt lbrv svm_lock nrip_save tsc_scale vmcb_clean flushbyasid decodeassists pausefilter pfthreshold avic v_vmsave_vmload vgif overflow_recov succor smca

Memory: 4k page, physical 7147368k(227900k free), swap 2097148k(2095100k free)

vm_info: OpenJDK 64-Bit Server VM (11.0.1+13-Ubuntu-2ubuntu1) for linux-amd64 JRE (11.0.1+13-Ubuntu-2ubuntu1), built on Oct 22 2018 18:46:28 by "buildd" with gcc 8.2.0

END.
