#
# A fatal error has been detected by the Java Runtime Environment:
#
#  SIGSEGV (0xb) at pc=0x00007f9b3c681462, pid=24177, tid=24199
#
# JRE version: OpenJDK Runtime Environment (11.0.1+13) (build 11.0.1+13-Ubuntu-2ubuntu1)
# Java VM: OpenJDK 64-Bit Server VM (11.0.1+13-Ubuntu-2ubuntu1, mixed mode, sharing, tiered, compressed oops, g1 gc, linux-amd64)
# Problematic frame:
# C  [librxtxSerial.so+0x6462]  read_byte_array+0x52
#
# Core dump will be written. Default location: Core dumps may be processed with "/usr/share/apport/apport %p %s %c %d %P" (or dumping to /mnt/2E521095521063BD/JavaPractice/Cashier/core.24177)
#
# If you would like to submit a bug report, please visit:
#   http://bugreport.java.com/bugreport/crash.jsp
# The crash happened outside the Java Virtual Machine in native code.
# See problematic frame for where to report the bug.
#

---------------  S U M M A R Y ------------

Command Line: -Dfile.encoding=UTF-8 --module-path=/mnt/2E521095521063BD/JavaPractice/Cashier/build/classes SerialTest

Host: AMD Ryzen 3 2200G with Radeon Vega Graphics, 4 cores, 6G, Ubuntu 18.10
Time: Tue Jan 22 09:53:35 2019 PST elapsed time: 3 seconds (0d 0h 0m 3s)

---------------  T H R E A D  ---------------

Current thread (0x00007f9b5419e000):  JavaThread "Thread-0" [_thread_in_native, id=24199, stack(0x00007f9b3c57a000,0x00007f9b3c67b000)]

Stack: [0x00007f9b3c57a000,0x00007f9b3c67b000],  sp=0x00007f9b3c678af0,  free space=1018k
Native frames: (J=compiled Java code, A=aot compiled Java code, j=interpreted, Vv=VM code, C=native code)
C  [librxtxSerial.so+0x6462]  read_byte_array+0x52

Java frames: (J=compiled Java code, j=interpreted, Vv=VM code)
j  gnu.io.RXTXPort.readArray([BII)I+0
j  gnu.io.RXTXPort$SerialInputStream.read([BII)I+187
j  sun.nio.cs.StreamDecoder.readBytes()I+135 java.base@11.0.1
j  sun.nio.cs.StreamDecoder.implRead([CII)I+112 java.base@11.0.1
j  sun.nio.cs.StreamDecoder.read([CII)I+180 java.base@11.0.1
j  java.io.InputStreamReader.read([CII)I+7 java.base@11.0.1
j  java.io.BufferedReader.fill()V+145 java.base@11.0.1
j  java.io.BufferedReader.readLine(Z)Ljava/lang/String;+44 java.base@11.0.1
j  java.io.BufferedReader.readLine()Ljava/lang/String;+2 java.base@11.0.1
j  SerialTest.serialEvent(Lgnu/io/SerialPortEvent;)V+12
j  gnu.io.RXTXPort.sendEvent(IZ)Z+382
v  ~StubRoutines::call_stub
j  gnu.io.RXTXPort.eventLoop()V+0
j  gnu.io.RXTXPort$MonitorThread.run()V+12
v  ~StubRoutines::call_stub

siginfo: si_signo: 11 (SIGSEGV), si_code: 1 (SEGV_MAPERR), si_addr: 0x000000003c679778

Register to memory mapping:

RAX=0x000000003c679770 is an unknown value
RBX=0xffffffffffffffff is an unknown value
RCX=0x0000000000000001 is an unknown value
RDX=0x00007f9b5b48bb80: <offset 0x00000000004a8b80> in /usr/lib/jvm/java-11-openjdk-amd64/lib/server/libjvm.so at 0x00007f9b5afe3000
RSP=0x00007f9b3c678af0 is pointing into the stack for thread: 0x00007f9b5419e000
RBP=0x00007f9b5419e340 points into unknown readable memory
RSI=0x00007f9b3c684e30: <offset 0x0000000000009e30> in /usr/lib/x86_64-linux-gnu/librxtxSerial.so at 0x00007f9b3c67b000
RDI=0x00007f9b3c684d3e: <offset 0x0000000000009d3e> in /usr/lib/x86_64-linux-gnu/librxtxSerial.so at 0x00007f9b3c67b000
R8 =0x00007f9b58db43f8 is pointing into metadata
R9 =0x0000000099903098 is an oop
gnu.io.RXTXPort 
{0x0000000099903098} - klass: 'gnu/io/RXTXPort'
R10=0x0000000000000006 is an unknown value
R11=0x00007f9b5c129a0c: <offset 0x0000000001146a0c> in /usr/lib/jvm/java-11-openjdk-amd64/lib/server/libjvm.so at 0x00007f9b5afe3000
R12=0x00000000ffffffff is an unallocated location in the heap
R13=0x0 is NULL
R14=0x0000000000000007 is an unknown value
R15=0x0 is NULL


Registers:
RAX=0x000000003c679770, RBX=0xffffffffffffffff, RCX=0x0000000000000001, RDX=0x00007f9b5b48bb80
RSP=0x00007f9b3c678af0, RBP=0x00007f9b5419e340, RSI=0x00007f9b3c684e30, RDI=0x00007f9b3c684d3e
R8 =0x00007f9b58db43f8, R9 =0x0000000099903098, R10=0x0000000000000006, R11=0x00007f9b5c129a0c
R12=0x00000000ffffffff, R13=0x0000000000000000, R14=0x0000000000000007, R15=0x0000000000000000
RIP=0x00007f9b3c681462, EFLAGS=0x0000000000010206, CSGSFS=0x002b000000000033, ERR=0x0000000000000004
  TRAPNO=0x000000000000000e

Top of Stack: (sp=0x00007f9b3c678af0)
0x00007f9b3c678af0:   0000000000000000 0000000000000000
0x00007f9b3c678b00:   00007f9b3c678b40 0000000000002000
0x00007f9b3c678b10:   00007f9b3c678b50 000000003c679770
0x00007f9b3c678b20:   0000000000000007 0000000000000000 

Instructions: (pc=0x00007f9b3c681462)
0x00007f9b3c681442:   89 44 24 4c 48 c7 44 24 40 00 00 00 00 48 c7 44
0x00007f9b3c681452:   24 38 00 00 00 00 e8 53 d7 ff ff 48 89 44 24 28
0x00007f9b3c681462:   8b 40 08 45 85 e4 48 8b 54 24 28 44 8b 7c 24 4c
0x00007f9b3c681472:   89 44 24 34 c7 42 08 00 00 00 00 78 0c 31 c0 e8 


---------------  P R O C E S S  ---------------

Threads class SMR info:
_java_thread_list=0x00007f9b541a5360, length=11, elements={
0x00007f9b540f4800, 0x00007f9b540f6800, 0x00007f9b540fc000, 0x00007f9b540fe800,
0x00007f9b54100800, 0x00007f9b54102800, 0x00007f9b5412a000, 0x00007f9b54160800,
0x00007f9b5419e000, 0x00007f9b5419e800, 0x00007f9b54011000
}

Java Threads: ( => current thread )
  0x00007f9b540f4800 JavaThread "Reference Handler" daemon [_thread_blocked, id=24189, stack(0x00007f9b5868f000,0x00007f9b58790000)]
  0x00007f9b540f6800 JavaThread "Finalizer" daemon [_thread_blocked, id=24190, stack(0x00007f9b5858e000,0x00007f9b5868f000)]
  0x00007f9b540fc000 JavaThread "Signal Dispatcher" daemon [_thread_blocked, id=24191, stack(0x00007f9b5848d000,0x00007f9b5858e000)]
  0x00007f9b540fe800 JavaThread "C2 CompilerThread0" daemon [_thread_blocked, id=24192, stack(0x00007f9b5838c000,0x00007f9b5848d000)]
  0x00007f9b54100800 JavaThread "C1 CompilerThread0" daemon [_thread_blocked, id=24193, stack(0x00007f9b5828b000,0x00007f9b5838c000)]
  0x00007f9b54102800 JavaThread "Sweeper thread" daemon [_thread_blocked, id=24194, stack(0x00007f9b5818a000,0x00007f9b5828b000)]
  0x00007f9b5412a000 JavaThread "Common-Cleaner" daemon [_thread_blocked, id=24195, stack(0x00007f9b5802c000,0x00007f9b5812d000)]
  0x00007f9b54160800 JavaThread "Service Thread" daemon [_thread_blocked, id=24196, stack(0x00007f9b3c88a000,0x00007f9b3c98b000)]
=>0x00007f9b5419e000 JavaThread "Thread-0" [_thread_in_native, id=24199, stack(0x00007f9b3c57a000,0x00007f9b3c67b000)]
  0x00007f9b5419e800 JavaThread "Thread-1" [_thread_blocked, id=24200, stack(0x00007f9b3c479000,0x00007f9b3c57a000)]
  0x00007f9b54011000 JavaThread "DestroyJavaVM" [_thread_blocked, id=24180, stack(0x00007f9b5abb1000,0x00007f9b5acb2000)]

Other Threads:
  0x00007f9b540f2000 VMThread "VM Thread" [stack: 0x00007f9b58792000,0x00007f9b58892000] [id=24188]
  0x00007f9b54162800 WatcherThread [stack: 0x00007f9b3c78a000,0x00007f9b3c88a000] [id=24197]
  0x00007f9b54026800 GCTaskThread "GC Thread#0" [stack: 0x00007f9b5a860000,0x00007f9b5a960000] [id=24182]
  0x00007f9b54052800 ConcurrentGCThread "G1 Main Marker" [stack: 0x00007f9b598e4000,0x00007f9b599e4000] [id=24184]
  0x00007f9b54054800 ConcurrentGCThread "G1 Conc#0" [stack: 0x00007f9b597e2000,0x00007f9b598e2000] [id=24185]
  0x00007f9b540c0800 ConcurrentGCThread "G1 Refine#0" [stack: 0x00007f9b592dc000,0x00007f9b593dc000] [id=24186]
  0x00007f9b540c2800 ConcurrentGCThread "G1 Young RemSet Sampling" [stack: 0x00007f9b591da000,0x00007f9b592da000] [id=24187]

Threads with active compile tasks:

VM state:not at safepoint (normal execution)

VM Mutex/Monitor currently owned by a thread: None

Heap address: 0x0000000092e00000, size: 1746 MB, Compressed Oops mode: 32-bit
Narrow klass base: 0x0000000800000000, Narrow klass shift: 3
Compressed class space size: 1073741824 Address: 0x0000000840000000

Heap:
 garbage-first heap   total 114688K, used 2680K [0x0000000092e00000, 0x0000000100000000)
  region size 1024K, 3 young (3072K), 0 survivors (0K)
 Metaspace       used 852K, capacity 4716K, committed 4864K, reserved 1056768K
  class space    used 85K, capacity 444K, committed 512K, reserved 1048576K
Heap Regions: E=young(eden), S=young(survivor), O=old, HS=humongous(starts), HC=humongous(continues), CS=collection set, F=free, A=archive, TAMS=top-at-mark-start (previous, next)
|   0|0x0000000092e00000, 0x0000000092e00000, 0x0000000092f00000|  0%| F|  |TAMS 0x0000000092e00000, 0x0000000092e00000| Untracked 
|   1|0x0000000092f00000, 0x0000000092f00000, 0x0000000093000000|  0%| F|  |TAMS 0x0000000092f00000, 0x0000000092f00000| Untracked 
|   2|0x0000000093000000, 0x0000000093000000, 0x0000000093100000|  0%| F|  |TAMS 0x0000000093000000, 0x0000000093000000| Untracked 
|   3|0x0000000093100000, 0x0000000093100000, 0x0000000093200000|  0%| F|  |TAMS 0x0000000093100000, 0x0000000093100000| Untracked 
|   4|0x0000000093200000, 0x0000000093200000, 0x0000000093300000|  0%| F|  |TAMS 0x0000000093200000, 0x0000000093200000| Untracked 
|   5|0x0000000093300000, 0x0000000093300000, 0x0000000093400000|  0%| F|  |TAMS 0x0000000093300000, 0x0000000093300000| Untracked 
|   6|0x0000000093400000, 0x0000000093400000, 0x0000000093500000|  0%| F|  |TAMS 0x0000000093400000, 0x0000000093400000| Untracked 
|   7|0x0000000093500000, 0x0000000093500000, 0x0000000093600000|  0%| F|  |TAMS 0x0000000093500000, 0x0000000093500000| Untracked 
|   8|0x0000000093600000, 0x0000000093600000, 0x0000000093700000|  0%| F|  |TAMS 0x0000000093600000, 0x0000000093600000| Untracked 
|   9|0x0000000093700000, 0x0000000093700000, 0x0000000093800000|  0%| F|  |TAMS 0x0000000093700000, 0x0000000093700000| Untracked 
|  10|0x0000000093800000, 0x0000000093800000, 0x0000000093900000|  0%| F|  |TAMS 0x0000000093800000, 0x0000000093800000| Untracked 
|  11|0x0000000093900000, 0x0000000093900000, 0x0000000093a00000|  0%| F|  |TAMS 0x0000000093900000, 0x0000000093900000| Untracked 
|  12|0x0000000093a00000, 0x0000000093a00000, 0x0000000093b00000|  0%| F|  |TAMS 0x0000000093a00000, 0x0000000093a00000| Untracked 
|  13|0x0000000093b00000, 0x0000000093b00000, 0x0000000093c00000|  0%| F|  |TAMS 0x0000000093b00000, 0x0000000093b00000| Untracked 
|  14|0x0000000093c00000, 0x0000000093c00000, 0x0000000093d00000|  0%| F|  |TAMS 0x0000000093c00000, 0x0000000093c00000| Untracked 
|  15|0x0000000093d00000, 0x0000000093d00000, 0x0000000093e00000|  0%| F|  |TAMS 0x0000000093d00000, 0x0000000093d00000| Untracked 
|  16|0x0000000093e00000, 0x0000000093e00000, 0x0000000093f00000|  0%| F|  |TAMS 0x0000000093e00000, 0x0000000093e00000| Untracked 
|  17|0x0000000093f00000, 0x0000000093f00000, 0x0000000094000000|  0%| F|  |TAMS 0x0000000093f00000, 0x0000000093f00000| Untracked 
|  18|0x0000000094000000, 0x0000000094000000, 0x0000000094100000|  0%| F|  |TAMS 0x0000000094000000, 0x0000000094000000| Untracked 
|  19|0x0000000094100000, 0x0000000094100000, 0x0000000094200000|  0%| F|  |TAMS 0x0000000094100000, 0x0000000094100000| Untracked 
|  20|0x0000000094200000, 0x0000000094200000, 0x0000000094300000|  0%| F|  |TAMS 0x0000000094200000, 0x0000000094200000| Untracked 
|  21|0x0000000094300000, 0x0000000094300000, 0x0000000094400000|  0%| F|  |TAMS 0x0000000094300000, 0x0000000094300000| Untracked 
|  22|0x0000000094400000, 0x0000000094400000, 0x0000000094500000|  0%| F|  |TAMS 0x0000000094400000, 0x0000000094400000| Untracked 
|  23|0x0000000094500000, 0x0000000094500000, 0x0000000094600000|  0%| F|  |TAMS 0x0000000094500000, 0x0000000094500000| Untracked 
|  24|0x0000000094600000, 0x0000000094600000, 0x0000000094700000|  0%| F|  |TAMS 0x0000000094600000, 0x0000000094600000| Untracked 
|  25|0x0000000094700000, 0x0000000094700000, 0x0000000094800000|  0%| F|  |TAMS 0x0000000094700000, 0x0000000094700000| Untracked 
|  26|0x0000000094800000, 0x0000000094800000, 0x0000000094900000|  0%| F|  |TAMS 0x0000000094800000, 0x0000000094800000| Untracked 
|  27|0x0000000094900000, 0x0000000094900000, 0x0000000094a00000|  0%| F|  |TAMS 0x0000000094900000, 0x0000000094900000| Untracked 
|  28|0x0000000094a00000, 0x0000000094a00000, 0x0000000094b00000|  0%| F|  |TAMS 0x0000000094a00000, 0x0000000094a00000| Untracked 
|  29|0x0000000094b00000, 0x0000000094b00000, 0x0000000094c00000|  0%| F|  |TAMS 0x0000000094b00000, 0x0000000094b00000| Untracked 
|  30|0x0000000094c00000, 0x0000000094c00000, 0x0000000094d00000|  0%| F|  |TAMS 0x0000000094c00000, 0x0000000094c00000| Untracked 
|  31|0x0000000094d00000, 0x0000000094d00000, 0x0000000094e00000|  0%| F|  |TAMS 0x0000000094d00000, 0x0000000094d00000| Untracked 
|  32|0x0000000094e00000, 0x0000000094e00000, 0x0000000094f00000|  0%| F|  |TAMS 0x0000000094e00000, 0x0000000094e00000| Untracked 
|  33|0x0000000094f00000, 0x0000000094f00000, 0x0000000095000000|  0%| F|  |TAMS 0x0000000094f00000, 0x0000000094f00000| Untracked 
|  34|0x0000000095000000, 0x0000000095000000, 0x0000000095100000|  0%| F|  |TAMS 0x0000000095000000, 0x0000000095000000| Untracked 
|  35|0x0000000095100000, 0x0000000095100000, 0x0000000095200000|  0%| F|  |TAMS 0x0000000095100000, 0x0000000095100000| Untracked 
|  36|0x0000000095200000, 0x0000000095200000, 0x0000000095300000|  0%| F|  |TAMS 0x0000000095200000, 0x0000000095200000| Untracked 
|  37|0x0000000095300000, 0x0000000095300000, 0x0000000095400000|  0%| F|  |TAMS 0x0000000095300000, 0x0000000095300000| Untracked 
|  38|0x0000000095400000, 0x0000000095400000, 0x0000000095500000|  0%| F|  |TAMS 0x0000000095400000, 0x0000000095400000| Untracked 
|  39|0x0000000095500000, 0x0000000095500000, 0x0000000095600000|  0%| F|  |TAMS 0x0000000095500000, 0x0000000095500000| Untracked 
|  40|0x0000000095600000, 0x0000000095600000, 0x0000000095700000|  0%| F|  |TAMS 0x0000000095600000, 0x0000000095600000| Untracked 
|  41|0x0000000095700000, 0x0000000095700000, 0x0000000095800000|  0%| F|  |TAMS 0x0000000095700000, 0x0000000095700000| Untracked 
|  42|0x0000000095800000, 0x0000000095800000, 0x0000000095900000|  0%| F|  |TAMS 0x0000000095800000, 0x0000000095800000| Untracked 
|  43|0x0000000095900000, 0x0000000095900000, 0x0000000095a00000|  0%| F|  |TAMS 0x0000000095900000, 0x0000000095900000| Untracked 
|  44|0x0000000095a00000, 0x0000000095a00000, 0x0000000095b00000|  0%| F|  |TAMS 0x0000000095a00000, 0x0000000095a00000| Untracked 
|  45|0x0000000095b00000, 0x0000000095b00000, 0x0000000095c00000|  0%| F|  |TAMS 0x0000000095b00000, 0x0000000095b00000| Untracked 
|  46|0x0000000095c00000, 0x0000000095c00000, 0x0000000095d00000|  0%| F|  |TAMS 0x0000000095c00000, 0x0000000095c00000| Untracked 
|  47|0x0000000095d00000, 0x0000000095d00000, 0x0000000095e00000|  0%| F|  |TAMS 0x0000000095d00000, 0x0000000095d00000| Untracked 
|  48|0x0000000095e00000, 0x0000000095e00000, 0x0000000095f00000|  0%| F|  |TAMS 0x0000000095e00000, 0x0000000095e00000| Untracked 
|  49|0x0000000095f00000, 0x0000000095f00000, 0x0000000096000000|  0%| F|  |TAMS 0x0000000095f00000, 0x0000000095f00000| Untracked 
|  50|0x0000000096000000, 0x0000000096000000, 0x0000000096100000|  0%| F|  |TAMS 0x0000000096000000, 0x0000000096000000| Untracked 
|  51|0x0000000096100000, 0x0000000096100000, 0x0000000096200000|  0%| F|  |TAMS 0x0000000096100000, 0x0000000096100000| Untracked 
|  52|0x0000000096200000, 0x0000000096200000, 0x0000000096300000|  0%| F|  |TAMS 0x0000000096200000, 0x0000000096200000| Untracked 
|  53|0x0000000096300000, 0x0000000096300000, 0x0000000096400000|  0%| F|  |TAMS 0x0000000096300000, 0x0000000096300000| Untracked 
|  54|0x0000000096400000, 0x0000000096400000, 0x0000000096500000|  0%| F|  |TAMS 0x0000000096400000, 0x0000000096400000| Untracked 
|  55|0x0000000096500000, 0x0000000096500000, 0x0000000096600000|  0%| F|  |TAMS 0x0000000096500000, 0x0000000096500000| Untracked 
|  56|0x0000000096600000, 0x0000000096600000, 0x0000000096700000|  0%| F|  |TAMS 0x0000000096600000, 0x0000000096600000| Untracked 
|  57|0x0000000096700000, 0x0000000096700000, 0x0000000096800000|  0%| F|  |TAMS 0x0000000096700000, 0x0000000096700000| Untracked 
|  58|0x0000000096800000, 0x0000000096800000, 0x0000000096900000|  0%| F|  |TAMS 0x0000000096800000, 0x0000000096800000| Untracked 
|  59|0x0000000096900000, 0x0000000096900000, 0x0000000096a00000|  0%| F|  |TAMS 0x0000000096900000, 0x0000000096900000| Untracked 
|  60|0x0000000096a00000, 0x0000000096a00000, 0x0000000096b00000|  0%| F|  |TAMS 0x0000000096a00000, 0x0000000096a00000| Untracked 
|  61|0x0000000096b00000, 0x0000000096b00000, 0x0000000096c00000|  0%| F|  |TAMS 0x0000000096b00000, 0x0000000096b00000| Untracked 
|  62|0x0000000096c00000, 0x0000000096c00000, 0x0000000096d00000|  0%| F|  |TAMS 0x0000000096c00000, 0x0000000096c00000| Untracked 
|  63|0x0000000096d00000, 0x0000000096d00000, 0x0000000096e00000|  0%| F|  |TAMS 0x0000000096d00000, 0x0000000096d00000| Untracked 
|  64|0x0000000096e00000, 0x0000000096e00000, 0x0000000096f00000|  0%| F|  |TAMS 0x0000000096e00000, 0x0000000096e00000| Untracked 
|  65|0x0000000096f00000, 0x0000000096f00000, 0x0000000097000000|  0%| F|  |TAMS 0x0000000096f00000, 0x0000000096f00000| Untracked 
|  66|0x0000000097000000, 0x0000000097000000, 0x0000000097100000|  0%| F|  |TAMS 0x0000000097000000, 0x0000000097000000| Untracked 
|  67|0x0000000097100000, 0x0000000097100000, 0x0000000097200000|  0%| F|  |TAMS 0x0000000097100000, 0x0000000097100000| Untracked 
|  68|0x0000000097200000, 0x0000000097200000, 0x0000000097300000|  0%| F|  |TAMS 0x0000000097200000, 0x0000000097200000| Untracked 
|  69|0x0000000097300000, 0x0000000097300000, 0x0000000097400000|  0%| F|  |TAMS 0x0000000097300000, 0x0000000097300000| Untracked 
|  70|0x0000000097400000, 0x0000000097400000, 0x0000000097500000|  0%| F|  |TAMS 0x0000000097400000, 0x0000000097400000| Untracked 
|  71|0x0000000097500000, 0x0000000097500000, 0x0000000097600000|  0%| F|  |TAMS 0x0000000097500000, 0x0000000097500000| Untracked 
|  72|0x0000000097600000, 0x0000000097600000, 0x0000000097700000|  0%| F|  |TAMS 0x0000000097600000, 0x0000000097600000| Untracked 
|  73|0x0000000097700000, 0x0000000097700000, 0x0000000097800000|  0%| F|  |TAMS 0x0000000097700000, 0x0000000097700000| Untracked 
|  74|0x0000000097800000, 0x0000000097800000, 0x0000000097900000|  0%| F|  |TAMS 0x0000000097800000, 0x0000000097800000| Untracked 
|  75|0x0000000097900000, 0x0000000097900000, 0x0000000097a00000|  0%| F|  |TAMS 0x0000000097900000, 0x0000000097900000| Untracked 
|  76|0x0000000097a00000, 0x0000000097a00000, 0x0000000097b00000|  0%| F|  |TAMS 0x0000000097a00000, 0x0000000097a00000| Untracked 
|  77|0x0000000097b00000, 0x0000000097b00000, 0x0000000097c00000|  0%| F|  |TAMS 0x0000000097b00000, 0x0000000097b00000| Untracked 
|  78|0x0000000097c00000, 0x0000000097c00000, 0x0000000097d00000|  0%| F|  |TAMS 0x0000000097c00000, 0x0000000097c00000| Untracked 
|  79|0x0000000097d00000, 0x0000000097d00000, 0x0000000097e00000|  0%| F|  |TAMS 0x0000000097d00000, 0x0000000097d00000| Untracked 
|  80|0x0000000097e00000, 0x0000000097e00000, 0x0000000097f00000|  0%| F|  |TAMS 0x0000000097e00000, 0x0000000097e00000| Untracked 
|  81|0x0000000097f00000, 0x0000000097f00000, 0x0000000098000000|  0%| F|  |TAMS 0x0000000097f00000, 0x0000000097f00000| Untracked 
|  82|0x0000000098000000, 0x0000000098000000, 0x0000000098100000|  0%| F|  |TAMS 0x0000000098000000, 0x0000000098000000| Untracked 
|  83|0x0000000098100000, 0x0000000098100000, 0x0000000098200000|  0%| F|  |TAMS 0x0000000098100000, 0x0000000098100000| Untracked 
|  84|0x0000000098200000, 0x0000000098200000, 0x0000000098300000|  0%| F|  |TAMS 0x0000000098200000, 0x0000000098200000| Untracked 
|  85|0x0000000098300000, 0x0000000098300000, 0x0000000098400000|  0%| F|  |TAMS 0x0000000098300000, 0x0000000098300000| Untracked 
|  86|0x0000000098400000, 0x0000000098400000, 0x0000000098500000|  0%| F|  |TAMS 0x0000000098400000, 0x0000000098400000| Untracked 
|  87|0x0000000098500000, 0x0000000098500000, 0x0000000098600000|  0%| F|  |TAMS 0x0000000098500000, 0x0000000098500000| Untracked 
|  88|0x0000000098600000, 0x0000000098600000, 0x0000000098700000|  0%| F|  |TAMS 0x0000000098600000, 0x0000000098600000| Untracked 
|  89|0x0000000098700000, 0x0000000098700000, 0x0000000098800000|  0%| F|  |TAMS 0x0000000098700000, 0x0000000098700000| Untracked 
|  90|0x0000000098800000, 0x0000000098800000, 0x0000000098900000|  0%| F|  |TAMS 0x0000000098800000, 0x0000000098800000| Untracked 
|  91|0x0000000098900000, 0x0000000098900000, 0x0000000098a00000|  0%| F|  |TAMS 0x0000000098900000, 0x0000000098900000| Untracked 
|  92|0x0000000098a00000, 0x0000000098a00000, 0x0000000098b00000|  0%| F|  |TAMS 0x0000000098a00000, 0x0000000098a00000| Untracked 
|  93|0x0000000098b00000, 0x0000000098b00000, 0x0000000098c00000|  0%| F|  |TAMS 0x0000000098b00000, 0x0000000098b00000| Untracked 
|  94|0x0000000098c00000, 0x0000000098c00000, 0x0000000098d00000|  0%| F|  |TAMS 0x0000000098c00000, 0x0000000098c00000| Untracked 
|  95|0x0000000098d00000, 0x0000000098d00000, 0x0000000098e00000|  0%| F|  |TAMS 0x0000000098d00000, 0x0000000098d00000| Untracked 
|  96|0x0000000098e00000, 0x0000000098e00000, 0x0000000098f00000|  0%| F|  |TAMS 0x0000000098e00000, 0x0000000098e00000| Untracked 
|  97|0x0000000098f00000, 0x0000000098f00000, 0x0000000099000000|  0%| F|  |TAMS 0x0000000098f00000, 0x0000000098f00000| Untracked 
|  98|0x0000000099000000, 0x0000000099000000, 0x0000000099100000|  0%| F|  |TAMS 0x0000000099000000, 0x0000000099000000| Untracked 
|  99|0x0000000099100000, 0x0000000099100000, 0x0000000099200000|  0%| F|  |TAMS 0x0000000099100000, 0x0000000099100000| Untracked 
| 100|0x0000000099200000, 0x0000000099200000, 0x0000000099300000|  0%| F|  |TAMS 0x0000000099200000, 0x0000000099200000| Untracked 
| 101|0x0000000099300000, 0x0000000099300000, 0x0000000099400000|  0%| F|  |TAMS 0x0000000099300000, 0x0000000099300000| Untracked 
| 102|0x0000000099400000, 0x0000000099400000, 0x0000000099500000|  0%| F|  |TAMS 0x0000000099400000, 0x0000000099400000| Untracked 
| 103|0x0000000099500000, 0x0000000099500000, 0x0000000099600000|  0%| F|  |TAMS 0x0000000099500000, 0x0000000099500000| Untracked 
| 104|0x0000000099600000, 0x0000000099600000, 0x0000000099700000|  0%| F|  |TAMS 0x0000000099600000, 0x0000000099600000| Untracked 
| 105|0x0000000099700000, 0x0000000099700000, 0x0000000099800000|  0%| F|  |TAMS 0x0000000099700000, 0x0000000099700000| Untracked 
| 106|0x0000000099800000, 0x0000000099800000, 0x0000000099900000|  0%| F|  |TAMS 0x0000000099800000, 0x0000000099800000| Untracked 
| 107|0x0000000099900000, 0x00000000999d7e08, 0x0000000099a00000| 84%| E|  |TAMS 0x0000000099900000, 0x0000000099900000| Complete 
| 108|0x0000000099a00000, 0x0000000099b00000, 0x0000000099b00000|100%| E|CS|TAMS 0x0000000099a00000, 0x0000000099a00000| Complete 
| 109|0x0000000099b00000, 0x0000000099c00000, 0x0000000099c00000|100%| E|CS|TAMS 0x0000000099b00000, 0x0000000099b00000| Complete 
|1744|0x00000000ffe00000, 0x00000000ffe34000, 0x00000000fff00000| 20%|OA|  |TAMS 0x00000000ffe00000, 0x00000000ffe00000| Untracked 
|1745|0x00000000fff00000, 0x00000000fff6a000, 0x0000000100000000| 41%|CA|  |TAMS 0x00000000fff00000, 0x00000000fff00000| Untracked 

Card table byte_map: [0x00007f9b59d88000,0x00007f9b5a0f1000] _byte_map_base: 0x00007f9b598f1000

Marking Bits (Prev, Next): (CMBitMap*) 0x00007f9b5404afa8, (CMBitMap*) 0x00007f9b5404afe0
 Prev Bits: [0x00007f9b364b8000, 0x00007f9b38000000)
 Next Bits: [0x00007f9b34970000, 0x00007f9b364b8000)

Polling page: 0x00007f9b5c586000

Metaspace:

Usage:
  Non-class:      4.17 MB capacity,   767.35 KB ( 18%) used,     3.42 MB ( 82%) free+waste,     2.44 KB ( <1%) overhead. 
      Class:    444.00 KB capacity,    85.09 KB ( 19%) used,   357.28 KB ( 80%) free+waste,     1.62 KB ( <1%) overhead. 
       Both:      4.61 MB capacity,   852.45 KB ( 18%) used,     3.77 MB ( 82%) free+waste,     4.06 KB ( <1%) overhead. 

Virtual space:
  Non-class space:        8.00 MB reserved,       4.25 MB ( 53%) committed 
      Class space:        1.00 GB reserved,     512.00 KB ( <1%) committed 
             Both:        1.01 GB reserved,       4.75 MB ( <1%) committed 

Chunk freelists:
   Non-Class:  7.00 KB
       Class:  512 bytes
        Both:  7.50 KB

CodeHeap 'non-profiled nmethods': size=120032Kb used=76Kb max_used=76Kb free=119955Kb
 bounds [0x00007f9b44453000, 0x00007f9b446c3000, 0x00007f9b4b98b000]
CodeHeap 'profiled nmethods': size=120032Kb used=291Kb max_used=291Kb free=119740Kb
 bounds [0x00007f9b3cf1b000, 0x00007f9b3d18b000, 0x00007f9b44453000]
CodeHeap 'non-nmethods': size=5696Kb used=1047Kb max_used=1061Kb free=4649Kb
 bounds [0x00007f9b3c98b000, 0x00007f9b3cbfb000, 0x00007f9b3cf1b000]
 total_blobs=647 nmethods=245 adapters=242
 compilation: enabled
              stopped_count=0, restarted_count=0
 full_count=0

Compilation events (10 events):
Event: 0.119 Thread 0x00007f9b54100800  239       3       java.lang.String::toLowerCase (8 bytes)
Event: 0.119 Thread 0x00007f9b54100800 nmethod 239 0x00007f9b3cf62210 code [0x00007f9b3cf62400, 0x00007f9b3cf627b8]
Event: 0.119 Thread 0x00007f9b54100800  241       3       java.util.zip.ZipUtils::CENNAM (9 bytes)
Event: 0.119 Thread 0x00007f9b54100800 nmethod 241 0x00007f9b3cf62910 code [0x00007f9b3cf62ac0, 0x00007f9b3cf62cb0]
Event: 0.119 Thread 0x00007f9b54100800  242       3       java.util.zip.ZipUtils::CENHOW (9 bytes)
Event: 0.120 Thread 0x00007f9b54100800 nmethod 242 0x00007f9b3cf62e10 code [0x00007f9b3cf62fc0, 0x00007f9b3cf631b0]
Event: 0.120 Thread 0x00007f9b54100800  243       3       jdk.internal.misc.Unsafe::putObjectRelease (9 bytes)
Event: 0.120 Thread 0x00007f9b54100800 nmethod 243 0x00007f9b3cf63310 code [0x00007f9b3cf634c0, 0x00007f9b3cf63690]
Event: 0.120 Thread 0x00007f9b54100800  245       3       java.util.concurrent.ConcurrentHashMap::setTabAt (20 bytes)
Event: 0.120 Thread 0x00007f9b54100800 nmethod 245 0x00007f9b3cf63710 code [0x00007f9b3cf638c0, 0x00007f9b3cf63bb0]

GC Heap History (0 events):
No events

Deoptimization events (0 events):
No events

Classes redefined (0 events):
No events

Internal exceptions (5 events):
Event: 0.068 Thread 0x00007f9b54011000 Exception <a 'sun/nio/fs/UnixException'{0x0000000099a091e8}> (0x0000000099a091e8) thrown at [/build/openjdk-lts-rLGL8O/openjdk-lts-11.0.1+13/src/hotspot/share/prims/jni.cpp, line 615]
Event: 0.099 Thread 0x00007f9b54011000 Exception <a 'java/io/FileNotFoundException'{0x0000000099ade640}> (0x0000000099ade640) thrown at [/build/openjdk-lts-rLGL8O/openjdk-lts-11.0.1+13/src/hotspot/share/prims/jni.cpp, line 615]
Event: 0.108 Thread 0x00007f9b54011000 Exception <a 'java/io/FileNotFoundException'{0x0000000099adef60}> (0x0000000099adef60) thrown at [/build/openjdk-lts-rLGL8O/openjdk-lts-11.0.1+13/src/hotspot/share/prims/jni.cpp, line 615]
Event: 0.110 Thread 0x00007f9b54011000 Exception <a 'java/io/FileNotFoundException'{0x0000000099aeb778}> (0x0000000099aeb778) thrown at [/build/openjdk-lts-rLGL8O/openjdk-lts-11.0.1+13/src/hotspot/share/prims/jni.cpp, line 615]
Event: 0.115 Thread 0x00007f9b54011000 Exception <a 'java/io/FileNotFoundException'{0x0000000099aebe80}> (0x0000000099aebe80) thrown at [/build/openjdk-lts-rLGL8O/openjdk-lts-11.0.1+13/src/hotspot/share/prims/jni.cpp, line 615]

Events (10 events):
Event: 0.128 loading class java/io/BufferedReader done
Event: 0.128 loading class sun/nio/cs/StreamDecoder
Event: 0.128 loading class sun/nio/cs/StreamDecoder done
Event: 0.128 loading class sun/nio/cs/UTF_8$Decoder
Event: 0.128 loading class java/nio/charset/CharsetDecoder
Event: 0.128 loading class java/nio/charset/CharsetDecoder done
Event: 0.128 loading class sun/nio/cs/UTF_8$Decoder done
Event: 0.128 Thread 0x00007f9b5419e800 Thread added: 0x00007f9b5419e800
Event: 0.129 Thread 0x00007f9b54011000 Thread exited: 0x00007f9b54011000
Event: 0.129 Thread 0x00007f9b54011000 Thread added: 0x00007f9b54011000


Dynamic libraries:
92e00000-99c00000 rw-p 00000000 00:00 0 
99c00000-ffe00000 ---p 00000000 00:00 0 
ffe00000-ffe34000 rw-p 0111a000 08:02 21370163                           /usr/lib/jvm/java-11-openjdk-amd64/lib/server/classes.jsa
ffe34000-fff00000 rw-p 00000000 00:00 0 
fff00000-fff6a000 rw-p 010b0000 08:02 21370163                           /usr/lib/jvm/java-11-openjdk-amd64/lib/server/classes.jsa
fff6a000-100000000 rw-p 00000000 00:00 0 
800000000-800002000 rwxp 00001000 08:02 21370163                         /usr/lib/jvm/java-11-openjdk-amd64/lib/server/classes.jsa
800002000-8003be000 rw-p 00003000 08:02 21370163                         /usr/lib/jvm/java-11-openjdk-amd64/lib/server/classes.jsa
8003be000-800a9a000 r--p 003bf000 08:02 21370163                         /usr/lib/jvm/java-11-openjdk-amd64/lib/server/classes.jsa
800a9a000-800a9b000 rw-p 00a9b000 08:02 21370163                         /usr/lib/jvm/java-11-openjdk-amd64/lib/server/classes.jsa
800a9b000-8010af000 r--p 00a9c000 08:02 21370163                         /usr/lib/jvm/java-11-openjdk-amd64/lib/server/classes.jsa
840000000-840080000 rw-p 00000000 00:00 0 
840080000-880000000 ---p 00000000 00:00 0 
563f72bfe000-563f72bff000 r--p 00000000 08:02 21238314                   /usr/lib/jvm/java-11-openjdk-amd64/bin/java
563f72bff000-563f72c00000 r-xp 00001000 08:02 21238314                   /usr/lib/jvm/java-11-openjdk-amd64/bin/java
563f72c00000-563f72c01000 r--p 00002000 08:02 21238314                   /usr/lib/jvm/java-11-openjdk-amd64/bin/java
563f72c01000-563f72c02000 r--p 00002000 08:02 21238314                   /usr/lib/jvm/java-11-openjdk-amd64/bin/java
563f72c02000-563f72c03000 rw-p 00003000 08:02 21238314                   /usr/lib/jvm/java-11-openjdk-amd64/bin/java
563f73170000-563f73191000 rw-p 00000000 00:00 0                          [heap]
7f9aec000000-7f9aec021000 rw-p 00000000 00:00 0 
7f9aec021000-7f9af0000000 ---p 00000000 00:00 0 
7f9af4000000-7f9af4021000 rw-p 00000000 00:00 0 
7f9af4021000-7f9af8000000 ---p 00000000 00:00 0 
7f9af8000000-7f9af8021000 rw-p 00000000 00:00 0 
7f9af8021000-7f9afc000000 ---p 00000000 00:00 0 
7f9afc000000-7f9afc021000 rw-p 00000000 00:00 0 
7f9afc021000-7f9b00000000 ---p 00000000 00:00 0 
7f9b00000000-7f9b00021000 rw-p 00000000 00:00 0 
7f9b00021000-7f9b04000000 ---p 00000000 00:00 0 
7f9b04000000-7f9b040fb000 rw-p 00000000 00:00 0 
7f9b040fb000-7f9b08000000 ---p 00000000 00:00 0 
7f9b08000000-7f9b08021000 rw-p 00000000 00:00 0 
7f9b08021000-7f9b0c000000 ---p 00000000 00:00 0 
7f9b0c000000-7f9b0c021000 rw-p 00000000 00:00 0 
7f9b0c021000-7f9b10000000 ---p 00000000 00:00 0 
7f9b10000000-7f9b10169000 rw-p 00000000 00:00 0 
7f9b10169000-7f9b14000000 ---p 00000000 00:00 0 
7f9b14000000-7f9b14021000 rw-p 00000000 00:00 0 
7f9b14021000-7f9b18000000 ---p 00000000 00:00 0 
7f9b18000000-7f9b18021000 rw-p 00000000 00:00 0 
7f9b18021000-7f9b1c000000 ---p 00000000 00:00 0 
7f9b1c000000-7f9b1c021000 rw-p 00000000 00:00 0 
7f9b1c021000-7f9b20000000 ---p 00000000 00:00 0 
7f9b20000000-7f9b20021000 rw-p 00000000 00:00 0 
7f9b20021000-7f9b24000000 ---p 00000000 00:00 0 
7f9b24000000-7f9b24021000 rw-p 00000000 00:00 0 
7f9b24021000-7f9b28000000 ---p 00000000 00:00 0 
7f9b28000000-7f9b28021000 rw-p 00000000 00:00 0 
7f9b28021000-7f9b2c000000 ---p 00000000 00:00 0 
7f9b2d225000-7f9b2e000000 r--p 00000000 08:02 21240392                   /usr/lib/locale/locale-archive
7f9b2e000000-7f9b30000000 rw-p 00000000 00:00 0 
7f9b30000000-7f9b30021000 rw-p 00000000 00:00 0 
7f9b30021000-7f9b34000000 ---p 00000000 00:00 0 
7f9b34970000-7f9b34b28000 rw-p 00000000 00:00 0 
7f9b34b28000-7f9b364b0000 ---p 00000000 00:00 0 
7f9b364b0000-7f9b36670000 rw-p 00000000 00:00 0 
7f9b36670000-7f9b37ff8000 ---p 00000000 00:00 0 
7f9b37ff8000-7f9b38000000 rw-p 00000000 00:00 0 
7f9b38000000-7f9b38021000 rw-p 00000000 00:00 0 
7f9b38021000-7f9b3c000000 ---p 00000000 00:00 0 
7f9b3c479000-7f9b3c47d000 ---p 00000000 00:00 0 
7f9b3c47d000-7f9b3c57a000 rw-p 00000000 00:00 0 
7f9b3c57a000-7f9b3c57e000 ---p 00000000 00:00 0 
7f9b3c57e000-7f9b3c67b000 rw-p 00000000 00:00 0 
7f9b3c67b000-7f9b3c687000 r-xp 00000000 08:02 21243163                   /usr/lib/x86_64-linux-gnu/librxtxSerial.so
7f9b3c687000-7f9b3c786000 ---p 0000c000 08:02 21243163                   /usr/lib/x86_64-linux-gnu/librxtxSerial.so
7f9b3c786000-7f9b3c788000 rw-p 0000b000 08:02 21243163                   /usr/lib/x86_64-linux-gnu/librxtxSerial.so
7f9b3c788000-7f9b3c789000 ---p 00000000 00:00 0 
7f9b3c789000-7f9b3c88a000 rw-p 00000000 00:00 0 
7f9b3c88a000-7f9b3c88e000 ---p 00000000 00:00 0 
7f9b3c88e000-7f9b3c98b000 rw-p 00000000 00:00 0 
7f9b3c98b000-7f9b3cbfb000 rwxp 00000000 00:00 0 
7f9b3cbfb000-7f9b3cf1b000 ---p 00000000 00:00 0 
7f9b3cf1b000-7f9b3d18b000 rwxp 00000000 00:00 0 
7f9b3d18b000-7f9b44453000 ---p 00000000 00:00 0 
7f9b44453000-7f9b446c3000 rwxp 00000000 00:00 0 
7f9b446c3000-7f9b4b98b000 ---p 00000000 00:00 0 
7f9b4b98b000-7f9b54000000 r--s 00000000 08:02 21369972                   /usr/lib/jvm/java-11-openjdk-amd64/lib/modules
7f9b54000000-7f9b541c5000 rw-p 00000000 00:00 0 
7f9b541c5000-7f9b58000000 ---p 00000000 00:00 0 
7f9b5802c000-7f9b58030000 ---p 00000000 00:00 0 
7f9b58030000-7f9b5815e000 rw-p 00000000 00:00 0 
7f9b5815e000-7f9b58162000 r--p 00000000 08:02 21369962                   /usr/lib/jvm/java-11-openjdk-amd64/lib/libnet.so
7f9b58162000-7f9b58171000 r-xp 00004000 08:02 21369962                   /usr/lib/jvm/java-11-openjdk-amd64/lib/libnet.so
7f9b58171000-7f9b58175000 r--p 00013000 08:02 21369962                   /usr/lib/jvm/java-11-openjdk-amd64/lib/libnet.so
7f9b58175000-7f9b58176000 r--p 00016000 08:02 21369962                   /usr/lib/jvm/java-11-openjdk-amd64/lib/libnet.so
7f9b58176000-7f9b58177000 rw-p 00017000 08:02 21369962                   /usr/lib/jvm/java-11-openjdk-amd64/lib/libnet.so
7f9b58177000-7f9b5817e000 r--p 00000000 08:02 21369963                   /usr/lib/jvm/java-11-openjdk-amd64/lib/libnio.so
7f9b5817e000-7f9b58185000 r-xp 00007000 08:02 21369963                   /usr/lib/jvm/java-11-openjdk-amd64/lib/libnio.so
7f9b58185000-7f9b58188000 r--p 0000e000 08:02 21369963                   /usr/lib/jvm/java-11-openjdk-amd64/lib/libnio.so
7f9b58188000-7f9b58189000 r--p 00010000 08:02 21369963                   /usr/lib/jvm/java-11-openjdk-amd64/lib/libnio.so
7f9b58189000-7f9b5818a000 rw-p 00011000 08:02 21369963                   /usr/lib/jvm/java-11-openjdk-amd64/lib/libnio.so
7f9b5818a000-7f9b5818e000 ---p 00000000 00:00 0 
7f9b5818e000-7f9b5828b000 rw-p 00000000 00:00 0 
7f9b5828b000-7f9b5828f000 ---p 00000000 00:00 0 
7f9b5828f000-7f9b5838c000 rw-p 00000000 00:00 0 
7f9b5838c000-7f9b58390000 ---p 00000000 00:00 0 
7f9b58390000-7f9b5848d000 rw-p 00000000 00:00 0 
7f9b5848d000-7f9b58491000 ---p 00000000 00:00 0 
7f9b58491000-7f9b5858e000 rw-p 00000000 00:00 0 
7f9b5858e000-7f9b58592000 ---p 00000000 00:00 0 
7f9b58592000-7f9b5868f000 rw-p 00000000 00:00 0 
7f9b5868f000-7f9b58693000 ---p 00000000 00:00 0 
7f9b58693000-7f9b58790000 rw-p 00000000 00:00 0 
7f9b58790000-7f9b58791000 ---p 00000000 00:00 0 
7f9b58791000-7f9b58dd6000 rw-p 00000000 00:00 0 
7f9b58dd6000-7f9b59196000 ---p 00000000 00:00 0 
7f9b59196000-7f9b591d8000 rw-p 00000000 00:00 0 
7f9b591d8000-7f9b591d9000 ---p 00000000 00:00 0 
7f9b591d9000-7f9b592da000 rw-p 00000000 00:00 0 
7f9b592da000-7f9b592db000 ---p 00000000 00:00 0 
7f9b592db000-7f9b597e0000 rw-p 00000000 00:00 0 
7f9b597e0000-7f9b597e1000 ---p 00000000 00:00 0 
7f9b597e1000-7f9b598e2000 rw-p 00000000 00:00 0 
7f9b598e2000-7f9b598e3000 ---p 00000000 00:00 0 
7f9b598e3000-7f9b59a56000 rw-p 00000000 00:00 0 
7f9b59a56000-7f9b59d87000 ---p 00000000 00:00 0 
7f9b59d87000-7f9b59dbf000 rw-p 00000000 00:00 0 
7f9b59dbf000-7f9b5a0f0000 ---p 00000000 00:00 0 
7f9b5a0f0000-7f9b5a128000 rw-p 00000000 00:00 0 
7f9b5a128000-7f9b5a459000 ---p 00000000 00:00 0 
7f9b5a459000-7f9b5a85e000 rw-p 00000000 00:00 0 
7f9b5a85e000-7f9b5a85f000 ---p 00000000 00:00 0 
7f9b5a85f000-7f9b5a965000 rw-p 00000000 00:00 0 
7f9b5a965000-7f9b5aa4b000 ---p 00000000 00:00 0 
7f9b5aa4b000-7f9b5aa50000 rw-p 00000000 00:00 0 
7f9b5aa50000-7f9b5ab36000 ---p 00000000 00:00 0 
7f9b5ab36000-7f9b5ab3b000 rw-p 00000000 00:00 0 
7f9b5ab3b000-7f9b5ab42000 ---p 00000000 00:00 0 
7f9b5ab42000-7f9b5ab44000 r--p 00000000 08:02 21369954                   /usr/lib/jvm/java-11-openjdk-amd64/lib/libjimage.so
7f9b5ab44000-7f9b5ab47000 r-xp 00002000 08:02 21369954                   /usr/lib/jvm/java-11-openjdk-amd64/lib/libjimage.so
7f9b5ab47000-7f9b5ab49000 r--p 00005000 08:02 21369954                   /usr/lib/jvm/java-11-openjdk-amd64/lib/libjimage.so
7f9b5ab49000-7f9b5ab4a000 r--p 00006000 08:02 21369954                   /usr/lib/jvm/java-11-openjdk-amd64/lib/libjimage.so
7f9b5ab4a000-7f9b5ab4b000 rw-p 00007000 08:02 21369954                   /usr/lib/jvm/java-11-openjdk-amd64/lib/libjimage.so
7f9b5ab4b000-7f9b5ab4e000 r--p 00000000 08:02 15471560                   /lib/x86_64-linux-gnu/libnss_files-2.28.so
7f9b5ab4e000-7f9b5ab55000 r-xp 00003000 08:02 15471560                   /lib/x86_64-linux-gnu/libnss_files-2.28.so
7f9b5ab55000-7f9b5ab58000 r--p 0000a000 08:02 15471560                   /lib/x86_64-linux-gnu/libnss_files-2.28.so
7f9b5ab58000-7f9b5ab59000 r--p 0000c000 08:02 15471560                   /lib/x86_64-linux-gnu/libnss_files-2.28.so
7f9b5ab59000-7f9b5ab5a000 rw-p 0000d000 08:02 15471560                   /lib/x86_64-linux-gnu/libnss_files-2.28.so
7f9b5ab5a000-7f9b5ab60000 rw-p 00000000 00:00 0 
7f9b5ab67000-7f9b5ab69000 r--p 00000000 08:02 21369971                   /usr/lib/jvm/java-11-openjdk-amd64/lib/libzip.so
7f9b5ab69000-7f9b5ab6d000 r-xp 00002000 08:02 21369971                   /usr/lib/jvm/java-11-openjdk-amd64/lib/libzip.so
7f9b5ab6d000-7f9b5ab6f000 r--p 00006000 08:02 21369971                   /usr/lib/jvm/java-11-openjdk-amd64/lib/libzip.so
7f9b5ab6f000-7f9b5ab70000 r--p 00007000 08:02 21369971                   /usr/lib/jvm/java-11-openjdk-amd64/lib/libzip.so
7f9b5ab70000-7f9b5ab71000 rw-p 00008000 08:02 21369971                   /usr/lib/jvm/java-11-openjdk-amd64/lib/libzip.so
7f9b5ab71000-7f9b5ab79000 rw-s 00000000 08:02 1050614                    /tmp/hsperfdata_jay/24177
7f9b5ab79000-7f9b5ab86000 r--p 00000000 08:02 21369950                   /usr/lib/jvm/java-11-openjdk-amd64/lib/libjava.so
7f9b5ab86000-7f9b5ab9d000 r-xp 0000d000 08:02 21369950                   /usr/lib/jvm/java-11-openjdk-amd64/lib/libjava.so
7f9b5ab9d000-7f9b5aba4000 r--p 00024000 08:02 21369950                   /usr/lib/jvm/java-11-openjdk-amd64/lib/libjava.so
7f9b5aba4000-7f9b5aba5000 r--p 0002a000 08:02 21369950                   /usr/lib/jvm/java-11-openjdk-amd64/lib/libjava.so
7f9b5aba5000-7f9b5aba7000 rw-p 0002b000 08:02 21369950                   /usr/lib/jvm/java-11-openjdk-amd64/lib/libjava.so
7f9b5aba7000-7f9b5aba9000 r--p 00000000 08:02 15471610                   /lib/x86_64-linux-gnu/librt-2.28.so
7f9b5aba9000-7f9b5abad000 r-xp 00002000 08:02 15471610                   /lib/x86_64-linux-gnu/librt-2.28.so
7f9b5abad000-7f9b5abaf000 r--p 00006000 08:02 15471610                   /lib/x86_64-linux-gnu/librt-2.28.so
7f9b5abaf000-7f9b5abb0000 r--p 00007000 08:02 15471610                   /lib/x86_64-linux-gnu/librt-2.28.so
7f9b5abb0000-7f9b5abb1000 rw-p 00008000 08:02 15471610                   /lib/x86_64-linux-gnu/librt-2.28.so
7f9b5abb1000-7f9b5abb5000 ---p 00000000 00:00 0 
7f9b5abb5000-7f9b5acb2000 rw-p 00000000 00:00 0 
7f9b5acb2000-7f9b5acb5000 r--p 00000000 08:02 15471507                   /lib/x86_64-linux-gnu/libgcc_s.so.1
7f9b5acb5000-7f9b5acc6000 r-xp 00003000 08:02 15471507                   /lib/x86_64-linux-gnu/libgcc_s.so.1
7f9b5acc6000-7f9b5acc9000 r--p 00014000 08:02 15471507                   /lib/x86_64-linux-gnu/libgcc_s.so.1
7f9b5acc9000-7f9b5acca000 ---p 00017000 08:02 15471507                   /lib/x86_64-linux-gnu/libgcc_s.so.1
7f9b5acca000-7f9b5accb000 r--p 00017000 08:02 15471507                   /lib/x86_64-linux-gnu/libgcc_s.so.1
7f9b5accb000-7f9b5accc000 rw-p 00018000 08:02 15471507                   /lib/x86_64-linux-gnu/libgcc_s.so.1
7f9b5accc000-7f9b5acd9000 r--p 00000000 08:02 15471533                   /lib/x86_64-linux-gnu/libm-2.28.so
7f9b5acd9000-7f9b5ad84000 r-xp 0000d000 08:02 15471533                   /lib/x86_64-linux-gnu/libm-2.28.so
7f9b5ad84000-7f9b5ae57000 r--p 000b8000 08:02 15471533                   /lib/x86_64-linux-gnu/libm-2.28.so
7f9b5ae57000-7f9b5ae58000 r--p 0018a000 08:02 15471533                   /lib/x86_64-linux-gnu/libm-2.28.so
7f9b5ae58000-7f9b5ae59000 rw-p 0018b000 08:02 15471533                   /lib/x86_64-linux-gnu/libm-2.28.so
7f9b5ae59000-7f9b5aee2000 r--p 00000000 08:02 21242280                   /usr/lib/x86_64-linux-gnu/libstdc++.so.6.0.25
7f9b5aee2000-7f9b5af95000 r-xp 00089000 08:02 21242280                   /usr/lib/x86_64-linux-gnu/libstdc++.so.6.0.25
7f9b5af95000-7f9b5afd3000 r--p 0013c000 08:02 21242280                   /usr/lib/x86_64-linux-gnu/libstdc++.so.6.0.25
7f9b5afd3000-7f9b5afdd000 r--p 00179000 08:02 21242280                   /usr/lib/x86_64-linux-gnu/libstdc++.so.6.0.25
7f9b5afdd000-7f9b5afdf000 rw-p 00183000 08:02 21242280                   /usr/lib/x86_64-linux-gnu/libstdc++.so.6.0.25
7f9b5afdf000-7f9b5afe3000 rw-p 00000000 00:00 0 
7f9b5afe3000-7f9b5b270000 r--p 00000000 08:02 21369977                   /usr/lib/jvm/java-11-openjdk-amd64/lib/server/libjvm.so
7f9b5b270000-7f9b5bdb2000 r-xp 0028d000 08:02 21369977                   /usr/lib/jvm/java-11-openjdk-amd64/lib/server/libjvm.so
7f9b5bdb2000-7f9b5bff9000 r--p 00dcf000 08:02 21369977                   /usr/lib/jvm/java-11-openjdk-amd64/lib/server/libjvm.so
7f9b5bff9000-7f9b5c0c1000 r--p 01015000 08:02 21369977                   /usr/lib/jvm/java-11-openjdk-amd64/lib/server/libjvm.so
7f9b5c0c1000-7f9b5c0fb000 rw-p 010dd000 08:02 21369977                   /usr/lib/jvm/java-11-openjdk-amd64/lib/server/libjvm.so
7f9b5c0fb000-7f9b5c152000 rw-p 00000000 00:00 0 
7f9b5c152000-7f9b5c158000 r--p 00000000 08:02 15471602                   /lib/x86_64-linux-gnu/libpthread-2.28.so
7f9b5c158000-7f9b5c167000 r-xp 00006000 08:02 15471602                   /lib/x86_64-linux-gnu/libpthread-2.28.so
7f9b5c167000-7f9b5c16d000 r--p 00015000 08:02 15471602                   /lib/x86_64-linux-gnu/libpthread-2.28.so
7f9b5c16d000-7f9b5c16e000 r--p 0001a000 08:02 15471602                   /lib/x86_64-linux-gnu/libpthread-2.28.so
7f9b5c16e000-7f9b5c16f000 rw-p 0001b000 08:02 15471602                   /lib/x86_64-linux-gnu/libpthread-2.28.so
7f9b5c16f000-7f9b5c173000 rw-p 00000000 00:00 0 
7f9b5c173000-7f9b5c174000 r--p 00000000 08:02 15471493                   /lib/x86_64-linux-gnu/libdl-2.28.so
7f9b5c174000-7f9b5c176000 r-xp 00001000 08:02 15471493                   /lib/x86_64-linux-gnu/libdl-2.28.so
7f9b5c176000-7f9b5c177000 r--p 00003000 08:02 15471493                   /lib/x86_64-linux-gnu/libdl-2.28.so
7f9b5c177000-7f9b5c178000 r--p 00003000 08:02 15471493                   /lib/x86_64-linux-gnu/libdl-2.28.so
7f9b5c178000-7f9b5c179000 rw-p 00004000 08:02 15471493                   /lib/x86_64-linux-gnu/libdl-2.28.so
7f9b5c179000-7f9b5c195000 r-xp 00000000 08:02 15471641                   /lib/x86_64-linux-gnu/libz.so.1.2.11
7f9b5c195000-7f9b5c394000 ---p 0001c000 08:02 15471641                   /lib/x86_64-linux-gnu/libz.so.1.2.11
7f9b5c394000-7f9b5c395000 r--p 0001b000 08:02 15471641                   /lib/x86_64-linux-gnu/libz.so.1.2.11
7f9b5c395000-7f9b5c396000 rw-p 0001c000 08:02 15471641                   /lib/x86_64-linux-gnu/libz.so.1.2.11
7f9b5c396000-7f9b5c3b8000 r--p 00000000 08:02 15471472                   /lib/x86_64-linux-gnu/libc-2.28.so
7f9b5c3b8000-7f9b5c529000 r-xp 00022000 08:02 15471472                   /lib/x86_64-linux-gnu/libc-2.28.so
7f9b5c529000-7f9b5c575000 r--p 00193000 08:02 15471472                   /lib/x86_64-linux-gnu/libc-2.28.so
7f9b5c575000-7f9b5c576000 ---p 001df000 08:02 15471472                   /lib/x86_64-linux-gnu/libc-2.28.so
7f9b5c576000-7f9b5c57a000 r--p 001df000 08:02 15471472                   /lib/x86_64-linux-gnu/libc-2.28.so
7f9b5c57a000-7f9b5c57c000 rw-p 001e3000 08:02 15471472                   /lib/x86_64-linux-gnu/libc-2.28.so
7f9b5c57c000-7f9b5c580000 rw-p 00000000 00:00 0 
7f9b5c586000-7f9b5c587000 ---p 00000000 00:00 0 
7f9b5c587000-7f9b5c588000 r--p 00000000 00:00 0 
7f9b5c588000-7f9b5c58d000 r--p 00000000 08:02 21369970                   /usr/lib/jvm/java-11-openjdk-amd64/lib/libverify.so
7f9b5c58d000-7f9b5c594000 r-xp 00005000 08:02 21369970                   /usr/lib/jvm/java-11-openjdk-amd64/lib/libverify.so
7f9b5c594000-7f9b5c596000 r--p 0000c000 08:02 21369970                   /usr/lib/jvm/java-11-openjdk-amd64/lib/libverify.so
7f9b5c596000-7f9b5c598000 r--p 0000d000 08:02 21369970                   /usr/lib/jvm/java-11-openjdk-amd64/lib/libverify.so
7f9b5c598000-7f9b5c599000 rw-p 0000f000 08:02 21369970                   /usr/lib/jvm/java-11-openjdk-amd64/lib/libverify.so
7f9b5c599000-7f9b5c59c000 r--p 00000000 08:02 21369935                   /usr/lib/jvm/java-11-openjdk-amd64/lib/jli/libjli.so
7f9b5c59c000-7f9b5c5a6000 r-xp 00003000 08:02 21369935                   /usr/lib/jvm/java-11-openjdk-amd64/lib/jli/libjli.so
7f9b5c5a6000-7f9b5c5a9000 r--p 0000d000 08:02 21369935                   /usr/lib/jvm/java-11-openjdk-amd64/lib/jli/libjli.so
7f9b5c5a9000-7f9b5c5aa000 r--p 0000f000 08:02 21369935                   /usr/lib/jvm/java-11-openjdk-amd64/lib/jli/libjli.so
7f9b5c5aa000-7f9b5c5ab000 rw-p 00010000 08:02 21369935                   /usr/lib/jvm/java-11-openjdk-amd64/lib/jli/libjli.so
7f9b5c5ab000-7f9b5c5ad000 rw-p 00000000 00:00 0 
7f9b5c5ad000-7f9b5c5ae000 r--p 00000000 08:02 15471446                   /lib/x86_64-linux-gnu/ld-2.28.so
7f9b5c5ae000-7f9b5c5ce000 r-xp 00001000 08:02 15471446                   /lib/x86_64-linux-gnu/ld-2.28.so
7f9b5c5ce000-7f9b5c5d6000 r--p 00021000 08:02 15471446                   /lib/x86_64-linux-gnu/ld-2.28.so
7f9b5c5d6000-7f9b5c5d7000 r--p 00028000 08:02 15471446                   /lib/x86_64-linux-gnu/ld-2.28.so
7f9b5c5d7000-7f9b5c5d8000 rw-p 00029000 08:02 15471446                   /lib/x86_64-linux-gnu/ld-2.28.so
7f9b5c5d8000-7f9b5c5d9000 rw-p 00000000 00:00 0 
7ffedef2e000-7ffedef4f000 rw-p 00000000 00:00 0                          [stack]
7ffedefe6000-7ffedefe9000 r--p 00000000 00:00 0                          [vvar]
7ffedefe9000-7ffedefeb000 r-xp 00000000 00:00 0                          [vdso]
ffffffffff600000-ffffffffff601000 r-xp 00000000 00:00 0                  [vsyscall]


VM Arguments:
jvm_args: -Dfile.encoding=UTF-8 --module-path=/mnt/2E521095521063BD/JavaPractice/Cashier/build/classes 
java_command: SerialTest
java_class_path (initial): /mnt/2E521095521063BD/JavaPractice/Cashier/lib/absolutelayout/AbsoluteLayout.jar:/mnt/2E521095521063BD/JavaPractice/Cashier/lib/RXTXcomm.jar:/mnt/2E521095521063BD/downloads/sqlite-jdbc-3.23.1.jar:/mnt/2E521095521063BD/JavaPractice/Cashier/lib/x86_64-unknown-linux-gnu:/mnt/2E521095521063BD/JavaPractice/Cashier/build/classes
Launcher Type: SUN_STANDARD

[Global flags]
     intx CICompilerCount                          = 3                                         {product} {ergonomic}
     uint ConcGCThreads                            = 1                                         {product} {ergonomic}
     uint G1ConcRefinementThreads                  = 4                                         {product} {ergonomic}
   size_t G1HeapRegionSize                         = 1048576                                   {product} {ergonomic}
    uintx GCDrainStackTargetSize                   = 64                                        {product} {ergonomic}
   size_t InitialHeapSize                          = 115343360                                 {product} {ergonomic}
   size_t MarkStackSize                            = 4194304                                   {product} {ergonomic}
   size_t MaxHeapSize                              = 1830813696                                {product} {ergonomic}
   size_t MaxNewSize                               = 1097859072                                {product} {ergonomic}
   size_t MinHeapDeltaBytes                        = 1048576                                   {product} {ergonomic}
    uintx NonNMethodCodeHeapSize                   = 5830092                                {pd product} {ergonomic}
    uintx NonProfiledCodeHeapSize                  = 122914074                              {pd product} {ergonomic}
    uintx ProfiledCodeHeapSize                     = 122914074                              {pd product} {ergonomic}
    uintx ReservedCodeCacheSize                    = 251658240                              {pd product} {ergonomic}
     bool SegmentedCodeCache                       = true                                      {product} {ergonomic}
     bool UseCompressedClassPointers               = true                                 {lp64_product} {ergonomic}
     bool UseCompressedOops                        = true                                 {lp64_product} {ergonomic}
     bool UseG1GC                                  = true                                      {product} {ergonomic}

Logging:
Log output configuration:
 #0: stdout all=warning uptime,level,tags
 #1: stderr all=off uptime,level,tags

Environment Variables:
PATH=/usr/local/sbin:/usr/local/bin:/usr/sbin:/usr/bin:/sbin:/bin:/usr/games:/usr/local/games:/snap/bin
USERNAME=jay
SHELL=/usr/bin/zsh
DISPLAY=:0

Signal Handlers:
SIGSEGV: [libjvm.so+0xd54fa0], sa_mask[0]=11111111011111111101111111111110, sa_flags=SA_RESTART|SA_SIGINFO
SIGBUS: [libjvm.so+0xd54fa0], sa_mask[0]=11111111011111111101111111111110, sa_flags=SA_RESTART|SA_SIGINFO
SIGFPE: [libjvm.so+0xd54fa0], sa_mask[0]=11111111011111111101111111111110, sa_flags=SA_RESTART|SA_SIGINFO
SIGPIPE: [libjvm.so+0xb5d0d0], sa_mask[0]=11111111011111111101111111111110, sa_flags=SA_RESTART|SA_SIGINFO
SIGXFSZ: [libjvm.so+0xb5d0d0], sa_mask[0]=11111111011111111101111111111110, sa_flags=SA_RESTART|SA_SIGINFO
SIGILL: [libjvm.so+0xd54fa0], sa_mask[0]=11111111011111111101111111111110, sa_flags=SA_RESTART|SA_SIGINFO
SIGUSR2: [libjvm.so+0xb5cf60], sa_mask[0]=00100000000000000000000000000000, sa_flags=SA_RESTART|SA_SIGINFO
SIGHUP: [libjvm.so+0xb5d4d0], sa_mask[0]=11111111011111111101111111111110, sa_flags=SA_RESTART|SA_SIGINFO
SIGINT: SIG_IGN, sa_mask[0]=00000000000000000000000000000000, sa_flags=none
SIGTERM: [libjvm.so+0xb5d4d0], sa_mask[0]=11111111011111111101111111111110, sa_flags=SA_RESTART|SA_SIGINFO
SIGQUIT: [libjvm.so+0xb5d4d0], sa_mask[0]=11111111011111111101111111111110, sa_flags=SA_RESTART|SA_SIGINFO


---------------  S Y S T E M  ---------------

OS:DISTRIB_ID=Ubuntu
DISTRIB_RELEASE=18.10
DISTRIB_CODENAME=cosmic
DISTRIB_DESCRIPTION="Ubuntu 18.10"
uname:Linux 4.18.0-13-generic #14-Ubuntu SMP Wed Dec 5 09:04:24 UTC 2018 x86_64
libc:glibc 2.28 NPTL 2.28 
rlimit: STACK 8192k, CORE 0k, NPROC 27226, NOFILE 1048576, AS infinity, DATA infinity, FSIZE infinity
load average:0.57 0.59 0.56

/proc/meminfo:
MemTotal:        7147368 kB
MemFree:         1072864 kB
MemAvailable:    2812520 kB
Buffers:          436032 kB
Cached:          1403724 kB
SwapCached:          328 kB
Active:          3972484 kB
Inactive:        1298900 kB
Active(anon):    2870288 kB
Inactive(anon):   617008 kB
Active(file):    1102196 kB
Inactive(file):   681892 kB
Unevictable:          80 kB
Mlocked:              80 kB
SwapTotal:       2097148 kB
SwapFree:        2095100 kB
Dirty:               548 kB
Writeback:             0 kB
AnonPages:       3431588 kB
Mapped:           521120 kB
Shmem:             55664 kB
Slab:             394456 kB
SReclaimable:     258488 kB
SUnreclaim:       135968 kB
KernelStack:       18304 kB
PageTables:        55312 kB
NFS_Unstable:          0 kB
Bounce:                0 kB
WritebackTmp:          0 kB
CommitLimit:     5670832 kB
Committed_AS:   13121920 kB
VmallocTotal:   34359738367 kB
VmallocUsed:           0 kB
VmallocChunk:          0 kB
HardwareCorrupted:     0 kB
AnonHugePages:      2048 kB
ShmemHugePages:        0 kB
ShmemPmdMapped:        0 kB
CmaTotal:              0 kB
CmaFree:               0 kB
HugePages_Total:       0
HugePages_Free:        0
HugePages_Rsvd:        0
HugePages_Surp:        0
Hugepagesize:       2048 kB
Hugetlb:               0 kB
DirectMap4k:      767076 kB
DirectMap2M:     6520832 kB
DirectMap1G:     1048576 kB


/proc/sys/kernel/threads-max (system-wide limit on the number of threads):
54452


/proc/sys/vm/max_map_count (maximum number of memory map areas a process may have):
65530


/proc/sys/kernel/pid_max (system-wide limit on number of process identifiers):
32768


container (cgroup) information:
container_type: cgroupv1
cpu_cpuset_cpus: 0-3
cpu_memory_nodes: 0
active_processor_count: 4
cpu_quota: -1
cpu_period: 100000
cpu_shares: -1
memory_limit_in_bytes: -1
memory_and_swap_limit_in_bytes: -2
memory_soft_limit_in_bytes: -1
memory_usage_in_bytes: 4154974208
memory_max_usage_in_bytes: 5128589312


CPU:total 4 (initial active 4) (4 cores per cpu, 1 threads per core) family 23 model 17 stepping 0, cmov, cx8, fxsr, mmx, sse, sse2, sse3, ssse3, sse4.1, sse4.2, popcnt, avx, avx2, aes, clmul, mmxext, 3dnowpref, lzcnt, sse4a, tsc, tscinvbit, tscinv, bmi1, bmi2, adx, sha, fma
CPU Model and flags from /proc/cpuinfo:
model name	: AMD Ryzen 3 2200G with Radeon Vega Graphics
flags		: fpu vme de pse tsc msr pae mce cx8 apic sep mtrr pge mca cmov pat pse36 clflush mmx fxsr sse sse2 ht syscall nx mmxext fxsr_opt pdpe1gb rdtscp lm constant_tsc rep_good nopl nonstop_tsc cpuid extd_apicid aperfmperf pni pclmulqdq monitor ssse3 fma cx16 sse4_1 sse4_2 movbe popcnt aes xsave avx f16c rdrand lahf_lm cmp_legacy svm extapic cr8_legacy abm sse4a misalignsse 3dnowprefetch osvw skinit wdt tce topoext perfctr_core perfctr_nb bpext perfctr_llc mwaitx hw_pstate sme ssbd sev ibpb vmmcall fsgsbase bmi1 avx2 smep bmi2 rdseed adx smap clflushopt sha_ni xsaveopt xsavec xgetbv1 xsaves clzero irperf xsaveerptr arat npt lbrv svm_lock nrip_save tsc_scale vmcb_clean flushbyasid decodeassists pausefilter pfthreshold avic v_vmsave_vmload vgif overflow_recov succor smca

Memory: 4k page, physical 7147368k(1072616k free), swap 2097148k(2095100k free)

vm_info: OpenJDK 64-Bit Server VM (11.0.1+13-Ubuntu-2ubuntu1) for linux-amd64 JRE (11.0.1+13-Ubuntu-2ubuntu1), built on Oct 22 2018 18:46:28 by "buildd" with gcc 8.2.0

END.
