#
# A fatal error has been detected by the Java Runtime Environment:
#
#  SIGSEGV (0xb) at pc=0x00007fb14a418462, pid=21226, tid=21247
#
# JRE version: OpenJDK Runtime Environment (11.0.1+13) (build 11.0.1+13-Ubuntu-2ubuntu1)
# Java VM: OpenJDK 64-Bit Server VM (11.0.1+13-Ubuntu-2ubuntu1, mixed mode, sharing, tiered, compressed oops, g1 gc, linux-amd64)
# Problematic frame:
# C  [librxtxSerial.so+0x6462]  read_byte_array+0x52
#
# Core dump will be written. Default location: Core dumps may be processed with "/usr/share/apport/apport %p %s %c %d %P" (or dumping to /mnt/2E521095521063BD/JavaPractice/Cashier/core.21226)
#
# If you would like to submit a bug report, please visit:
#   http://bugreport.java.com/bugreport/crash.jsp
# The crash happened outside the Java Virtual Machine in native code.
# See problematic frame for where to report the bug.
#

---------------  S U M M A R Y ------------

Command Line: -Dfile.encoding=UTF-8 --module-path=/mnt/2E521095521063BD/JavaPractice/Cashier/build/classes SerialTest

Host: AMD Ryzen 3 2200G with Radeon Vega Graphics, 4 cores, 6G, Ubuntu 18.10
Time: Tue Jan 22 09:41:40 2019 PST elapsed time: 3 seconds (0d 0h 0m 3s)

---------------  T H R E A D  ---------------

Current thread (0x00007fb17818f000):  JavaThread "Thread-0" [_thread_in_native, id=21247, stack(0x00007fb14a311000,0x00007fb14a412000)]

Stack: [0x00007fb14a311000,0x00007fb14a412000],  sp=0x00007fb14a40faf0,  free space=1018k
Native frames: (J=compiled Java code, A=aot compiled Java code, j=interpreted, Vv=VM code, C=native code)
C  [librxtxSerial.so+0x6462]  read_byte_array+0x52

Java frames: (J=compiled Java code, j=interpreted, Vv=VM code)
j  gnu.io.RXTXPort.readArray([BII)I+0
j  gnu.io.RXTXPort$SerialInputStream.read([BII)I+187
j  sun.nio.cs.StreamDecoder.readBytes()I+135 java.base@11.0.1
j  sun.nio.cs.StreamDecoder.implRead([CII)I+112 java.base@11.0.1
j  sun.nio.cs.StreamDecoder.read([CII)I+180 java.base@11.0.1
j  java.io.InputStreamReader.read([CII)I+7 java.base@11.0.1
j  java.io.BufferedReader.fill()V+145 java.base@11.0.1
j  java.io.BufferedReader.readLine(Z)Ljava/lang/String;+44 java.base@11.0.1
j  java.io.BufferedReader.readLine()Ljava/lang/String;+2 java.base@11.0.1
j  SerialTest.serialEvent(Lgnu/io/SerialPortEvent;)V+12
j  gnu.io.RXTXPort.sendEvent(IZ)Z+382
v  ~StubRoutines::call_stub
j  gnu.io.RXTXPort.eventLoop()V+0
j  gnu.io.RXTXPort$MonitorThread.run()V+12
v  ~StubRoutines::call_stub

siginfo: si_signo: 11 (SIGSEGV), si_code: 1 (SEGV_MAPERR), si_addr: 0x000000004a410778

Register to memory mapping:

RAX=0x000000004a410770 is an unknown value
RBX=0xffffffffffffffff is an unknown value
RCX=0x0000000000000001 is an unknown value
RDX=0x00007fb17f78fb80: <offset 0x00000000004a8b80> in /usr/lib/jvm/java-11-openjdk-amd64/lib/server/libjvm.so at 0x00007fb17f2e7000
RSP=0x00007fb14a40faf0 is pointing into the stack for thread: 0x00007fb17818f000
RBP=0x00007fb17818f340 points into unknown readable memory
RSI=0x00007fb14a41be30: <offset 0x0000000000009e30> in /usr/lib/x86_64-linux-gnu/librxtxSerial.so at 0x00007fb14a412000
RDI=0x00007fb14a41bd3e: <offset 0x0000000000009d3e> in /usr/lib/x86_64-linux-gnu/librxtxSerial.so at 0x00007fb14a412000
R8 =0x00007fb14bc143f8 is pointing into metadata
R9 =0x0000000099901de0 is an oop
gnu.io.RXTXPort 
{0x0000000099901de0} - klass: 'gnu/io/RXTXPort'
R10=0x0000000000000006 is an unknown value
R11=0x00007fb18042da0c: <offset 0x0000000001146a0c> in /usr/lib/jvm/java-11-openjdk-amd64/lib/server/libjvm.so at 0x00007fb17f2e7000
R12=0x00000000ffffffff is an unallocated location in the heap
R13=0x0 is NULL
R14=0x0000000000000007 is an unknown value
R15=0x0 is NULL


Registers:
RAX=0x000000004a410770, RBX=0xffffffffffffffff, RCX=0x0000000000000001, RDX=0x00007fb17f78fb80
RSP=0x00007fb14a40faf0, RBP=0x00007fb17818f340, RSI=0x00007fb14a41be30, RDI=0x00007fb14a41bd3e
R8 =0x00007fb14bc143f8, R9 =0x0000000099901de0, R10=0x0000000000000006, R11=0x00007fb18042da0c
R12=0x00000000ffffffff, R13=0x0000000000000000, R14=0x0000000000000007, R15=0x0000000000000000
RIP=0x00007fb14a418462, EFLAGS=0x0000000000010206, CSGSFS=0x002b000000000033, ERR=0x0000000000000004
  TRAPNO=0x000000000000000e

Top of Stack: (sp=0x00007fb14a40faf0)
0x00007fb14a40faf0:   0000000000000000 0000000000000000
0x00007fb14a40fb00:   00007fb14a40fb40 0000000000002000
0x00007fb14a40fb10:   00007fb14a40fb50 000000004a410770
0x00007fb14a40fb20:   0000000000000007 0000000000000000 

Instructions: (pc=0x00007fb14a418462)
0x00007fb14a418442:   89 44 24 4c 48 c7 44 24 40 00 00 00 00 48 c7 44
0x00007fb14a418452:   24 38 00 00 00 00 e8 53 d7 ff ff 48 89 44 24 28
0x00007fb14a418462:   8b 40 08 45 85 e4 48 8b 54 24 28 44 8b 7c 24 4c
0x00007fb14a418472:   89 44 24 34 c7 42 08 00 00 00 00 78 0c 31 c0 e8 


---------------  P R O C E S S  ---------------

Threads class SMR info:
_java_thread_list=0x00007fb17818da60, length=11, elements={
0x00007fb1780f4800, 0x00007fb1780f6800, 0x00007fb1780fc000, 0x00007fb1780fe800,
0x00007fb178100800, 0x00007fb178102800, 0x00007fb17811a000, 0x00007fb178150800,
0x00007fb17818f000, 0x00007fb178190000, 0x00007fb178011000
}

Java Threads: ( => current thread )
  0x00007fb1780f4800 JavaThread "Reference Handler" daemon [_thread_blocked, id=21238, stack(0x00007fb1583b7000,0x00007fb1584b8000)]
  0x00007fb1780f6800 JavaThread "Finalizer" daemon [_thread_blocked, id=21239, stack(0x00007fb1582b6000,0x00007fb1583b7000)]
  0x00007fb1780fc000 JavaThread "Signal Dispatcher" daemon [_thread_blocked, id=21240, stack(0x00007fb1581b5000,0x00007fb1582b6000)]
  0x00007fb1780fe800 JavaThread "C2 CompilerThread0" daemon [_thread_blocked, id=21241, stack(0x00007fb1580b4000,0x00007fb1581b5000)]
  0x00007fb178100800 JavaThread "C1 CompilerThread0" daemon [_thread_blocked, id=21242, stack(0x00007fb14a924000,0x00007fb14aa25000)]
  0x00007fb178102800 JavaThread "Sweeper thread" daemon [_thread_blocked, id=21243, stack(0x00007fb14a823000,0x00007fb14a924000)]
  0x00007fb17811a000 JavaThread "Common-Cleaner" daemon [_thread_blocked, id=21244, stack(0x00007fb14a722000,0x00007fb14a823000)]
  0x00007fb178150800 JavaThread "Service Thread" daemon [_thread_blocked, id=21245, stack(0x00007fb14a621000,0x00007fb14a722000)]
=>0x00007fb17818f000 JavaThread "Thread-0" [_thread_in_native, id=21247, stack(0x00007fb14a311000,0x00007fb14a412000)]
  0x00007fb178190000 JavaThread "Thread-1" [_thread_blocked, id=21248, stack(0x00007fb14a210000,0x00007fb14a311000)]
  0x00007fb178011000 JavaThread "DestroyJavaVM" [_thread_blocked, id=21230, stack(0x00007fb17eeb5000,0x00007fb17efb6000)]

Other Threads:
  0x00007fb1780f2000 VMThread "VM Thread" [stack: 0x00007fb1600a5000,0x00007fb1601a5000] [id=21237]
  0x00007fb178152800 WatcherThread [stack: 0x00007fb14a521000,0x00007fb14a621000] [id=21246]
  0x00007fb178026800 GCTaskThread "GC Thread#0" [stack: 0x00007fb17eb64000,0x00007fb17ec64000] [id=21231]
  0x00007fb178052800 ConcurrentGCThread "G1 Main Marker" [stack: 0x00007fb17c0a0000,0x00007fb17c1a0000] [id=21232]
  0x00007fb178054800 ConcurrentGCThread "G1 Conc#0" [stack: 0x00007fb16088b000,0x00007fb16098b000] [id=21233]
  0x00007fb1780c0800 ConcurrentGCThread "G1 Refine#0" [stack: 0x00007fb160385000,0x00007fb160485000] [id=21235]
  0x00007fb1780c2800 ConcurrentGCThread "G1 Young RemSet Sampling" [stack: 0x00007fb160283000,0x00007fb160383000] [id=21236]

Threads with active compile tasks:

VM state:not at safepoint (normal execution)

VM Mutex/Monitor currently owned by a thread: None

Heap address: 0x0000000092e00000, size: 1746 MB, Compressed Oops mode: 32-bit
Narrow klass base: 0x0000000800000000, Narrow klass shift: 3
Compressed class space size: 1073741824 Address: 0x0000000840000000

Heap:
 garbage-first heap   total 114688K, used 2680K [0x0000000092e00000, 0x0000000100000000)
  region size 1024K, 3 young (3072K), 0 survivors (0K)
 Metaspace       used 848K, capacity 4716K, committed 4864K, reserved 1056768K
  class space    used 85K, capacity 444K, committed 512K, reserved 1048576K
Heap Regions: E=young(eden), S=young(survivor), O=old, HS=humongous(starts), HC=humongous(continues), CS=collection set, F=free, A=archive, TAMS=top-at-mark-start (previous, next)
|   0|0x0000000092e00000, 0x0000000092e00000, 0x0000000092f00000|  0%| F|  |TAMS 0x0000000092e00000, 0x0000000092e00000| Untracked 
|   1|0x0000000092f00000, 0x0000000092f00000, 0x0000000093000000|  0%| F|  |TAMS 0x0000000092f00000, 0x0000000092f00000| Untracked 
|   2|0x0000000093000000, 0x0000000093000000, 0x0000000093100000|  0%| F|  |TAMS 0x0000000093000000, 0x0000000093000000| Untracked 
|   3|0x0000000093100000, 0x0000000093100000, 0x0000000093200000|  0%| F|  |TAMS 0x0000000093100000, 0x0000000093100000| Untracked 
|   4|0x0000000093200000, 0x0000000093200000, 0x0000000093300000|  0%| F|  |TAMS 0x0000000093200000, 0x0000000093200000| Untracked 
|   5|0x0000000093300000, 0x0000000093300000, 0x0000000093400000|  0%| F|  |TAMS 0x0000000093300000, 0x0000000093300000| Untracked 
|   6|0x0000000093400000, 0x0000000093400000, 0x0000000093500000|  0%| F|  |TAMS 0x0000000093400000, 0x0000000093400000| Untracked 
|   7|0x0000000093500000, 0x0000000093500000, 0x0000000093600000|  0%| F|  |TAMS 0x0000000093500000, 0x0000000093500000| Untracked 
|   8|0x0000000093600000, 0x0000000093600000, 0x0000000093700000|  0%| F|  |TAMS 0x0000000093600000, 0x0000000093600000| Untracked 
|   9|0x0000000093700000, 0x0000000093700000, 0x0000000093800000|  0%| F|  |TAMS 0x0000000093700000, 0x0000000093700000| Untracked 
|  10|0x0000000093800000, 0x0000000093800000, 0x0000000093900000|  0%| F|  |TAMS 0x0000000093800000, 0x0000000093800000| Untracked 
|  11|0x0000000093900000, 0x0000000093900000, 0x0000000093a00000|  0%| F|  |TAMS 0x0000000093900000, 0x0000000093900000| Untracked 
|  12|0x0000000093a00000, 0x0000000093a00000, 0x0000000093b00000|  0%| F|  |TAMS 0x0000000093a00000, 0x0000000093a00000| Untracked 
|  13|0x0000000093b00000, 0x0000000093b00000, 0x0000000093c00000|  0%| F|  |TAMS 0x0000000093b00000, 0x0000000093b00000| Untracked 
|  14|0x0000000093c00000, 0x0000000093c00000, 0x0000000093d00000|  0%| F|  |TAMS 0x0000000093c00000, 0x0000000093c00000| Untracked 
|  15|0x0000000093d00000, 0x0000000093d00000, 0x0000000093e00000|  0%| F|  |TAMS 0x0000000093d00000, 0x0000000093d00000| Untracked 
|  16|0x0000000093e00000, 0x0000000093e00000, 0x0000000093f00000|  0%| F|  |TAMS 0x0000000093e00000, 0x0000000093e00000| Untracked 
|  17|0x0000000093f00000, 0x0000000093f00000, 0x0000000094000000|  0%| F|  |TAMS 0x0000000093f00000, 0x0000000093f00000| Untracked 
|  18|0x0000000094000000, 0x0000000094000000, 0x0000000094100000|  0%| F|  |TAMS 0x0000000094000000, 0x0000000094000000| Untracked 
|  19|0x0000000094100000, 0x0000000094100000, 0x0000000094200000|  0%| F|  |TAMS 0x0000000094100000, 0x0000000094100000| Untracked 
|  20|0x0000000094200000, 0x0000000094200000, 0x0000000094300000|  0%| F|  |TAMS 0x0000000094200000, 0x0000000094200000| Untracked 
|  21|0x0000000094300000, 0x0000000094300000, 0x0000000094400000|  0%| F|  |TAMS 0x0000000094300000, 0x0000000094300000| Untracked 
|  22|0x0000000094400000, 0x0000000094400000, 0x0000000094500000|  0%| F|  |TAMS 0x0000000094400000, 0x0000000094400000| Untracked 
|  23|0x0000000094500000, 0x0000000094500000, 0x0000000094600000|  0%| F|  |TAMS 0x0000000094500000, 0x0000000094500000| Untracked 
|  24|0x0000000094600000, 0x0000000094600000, 0x0000000094700000|  0%| F|  |TAMS 0x0000000094600000, 0x0000000094600000| Untracked 
|  25|0x0000000094700000, 0x0000000094700000, 0x0000000094800000|  0%| F|  |TAMS 0x0000000094700000, 0x0000000094700000| Untracked 
|  26|0x0000000094800000, 0x0000000094800000, 0x0000000094900000|  0%| F|  |TAMS 0x0000000094800000, 0x0000000094800000| Untracked 
|  27|0x0000000094900000, 0x0000000094900000, 0x0000000094a00000|  0%| F|  |TAMS 0x0000000094900000, 0x0000000094900000| Untracked 
|  28|0x0000000094a00000, 0x0000000094a00000, 0x0000000094b00000|  0%| F|  |TAMS 0x0000000094a00000, 0x0000000094a00000| Untracked 
|  29|0x0000000094b00000, 0x0000000094b00000, 0x0000000094c00000|  0%| F|  |TAMS 0x0000000094b00000, 0x0000000094b00000| Untracked 
|  30|0x0000000094c00000, 0x0000000094c00000, 0x0000000094d00000|  0%| F|  |TAMS 0x0000000094c00000, 0x0000000094c00000| Untracked 
|  31|0x0000000094d00000, 0x0000000094d00000, 0x0000000094e00000|  0%| F|  |TAMS 0x0000000094d00000, 0x0000000094d00000| Untracked 
|  32|0x0000000094e00000, 0x0000000094e00000, 0x0000000094f00000|  0%| F|  |TAMS 0x0000000094e00000, 0x0000000094e00000| Untracked 
|  33|0x0000000094f00000, 0x0000000094f00000, 0x0000000095000000|  0%| F|  |TAMS 0x0000000094f00000, 0x0000000094f00000| Untracked 
|  34|0x0000000095000000, 0x0000000095000000, 0x0000000095100000|  0%| F|  |TAMS 0x0000000095000000, 0x0000000095000000| Untracked 
|  35|0x0000000095100000, 0x0000000095100000, 0x0000000095200000|  0%| F|  |TAMS 0x0000000095100000, 0x0000000095100000| Untracked 
|  36|0x0000000095200000, 0x0000000095200000, 0x0000000095300000|  0%| F|  |TAMS 0x0000000095200000, 0x0000000095200000| Untracked 
|  37|0x0000000095300000, 0x0000000095300000, 0x0000000095400000|  0%| F|  |TAMS 0x0000000095300000, 0x0000000095300000| Untracked 
|  38|0x0000000095400000, 0x0000000095400000, 0x0000000095500000|  0%| F|  |TAMS 0x0000000095400000, 0x0000000095400000| Untracked 
|  39|0x0000000095500000, 0x0000000095500000, 0x0000000095600000|  0%| F|  |TAMS 0x0000000095500000, 0x0000000095500000| Untracked 
|  40|0x0000000095600000, 0x0000000095600000, 0x0000000095700000|  0%| F|  |TAMS 0x0000000095600000, 0x0000000095600000| Untracked 
|  41|0x0000000095700000, 0x0000000095700000, 0x0000000095800000|  0%| F|  |TAMS 0x0000000095700000, 0x0000000095700000| Untracked 
|  42|0x0000000095800000, 0x0000000095800000, 0x0000000095900000|  0%| F|  |TAMS 0x0000000095800000, 0x0000000095800000| Untracked 
|  43|0x0000000095900000, 0x0000000095900000, 0x0000000095a00000|  0%| F|  |TAMS 0x0000000095900000, 0x0000000095900000| Untracked 
|  44|0x0000000095a00000, 0x0000000095a00000, 0x0000000095b00000|  0%| F|  |TAMS 0x0000000095a00000, 0x0000000095a00000| Untracked 
|  45|0x0000000095b00000, 0x0000000095b00000, 0x0000000095c00000|  0%| F|  |TAMS 0x0000000095b00000, 0x0000000095b00000| Untracked 
|  46|0x0000000095c00000, 0x0000000095c00000, 0x0000000095d00000|  0%| F|  |TAMS 0x0000000095c00000, 0x0000000095c00000| Untracked 
|  47|0x0000000095d00000, 0x0000000095d00000, 0x0000000095e00000|  0%| F|  |TAMS 0x0000000095d00000, 0x0000000095d00000| Untracked 
|  48|0x0000000095e00000, 0x0000000095e00000, 0x0000000095f00000|  0%| F|  |TAMS 0x0000000095e00000, 0x0000000095e00000| Untracked 
|  49|0x0000000095f00000, 0x0000000095f00000, 0x0000000096000000|  0%| F|  |TAMS 0x0000000095f00000, 0x0000000095f00000| Untracked 
|  50|0x0000000096000000, 0x0000000096000000, 0x0000000096100000|  0%| F|  |TAMS 0x0000000096000000, 0x0000000096000000| Untracked 
|  51|0x0000000096100000, 0x0000000096100000, 0x0000000096200000|  0%| F|  |TAMS 0x0000000096100000, 0x0000000096100000| Untracked 
|  52|0x0000000096200000, 0x0000000096200000, 0x0000000096300000|  0%| F|  |TAMS 0x0000000096200000, 0x0000000096200000| Untracked 
|  53|0x0000000096300000, 0x0000000096300000, 0x0000000096400000|  0%| F|  |TAMS 0x0000000096300000, 0x0000000096300000| Untracked 
|  54|0x0000000096400000, 0x0000000096400000, 0x0000000096500000|  0%| F|  |TAMS 0x0000000096400000, 0x0000000096400000| Untracked 
|  55|0x0000000096500000, 0x0000000096500000, 0x0000000096600000|  0%| F|  |TAMS 0x0000000096500000, 0x0000000096500000| Untracked 
|  56|0x0000000096600000, 0x0000000096600000, 0x0000000096700000|  0%| F|  |TAMS 0x0000000096600000, 0x0000000096600000| Untracked 
|  57|0x0000000096700000, 0x0000000096700000, 0x0000000096800000|  0%| F|  |TAMS 0x0000000096700000, 0x0000000096700000| Untracked 
|  58|0x0000000096800000, 0x0000000096800000, 0x0000000096900000|  0%| F|  |TAMS 0x0000000096800000, 0x0000000096800000| Untracked 
|  59|0x0000000096900000, 0x0000000096900000, 0x0000000096a00000|  0%| F|  |TAMS 0x0000000096900000, 0x0000000096900000| Untracked 
|  60|0x0000000096a00000, 0x0000000096a00000, 0x0000000096b00000|  0%| F|  |TAMS 0x0000000096a00000, 0x0000000096a00000| Untracked 
|  61|0x0000000096b00000, 0x0000000096b00000, 0x0000000096c00000|  0%| F|  |TAMS 0x0000000096b00000, 0x0000000096b00000| Untracked 
|  62|0x0000000096c00000, 0x0000000096c00000, 0x0000000096d00000|  0%| F|  |TAMS 0x0000000096c00000, 0x0000000096c00000| Untracked 
|  63|0x0000000096d00000, 0x0000000096d00000, 0x0000000096e00000|  0%| F|  |TAMS 0x0000000096d00000, 0x0000000096d00000| Untracked 
|  64|0x0000000096e00000, 0x0000000096e00000, 0x0000000096f00000|  0%| F|  |TAMS 0x0000000096e00000, 0x0000000096e00000| Untracked 
|  65|0x0000000096f00000, 0x0000000096f00000, 0x0000000097000000|  0%| F|  |TAMS 0x0000000096f00000, 0x0000000096f00000| Untracked 
|  66|0x0000000097000000, 0x0000000097000000, 0x0000000097100000|  0%| F|  |TAMS 0x0000000097000000, 0x0000000097000000| Untracked 
|  67|0x0000000097100000, 0x0000000097100000, 0x0000000097200000|  0%| F|  |TAMS 0x0000000097100000, 0x0000000097100000| Untracked 
|  68|0x0000000097200000, 0x0000000097200000, 0x0000000097300000|  0%| F|  |TAMS 0x0000000097200000, 0x0000000097200000| Untracked 
|  69|0x0000000097300000, 0x0000000097300000, 0x0000000097400000|  0%| F|  |TAMS 0x0000000097300000, 0x0000000097300000| Untracked 
|  70|0x0000000097400000, 0x0000000097400000, 0x0000000097500000|  0%| F|  |TAMS 0x0000000097400000, 0x0000000097400000| Untracked 
|  71|0x0000000097500000, 0x0000000097500000, 0x0000000097600000|  0%| F|  |TAMS 0x0000000097500000, 0x0000000097500000| Untracked 
|  72|0x0000000097600000, 0x0000000097600000, 0x0000000097700000|  0%| F|  |TAMS 0x0000000097600000, 0x0000000097600000| Untracked 
|  73|0x0000000097700000, 0x0000000097700000, 0x0000000097800000|  0%| F|  |TAMS 0x0000000097700000, 0x0000000097700000| Untracked 
|  74|0x0000000097800000, 0x0000000097800000, 0x0000000097900000|  0%| F|  |TAMS 0x0000000097800000, 0x0000000097800000| Untracked 
|  75|0x0000000097900000, 0x0000000097900000, 0x0000000097a00000|  0%| F|  |TAMS 0x0000000097900000, 0x0000000097900000| Untracked 
|  76|0x0000000097a00000, 0x0000000097a00000, 0x0000000097b00000|  0%| F|  |TAMS 0x0000000097a00000, 0x0000000097a00000| Untracked 
|  77|0x0000000097b00000, 0x0000000097b00000, 0x0000000097c00000|  0%| F|  |TAMS 0x0000000097b00000, 0x0000000097b00000| Untracked 
|  78|0x0000000097c00000, 0x0000000097c00000, 0x0000000097d00000|  0%| F|  |TAMS 0x0000000097c00000, 0x0000000097c00000| Untracked 
|  79|0x0000000097d00000, 0x0000000097d00000, 0x0000000097e00000|  0%| F|  |TAMS 0x0000000097d00000, 0x0000000097d00000| Untracked 
|  80|0x0000000097e00000, 0x0000000097e00000, 0x0000000097f00000|  0%| F|  |TAMS 0x0000000097e00000, 0x0000000097e00000| Untracked 
|  81|0x0000000097f00000, 0x0000000097f00000, 0x0000000098000000|  0%| F|  |TAMS 0x0000000097f00000, 0x0000000097f00000| Untracked 
|  82|0x0000000098000000, 0x0000000098000000, 0x0000000098100000|  0%| F|  |TAMS 0x0000000098000000, 0x0000000098000000| Untracked 
|  83|0x0000000098100000, 0x0000000098100000, 0x0000000098200000|  0%| F|  |TAMS 0x0000000098100000, 0x0000000098100000| Untracked 
|  84|0x0000000098200000, 0x0000000098200000, 0x0000000098300000|  0%| F|  |TAMS 0x0000000098200000, 0x0000000098200000| Untracked 
|  85|0x0000000098300000, 0x0000000098300000, 0x0000000098400000|  0%| F|  |TAMS 0x0000000098300000, 0x0000000098300000| Untracked 
|  86|0x0000000098400000, 0x0000000098400000, 0x0000000098500000|  0%| F|  |TAMS 0x0000000098400000, 0x0000000098400000| Untracked 
|  87|0x0000000098500000, 0x0000000098500000, 0x0000000098600000|  0%| F|  |TAMS 0x0000000098500000, 0x0000000098500000| Untracked 
|  88|0x0000000098600000, 0x0000000098600000, 0x0000000098700000|  0%| F|  |TAMS 0x0000000098600000, 0x0000000098600000| Untracked 
|  89|0x0000000098700000, 0x0000000098700000, 0x0000000098800000|  0%| F|  |TAMS 0x0000000098700000, 0x0000000098700000| Untracked 
|  90|0x0000000098800000, 0x0000000098800000, 0x0000000098900000|  0%| F|  |TAMS 0x0000000098800000, 0x0000000098800000| Untracked 
|  91|0x0000000098900000, 0x0000000098900000, 0x0000000098a00000|  0%| F|  |TAMS 0x0000000098900000, 0x0000000098900000| Untracked 
|  92|0x0000000098a00000, 0x0000000098a00000, 0x0000000098b00000|  0%| F|  |TAMS 0x0000000098a00000, 0x0000000098a00000| Untracked 
|  93|0x0000000098b00000, 0x0000000098b00000, 0x0000000098c00000|  0%| F|  |TAMS 0x0000000098b00000, 0x0000000098b00000| Untracked 
|  94|0x0000000098c00000, 0x0000000098c00000, 0x0000000098d00000|  0%| F|  |TAMS 0x0000000098c00000, 0x0000000098c00000| Untracked 
|  95|0x0000000098d00000, 0x0000000098d00000, 0x0000000098e00000|  0%| F|  |TAMS 0x0000000098d00000, 0x0000000098d00000| Untracked 
|  96|0x0000000098e00000, 0x0000000098e00000, 0x0000000098f00000|  0%| F|  |TAMS 0x0000000098e00000, 0x0000000098e00000| Untracked 
|  97|0x0000000098f00000, 0x0000000098f00000, 0x0000000099000000|  0%| F|  |TAMS 0x0000000098f00000, 0x0000000098f00000| Untracked 
|  98|0x0000000099000000, 0x0000000099000000, 0x0000000099100000|  0%| F|  |TAMS 0x0000000099000000, 0x0000000099000000| Untracked 
|  99|0x0000000099100000, 0x0000000099100000, 0x0000000099200000|  0%| F|  |TAMS 0x0000000099100000, 0x0000000099100000| Untracked 
| 100|0x0000000099200000, 0x0000000099200000, 0x0000000099300000|  0%| F|  |TAMS 0x0000000099200000, 0x0000000099200000| Untracked 
| 101|0x0000000099300000, 0x0000000099300000, 0x0000000099400000|  0%| F|  |TAMS 0x0000000099300000, 0x0000000099300000| Untracked 
| 102|0x0000000099400000, 0x0000000099400000, 0x0000000099500000|  0%| F|  |TAMS 0x0000000099400000, 0x0000000099400000| Untracked 
| 103|0x0000000099500000, 0x0000000099500000, 0x0000000099600000|  0%| F|  |TAMS 0x0000000099500000, 0x0000000099500000| Untracked 
| 104|0x0000000099600000, 0x0000000099600000, 0x0000000099700000|  0%| F|  |TAMS 0x0000000099600000, 0x0000000099600000| Untracked 
| 105|0x0000000099700000, 0x0000000099700000, 0x0000000099800000|  0%| F|  |TAMS 0x0000000099700000, 0x0000000099700000| Untracked 
| 106|0x0000000099800000, 0x0000000099800000, 0x0000000099900000|  0%| F|  |TAMS 0x0000000099800000, 0x0000000099800000| Untracked 
| 107|0x0000000099900000, 0x00000000999d7b88, 0x0000000099a00000| 84%| E|  |TAMS 0x0000000099900000, 0x0000000099900000| Complete 
| 108|0x0000000099a00000, 0x0000000099b00000, 0x0000000099b00000|100%| E|CS|TAMS 0x0000000099a00000, 0x0000000099a00000| Complete 
| 109|0x0000000099b00000, 0x0000000099c00000, 0x0000000099c00000|100%| E|CS|TAMS 0x0000000099b00000, 0x0000000099b00000| Complete 
|1744|0x00000000ffe00000, 0x00000000ffe34000, 0x00000000fff00000| 20%|OA|  |TAMS 0x00000000ffe00000, 0x00000000ffe00000| Untracked 
|1745|0x00000000fff00000, 0x00000000fff6a000, 0x0000000100000000| 41%|CA|  |TAMS 0x00000000fff00000, 0x00000000fff00000| Untracked 

Card table byte_map: [0x00007fb17e08c000,0x00007fb17e3f5000] _byte_map_base: 0x00007fb17dbf5000

Marking Bits (Prev, Next): (CMBitMap*) 0x00007fb17804af68, (CMBitMap*) 0x00007fb17804afa0
 Prev Bits: [0x00007fb17c1db000, 0x00007fb17dd23000)
 Next Bits: [0x00007fb15a4b8000, 0x00007fb15c000000)

Polling page: 0x00007fb18088a000

Metaspace:

Usage:
  Non-class:      4.17 MB capacity,   763.70 KB ( 18%) used,     3.42 MB ( 82%) free+waste,     2.44 KB ( <1%) overhead. 
      Class:    444.00 KB capacity,    85.09 KB ( 19%) used,   357.28 KB ( 80%) free+waste,     1.62 KB ( <1%) overhead. 
       Both:      4.61 MB capacity,   848.80 KB ( 18%) used,     3.77 MB ( 82%) free+waste,     4.06 KB ( <1%) overhead. 

Virtual space:
  Non-class space:        8.00 MB reserved,       4.25 MB ( 53%) committed 
      Class space:        1.00 GB reserved,     512.00 KB ( <1%) committed 
             Both:        1.01 GB reserved,       4.75 MB ( <1%) committed 

Chunk freelists:
   Non-Class:  2.00 KB
       Class:  512 bytes
        Both:  2.50 KB

CodeHeap 'non-profiled nmethods': size=120032Kb used=75Kb max_used=75Kb free=119956Kb
 bounds [0x00007fb168453000, 0x00007fb1686c3000, 0x00007fb16f98b000]
CodeHeap 'profiled nmethods': size=120032Kb used=280Kb max_used=280Kb free=119751Kb
 bounds [0x00007fb160f1b000, 0x00007fb16118b000, 0x00007fb168453000]
CodeHeap 'non-nmethods': size=5696Kb used=1045Kb max_used=1058Kb free=4650Kb
 bounds [0x00007fb16098b000, 0x00007fb160bfb000, 0x00007fb160f1b000]
 total_blobs=636 nmethods=234 adapters=242
 compilation: enabled
              stopped_count=0, restarted_count=0
 full_count=0

Compilation events (10 events):
Event: 0.130 Thread 0x00007fb178100800  227       3       java.lang.String::toLowerCase (8 bytes)
Event: 0.130 Thread 0x00007fb178100800 nmethod 227 0x00007fb160f5f610 code [0x00007fb160f5f800, 0x00007fb160f5fbb8]
Event: 0.130 Thread 0x00007fb178100800  230       3       java.util.zip.ZipUtils::CENNAM (9 bytes)
Event: 0.130 Thread 0x00007fb178100800 nmethod 230 0x00007fb160f5fd10 code [0x00007fb160f5fec0, 0x00007fb160f600b0]
Event: 0.130 Thread 0x00007fb178100800  231       3       java.util.zip.ZipUtils::CENHOW (9 bytes)
Event: 0.130 Thread 0x00007fb178100800 nmethod 231 0x00007fb160f60210 code [0x00007fb160f603c0, 0x00007fb160f605b0]
Event: 0.131 Thread 0x00007fb178100800  232       3       jdk.internal.misc.Unsafe::putObjectRelease (9 bytes)
Event: 0.131 Thread 0x00007fb178100800 nmethod 232 0x00007fb160f60710 code [0x00007fb160f608c0, 0x00007fb160f60a90]
Event: 0.131 Thread 0x00007fb178100800  234       3       java.util.concurrent.ConcurrentHashMap::setTabAt (20 bytes)
Event: 0.131 Thread 0x00007fb178100800 nmethod 234 0x00007fb160f60b10 code [0x00007fb160f60cc0, 0x00007fb160f60fb0]

GC Heap History (0 events):
No events

Deoptimization events (0 events):
No events

Classes redefined (0 events):
No events

Internal exceptions (5 events):
Event: 0.079 Thread 0x00007fb178011000 Exception <a 'sun/nio/fs/UnixException'{0x0000000099a08df8}> (0x0000000099a08df8) thrown at [/build/openjdk-lts-rLGL8O/openjdk-lts-11.0.1+13/src/hotspot/share/prims/jni.cpp, line 615]
Event: 0.113 Thread 0x00007fb178011000 Exception <a 'java/io/FileNotFoundException'{0x0000000099add488}> (0x0000000099add488) thrown at [/build/openjdk-lts-rLGL8O/openjdk-lts-11.0.1+13/src/hotspot/share/prims/jni.cpp, line 615]
Event: 0.119 Thread 0x00007fb178011000 Exception <a 'java/io/FileNotFoundException'{0x0000000099addda8}> (0x0000000099addda8) thrown at [/build/openjdk-lts-rLGL8O/openjdk-lts-11.0.1+13/src/hotspot/share/prims/jni.cpp, line 615]
Event: 0.121 Thread 0x00007fb178011000 Exception <a 'java/io/FileNotFoundException'{0x0000000099aea5c0}> (0x0000000099aea5c0) thrown at [/build/openjdk-lts-rLGL8O/openjdk-lts-11.0.1+13/src/hotspot/share/prims/jni.cpp, line 615]
Event: 0.126 Thread 0x00007fb178011000 Exception <a 'java/io/FileNotFoundException'{0x0000000099aeacc8}> (0x0000000099aeacc8) thrown at [/build/openjdk-lts-rLGL8O/openjdk-lts-11.0.1+13/src/hotspot/share/prims/jni.cpp, line 615]

Events (10 events):
Event: 0.138 loading class java/io/BufferedReader done
Event: 0.138 loading class sun/nio/cs/StreamDecoder
Event: 0.138 loading class sun/nio/cs/StreamDecoder done
Event: 0.138 loading class sun/nio/cs/UTF_8$Decoder
Event: 0.138 loading class java/nio/charset/CharsetDecoder
Event: 0.138 loading class java/nio/charset/CharsetDecoder done
Event: 0.138 loading class sun/nio/cs/UTF_8$Decoder done
Event: 0.139 Thread 0x00007fb178190000 Thread added: 0x00007fb178190000
Event: 0.139 Thread 0x00007fb178011000 Thread exited: 0x00007fb178011000
Event: 0.139 Thread 0x00007fb178011000 Thread added: 0x00007fb178011000


Dynamic libraries:
92e00000-99c00000 rw-p 00000000 00:00 0 
99c00000-ffe00000 ---p 00000000 00:00 0 
ffe00000-ffe34000 rw-p 0111a000 08:02 21370163                           /usr/lib/jvm/java-11-openjdk-amd64/lib/server/classes.jsa
ffe34000-fff00000 rw-p 00000000 00:00 0 
fff00000-fff6a000 rw-p 010b0000 08:02 21370163                           /usr/lib/jvm/java-11-openjdk-amd64/lib/server/classes.jsa
fff6a000-100000000 rw-p 00000000 00:00 0 
800000000-800002000 rwxp 00001000 08:02 21370163                         /usr/lib/jvm/java-11-openjdk-amd64/lib/server/classes.jsa
800002000-8003be000 rw-p 00003000 08:02 21370163                         /usr/lib/jvm/java-11-openjdk-amd64/lib/server/classes.jsa
8003be000-800a9a000 r--p 003bf000 08:02 21370163                         /usr/lib/jvm/java-11-openjdk-amd64/lib/server/classes.jsa
800a9a000-800a9b000 rw-p 00a9b000 08:02 21370163                         /usr/lib/jvm/java-11-openjdk-amd64/lib/server/classes.jsa
800a9b000-8010af000 r--p 00a9c000 08:02 21370163                         /usr/lib/jvm/java-11-openjdk-amd64/lib/server/classes.jsa
840000000-840080000 rw-p 00000000 00:00 0 
840080000-880000000 ---p 00000000 00:00 0 
557066ba5000-557066ba6000 r--p 00000000 08:02 21238314                   /usr/lib/jvm/java-11-openjdk-amd64/bin/java
557066ba6000-557066ba7000 r-xp 00001000 08:02 21238314                   /usr/lib/jvm/java-11-openjdk-amd64/bin/java
557066ba7000-557066ba8000 r--p 00002000 08:02 21238314                   /usr/lib/jvm/java-11-openjdk-amd64/bin/java
557066ba8000-557066ba9000 r--p 00002000 08:02 21238314                   /usr/lib/jvm/java-11-openjdk-amd64/bin/java
557066ba9000-557066baa000 rw-p 00003000 08:02 21238314                   /usr/lib/jvm/java-11-openjdk-amd64/bin/java
557067d96000-557067db7000 rw-p 00000000 00:00 0                          [heap]
7fb110000000-7fb110021000 rw-p 00000000 00:00 0 
7fb110021000-7fb114000000 ---p 00000000 00:00 0 
7fb118000000-7fb118021000 rw-p 00000000 00:00 0 
7fb118021000-7fb11c000000 ---p 00000000 00:00 0 
7fb11c000000-7fb11c021000 rw-p 00000000 00:00 0 
7fb11c021000-7fb120000000 ---p 00000000 00:00 0 
7fb120000000-7fb120021000 rw-p 00000000 00:00 0 
7fb120021000-7fb124000000 ---p 00000000 00:00 0 
7fb124000000-7fb124021000 rw-p 00000000 00:00 0 
7fb124021000-7fb128000000 ---p 00000000 00:00 0 
7fb128000000-7fb1280f2000 rw-p 00000000 00:00 0 
7fb1280f2000-7fb12c000000 ---p 00000000 00:00 0 
7fb12c000000-7fb12c021000 rw-p 00000000 00:00 0 
7fb12c021000-7fb130000000 ---p 00000000 00:00 0 
7fb130000000-7fb130021000 rw-p 00000000 00:00 0 
7fb130021000-7fb134000000 ---p 00000000 00:00 0 
7fb134000000-7fb13414f000 rw-p 00000000 00:00 0 
7fb13414f000-7fb138000000 ---p 00000000 00:00 0 
7fb138000000-7fb138021000 rw-p 00000000 00:00 0 
7fb138021000-7fb13c000000 ---p 00000000 00:00 0 
7fb13c000000-7fb13c021000 rw-p 00000000 00:00 0 
7fb13c021000-7fb140000000 ---p 00000000 00:00 0 
7fb140000000-7fb140021000 rw-p 00000000 00:00 0 
7fb140021000-7fb144000000 ---p 00000000 00:00 0 
7fb144000000-7fb144021000 rw-p 00000000 00:00 0 
7fb144021000-7fb148000000 ---p 00000000 00:00 0 
7fb14a210000-7fb14a214000 ---p 00000000 00:00 0 
7fb14a214000-7fb14a311000 rw-p 00000000 00:00 0 
7fb14a311000-7fb14a315000 ---p 00000000 00:00 0 
7fb14a315000-7fb14a412000 rw-p 00000000 00:00 0 
7fb14a412000-7fb14a41e000 r-xp 00000000 08:02 21243163                   /usr/lib/x86_64-linux-gnu/librxtxSerial.so
7fb14a41e000-7fb14a51d000 ---p 0000c000 08:02 21243163                   /usr/lib/x86_64-linux-gnu/librxtxSerial.so
7fb14a51d000-7fb14a51f000 rw-p 0000b000 08:02 21243163                   /usr/lib/x86_64-linux-gnu/librxtxSerial.so
7fb14a51f000-7fb14a520000 ---p 00000000 00:00 0 
7fb14a520000-7fb14a621000 rw-p 00000000 00:00 0 
7fb14a621000-7fb14a625000 ---p 00000000 00:00 0 
7fb14a625000-7fb14a722000 rw-p 00000000 00:00 0 
7fb14a722000-7fb14a726000 ---p 00000000 00:00 0 
7fb14a726000-7fb14a823000 rw-p 00000000 00:00 0 
7fb14a823000-7fb14a827000 ---p 00000000 00:00 0 
7fb14a827000-7fb14a924000 rw-p 00000000 00:00 0 
7fb14a924000-7fb14a928000 ---p 00000000 00:00 0 
7fb14a928000-7fb14aa25000 rw-p 00000000 00:00 0 
7fb14aa25000-7fb14b800000 r--p 00000000 08:02 21240392                   /usr/lib/locale/locale-archive
7fb14b800000-7fb14bc40000 rw-p 00000000 00:00 0 
7fb14bc40000-7fb14c000000 ---p 00000000 00:00 0 
7fb14c000000-7fb14c021000 rw-p 00000000 00:00 0 
7fb14c021000-7fb150000000 ---p 00000000 00:00 0 
7fb150000000-7fb150021000 rw-p 00000000 00:00 0 
7fb150021000-7fb154000000 ---p 00000000 00:00 0 
7fb154000000-7fb154021000 rw-p 00000000 00:00 0 
7fb154021000-7fb158000000 ---p 00000000 00:00 0 
7fb1580b4000-7fb1580b8000 ---p 00000000 00:00 0 
7fb1580b8000-7fb1581b5000 rw-p 00000000 00:00 0 
7fb1581b5000-7fb1581b9000 ---p 00000000 00:00 0 
7fb1581b9000-7fb1582b6000 rw-p 00000000 00:00 0 
7fb1582b6000-7fb1582ba000 ---p 00000000 00:00 0 
7fb1582ba000-7fb1583b7000 rw-p 00000000 00:00 0 
7fb1583b7000-7fb1583bb000 ---p 00000000 00:00 0 
7fb1583bb000-7fb15a670000 rw-p 00000000 00:00 0 
7fb15a670000-7fb15bff8000 ---p 00000000 00:00 0 
7fb15bff8000-7fb15c000000 rw-p 00000000 00:00 0 
7fb15c000000-7fb15c021000 rw-p 00000000 00:00 0 
7fb15c021000-7fb160000000 ---p 00000000 00:00 0 
7fb160072000-7fb1600a3000 rw-p 00000000 00:00 0 
7fb1600a3000-7fb1600a4000 ---p 00000000 00:00 0 
7fb1600a4000-7fb160281000 rw-p 00000000 00:00 0 
7fb160281000-7fb160282000 ---p 00000000 00:00 0 
7fb160282000-7fb160383000 rw-p 00000000 00:00 0 
7fb160383000-7fb160384000 ---p 00000000 00:00 0 
7fb160384000-7fb160889000 rw-p 00000000 00:00 0 
7fb160889000-7fb16088a000 ---p 00000000 00:00 0 
7fb16088a000-7fb16098b000 rw-p 00000000 00:00 0 
7fb16098b000-7fb160bfb000 rwxp 00000000 00:00 0 
7fb160bfb000-7fb160f1b000 ---p 00000000 00:00 0 
7fb160f1b000-7fb16118b000 rwxp 00000000 00:00 0 
7fb16118b000-7fb168453000 ---p 00000000 00:00 0 
7fb168453000-7fb1686c3000 rwxp 00000000 00:00 0 
7fb1686c3000-7fb16f98b000 ---p 00000000 00:00 0 
7fb16f98b000-7fb178000000 r--s 00000000 08:02 21369972                   /usr/lib/jvm/java-11-openjdk-amd64/lib/modules
7fb178000000-7fb1781ad000 rw-p 00000000 00:00 0 
7fb1781ad000-7fb17c000000 ---p 00000000 00:00 0 
7fb17c008000-7fb17c00c000 r--p 00000000 08:02 21369962                   /usr/lib/jvm/java-11-openjdk-amd64/lib/libnet.so
7fb17c00c000-7fb17c01b000 r-xp 00004000 08:02 21369962                   /usr/lib/jvm/java-11-openjdk-amd64/lib/libnet.so
7fb17c01b000-7fb17c01f000 r--p 00013000 08:02 21369962                   /usr/lib/jvm/java-11-openjdk-amd64/lib/libnet.so
7fb17c01f000-7fb17c020000 r--p 00016000 08:02 21369962                   /usr/lib/jvm/java-11-openjdk-amd64/lib/libnet.so
7fb17c020000-7fb17c021000 rw-p 00017000 08:02 21369962                   /usr/lib/jvm/java-11-openjdk-amd64/lib/libnet.so
7fb17c021000-7fb17c028000 r--p 00000000 08:02 21369963                   /usr/lib/jvm/java-11-openjdk-amd64/lib/libnio.so
7fb17c028000-7fb17c02f000 r-xp 00007000 08:02 21369963                   /usr/lib/jvm/java-11-openjdk-amd64/lib/libnio.so
7fb17c02f000-7fb17c032000 r--p 0000e000 08:02 21369963                   /usr/lib/jvm/java-11-openjdk-amd64/lib/libnio.so
7fb17c032000-7fb17c033000 r--p 00010000 08:02 21369963                   /usr/lib/jvm/java-11-openjdk-amd64/lib/libnio.so
7fb17c033000-7fb17c034000 rw-p 00011000 08:02 21369963                   /usr/lib/jvm/java-11-openjdk-amd64/lib/libnio.so
7fb17c034000-7fb17c09e000 rw-p 00000000 00:00 0 
7fb17c09e000-7fb17c09f000 ---p 00000000 00:00 0 
7fb17c09f000-7fb17c393000 rw-p 00000000 00:00 0 
7fb17c393000-7fb17dd1b000 ---p 00000000 00:00 0 
7fb17dd1b000-7fb17dd5a000 rw-p 00000000 00:00 0 
7fb17dd5a000-7fb17e08b000 ---p 00000000 00:00 0 
7fb17e08b000-7fb17e0c3000 rw-p 00000000 00:00 0 
7fb17e0c3000-7fb17e3f4000 ---p 00000000 00:00 0 
7fb17e3f4000-7fb17e42c000 rw-p 00000000 00:00 0 
7fb17e42c000-7fb17e75d000 ---p 00000000 00:00 0 
7fb17e75d000-7fb17eb62000 rw-p 00000000 00:00 0 
7fb17eb62000-7fb17eb63000 ---p 00000000 00:00 0 
7fb17eb63000-7fb17ec69000 rw-p 00000000 00:00 0 
7fb17ec69000-7fb17ed4f000 ---p 00000000 00:00 0 
7fb17ed4f000-7fb17ed54000 rw-p 00000000 00:00 0 
7fb17ed54000-7fb17ee3a000 ---p 00000000 00:00 0 
7fb17ee3a000-7fb17ee3f000 rw-p 00000000 00:00 0 
7fb17ee3f000-7fb17ee46000 ---p 00000000 00:00 0 
7fb17ee46000-7fb17ee48000 r--p 00000000 08:02 21369954                   /usr/lib/jvm/java-11-openjdk-amd64/lib/libjimage.so
7fb17ee48000-7fb17ee4b000 r-xp 00002000 08:02 21369954                   /usr/lib/jvm/java-11-openjdk-amd64/lib/libjimage.so
7fb17ee4b000-7fb17ee4d000 r--p 00005000 08:02 21369954                   /usr/lib/jvm/java-11-openjdk-amd64/lib/libjimage.so
7fb17ee4d000-7fb17ee4e000 r--p 00006000 08:02 21369954                   /usr/lib/jvm/java-11-openjdk-amd64/lib/libjimage.so
7fb17ee4e000-7fb17ee4f000 rw-p 00007000 08:02 21369954                   /usr/lib/jvm/java-11-openjdk-amd64/lib/libjimage.so
7fb17ee4f000-7fb17ee52000 r--p 00000000 08:02 15471560                   /lib/x86_64-linux-gnu/libnss_files-2.28.so
7fb17ee52000-7fb17ee59000 r-xp 00003000 08:02 15471560                   /lib/x86_64-linux-gnu/libnss_files-2.28.so
7fb17ee59000-7fb17ee5c000 r--p 0000a000 08:02 15471560                   /lib/x86_64-linux-gnu/libnss_files-2.28.so
7fb17ee5c000-7fb17ee5d000 r--p 0000c000 08:02 15471560                   /lib/x86_64-linux-gnu/libnss_files-2.28.so
7fb17ee5d000-7fb17ee5e000 rw-p 0000d000 08:02 15471560                   /lib/x86_64-linux-gnu/libnss_files-2.28.so
7fb17ee5e000-7fb17ee64000 rw-p 00000000 00:00 0 
7fb17ee6b000-7fb17ee6d000 r--p 00000000 08:02 21369971                   /usr/lib/jvm/java-11-openjdk-amd64/lib/libzip.so
7fb17ee6d000-7fb17ee71000 r-xp 00002000 08:02 21369971                   /usr/lib/jvm/java-11-openjdk-amd64/lib/libzip.so
7fb17ee71000-7fb17ee73000 r--p 00006000 08:02 21369971                   /usr/lib/jvm/java-11-openjdk-amd64/lib/libzip.so
7fb17ee73000-7fb17ee74000 r--p 00007000 08:02 21369971                   /usr/lib/jvm/java-11-openjdk-amd64/lib/libzip.so
7fb17ee74000-7fb17ee75000 rw-p 00008000 08:02 21369971                   /usr/lib/jvm/java-11-openjdk-amd64/lib/libzip.so
7fb17ee75000-7fb17ee7d000 rw-s 00000000 08:02 1050617                    /tmp/hsperfdata_jay/21226
7fb17ee7d000-7fb17ee8a000 r--p 00000000 08:02 21369950                   /usr/lib/jvm/java-11-openjdk-amd64/lib/libjava.so
7fb17ee8a000-7fb17eea1000 r-xp 0000d000 08:02 21369950                   /usr/lib/jvm/java-11-openjdk-amd64/lib/libjava.so
7fb17eea1000-7fb17eea8000 r--p 00024000 08:02 21369950                   /usr/lib/jvm/java-11-openjdk-amd64/lib/libjava.so
7fb17eea8000-7fb17eea9000 r--p 0002a000 08:02 21369950                   /usr/lib/jvm/java-11-openjdk-amd64/lib/libjava.so
7fb17eea9000-7fb17eeab000 rw-p 0002b000 08:02 21369950                   /usr/lib/jvm/java-11-openjdk-amd64/lib/libjava.so
7fb17eeab000-7fb17eead000 r--p 00000000 08:02 15471610                   /lib/x86_64-linux-gnu/librt-2.28.so
7fb17eead000-7fb17eeb1000 r-xp 00002000 08:02 15471610                   /lib/x86_64-linux-gnu/librt-2.28.so
7fb17eeb1000-7fb17eeb3000 r--p 00006000 08:02 15471610                   /lib/x86_64-linux-gnu/librt-2.28.so
7fb17eeb3000-7fb17eeb4000 r--p 00007000 08:02 15471610                   /lib/x86_64-linux-gnu/librt-2.28.so
7fb17eeb4000-7fb17eeb5000 rw-p 00008000 08:02 15471610                   /lib/x86_64-linux-gnu/librt-2.28.so
7fb17eeb5000-7fb17eeb9000 ---p 00000000 00:00 0 
7fb17eeb9000-7fb17efb6000 rw-p 00000000 00:00 0 
7fb17efb6000-7fb17efb9000 r--p 00000000 08:02 15471507                   /lib/x86_64-linux-gnu/libgcc_s.so.1
7fb17efb9000-7fb17efca000 r-xp 00003000 08:02 15471507                   /lib/x86_64-linux-gnu/libgcc_s.so.1
7fb17efca000-7fb17efcd000 r--p 00014000 08:02 15471507                   /lib/x86_64-linux-gnu/libgcc_s.so.1
7fb17efcd000-7fb17efce000 ---p 00017000 08:02 15471507                   /lib/x86_64-linux-gnu/libgcc_s.so.1
7fb17efce000-7fb17efcf000 r--p 00017000 08:02 15471507                   /lib/x86_64-linux-gnu/libgcc_s.so.1
7fb17efcf000-7fb17efd0000 rw-p 00018000 08:02 15471507                   /lib/x86_64-linux-gnu/libgcc_s.so.1
7fb17efd0000-7fb17efdd000 r--p 00000000 08:02 15471533                   /lib/x86_64-linux-gnu/libm-2.28.so
7fb17efdd000-7fb17f088000 r-xp 0000d000 08:02 15471533                   /lib/x86_64-linux-gnu/libm-2.28.so
7fb17f088000-7fb17f15b000 r--p 000b8000 08:02 15471533                   /lib/x86_64-linux-gnu/libm-2.28.so
7fb17f15b000-7fb17f15c000 r--p 0018a000 08:02 15471533                   /lib/x86_64-linux-gnu/libm-2.28.so
7fb17f15c000-7fb17f15d000 rw-p 0018b000 08:02 15471533                   /lib/x86_64-linux-gnu/libm-2.28.so
7fb17f15d000-7fb17f1e6000 r--p 00000000 08:02 21242280                   /usr/lib/x86_64-linux-gnu/libstdc++.so.6.0.25
7fb17f1e6000-7fb17f299000 r-xp 00089000 08:02 21242280                   /usr/lib/x86_64-linux-gnu/libstdc++.so.6.0.25
7fb17f299000-7fb17f2d7000 r--p 0013c000 08:02 21242280                   /usr/lib/x86_64-linux-gnu/libstdc++.so.6.0.25
7fb17f2d7000-7fb17f2e1000 r--p 00179000 08:02 21242280                   /usr/lib/x86_64-linux-gnu/libstdc++.so.6.0.25
7fb17f2e1000-7fb17f2e3000 rw-p 00183000 08:02 21242280                   /usr/lib/x86_64-linux-gnu/libstdc++.so.6.0.25
7fb17f2e3000-7fb17f2e7000 rw-p 00000000 00:00 0 
7fb17f2e7000-7fb17f574000 r--p 00000000 08:02 21369977                   /usr/lib/jvm/java-11-openjdk-amd64/lib/server/libjvm.so
7fb17f574000-7fb1800b6000 r-xp 0028d000 08:02 21369977                   /usr/lib/jvm/java-11-openjdk-amd64/lib/server/libjvm.so
7fb1800b6000-7fb1802fd000 r--p 00dcf000 08:02 21369977                   /usr/lib/jvm/java-11-openjdk-amd64/lib/server/libjvm.so
7fb1802fd000-7fb1803c5000 r--p 01015000 08:02 21369977                   /usr/lib/jvm/java-11-openjdk-amd64/lib/server/libjvm.so
7fb1803c5000-7fb1803ff000 rw-p 010dd000 08:02 21369977                   /usr/lib/jvm/java-11-openjdk-amd64/lib/server/libjvm.so
7fb1803ff000-7fb180456000 rw-p 00000000 00:00 0 
7fb180456000-7fb18045c000 r--p 00000000 08:02 15471602                   /lib/x86_64-linux-gnu/libpthread-2.28.so
7fb18045c000-7fb18046b000 r-xp 00006000 08:02 15471602                   /lib/x86_64-linux-gnu/libpthread-2.28.so
7fb18046b000-7fb180471000 r--p 00015000 08:02 15471602                   /lib/x86_64-linux-gnu/libpthread-2.28.so
7fb180471000-7fb180472000 r--p 0001a000 08:02 15471602                   /lib/x86_64-linux-gnu/libpthread-2.28.so
7fb180472000-7fb180473000 rw-p 0001b000 08:02 15471602                   /lib/x86_64-linux-gnu/libpthread-2.28.so
7fb180473000-7fb180477000 rw-p 00000000 00:00 0 
7fb180477000-7fb180478000 r--p 00000000 08:02 15471493                   /lib/x86_64-linux-gnu/libdl-2.28.so
7fb180478000-7fb18047a000 r-xp 00001000 08:02 15471493                   /lib/x86_64-linux-gnu/libdl-2.28.so
7fb18047a000-7fb18047b000 r--p 00003000 08:02 15471493                   /lib/x86_64-linux-gnu/libdl-2.28.so
7fb18047b000-7fb18047c000 r--p 00003000 08:02 15471493                   /lib/x86_64-linux-gnu/libdl-2.28.so
7fb18047c000-7fb18047d000 rw-p 00004000 08:02 15471493                   /lib/x86_64-linux-gnu/libdl-2.28.so
7fb18047d000-7fb180499000 r-xp 00000000 08:02 15471641                   /lib/x86_64-linux-gnu/libz.so.1.2.11
7fb180499000-7fb180698000 ---p 0001c000 08:02 15471641                   /lib/x86_64-linux-gnu/libz.so.1.2.11
7fb180698000-7fb180699000 r--p 0001b000 08:02 15471641                   /lib/x86_64-linux-gnu/libz.so.1.2.11
7fb180699000-7fb18069a000 rw-p 0001c000 08:02 15471641                   /lib/x86_64-linux-gnu/libz.so.1.2.11
7fb18069a000-7fb1806bc000 r--p 00000000 08:02 15471472                   /lib/x86_64-linux-gnu/libc-2.28.so
7fb1806bc000-7fb18082d000 r-xp 00022000 08:02 15471472                   /lib/x86_64-linux-gnu/libc-2.28.so
7fb18082d000-7fb180879000 r--p 00193000 08:02 15471472                   /lib/x86_64-linux-gnu/libc-2.28.so
7fb180879000-7fb18087a000 ---p 001df000 08:02 15471472                   /lib/x86_64-linux-gnu/libc-2.28.so
7fb18087a000-7fb18087e000 r--p 001df000 08:02 15471472                   /lib/x86_64-linux-gnu/libc-2.28.so
7fb18087e000-7fb180880000 rw-p 001e3000 08:02 15471472                   /lib/x86_64-linux-gnu/libc-2.28.so
7fb180880000-7fb180884000 rw-p 00000000 00:00 0 
7fb18088a000-7fb18088b000 ---p 00000000 00:00 0 
7fb18088b000-7fb18088c000 r--p 00000000 00:00 0 
7fb18088c000-7fb180891000 r--p 00000000 08:02 21369970                   /usr/lib/jvm/java-11-openjdk-amd64/lib/libverify.so
7fb180891000-7fb180898000 r-xp 00005000 08:02 21369970                   /usr/lib/jvm/java-11-openjdk-amd64/lib/libverify.so
7fb180898000-7fb18089a000 r--p 0000c000 08:02 21369970                   /usr/lib/jvm/java-11-openjdk-amd64/lib/libverify.so
7fb18089a000-7fb18089c000 r--p 0000d000 08:02 21369970                   /usr/lib/jvm/java-11-openjdk-amd64/lib/libverify.so
7fb18089c000-7fb18089d000 rw-p 0000f000 08:02 21369970                   /usr/lib/jvm/java-11-openjdk-amd64/lib/libverify.so
7fb18089d000-7fb1808a0000 r--p 00000000 08:02 21369935                   /usr/lib/jvm/java-11-openjdk-amd64/lib/jli/libjli.so
7fb1808a0000-7fb1808aa000 r-xp 00003000 08:02 21369935                   /usr/lib/jvm/java-11-openjdk-amd64/lib/jli/libjli.so
7fb1808aa000-7fb1808ad000 r--p 0000d000 08:02 21369935                   /usr/lib/jvm/java-11-openjdk-amd64/lib/jli/libjli.so
7fb1808ad000-7fb1808ae000 r--p 0000f000 08:02 21369935                   /usr/lib/jvm/java-11-openjdk-amd64/lib/jli/libjli.so
7fb1808ae000-7fb1808af000 rw-p 00010000 08:02 21369935                   /usr/lib/jvm/java-11-openjdk-amd64/lib/jli/libjli.so
7fb1808af000-7fb1808b1000 rw-p 00000000 00:00 0 
7fb1808b1000-7fb1808b2000 r--p 00000000 08:02 15471446                   /lib/x86_64-linux-gnu/ld-2.28.so
7fb1808b2000-7fb1808d2000 r-xp 00001000 08:02 15471446                   /lib/x86_64-linux-gnu/ld-2.28.so
7fb1808d2000-7fb1808da000 r--p 00021000 08:02 15471446                   /lib/x86_64-linux-gnu/ld-2.28.so
7fb1808da000-7fb1808db000 r--p 00028000 08:02 15471446                   /lib/x86_64-linux-gnu/ld-2.28.so
7fb1808db000-7fb1808dc000 rw-p 00029000 08:02 15471446                   /lib/x86_64-linux-gnu/ld-2.28.so
7fb1808dc000-7fb1808dd000 rw-p 00000000 00:00 0 
7ffe4a92c000-7ffe4a94d000 rw-p 00000000 00:00 0                          [stack]
7ffe4a99f000-7ffe4a9a2000 r--p 00000000 00:00 0                          [vvar]
7ffe4a9a2000-7ffe4a9a4000 r-xp 00000000 00:00 0                          [vdso]
ffffffffff600000-ffffffffff601000 r-xp 00000000 00:00 0                  [vsyscall]


VM Arguments:
jvm_args: -Dfile.encoding=UTF-8 --module-path=/mnt/2E521095521063BD/JavaPractice/Cashier/build/classes 
java_command: SerialTest
java_class_path (initial): /mnt/2E521095521063BD/JavaPractice/Cashier/lib/absolutelayout/AbsoluteLayout.jar:/mnt/2E521095521063BD/downloads/sqlite-jdbc-3.23.1.jar:/mnt/2E521095521063BD/JavaPractice/Cashier/lib/RXTXcomm.jar:/mnt/2E521095521063BD/JavaPractice/Cashier/build/classes
Launcher Type: SUN_STANDARD

[Global flags]
     intx CICompilerCount                          = 3                                         {product} {ergonomic}
     uint ConcGCThreads                            = 1                                         {product} {ergonomic}
     uint G1ConcRefinementThreads                  = 4                                         {product} {ergonomic}
   size_t G1HeapRegionSize                         = 1048576                                   {product} {ergonomic}
    uintx GCDrainStackTargetSize                   = 64                                        {product} {ergonomic}
   size_t InitialHeapSize                          = 115343360                                 {product} {ergonomic}
   size_t MarkStackSize                            = 4194304                                   {product} {ergonomic}
   size_t MaxHeapSize                              = 1830813696                                {product} {ergonomic}
   size_t MaxNewSize                               = 1097859072                                {product} {ergonomic}
   size_t MinHeapDeltaBytes                        = 1048576                                   {product} {ergonomic}
    uintx NonNMethodCodeHeapSize                   = 5830092                                {pd product} {ergonomic}
    uintx NonProfiledCodeHeapSize                  = 122914074                              {pd product} {ergonomic}
    uintx ProfiledCodeHeapSize                     = 122914074                              {pd product} {ergonomic}
    uintx ReservedCodeCacheSize                    = 251658240                              {pd product} {ergonomic}
     bool SegmentedCodeCache                       = true                                      {product} {ergonomic}
     bool UseCompressedClassPointers               = true                                 {lp64_product} {ergonomic}
     bool UseCompressedOops                        = true                                 {lp64_product} {ergonomic}
     bool UseG1GC                                  = true                                      {product} {ergonomic}

Logging:
Log output configuration:
 #0: stdout all=warning uptime,level,tags
 #1: stderr all=off uptime,level,tags

Environment Variables:
PATH=/usr/local/sbin:/usr/local/bin:/usr/sbin:/usr/bin:/sbin:/bin:/usr/games:/usr/local/games:/snap/bin
USERNAME=jay
SHELL=/usr/bin/zsh
DISPLAY=:0

Signal Handlers:
SIGSEGV: [libjvm.so+0xd54fa0], sa_mask[0]=11111111011111111101111111111110, sa_flags=SA_RESTART|SA_SIGINFO
SIGBUS: [libjvm.so+0xd54fa0], sa_mask[0]=11111111011111111101111111111110, sa_flags=SA_RESTART|SA_SIGINFO
SIGFPE: [libjvm.so+0xd54fa0], sa_mask[0]=11111111011111111101111111111110, sa_flags=SA_RESTART|SA_SIGINFO
SIGPIPE: [libjvm.so+0xb5d0d0], sa_mask[0]=11111111011111111101111111111110, sa_flags=SA_RESTART|SA_SIGINFO
SIGXFSZ: [libjvm.so+0xb5d0d0], sa_mask[0]=11111111011111111101111111111110, sa_flags=SA_RESTART|SA_SIGINFO
SIGILL: [libjvm.so+0xd54fa0], sa_mask[0]=11111111011111111101111111111110, sa_flags=SA_RESTART|SA_SIGINFO
SIGUSR2: [libjvm.so+0xb5cf60], sa_mask[0]=00100000000000000000000000000000, sa_flags=SA_RESTART|SA_SIGINFO
SIGHUP: [libjvm.so+0xb5d4d0], sa_mask[0]=11111111011111111101111111111110, sa_flags=SA_RESTART|SA_SIGINFO
SIGINT: SIG_IGN, sa_mask[0]=00000000000000000000000000000000, sa_flags=none
SIGTERM: [libjvm.so+0xb5d4d0], sa_mask[0]=11111111011111111101111111111110, sa_flags=SA_RESTART|SA_SIGINFO
SIGQUIT: [libjvm.so+0xb5d4d0], sa_mask[0]=11111111011111111101111111111110, sa_flags=SA_RESTART|SA_SIGINFO


---------------  S Y S T E M  ---------------

OS:DISTRIB_ID=Ubuntu
DISTRIB_RELEASE=18.10
DISTRIB_CODENAME=cosmic
DISTRIB_DESCRIPTION="Ubuntu 18.10"
uname:Linux 4.18.0-13-generic #14-Ubuntu SMP Wed Dec 5 09:04:24 UTC 2018 x86_64
libc:glibc 2.28 NPTL 2.28 
rlimit: STACK 8192k, CORE 0k, NPROC 27226, NOFILE 1048576, AS infinity, DATA infinity, FSIZE infinity
load average:0.49 0.56 0.55

/proc/meminfo:
MemTotal:        7147368 kB
MemFree:          212528 kB
MemAvailable:    1891952 kB
Buffers:          427292 kB
Cached:          1341216 kB
SwapCached:          472 kB
Active:          4809604 kB
Inactive:        1316424 kB
Active(anon):    3822292 kB
Inactive(anon):   584648 kB
Active(file):     987312 kB
Inactive(file):   731776 kB
Unevictable:          80 kB
Mlocked:              80 kB
SwapTotal:       2097148 kB
SwapFree:        2095100 kB
Dirty:               488 kB
Writeback:             0 kB
AnonPages:       4357320 kB
Mapped:           519004 kB
Shmem:             49424 kB
Slab:             399192 kB
SReclaimable:     263532 kB
SUnreclaim:       135660 kB
KernelStack:       18528 kB
PageTables:        56588 kB
NFS_Unstable:          0 kB
Bounce:                0 kB
WritebackTmp:          0 kB
CommitLimit:     5670832 kB
Committed_AS:   13868512 kB
VmallocTotal:   34359738367 kB
VmallocUsed:           0 kB
VmallocChunk:          0 kB
HardwareCorrupted:     0 kB
AnonHugePages:      2048 kB
ShmemHugePages:        0 kB
ShmemPmdMapped:        0 kB
CmaTotal:              0 kB
CmaFree:               0 kB
HugePages_Total:       0
HugePages_Free:        0
HugePages_Rsvd:        0
HugePages_Surp:        0
Hugepagesize:       2048 kB
Hugetlb:               0 kB
DirectMap4k:      765028 kB
DirectMap2M:     6522880 kB
DirectMap1G:     1048576 kB


/proc/sys/kernel/threads-max (system-wide limit on the number of threads):
54452


/proc/sys/vm/max_map_count (maximum number of memory map areas a process may have):
65530


/proc/sys/kernel/pid_max (system-wide limit on number of process identifiers):
32768


container (cgroup) information:
container_type: cgroupv1
cpu_cpuset_cpus: 0-3
cpu_memory_nodes: 0
active_processor_count: 4
cpu_quota: -1
cpu_period: 100000
cpu_shares: -1
memory_limit_in_bytes: -1
memory_and_swap_limit_in_bytes: -2
memory_soft_limit_in_bytes: -1
memory_usage_in_bytes: 5013454848
memory_max_usage_in_bytes: 5061738496


CPU:total 4 (initial active 4) (4 cores per cpu, 1 threads per core) family 23 model 17 stepping 0, cmov, cx8, fxsr, mmx, sse, sse2, sse3, ssse3, sse4.1, sse4.2, popcnt, avx, avx2, aes, clmul, mmxext, 3dnowpref, lzcnt, sse4a, tsc, tscinvbit, tscinv, bmi1, bmi2, adx, sha, fma
CPU Model and flags from /proc/cpuinfo:
model name	: AMD Ryzen 3 2200G with Radeon Vega Graphics
flags		: fpu vme de pse tsc msr pae mce cx8 apic sep mtrr pge mca cmov pat pse36 clflush mmx fxsr sse sse2 ht syscall nx mmxext fxsr_opt pdpe1gb rdtscp lm constant_tsc rep_good nopl nonstop_tsc cpuid extd_apicid aperfmperf pni pclmulqdq monitor ssse3 fma cx16 sse4_1 sse4_2 movbe popcnt aes xsave avx f16c rdrand lahf_lm cmp_legacy svm extapic cr8_legacy abm sse4a misalignsse 3dnowprefetch osvw skinit wdt tce topoext perfctr_core perfctr_nb bpext perfctr_llc mwaitx hw_pstate sme ssbd sev ibpb vmmcall fsgsbase bmi1 avx2 smep bmi2 rdseed adx smap clflushopt sha_ni xsaveopt xsavec xgetbv1 xsaves clzero irperf xsaveerptr arat npt lbrv svm_lock nrip_save tsc_scale vmcb_clean flushbyasid decodeassists pausefilter pfthreshold avic v_vmsave_vmload vgif overflow_recov succor smca

Memory: 4k page, physical 7147368k(212528k free), swap 2097148k(2095100k free)

vm_info: OpenJDK 64-Bit Server VM (11.0.1+13-Ubuntu-2ubuntu1) for linux-amd64 JRE (11.0.1+13-Ubuntu-2ubuntu1), built on Oct 22 2018 18:46:28 by "buildd" with gcc 8.2.0

END.
