#
# A fatal error has been detected by the Java Runtime Environment:
#
#  SIGSEGV (0xb) at pc=0x00007fbf1101ed9d, pid=30411, tid=30433
#
# JRE version: OpenJDK Runtime Environment (11.0.1+13) (build 11.0.1+13-Ubuntu-2ubuntu1)
# Java VM: OpenJDK 64-Bit Server VM (11.0.1+13-Ubuntu-2ubuntu1, mixed mode, sharing, tiered, compressed oops, g1 gc, linux-amd64)
# Problematic frame:
# C  [librxtxSerial.so+0x6d9d]  read_byte_array+0x3d
#
# Core dump will be written. Default location: Core dumps may be processed with "/usr/share/apport/apport %p %s %c %d %P" (or dumping to /mnt/2E521095521063BD/JavaPractice/Cashier/core.30411)
#
# If you would like to submit a bug report, please visit:
#   http://bugreport.java.com/bugreport/crash.jsp
# The crash happened outside the Java Virtual Machine in native code.
# See problematic frame for where to report the bug.
#

---------------  S U M M A R Y ------------

Command Line: -Dfile.encoding=UTF-8 --module-path=/mnt/2E521095521063BD/JavaPractice/Cashier/build/classes SerialTest

Host: AMD Ryzen 3 2200G with Radeon Vega Graphics, 4 cores, 6G, Ubuntu 18.10
Time: Tue Jan 29 01:44:03 2019 PST elapsed time: 43 seconds (0d 0h 0m 43s)

---------------  T H R E A D  ---------------

Current thread (0x00007fbf381b6000):  JavaThread "Thread-0" [_thread_in_native, id=30433, stack(0x00007fbf10f17000,0x00007fbf11018000)]

Stack: [0x00007fbf10f17000,0x00007fbf11018000],  sp=0x00007fbf11015ac0,  free space=1018k
Native frames: (J=compiled Java code, A=aot compiled Java code, j=interpreted, Vv=VM code, C=native code)
C  [librxtxSerial.so+0x6d9d]  read_byte_array+0x3d

Java frames: (J=compiled Java code, j=interpreted, Vv=VM code)
j  gnu.io.RXTXPort.readArray([BII)I+0
j  gnu.io.RXTXPort$SerialInputStream.read([BII)I+212
j  sun.nio.cs.StreamDecoder.readBytes()I+135 java.base@11.0.1
j  sun.nio.cs.StreamDecoder.implRead([CII)I+112 java.base@11.0.1
j  sun.nio.cs.StreamDecoder.read([CII)I+180 java.base@11.0.1
j  java.io.InputStreamReader.read([CII)I+7 java.base@11.0.1
j  java.io.BufferedReader.fill()V+145 java.base@11.0.1
j  java.io.BufferedReader.readLine(Z)Ljava/lang/String;+44 java.base@11.0.1
j  java.io.BufferedReader.readLine()Ljava/lang/String;+2 java.base@11.0.1
j  SerialTest.serialEvent(Lgnu/io/SerialPortEvent;)V+12
j  gnu.io.RXTXPort.sendEvent(IZ)Z+382
v  ~StubRoutines::call_stub
j  gnu.io.RXTXPort.eventLoop()V+0
j  gnu.io.RXTXPort$MonitorThread.run()V+12
v  ~StubRoutines::call_stub

siginfo: si_signo: 11 (SIGSEGV), si_code: 1 (SEGV_MAPERR), si_addr: 0x0000000011016768

Register to memory mapping:

RAX=0x0000000011016760 is an unknown value
RBX=0x00007fbedc002820 points into unknown readable memory
RCX=0x0000000000000001 is an unknown value
RDX=0x00007fbf3e3f6b00: <offset 0x00000000004a8b00> in /usr/lib/jvm/java-11-openjdk-amd64/lib/server/libjvm.so at 0x00007fbf3df4e000
RSP=0x00007fbf11015ac0 is pointing into the stack for thread: 0x00007fbf381b6000
RBP=0x00007fbf381b6340 points into unknown readable memory
RSI=0x00007fbf11021b25: <offset 0x0000000000009b25> in /lib/x86_64-linux-gnu/librxtxSerial.so at 0x00007fbf11018000
RDI=0x00007fbf11021a9f: <offset 0x0000000000009a9f> in /lib/x86_64-linux-gnu/librxtxSerial.so at 0x00007fbf11018000
R8 =0x00007fbf205a4898 is pointing into metadata
R9 =0x0000000099926300 is an oop
gnu.io.RXTXPort 
{0x0000000099926300} - klass: 'gnu/io/RXTXPort'
R10=0x0000000000000006 is an unknown value
R11=0x00007fbf3f094a0c: <offset 0x0000000001146a0c> in /usr/lib/jvm/java-11-openjdk-amd64/lib/server/libjvm.so at 0x00007fbf3df4e000
R12=0xffffffffffffffff is an unknown value
R13=0x0000000000000002 is an unknown value
R14=0x0000000000000007 is an unknown value
R15=0x00000000ffffffff is an unallocated location in the heap


Registers:
RAX=0x0000000011016760, RBX=0x00007fbedc002820, RCX=0x0000000000000001, RDX=0x00007fbf3e3f6b00
RSP=0x00007fbf11015ac0, RBP=0x00007fbf381b6340, RSI=0x00007fbf11021b25, RDI=0x00007fbf11021a9f
R8 =0x00007fbf205a4898, R9 =0x0000000099926300, R10=0x0000000000000006, R11=0x00007fbf3f094a0c
R12=0xffffffffffffffff, R13=0x0000000000000002, R14=0x0000000000000007, R15=0x00000000ffffffff
RIP=0x00007fbf1101ed9d, EFLAGS=0x0000000000010206, CSGSFS=0x002b000000000033, ERR=0x0000000000000004
  TRAPNO=0x000000000000000e

Top of Stack: (sp=0x00007fbf11015ac0)
0x00007fbf11015ac0:   00007fbf11015b00 0000000000002000
0x00007fbf11015ad0:   0000000211015b10 00007fbedc002820
0x00007fbf11015ae0:   0000000700000007 00007fbf3eaa40e7
0x00007fbf11015af0:   0000000000000000 0000000000002000 

Instructions: (pc=0x00007fbf1101ed9d)
0x00007fbf1101ed7d:   4c 24 18 48 8d 15 17 2d 00 00 48 8d 0d 0e 2d 00
0x00007fbf1101ed8d:   00 44 89 44 24 14 e8 88 c7 ff ff 48 89 44 24 48
0x00007fbf1101ed9d:   8b 40 08 45 85 ff 48 8b 54 24 48 89 44 24 40 c7
0x00007fbf1101edad:   42 08 00 00 00 00 0f 88 bd 01 00 00 31 c0 e8 70 


---------------  P R O C E S S  ---------------

Threads class SMR info:
_java_thread_list=0x00007fbf381b4300, length=11, elements={
0x00007fbf380f4800, 0x00007fbf380fe800, 0x00007fbf38104000, 0x00007fbf38106800,
0x00007fbf38108800, 0x00007fbf3810a800, 0x00007fbf38122000, 0x00007fbf38170000,
0x00007fbf381b6000, 0x00007fbf381c2000, 0x00007fbf38011000
}

Java Threads: ( => current thread )
  0x00007fbf380f4800 JavaThread "Reference Handler" daemon [_thread_blocked, id=30424, stack(0x00007fbf1886f000,0x00007fbf18970000)]
  0x00007fbf380fe800 JavaThread "Finalizer" daemon [_thread_blocked, id=30425, stack(0x00007fbf1876e000,0x00007fbf1886f000)]
  0x00007fbf38104000 JavaThread "Signal Dispatcher" daemon [_thread_blocked, id=30426, stack(0x00007fbf1866d000,0x00007fbf1876e000)]
  0x00007fbf38106800 JavaThread "C2 CompilerThread0" daemon [_thread_blocked, id=30427, stack(0x00007fbf1856c000,0x00007fbf1866d000)]
  0x00007fbf38108800 JavaThread "C1 CompilerThread0" daemon [_thread_blocked, id=30428, stack(0x00007fbf1846b000,0x00007fbf1856c000)]
  0x00007fbf3810a800 JavaThread "Sweeper thread" daemon [_thread_blocked, id=30429, stack(0x00007fbf1836a000,0x00007fbf1846b000)]
  0x00007fbf38122000 JavaThread "Common-Cleaner" daemon [_thread_blocked, id=30430, stack(0x00007fbf18269000,0x00007fbf1836a000)]
  0x00007fbf38170000 JavaThread "Service Thread" daemon [_thread_blocked, id=30431, stack(0x00007fbf18168000,0x00007fbf18269000)]
=>0x00007fbf381b6000 JavaThread "Thread-0" [_thread_in_native, id=30433, stack(0x00007fbf10f17000,0x00007fbf11018000)]
  0x00007fbf381c2000 JavaThread "Thread-1" [_thread_blocked, id=30434, stack(0x00007fbf10e16000,0x00007fbf10f17000)]
  0x00007fbf38011000 JavaThread "DestroyJavaVM" [_thread_blocked, id=30417, stack(0x00007fbf3db1c000,0x00007fbf3dc1d000)]

Other Threads:
  0x00007fbf380f2000 VMThread "VM Thread" [stack: 0x00007fbf2000a000,0x00007fbf2010a000] [id=30423]
  0x00007fbf38172800 WatcherThread [stack: 0x00007fbf18044000,0x00007fbf18144000] [id=30432]
  0x00007fbf38026800 GCTaskThread "GC Thread#0" [stack: 0x00007fbf3d7ca000,0x00007fbf3d8ca000] [id=30418]
  0x00007fbf38052800 ConcurrentGCThread "G1 Main Marker" [stack: 0x00007fbf3c84e000,0x00007fbf3c94e000] [id=30419]
  0x00007fbf38054800 ConcurrentGCThread "G1 Conc#0" [stack: 0x00007fbf3c74c000,0x00007fbf3c84c000] [id=30420]
  0x00007fbf380c0800 ConcurrentGCThread "G1 Refine#0" [stack: 0x00007fbf3c246000,0x00007fbf3c346000] [id=30421]
  0x00007fbf380c2800 ConcurrentGCThread "G1 Young RemSet Sampling" [stack: 0x00007fbf3c144000,0x00007fbf3c244000] [id=30422]

Threads with active compile tasks:

VM state:not at safepoint (normal execution)

VM Mutex/Monitor currently owned by a thread: None

Heap address: 0x0000000092e00000, size: 1746 MB, Compressed Oops mode: 32-bit
Narrow klass base: 0x0000000800000000, Narrow klass shift: 3
Compressed class space size: 1073741824 Address: 0x0000000840000000

Heap:
 garbage-first heap   total 114688K, used 2680K [0x0000000092e00000, 0x0000000100000000)
  region size 1024K, 3 young (3072K), 0 survivors (0K)
 Metaspace       used 853K, capacity 4716K, committed 4864K, reserved 1056768K
  class space    used 85K, capacity 444K, committed 512K, reserved 1048576K
Heap Regions: E=young(eden), S=young(survivor), O=old, HS=humongous(starts), HC=humongous(continues), CS=collection set, F=free, A=archive, TAMS=top-at-mark-start (previous, next)
|   0|0x0000000092e00000, 0x0000000092e00000, 0x0000000092f00000|  0%| F|  |TAMS 0x0000000092e00000, 0x0000000092e00000| Untracked 
|   1|0x0000000092f00000, 0x0000000092f00000, 0x0000000093000000|  0%| F|  |TAMS 0x0000000092f00000, 0x0000000092f00000| Untracked 
|   2|0x0000000093000000, 0x0000000093000000, 0x0000000093100000|  0%| F|  |TAMS 0x0000000093000000, 0x0000000093000000| Untracked 
|   3|0x0000000093100000, 0x0000000093100000, 0x0000000093200000|  0%| F|  |TAMS 0x0000000093100000, 0x0000000093100000| Untracked 
|   4|0x0000000093200000, 0x0000000093200000, 0x0000000093300000|  0%| F|  |TAMS 0x0000000093200000, 0x0000000093200000| Untracked 
|   5|0x0000000093300000, 0x0000000093300000, 0x0000000093400000|  0%| F|  |TAMS 0x0000000093300000, 0x0000000093300000| Untracked 
|   6|0x0000000093400000, 0x0000000093400000, 0x0000000093500000|  0%| F|  |TAMS 0x0000000093400000, 0x0000000093400000| Untracked 
|   7|0x0000000093500000, 0x0000000093500000, 0x0000000093600000|  0%| F|  |TAMS 0x0000000093500000, 0x0000000093500000| Untracked 
|   8|0x0000000093600000, 0x0000000093600000, 0x0000000093700000|  0%| F|  |TAMS 0x0000000093600000, 0x0000000093600000| Untracked 
|   9|0x0000000093700000, 0x0000000093700000, 0x0000000093800000|  0%| F|  |TAMS 0x0000000093700000, 0x0000000093700000| Untracked 
|  10|0x0000000093800000, 0x0000000093800000, 0x0000000093900000|  0%| F|  |TAMS 0x0000000093800000, 0x0000000093800000| Untracked 
|  11|0x0000000093900000, 0x0000000093900000, 0x0000000093a00000|  0%| F|  |TAMS 0x0000000093900000, 0x0000000093900000| Untracked 
|  12|0x0000000093a00000, 0x0000000093a00000, 0x0000000093b00000|  0%| F|  |TAMS 0x0000000093a00000, 0x0000000093a00000| Untracked 
|  13|0x0000000093b00000, 0x0000000093b00000, 0x0000000093c00000|  0%| F|  |TAMS 0x0000000093b00000, 0x0000000093b00000| Untracked 
|  14|0x0000000093c00000, 0x0000000093c00000, 0x0000000093d00000|  0%| F|  |TAMS 0x0000000093c00000, 0x0000000093c00000| Untracked 
|  15|0x0000000093d00000, 0x0000000093d00000, 0x0000000093e00000|  0%| F|  |TAMS 0x0000000093d00000, 0x0000000093d00000| Untracked 
|  16|0x0000000093e00000, 0x0000000093e00000, 0x0000000093f00000|  0%| F|  |TAMS 0x0000000093e00000, 0x0000000093e00000| Untracked 
|  17|0x0000000093f00000, 0x0000000093f00000, 0x0000000094000000|  0%| F|  |TAMS 0x0000000093f00000, 0x0000000093f00000| Untracked 
|  18|0x0000000094000000, 0x0000000094000000, 0x0000000094100000|  0%| F|  |TAMS 0x0000000094000000, 0x0000000094000000| Untracked 
|  19|0x0000000094100000, 0x0000000094100000, 0x0000000094200000|  0%| F|  |TAMS 0x0000000094100000, 0x0000000094100000| Untracked 
|  20|0x0000000094200000, 0x0000000094200000, 0x0000000094300000|  0%| F|  |TAMS 0x0000000094200000, 0x0000000094200000| Untracked 
|  21|0x0000000094300000, 0x0000000094300000, 0x0000000094400000|  0%| F|  |TAMS 0x0000000094300000, 0x0000000094300000| Untracked 
|  22|0x0000000094400000, 0x0000000094400000, 0x0000000094500000|  0%| F|  |TAMS 0x0000000094400000, 0x0000000094400000| Untracked 
|  23|0x0000000094500000, 0x0000000094500000, 0x0000000094600000|  0%| F|  |TAMS 0x0000000094500000, 0x0000000094500000| Untracked 
|  24|0x0000000094600000, 0x0000000094600000, 0x0000000094700000|  0%| F|  |TAMS 0x0000000094600000, 0x0000000094600000| Untracked 
|  25|0x0000000094700000, 0x0000000094700000, 0x0000000094800000|  0%| F|  |TAMS 0x0000000094700000, 0x0000000094700000| Untracked 
|  26|0x0000000094800000, 0x0000000094800000, 0x0000000094900000|  0%| F|  |TAMS 0x0000000094800000, 0x0000000094800000| Untracked 
|  27|0x0000000094900000, 0x0000000094900000, 0x0000000094a00000|  0%| F|  |TAMS 0x0000000094900000, 0x0000000094900000| Untracked 
|  28|0x0000000094a00000, 0x0000000094a00000, 0x0000000094b00000|  0%| F|  |TAMS 0x0000000094a00000, 0x0000000094a00000| Untracked 
|  29|0x0000000094b00000, 0x0000000094b00000, 0x0000000094c00000|  0%| F|  |TAMS 0x0000000094b00000, 0x0000000094b00000| Untracked 
|  30|0x0000000094c00000, 0x0000000094c00000, 0x0000000094d00000|  0%| F|  |TAMS 0x0000000094c00000, 0x0000000094c00000| Untracked 
|  31|0x0000000094d00000, 0x0000000094d00000, 0x0000000094e00000|  0%| F|  |TAMS 0x0000000094d00000, 0x0000000094d00000| Untracked 
|  32|0x0000000094e00000, 0x0000000094e00000, 0x0000000094f00000|  0%| F|  |TAMS 0x0000000094e00000, 0x0000000094e00000| Untracked 
|  33|0x0000000094f00000, 0x0000000094f00000, 0x0000000095000000|  0%| F|  |TAMS 0x0000000094f00000, 0x0000000094f00000| Untracked 
|  34|0x0000000095000000, 0x0000000095000000, 0x0000000095100000|  0%| F|  |TAMS 0x0000000095000000, 0x0000000095000000| Untracked 
|  35|0x0000000095100000, 0x0000000095100000, 0x0000000095200000|  0%| F|  |TAMS 0x0000000095100000, 0x0000000095100000| Untracked 
|  36|0x0000000095200000, 0x0000000095200000, 0x0000000095300000|  0%| F|  |TAMS 0x0000000095200000, 0x0000000095200000| Untracked 
|  37|0x0000000095300000, 0x0000000095300000, 0x0000000095400000|  0%| F|  |TAMS 0x0000000095300000, 0x0000000095300000| Untracked 
|  38|0x0000000095400000, 0x0000000095400000, 0x0000000095500000|  0%| F|  |TAMS 0x0000000095400000, 0x0000000095400000| Untracked 
|  39|0x0000000095500000, 0x0000000095500000, 0x0000000095600000|  0%| F|  |TAMS 0x0000000095500000, 0x0000000095500000| Untracked 
|  40|0x0000000095600000, 0x0000000095600000, 0x0000000095700000|  0%| F|  |TAMS 0x0000000095600000, 0x0000000095600000| Untracked 
|  41|0x0000000095700000, 0x0000000095700000, 0x0000000095800000|  0%| F|  |TAMS 0x0000000095700000, 0x0000000095700000| Untracked 
|  42|0x0000000095800000, 0x0000000095800000, 0x0000000095900000|  0%| F|  |TAMS 0x0000000095800000, 0x0000000095800000| Untracked 
|  43|0x0000000095900000, 0x0000000095900000, 0x0000000095a00000|  0%| F|  |TAMS 0x0000000095900000, 0x0000000095900000| Untracked 
|  44|0x0000000095a00000, 0x0000000095a00000, 0x0000000095b00000|  0%| F|  |TAMS 0x0000000095a00000, 0x0000000095a00000| Untracked 
|  45|0x0000000095b00000, 0x0000000095b00000, 0x0000000095c00000|  0%| F|  |TAMS 0x0000000095b00000, 0x0000000095b00000| Untracked 
|  46|0x0000000095c00000, 0x0000000095c00000, 0x0000000095d00000|  0%| F|  |TAMS 0x0000000095c00000, 0x0000000095c00000| Untracked 
|  47|0x0000000095d00000, 0x0000000095d00000, 0x0000000095e00000|  0%| F|  |TAMS 0x0000000095d00000, 0x0000000095d00000| Untracked 
|  48|0x0000000095e00000, 0x0000000095e00000, 0x0000000095f00000|  0%| F|  |TAMS 0x0000000095e00000, 0x0000000095e00000| Untracked 
|  49|0x0000000095f00000, 0x0000000095f00000, 0x0000000096000000|  0%| F|  |TAMS 0x0000000095f00000, 0x0000000095f00000| Untracked 
|  50|0x0000000096000000, 0x0000000096000000, 0x0000000096100000|  0%| F|  |TAMS 0x0000000096000000, 0x0000000096000000| Untracked 
|  51|0x0000000096100000, 0x0000000096100000, 0x0000000096200000|  0%| F|  |TAMS 0x0000000096100000, 0x0000000096100000| Untracked 
|  52|0x0000000096200000, 0x0000000096200000, 0x0000000096300000|  0%| F|  |TAMS 0x0000000096200000, 0x0000000096200000| Untracked 
|  53|0x0000000096300000, 0x0000000096300000, 0x0000000096400000|  0%| F|  |TAMS 0x0000000096300000, 0x0000000096300000| Untracked 
|  54|0x0000000096400000, 0x0000000096400000, 0x0000000096500000|  0%| F|  |TAMS 0x0000000096400000, 0x0000000096400000| Untracked 
|  55|0x0000000096500000, 0x0000000096500000, 0x0000000096600000|  0%| F|  |TAMS 0x0000000096500000, 0x0000000096500000| Untracked 
|  56|0x0000000096600000, 0x0000000096600000, 0x0000000096700000|  0%| F|  |TAMS 0x0000000096600000, 0x0000000096600000| Untracked 
|  57|0x0000000096700000, 0x0000000096700000, 0x0000000096800000|  0%| F|  |TAMS 0x0000000096700000, 0x0000000096700000| Untracked 
|  58|0x0000000096800000, 0x0000000096800000, 0x0000000096900000|  0%| F|  |TAMS 0x0000000096800000, 0x0000000096800000| Untracked 
|  59|0x0000000096900000, 0x0000000096900000, 0x0000000096a00000|  0%| F|  |TAMS 0x0000000096900000, 0x0000000096900000| Untracked 
|  60|0x0000000096a00000, 0x0000000096a00000, 0x0000000096b00000|  0%| F|  |TAMS 0x0000000096a00000, 0x0000000096a00000| Untracked 
|  61|0x0000000096b00000, 0x0000000096b00000, 0x0000000096c00000|  0%| F|  |TAMS 0x0000000096b00000, 0x0000000096b00000| Untracked 
|  62|0x0000000096c00000, 0x0000000096c00000, 0x0000000096d00000|  0%| F|  |TAMS 0x0000000096c00000, 0x0000000096c00000| Untracked 
|  63|0x0000000096d00000, 0x0000000096d00000, 0x0000000096e00000|  0%| F|  |TAMS 0x0000000096d00000, 0x0000000096d00000| Untracked 
|  64|0x0000000096e00000, 0x0000000096e00000, 0x0000000096f00000|  0%| F|  |TAMS 0x0000000096e00000, 0x0000000096e00000| Untracked 
|  65|0x0000000096f00000, 0x0000000096f00000, 0x0000000097000000|  0%| F|  |TAMS 0x0000000096f00000, 0x0000000096f00000| Untracked 
|  66|0x0000000097000000, 0x0000000097000000, 0x0000000097100000|  0%| F|  |TAMS 0x0000000097000000, 0x0000000097000000| Untracked 
|  67|0x0000000097100000, 0x0000000097100000, 0x0000000097200000|  0%| F|  |TAMS 0x0000000097100000, 0x0000000097100000| Untracked 
|  68|0x0000000097200000, 0x0000000097200000, 0x0000000097300000|  0%| F|  |TAMS 0x0000000097200000, 0x0000000097200000| Untracked 
|  69|0x0000000097300000, 0x0000000097300000, 0x0000000097400000|  0%| F|  |TAMS 0x0000000097300000, 0x0000000097300000| Untracked 
|  70|0x0000000097400000, 0x0000000097400000, 0x0000000097500000|  0%| F|  |TAMS 0x0000000097400000, 0x0000000097400000| Untracked 
|  71|0x0000000097500000, 0x0000000097500000, 0x0000000097600000|  0%| F|  |TAMS 0x0000000097500000, 0x0000000097500000| Untracked 
|  72|0x0000000097600000, 0x0000000097600000, 0x0000000097700000|  0%| F|  |TAMS 0x0000000097600000, 0x0000000097600000| Untracked 
|  73|0x0000000097700000, 0x0000000097700000, 0x0000000097800000|  0%| F|  |TAMS 0x0000000097700000, 0x0000000097700000| Untracked 
|  74|0x0000000097800000, 0x0000000097800000, 0x0000000097900000|  0%| F|  |TAMS 0x0000000097800000, 0x0000000097800000| Untracked 
|  75|0x0000000097900000, 0x0000000097900000, 0x0000000097a00000|  0%| F|  |TAMS 0x0000000097900000, 0x0000000097900000| Untracked 
|  76|0x0000000097a00000, 0x0000000097a00000, 0x0000000097b00000|  0%| F|  |TAMS 0x0000000097a00000, 0x0000000097a00000| Untracked 
|  77|0x0000000097b00000, 0x0000000097b00000, 0x0000000097c00000|  0%| F|  |TAMS 0x0000000097b00000, 0x0000000097b00000| Untracked 
|  78|0x0000000097c00000, 0x0000000097c00000, 0x0000000097d00000|  0%| F|  |TAMS 0x0000000097c00000, 0x0000000097c00000| Untracked 
|  79|0x0000000097d00000, 0x0000000097d00000, 0x0000000097e00000|  0%| F|  |TAMS 0x0000000097d00000, 0x0000000097d00000| Untracked 
|  80|0x0000000097e00000, 0x0000000097e00000, 0x0000000097f00000|  0%| F|  |TAMS 0x0000000097e00000, 0x0000000097e00000| Untracked 
|  81|0x0000000097f00000, 0x0000000097f00000, 0x0000000098000000|  0%| F|  |TAMS 0x0000000097f00000, 0x0000000097f00000| Untracked 
|  82|0x0000000098000000, 0x0000000098000000, 0x0000000098100000|  0%| F|  |TAMS 0x0000000098000000, 0x0000000098000000| Untracked 
|  83|0x0000000098100000, 0x0000000098100000, 0x0000000098200000|  0%| F|  |TAMS 0x0000000098100000, 0x0000000098100000| Untracked 
|  84|0x0000000098200000, 0x0000000098200000, 0x0000000098300000|  0%| F|  |TAMS 0x0000000098200000, 0x0000000098200000| Untracked 
|  85|0x0000000098300000, 0x0000000098300000, 0x0000000098400000|  0%| F|  |TAMS 0x0000000098300000, 0x0000000098300000| Untracked 
|  86|0x0000000098400000, 0x0000000098400000, 0x0000000098500000|  0%| F|  |TAMS 0x0000000098400000, 0x0000000098400000| Untracked 
|  87|0x0000000098500000, 0x0000000098500000, 0x0000000098600000|  0%| F|  |TAMS 0x0000000098500000, 0x0000000098500000| Untracked 
|  88|0x0000000098600000, 0x0000000098600000, 0x0000000098700000|  0%| F|  |TAMS 0x0000000098600000, 0x0000000098600000| Untracked 
|  89|0x0000000098700000, 0x0000000098700000, 0x0000000098800000|  0%| F|  |TAMS 0x0000000098700000, 0x0000000098700000| Untracked 
|  90|0x0000000098800000, 0x0000000098800000, 0x0000000098900000|  0%| F|  |TAMS 0x0000000098800000, 0x0000000098800000| Untracked 
|  91|0x0000000098900000, 0x0000000098900000, 0x0000000098a00000|  0%| F|  |TAMS 0x0000000098900000, 0x0000000098900000| Untracked 
|  92|0x0000000098a00000, 0x0000000098a00000, 0x0000000098b00000|  0%| F|  |TAMS 0x0000000098a00000, 0x0000000098a00000| Untracked 
|  93|0x0000000098b00000, 0x0000000098b00000, 0x0000000098c00000|  0%| F|  |TAMS 0x0000000098b00000, 0x0000000098b00000| Untracked 
|  94|0x0000000098c00000, 0x0000000098c00000, 0x0000000098d00000|  0%| F|  |TAMS 0x0000000098c00000, 0x0000000098c00000| Untracked 
|  95|0x0000000098d00000, 0x0000000098d00000, 0x0000000098e00000|  0%| F|  |TAMS 0x0000000098d00000, 0x0000000098d00000| Untracked 
|  96|0x0000000098e00000, 0x0000000098e00000, 0x0000000098f00000|  0%| F|  |TAMS 0x0000000098e00000, 0x0000000098e00000| Untracked 
|  97|0x0000000098f00000, 0x0000000098f00000, 0x0000000099000000|  0%| F|  |TAMS 0x0000000098f00000, 0x0000000098f00000| Untracked 
|  98|0x0000000099000000, 0x0000000099000000, 0x0000000099100000|  0%| F|  |TAMS 0x0000000099000000, 0x0000000099000000| Untracked 
|  99|0x0000000099100000, 0x0000000099100000, 0x0000000099200000|  0%| F|  |TAMS 0x0000000099100000, 0x0000000099100000| Untracked 
| 100|0x0000000099200000, 0x0000000099200000, 0x0000000099300000|  0%| F|  |TAMS 0x0000000099200000, 0x0000000099200000| Untracked 
| 101|0x0000000099300000, 0x0000000099300000, 0x0000000099400000|  0%| F|  |TAMS 0x0000000099300000, 0x0000000099300000| Untracked 
| 102|0x0000000099400000, 0x0000000099400000, 0x0000000099500000|  0%| F|  |TAMS 0x0000000099400000, 0x0000000099400000| Untracked 
| 103|0x0000000099500000, 0x0000000099500000, 0x0000000099600000|  0%| F|  |TAMS 0x0000000099500000, 0x0000000099500000| Untracked 
| 104|0x0000000099600000, 0x0000000099600000, 0x0000000099700000|  0%| F|  |TAMS 0x0000000099600000, 0x0000000099600000| Untracked 
| 105|0x0000000099700000, 0x0000000099700000, 0x0000000099800000|  0%| F|  |TAMS 0x0000000099700000, 0x0000000099700000| Untracked 
| 106|0x0000000099800000, 0x0000000099800000, 0x0000000099900000|  0%| F|  |TAMS 0x0000000099800000, 0x0000000099800000| Untracked 
| 107|0x0000000099900000, 0x00000000999d7a48, 0x0000000099a00000| 84%| E|  |TAMS 0x0000000099900000, 0x0000000099900000| Complete 
| 108|0x0000000099a00000, 0x0000000099b00000, 0x0000000099b00000|100%| E|CS|TAMS 0x0000000099a00000, 0x0000000099a00000| Complete 
| 109|0x0000000099b00000, 0x0000000099c00000, 0x0000000099c00000|100%| E|CS|TAMS 0x0000000099b00000, 0x0000000099b00000| Complete 
|1744|0x00000000ffe00000, 0x00000000ffe34000, 0x00000000fff00000| 20%|OA|  |TAMS 0x00000000ffe00000, 0x00000000ffe00000| Untracked 
|1745|0x00000000fff00000, 0x00000000fff6a000, 0x0000000100000000| 41%|CA|  |TAMS 0x00000000fff00000, 0x00000000fff00000| Untracked 

Card table byte_map: [0x00007fbf3ccf2000,0x00007fbf3d05b000] _byte_map_base: 0x00007fbf3c85b000

Marking Bits (Prev, Next): (CMBitMap*) 0x00007fbf3804af68, (CMBitMap*) 0x00007fbf3804afa0
 Prev Bits: [0x00007fbf1a4b8000, 0x00007fbf1c000000)
 Next Bits: [0x00007fbf18970000, 0x00007fbf1a4b8000)

Polling page: 0x00007fbf3f4f2000

Metaspace:

Usage:
  Non-class:      4.17 MB capacity,   768.23 KB ( 18%) used,     3.42 MB ( 82%) free+waste,     2.44 KB ( <1%) overhead. 
      Class:    444.00 KB capacity,    85.09 KB ( 19%) used,   357.28 KB ( 80%) free+waste,     1.62 KB ( <1%) overhead. 
       Both:      4.61 MB capacity,   853.33 KB ( 18%) used,     3.77 MB ( 82%) free+waste,     4.06 KB ( <1%) overhead. 

Virtual space:
  Non-class space:        8.00 MB reserved,       4.25 MB ( 53%) committed 
      Class space:        1.00 GB reserved,     512.00 KB ( <1%) committed 
             Both:        1.01 GB reserved,       4.75 MB ( <1%) committed 

Chunk freelists:
   Non-Class:  4.50 KB
       Class:  512 bytes
        Both:  5.00 KB

CodeHeap 'non-profiled nmethods': size=120032Kb used=76Kb max_used=76Kb free=119956Kb
 bounds [0x00007fbf28453000, 0x00007fbf286c3000, 0x00007fbf2f98b000]
CodeHeap 'profiled nmethods': size=120032Kb used=293Kb max_used=293Kb free=119738Kb
 bounds [0x00007fbf20f1b000, 0x00007fbf2118b000, 0x00007fbf28453000]
CodeHeap 'non-nmethods': size=5696Kb used=1044Kb max_used=1058Kb free=4652Kb
 bounds [0x00007fbf2098b000, 0x00007fbf20bfb000, 0x00007fbf20f1b000]
 total_blobs=644 nmethods=242 adapters=242
 compilation: enabled
              stopped_count=0, restarted_count=0
 full_count=0

Compilation events (10 events):
Event: 0.115 Thread 0x00007fbf38108800  238       3       java.lang.String::lastIndexOf (12 bytes)
Event: 0.116 Thread 0x00007fbf38108800 nmethod 238 0x00007fbf20f62d10 code [0x00007fbf20f62f00, 0x00007fbf20f63358]
Event: 0.117 Thread 0x00007fbf38108800  239       3       java.util.zip.ZipUtils::CENNAM (9 bytes)
Event: 0.117 Thread 0x00007fbf38108800 nmethod 239 0x00007fbf20f63510 code [0x00007fbf20f636c0, 0x00007fbf20f638b0]
Event: 0.117 Thread 0x00007fbf38108800  240       3       java.util.zip.ZipUtils::CENHOW (9 bytes)
Event: 0.117 Thread 0x00007fbf38108800 nmethod 240 0x00007fbf20f63a10 code [0x00007fbf20f63bc0, 0x00007fbf20f63db0]
Event: 0.117 Thread 0x00007fbf38108800  241       3       java.util.concurrent.ConcurrentHashMap::casTabAt (21 bytes)
Event: 0.118 Thread 0x00007fbf38108800 nmethod 241 0x00007fbf20f63f10 code [0x00007fbf20f640c0, 0x00007fbf20f64270]
Event: 0.118 Thread 0x00007fbf38108800  242       3       jdk.internal.misc.Unsafe::putObjectRelease (9 bytes)
Event: 0.118 Thread 0x00007fbf38108800 nmethod 242 0x00007fbf20f64310 code [0x00007fbf20f644c0, 0x00007fbf20f64690]

GC Heap History (0 events):
No events

Deoptimization events (0 events):
No events

Classes redefined (0 events):
No events

Internal exceptions (5 events):
Event: 0.070 Thread 0x00007fbf38011000 Exception <a 'sun/nio/fs/UnixException'{0x0000000099a08df8}> (0x0000000099a08df8) thrown at [/build/openjdk-lts-rLGL8O/openjdk-lts-11.0.1+13/src/hotspot/share/prims/jni.cpp, line 615]
Event: 0.105 Thread 0x00007fbf38011000 Exception <a 'java/io/FileNotFoundException'{0x0000000099addf80}> (0x0000000099addf80) thrown at [/build/openjdk-lts-rLGL8O/openjdk-lts-11.0.1+13/src/hotspot/share/prims/jni.cpp, line 615]
Event: 0.110 Thread 0x00007fbf38011000 Exception <a 'java/io/FileNotFoundException'{0x0000000099aefc20}> (0x0000000099aefc20) thrown at [/build/openjdk-lts-rLGL8O/openjdk-lts-11.0.1+13/src/hotspot/share/prims/jni.cpp, line 615]
Event: 0.111 Thread 0x00007fbf38011000 Exception <a 'java/io/FileNotFoundException'{0x0000000099afc3b0}> (0x0000000099afc3b0) thrown at [/build/openjdk-lts-rLGL8O/openjdk-lts-11.0.1+13/src/hotspot/share/prims/jni.cpp, line 615]
Event: 0.115 Thread 0x00007fbf38011000 Exception <a 'java/io/FileNotFoundException'{0x000000009990e098}> (0x000000009990e098) thrown at [/build/openjdk-lts-rLGL8O/openjdk-lts-11.0.1+13/src/hotspot/share/prims/jni.cpp, line 615]

Events (10 events):
Event: 0.124 loading class java/io/BufferedReader done
Event: 0.124 loading class sun/nio/cs/StreamDecoder
Event: 0.124 loading class sun/nio/cs/StreamDecoder done
Event: 0.124 loading class sun/nio/cs/UTF_8$Decoder
Event: 0.124 loading class java/nio/charset/CharsetDecoder
Event: 0.124 loading class java/nio/charset/CharsetDecoder done
Event: 0.124 loading class sun/nio/cs/UTF_8$Decoder done
Event: 0.125 Thread 0x00007fbf381c2000 Thread added: 0x00007fbf381c2000
Event: 0.125 Thread 0x00007fbf38011000 Thread exited: 0x00007fbf38011000
Event: 0.125 Thread 0x00007fbf38011000 Thread added: 0x00007fbf38011000


Dynamic libraries:
92e00000-99c00000 rw-p 00000000 00:00 0 
99c00000-ffe00000 ---p 00000000 00:00 0 
ffe00000-ffe34000 rw-p 0111a000 08:02 21370163                           /usr/lib/jvm/java-11-openjdk-amd64/lib/server/classes.jsa
ffe34000-fff00000 rw-p 00000000 00:00 0 
fff00000-fff6a000 rw-p 010b0000 08:02 21370163                           /usr/lib/jvm/java-11-openjdk-amd64/lib/server/classes.jsa
fff6a000-100000000 rw-p 00000000 00:00 0 
800000000-800002000 rwxp 00001000 08:02 21370163                         /usr/lib/jvm/java-11-openjdk-amd64/lib/server/classes.jsa
800002000-8003be000 rw-p 00003000 08:02 21370163                         /usr/lib/jvm/java-11-openjdk-amd64/lib/server/classes.jsa
8003be000-800a9a000 r--p 003bf000 08:02 21370163                         /usr/lib/jvm/java-11-openjdk-amd64/lib/server/classes.jsa
800a9a000-800a9b000 rw-p 00a9b000 08:02 21370163                         /usr/lib/jvm/java-11-openjdk-amd64/lib/server/classes.jsa
800a9b000-8010af000 r--p 00a9c000 08:02 21370163                         /usr/lib/jvm/java-11-openjdk-amd64/lib/server/classes.jsa
840000000-840080000 rw-p 00000000 00:00 0 
840080000-880000000 ---p 00000000 00:00 0 
55822a4b4000-55822a4b5000 r--p 00000000 08:02 21238314                   /usr/lib/jvm/java-11-openjdk-amd64/bin/java
55822a4b5000-55822a4b6000 r-xp 00001000 08:02 21238314                   /usr/lib/jvm/java-11-openjdk-amd64/bin/java
55822a4b6000-55822a4b7000 r--p 00002000 08:02 21238314                   /usr/lib/jvm/java-11-openjdk-amd64/bin/java
55822a4b7000-55822a4b8000 r--p 00002000 08:02 21238314                   /usr/lib/jvm/java-11-openjdk-amd64/bin/java
55822a4b8000-55822a4b9000 rw-p 00003000 08:02 21238314                   /usr/lib/jvm/java-11-openjdk-amd64/bin/java
55822b341000-55822b362000 rw-p 00000000 00:00 0                          [heap]
7fbed0000000-7fbed0021000 rw-p 00000000 00:00 0 
7fbed0021000-7fbed4000000 ---p 00000000 00:00 0 
7fbed8000000-7fbed8021000 rw-p 00000000 00:00 0 
7fbed8021000-7fbedc000000 ---p 00000000 00:00 0 
7fbedc000000-7fbedc021000 rw-p 00000000 00:00 0 
7fbedc021000-7fbee0000000 ---p 00000000 00:00 0 
7fbee0000000-7fbee0021000 rw-p 00000000 00:00 0 
7fbee0021000-7fbee4000000 ---p 00000000 00:00 0 
7fbee4000000-7fbee4021000 rw-p 00000000 00:00 0 
7fbee4021000-7fbee8000000 ---p 00000000 00:00 0 
7fbee8000000-7fbee80cb000 rw-p 00000000 00:00 0 
7fbee80cb000-7fbeec000000 ---p 00000000 00:00 0 
7fbeec000000-7fbeec021000 rw-p 00000000 00:00 0 
7fbeec021000-7fbef0000000 ---p 00000000 00:00 0 
7fbef0000000-7fbef0021000 rw-p 00000000 00:00 0 
7fbef0021000-7fbef4000000 ---p 00000000 00:00 0 
7fbef4000000-7fbef418b000 rw-p 00000000 00:00 0 
7fbef418b000-7fbef8000000 ---p 00000000 00:00 0 
7fbef8000000-7fbef8021000 rw-p 00000000 00:00 0 
7fbef8021000-7fbefc000000 ---p 00000000 00:00 0 
7fbefc000000-7fbefc021000 rw-p 00000000 00:00 0 
7fbefc021000-7fbf00000000 ---p 00000000 00:00 0 
7fbf00000000-7fbf00021000 rw-p 00000000 00:00 0 
7fbf00021000-7fbf04000000 ---p 00000000 00:00 0 
7fbf04000000-7fbf04021000 rw-p 00000000 00:00 0 
7fbf04021000-7fbf08000000 ---p 00000000 00:00 0 
7fbf08000000-7fbf08021000 rw-p 00000000 00:00 0 
7fbf08021000-7fbf0c000000 ---p 00000000 00:00 0 
7fbf0c000000-7fbf0c021000 rw-p 00000000 00:00 0 
7fbf0c021000-7fbf10000000 ---p 00000000 00:00 0 
7fbf10e16000-7fbf10e1a000 ---p 00000000 00:00 0 
7fbf10e1a000-7fbf10f17000 rw-p 00000000 00:00 0 
7fbf10f17000-7fbf10f1b000 ---p 00000000 00:00 0 
7fbf10f1b000-7fbf11018000 rw-p 00000000 00:00 0 
7fbf11018000-7fbf11025000 r-xp 00000000 08:02 15466584                   /lib/x86_64-linux-gnu/librxtxSerial.so
7fbf11025000-7fbf11224000 ---p 0000d000 08:02 15466584                   /lib/x86_64-linux-gnu/librxtxSerial.so
7fbf11224000-7fbf11225000 rw-p 0000c000 08:02 15466584                   /lib/x86_64-linux-gnu/librxtxSerial.so
7fbf11225000-7fbf12000000 r--p 00000000 08:02 21240392                   /usr/lib/locale/locale-archive
7fbf12000000-7fbf14000000 rw-p 00000000 00:00 0 
7fbf14000000-7fbf14021000 rw-p 00000000 00:00 0 
7fbf14021000-7fbf18000000 ---p 00000000 00:00 0 
7fbf18042000-7fbf18043000 ---p 00000000 00:00 0 
7fbf18043000-7fbf18144000 rw-p 00000000 00:00 0 
7fbf18168000-7fbf1816c000 ---p 00000000 00:00 0 
7fbf1816c000-7fbf18269000 rw-p 00000000 00:00 0 
7fbf18269000-7fbf1826d000 ---p 00000000 00:00 0 
7fbf1826d000-7fbf1836a000 rw-p 00000000 00:00 0 
7fbf1836a000-7fbf1836e000 ---p 00000000 00:00 0 
7fbf1836e000-7fbf1846b000 rw-p 00000000 00:00 0 
7fbf1846b000-7fbf1846f000 ---p 00000000 00:00 0 
7fbf1846f000-7fbf1856c000 rw-p 00000000 00:00 0 
7fbf1856c000-7fbf18570000 ---p 00000000 00:00 0 
7fbf18570000-7fbf1866d000 rw-p 00000000 00:00 0 
7fbf1866d000-7fbf18671000 ---p 00000000 00:00 0 
7fbf18671000-7fbf1876e000 rw-p 00000000 00:00 0 
7fbf1876e000-7fbf18772000 ---p 00000000 00:00 0 
7fbf18772000-7fbf1886f000 rw-p 00000000 00:00 0 
7fbf1886f000-7fbf18873000 ---p 00000000 00:00 0 
7fbf18873000-7fbf18b28000 rw-p 00000000 00:00 0 
7fbf18b28000-7fbf1a4b0000 ---p 00000000 00:00 0 
7fbf1a4b0000-7fbf1a670000 rw-p 00000000 00:00 0 
7fbf1a670000-7fbf1bff8000 ---p 00000000 00:00 0 
7fbf1bff8000-7fbf1c000000 rw-p 00000000 00:00 0 
7fbf1c000000-7fbf1c021000 rw-p 00000000 00:00 0 
7fbf1c021000-7fbf20000000 ---p 00000000 00:00 0 
7fbf20008000-7fbf20009000 ---p 00000000 00:00 0 
7fbf20009000-7fbf205cb000 rw-p 00000000 00:00 0 
7fbf205cb000-7fbf2098b000 ---p 00000000 00:00 0 
7fbf2098b000-7fbf20bfb000 rwxp 00000000 00:00 0 
7fbf20bfb000-7fbf20f1b000 ---p 00000000 00:00 0 
7fbf20f1b000-7fbf2118b000 rwxp 00000000 00:00 0 
7fbf2118b000-7fbf28453000 ---p 00000000 00:00 0 
7fbf28453000-7fbf286c3000 rwxp 00000000 00:00 0 
7fbf286c3000-7fbf2f98b000 ---p 00000000 00:00 0 
7fbf2f98b000-7fbf38000000 r--s 00000000 08:02 21369972                   /usr/lib/jvm/java-11-openjdk-amd64/lib/modules
7fbf38000000-7fbf381d7000 rw-p 00000000 00:00 0 
7fbf381d7000-7fbf3c000000 ---p 00000000 00:00 0 
7fbf3c020000-7fbf3c051000 rw-p 00000000 00:00 0 
7fbf3c051000-7fbf3c055000 r--p 00000000 08:02 21369962                   /usr/lib/jvm/java-11-openjdk-amd64/lib/libnet.so
7fbf3c055000-7fbf3c064000 r-xp 00004000 08:02 21369962                   /usr/lib/jvm/java-11-openjdk-amd64/lib/libnet.so
7fbf3c064000-7fbf3c068000 r--p 00013000 08:02 21369962                   /usr/lib/jvm/java-11-openjdk-amd64/lib/libnet.so
7fbf3c068000-7fbf3c069000 r--p 00016000 08:02 21369962                   /usr/lib/jvm/java-11-openjdk-amd64/lib/libnet.so
7fbf3c069000-7fbf3c06a000 rw-p 00017000 08:02 21369962                   /usr/lib/jvm/java-11-openjdk-amd64/lib/libnet.so
7fbf3c06a000-7fbf3c071000 r--p 00000000 08:02 21369963                   /usr/lib/jvm/java-11-openjdk-amd64/lib/libnio.so
7fbf3c071000-7fbf3c078000 r-xp 00007000 08:02 21369963                   /usr/lib/jvm/java-11-openjdk-amd64/lib/libnio.so
7fbf3c078000-7fbf3c07b000 r--p 0000e000 08:02 21369963                   /usr/lib/jvm/java-11-openjdk-amd64/lib/libnio.so
7fbf3c07b000-7fbf3c07c000 r--p 00010000 08:02 21369963                   /usr/lib/jvm/java-11-openjdk-amd64/lib/libnio.so
7fbf3c07c000-7fbf3c07d000 rw-p 00011000 08:02 21369963                   /usr/lib/jvm/java-11-openjdk-amd64/lib/libnio.so
7fbf3c07d000-7fbf3c142000 rw-p 00000000 00:00 0 
7fbf3c142000-7fbf3c143000 ---p 00000000 00:00 0 
7fbf3c143000-7fbf3c244000 rw-p 00000000 00:00 0 
7fbf3c244000-7fbf3c245000 ---p 00000000 00:00 0 
7fbf3c245000-7fbf3c74a000 rw-p 00000000 00:00 0 
7fbf3c74a000-7fbf3c74b000 ---p 00000000 00:00 0 
7fbf3c74b000-7fbf3c84c000 rw-p 00000000 00:00 0 
7fbf3c84c000-7fbf3c84d000 ---p 00000000 00:00 0 
7fbf3c84d000-7fbf3c9c0000 rw-p 00000000 00:00 0 
7fbf3c9c0000-7fbf3ccf1000 ---p 00000000 00:00 0 
7fbf3ccf1000-7fbf3cd29000 rw-p 00000000 00:00 0 
7fbf3cd29000-7fbf3d05a000 ---p 00000000 00:00 0 
7fbf3d05a000-7fbf3d092000 rw-p 00000000 00:00 0 
7fbf3d092000-7fbf3d3c3000 ---p 00000000 00:00 0 
7fbf3d3c3000-7fbf3d7c8000 rw-p 00000000 00:00 0 
7fbf3d7c8000-7fbf3d7c9000 ---p 00000000 00:00 0 
7fbf3d7c9000-7fbf3d8cf000 rw-p 00000000 00:00 0 
7fbf3d8cf000-7fbf3d9b5000 ---p 00000000 00:00 0 
7fbf3d9b5000-7fbf3d9ba000 rw-p 00000000 00:00 0 
7fbf3d9ba000-7fbf3daa0000 ---p 00000000 00:00 0 
7fbf3daa0000-7fbf3daa5000 rw-p 00000000 00:00 0 
7fbf3daa5000-7fbf3daac000 ---p 00000000 00:00 0 
7fbf3daac000-7fbf3daae000 r--p 00000000 08:02 21369954                   /usr/lib/jvm/java-11-openjdk-amd64/lib/libjimage.so
7fbf3daae000-7fbf3dab1000 r-xp 00002000 08:02 21369954                   /usr/lib/jvm/java-11-openjdk-amd64/lib/libjimage.so
7fbf3dab1000-7fbf3dab3000 r--p 00005000 08:02 21369954                   /usr/lib/jvm/java-11-openjdk-amd64/lib/libjimage.so
7fbf3dab3000-7fbf3dab4000 r--p 00006000 08:02 21369954                   /usr/lib/jvm/java-11-openjdk-amd64/lib/libjimage.so
7fbf3dab4000-7fbf3dab5000 rw-p 00007000 08:02 21369954                   /usr/lib/jvm/java-11-openjdk-amd64/lib/libjimage.so
7fbf3dab5000-7fbf3dab8000 r--p 00000000 08:02 15471560                   /lib/x86_64-linux-gnu/libnss_files-2.28.so
7fbf3dab8000-7fbf3dabf000 r-xp 00003000 08:02 15471560                   /lib/x86_64-linux-gnu/libnss_files-2.28.so
7fbf3dabf000-7fbf3dac2000 r--p 0000a000 08:02 15471560                   /lib/x86_64-linux-gnu/libnss_files-2.28.so
7fbf3dac2000-7fbf3dac3000 r--p 0000c000 08:02 15471560                   /lib/x86_64-linux-gnu/libnss_files-2.28.so
7fbf3dac3000-7fbf3dac4000 rw-p 0000d000 08:02 15471560                   /lib/x86_64-linux-gnu/libnss_files-2.28.so
7fbf3dac4000-7fbf3daca000 rw-p 00000000 00:00 0 
7fbf3dad2000-7fbf3dad4000 r--p 00000000 08:02 21369971                   /usr/lib/jvm/java-11-openjdk-amd64/lib/libzip.so
7fbf3dad4000-7fbf3dad8000 r-xp 00002000 08:02 21369971                   /usr/lib/jvm/java-11-openjdk-amd64/lib/libzip.so
7fbf3dad8000-7fbf3dada000 r--p 00006000 08:02 21369971                   /usr/lib/jvm/java-11-openjdk-amd64/lib/libzip.so
7fbf3dada000-7fbf3dadb000 r--p 00007000 08:02 21369971                   /usr/lib/jvm/java-11-openjdk-amd64/lib/libzip.so
7fbf3dadb000-7fbf3dadc000 rw-p 00008000 08:02 21369971                   /usr/lib/jvm/java-11-openjdk-amd64/lib/libzip.so
7fbf3dadc000-7fbf3dae4000 rw-s 00000000 08:02 1050321                    /tmp/hsperfdata_jay/30411
7fbf3dae4000-7fbf3daf1000 r--p 00000000 08:02 21369950                   /usr/lib/jvm/java-11-openjdk-amd64/lib/libjava.so
7fbf3daf1000-7fbf3db08000 r-xp 0000d000 08:02 21369950                   /usr/lib/jvm/java-11-openjdk-amd64/lib/libjava.so
7fbf3db08000-7fbf3db0f000 r--p 00024000 08:02 21369950                   /usr/lib/jvm/java-11-openjdk-amd64/lib/libjava.so
7fbf3db0f000-7fbf3db10000 r--p 0002a000 08:02 21369950                   /usr/lib/jvm/java-11-openjdk-amd64/lib/libjava.so
7fbf3db10000-7fbf3db12000 rw-p 0002b000 08:02 21369950                   /usr/lib/jvm/java-11-openjdk-amd64/lib/libjava.so
7fbf3db12000-7fbf3db14000 r--p 00000000 08:02 15471610                   /lib/x86_64-linux-gnu/librt-2.28.so
7fbf3db14000-7fbf3db18000 r-xp 00002000 08:02 15471610                   /lib/x86_64-linux-gnu/librt-2.28.so
7fbf3db18000-7fbf3db1a000 r--p 00006000 08:02 15471610                   /lib/x86_64-linux-gnu/librt-2.28.so
7fbf3db1a000-7fbf3db1b000 r--p 00007000 08:02 15471610                   /lib/x86_64-linux-gnu/librt-2.28.so
7fbf3db1b000-7fbf3db1c000 rw-p 00008000 08:02 15471610                   /lib/x86_64-linux-gnu/librt-2.28.so
7fbf3db1c000-7fbf3db20000 ---p 00000000 00:00 0 
7fbf3db20000-7fbf3dc1d000 rw-p 00000000 00:00 0 
7fbf3dc1d000-7fbf3dc20000 r--p 00000000 08:02 15471507                   /lib/x86_64-linux-gnu/libgcc_s.so.1
7fbf3dc20000-7fbf3dc31000 r-xp 00003000 08:02 15471507                   /lib/x86_64-linux-gnu/libgcc_s.so.1
7fbf3dc31000-7fbf3dc34000 r--p 00014000 08:02 15471507                   /lib/x86_64-linux-gnu/libgcc_s.so.1
7fbf3dc34000-7fbf3dc35000 ---p 00017000 08:02 15471507                   /lib/x86_64-linux-gnu/libgcc_s.so.1
7fbf3dc35000-7fbf3dc36000 r--p 00017000 08:02 15471507                   /lib/x86_64-linux-gnu/libgcc_s.so.1
7fbf3dc36000-7fbf3dc37000 rw-p 00018000 08:02 15471507                   /lib/x86_64-linux-gnu/libgcc_s.so.1
7fbf3dc37000-7fbf3dc44000 r--p 00000000 08:02 15471533                   /lib/x86_64-linux-gnu/libm-2.28.so
7fbf3dc44000-7fbf3dcef000 r-xp 0000d000 08:02 15471533                   /lib/x86_64-linux-gnu/libm-2.28.so
7fbf3dcef000-7fbf3ddc2000 r--p 000b8000 08:02 15471533                   /lib/x86_64-linux-gnu/libm-2.28.so
7fbf3ddc2000-7fbf3ddc3000 r--p 0018a000 08:02 15471533                   /lib/x86_64-linux-gnu/libm-2.28.so
7fbf3ddc3000-7fbf3ddc4000 rw-p 0018b000 08:02 15471533                   /lib/x86_64-linux-gnu/libm-2.28.so
7fbf3ddc4000-7fbf3de4d000 r--p 00000000 08:02 21242280                   /usr/lib/x86_64-linux-gnu/libstdc++.so.6.0.25
7fbf3de4d000-7fbf3df00000 r-xp 00089000 08:02 21242280                   /usr/lib/x86_64-linux-gnu/libstdc++.so.6.0.25
7fbf3df00000-7fbf3df3e000 r--p 0013c000 08:02 21242280                   /usr/lib/x86_64-linux-gnu/libstdc++.so.6.0.25
7fbf3df3e000-7fbf3df48000 r--p 00179000 08:02 21242280                   /usr/lib/x86_64-linux-gnu/libstdc++.so.6.0.25
7fbf3df48000-7fbf3df4a000 rw-p 00183000 08:02 21242280                   /usr/lib/x86_64-linux-gnu/libstdc++.so.6.0.25
7fbf3df4a000-7fbf3df4e000 rw-p 00000000 00:00 0 
7fbf3df4e000-7fbf3e1db000 r--p 00000000 08:02 21369977                   /usr/lib/jvm/java-11-openjdk-amd64/lib/server/libjvm.so
7fbf3e1db000-7fbf3ed1d000 r-xp 0028d000 08:02 21369977                   /usr/lib/jvm/java-11-openjdk-amd64/lib/server/libjvm.so
7fbf3ed1d000-7fbf3ef64000 r--p 00dcf000 08:02 21369977                   /usr/lib/jvm/java-11-openjdk-amd64/lib/server/libjvm.so
7fbf3ef64000-7fbf3f02c000 r--p 01015000 08:02 21369977                   /usr/lib/jvm/java-11-openjdk-amd64/lib/server/libjvm.so
7fbf3f02c000-7fbf3f066000 rw-p 010dd000 08:02 21369977                   /usr/lib/jvm/java-11-openjdk-amd64/lib/server/libjvm.so
7fbf3f066000-7fbf3f0bd000 rw-p 00000000 00:00 0 
7fbf3f0bd000-7fbf3f0c3000 r--p 00000000 08:02 15471602                   /lib/x86_64-linux-gnu/libpthread-2.28.so
7fbf3f0c3000-7fbf3f0d2000 r-xp 00006000 08:02 15471602                   /lib/x86_64-linux-gnu/libpthread-2.28.so
7fbf3f0d2000-7fbf3f0d8000 r--p 00015000 08:02 15471602                   /lib/x86_64-linux-gnu/libpthread-2.28.so
7fbf3f0d8000-7fbf3f0d9000 r--p 0001a000 08:02 15471602                   /lib/x86_64-linux-gnu/libpthread-2.28.so
7fbf3f0d9000-7fbf3f0da000 rw-p 0001b000 08:02 15471602                   /lib/x86_64-linux-gnu/libpthread-2.28.so
7fbf3f0da000-7fbf3f0de000 rw-p 00000000 00:00 0 
7fbf3f0de000-7fbf3f0df000 r--p 00000000 08:02 15471493                   /lib/x86_64-linux-gnu/libdl-2.28.so
7fbf3f0df000-7fbf3f0e1000 r-xp 00001000 08:02 15471493                   /lib/x86_64-linux-gnu/libdl-2.28.so
7fbf3f0e1000-7fbf3f0e2000 r--p 00003000 08:02 15471493                   /lib/x86_64-linux-gnu/libdl-2.28.so
7fbf3f0e2000-7fbf3f0e3000 r--p 00003000 08:02 15471493                   /lib/x86_64-linux-gnu/libdl-2.28.so
7fbf3f0e3000-7fbf3f0e4000 rw-p 00004000 08:02 15471493                   /lib/x86_64-linux-gnu/libdl-2.28.so
7fbf3f0e4000-7fbf3f100000 r-xp 00000000 08:02 15471641                   /lib/x86_64-linux-gnu/libz.so.1.2.11
7fbf3f100000-7fbf3f2ff000 ---p 0001c000 08:02 15471641                   /lib/x86_64-linux-gnu/libz.so.1.2.11
7fbf3f2ff000-7fbf3f300000 r--p 0001b000 08:02 15471641                   /lib/x86_64-linux-gnu/libz.so.1.2.11
7fbf3f300000-7fbf3f301000 rw-p 0001c000 08:02 15471641                   /lib/x86_64-linux-gnu/libz.so.1.2.11
7fbf3f301000-7fbf3f323000 r--p 00000000 08:02 15471472                   /lib/x86_64-linux-gnu/libc-2.28.so
7fbf3f323000-7fbf3f494000 r-xp 00022000 08:02 15471472                   /lib/x86_64-linux-gnu/libc-2.28.so
7fbf3f494000-7fbf3f4e0000 r--p 00193000 08:02 15471472                   /lib/x86_64-linux-gnu/libc-2.28.so
7fbf3f4e0000-7fbf3f4e1000 ---p 001df000 08:02 15471472                   /lib/x86_64-linux-gnu/libc-2.28.so
7fbf3f4e1000-7fbf3f4e5000 r--p 001df000 08:02 15471472                   /lib/x86_64-linux-gnu/libc-2.28.so
7fbf3f4e5000-7fbf3f4e7000 rw-p 001e3000 08:02 15471472                   /lib/x86_64-linux-gnu/libc-2.28.so
7fbf3f4e7000-7fbf3f4eb000 rw-p 00000000 00:00 0 
7fbf3f4f2000-7fbf3f4f3000 ---p 00000000 00:00 0 
7fbf3f4f3000-7fbf3f4f4000 r--p 00000000 00:00 0 
7fbf3f4f4000-7fbf3f4f9000 r--p 00000000 08:02 21369970                   /usr/lib/jvm/java-11-openjdk-amd64/lib/libverify.so
7fbf3f4f9000-7fbf3f500000 r-xp 00005000 08:02 21369970                   /usr/lib/jvm/java-11-openjdk-amd64/lib/libverify.so
7fbf3f500000-7fbf3f502000 r--p 0000c000 08:02 21369970                   /usr/lib/jvm/java-11-openjdk-amd64/lib/libverify.so
7fbf3f502000-7fbf3f504000 r--p 0000d000 08:02 21369970                   /usr/lib/jvm/java-11-openjdk-amd64/lib/libverify.so
7fbf3f504000-7fbf3f505000 rw-p 0000f000 08:02 21369970                   /usr/lib/jvm/java-11-openjdk-amd64/lib/libverify.so
7fbf3f505000-7fbf3f508000 r--p 00000000 08:02 21369935                   /usr/lib/jvm/java-11-openjdk-amd64/lib/jli/libjli.so
7fbf3f508000-7fbf3f512000 r-xp 00003000 08:02 21369935                   /usr/lib/jvm/java-11-openjdk-amd64/lib/jli/libjli.so
7fbf3f512000-7fbf3f515000 r--p 0000d000 08:02 21369935                   /usr/lib/jvm/java-11-openjdk-amd64/lib/jli/libjli.so
7fbf3f515000-7fbf3f516000 r--p 0000f000 08:02 21369935                   /usr/lib/jvm/java-11-openjdk-amd64/lib/jli/libjli.so
7fbf3f516000-7fbf3f517000 rw-p 00010000 08:02 21369935                   /usr/lib/jvm/java-11-openjdk-amd64/lib/jli/libjli.so
7fbf3f517000-7fbf3f519000 rw-p 00000000 00:00 0 
7fbf3f519000-7fbf3f51a000 r--p 00000000 08:02 15471446                   /lib/x86_64-linux-gnu/ld-2.28.so
7fbf3f51a000-7fbf3f53a000 r-xp 00001000 08:02 15471446                   /lib/x86_64-linux-gnu/ld-2.28.so
7fbf3f53a000-7fbf3f542000 r--p 00021000 08:02 15471446                   /lib/x86_64-linux-gnu/ld-2.28.so
7fbf3f542000-7fbf3f543000 r--p 00028000 08:02 15471446                   /lib/x86_64-linux-gnu/ld-2.28.so
7fbf3f543000-7fbf3f544000 rw-p 00029000 08:02 15471446                   /lib/x86_64-linux-gnu/ld-2.28.so
7fbf3f544000-7fbf3f545000 rw-p 00000000 00:00 0 
7ffcca169000-7ffcca18a000 rw-p 00000000 00:00 0                          [stack]
7ffcca1a2000-7ffcca1a5000 r--p 00000000 00:00 0                          [vvar]
7ffcca1a5000-7ffcca1a7000 r-xp 00000000 00:00 0                          [vdso]
ffffffffff600000-ffffffffff601000 r-xp 00000000 00:00 0                  [vsyscall]


VM Arguments:
jvm_args: -Dfile.encoding=UTF-8 --module-path=/mnt/2E521095521063BD/JavaPractice/Cashier/build/classes 
java_command: SerialTest
java_class_path (initial): /mnt/2E521095521063BD/JavaPractice/Cashier/lib/absolutelayout/AbsoluteLayout.jar:/mnt/2E521095521063BD/downloads/sqlite-jdbc-3.23.1.jar:/mnt/2E521095521063BD/JavaPractice/Cashier/lib/RXTXcomm.jar:/mnt/2E521095521063BD/JavaPractice/Cashier/build/classes
Launcher Type: SUN_STANDARD

[Global flags]
     intx CICompilerCount                          = 3                                         {product} {ergonomic}
     uint ConcGCThreads                            = 1                                         {product} {ergonomic}
     uint G1ConcRefinementThreads                  = 4                                         {product} {ergonomic}
   size_t G1HeapRegionSize                         = 1048576                                   {product} {ergonomic}
    uintx GCDrainStackTargetSize                   = 64                                        {product} {ergonomic}
   size_t InitialHeapSize                          = 115343360                                 {product} {ergonomic}
   size_t MarkStackSize                            = 4194304                                   {product} {ergonomic}
   size_t MaxHeapSize                              = 1830813696                                {product} {ergonomic}
   size_t MaxNewSize                               = 1097859072                                {product} {ergonomic}
   size_t MinHeapDeltaBytes                        = 1048576                                   {product} {ergonomic}
    uintx NonNMethodCodeHeapSize                   = 5830092                                {pd product} {ergonomic}
    uintx NonProfiledCodeHeapSize                  = 122914074                              {pd product} {ergonomic}
    uintx ProfiledCodeHeapSize                     = 122914074                              {pd product} {ergonomic}
    uintx ReservedCodeCacheSize                    = 251658240                              {pd product} {ergonomic}
     bool SegmentedCodeCache                       = true                                      {product} {ergonomic}
     bool UseCompressedClassPointers               = true                                 {lp64_product} {ergonomic}
     bool UseCompressedOops                        = true                                 {lp64_product} {ergonomic}
     bool UseG1GC                                  = true                                      {product} {ergonomic}

Logging:
Log output configuration:
 #0: stdout all=warning uptime,level,tags
 #1: stderr all=off uptime,level,tags

Environment Variables:
PATH=/usr/local/sbin:/usr/local/bin:/usr/sbin:/usr/bin:/sbin:/bin:/usr/games:/usr/local/games:/snap/bin
USERNAME=jay
SHELL=/usr/bin/zsh
DISPLAY=:0

Signal Handlers:
SIGSEGV: [libjvm.so+0xd54fa0], sa_mask[0]=11111111011111111101111111111110, sa_flags=SA_RESTART|SA_SIGINFO
SIGBUS: [libjvm.so+0xd54fa0], sa_mask[0]=11111111011111111101111111111110, sa_flags=SA_RESTART|SA_SIGINFO
SIGFPE: [libjvm.so+0xd54fa0], sa_mask[0]=11111111011111111101111111111110, sa_flags=SA_RESTART|SA_SIGINFO
SIGPIPE: [libjvm.so+0xb5d0d0], sa_mask[0]=11111111011111111101111111111110, sa_flags=SA_RESTART|SA_SIGINFO
SIGXFSZ: [libjvm.so+0xb5d0d0], sa_mask[0]=11111111011111111101111111111110, sa_flags=SA_RESTART|SA_SIGINFO
SIGILL: [libjvm.so+0xd54fa0], sa_mask[0]=11111111011111111101111111111110, sa_flags=SA_RESTART|SA_SIGINFO
SIGUSR2: [libjvm.so+0xb5cf60], sa_mask[0]=00100000000000000000000000000000, sa_flags=SA_RESTART|SA_SIGINFO
SIGHUP: [libjvm.so+0xb5d4d0], sa_mask[0]=11111111011111111101111111111110, sa_flags=SA_RESTART|SA_SIGINFO
SIGINT: SIG_IGN, sa_mask[0]=00000000000000000000000000000000, sa_flags=none
SIGTERM: [libjvm.so+0xb5d4d0], sa_mask[0]=11111111011111111101111111111110, sa_flags=SA_RESTART|SA_SIGINFO
SIGQUIT: [libjvm.so+0xb5d4d0], sa_mask[0]=11111111011111111101111111111110, sa_flags=SA_RESTART|SA_SIGINFO


---------------  S Y S T E M  ---------------

OS:DISTRIB_ID=Ubuntu
DISTRIB_RELEASE=18.10
DISTRIB_CODENAME=cosmic
DISTRIB_DESCRIPTION="Ubuntu 18.10"
uname:Linux 4.18.0-13-generic #14-Ubuntu SMP Wed Dec 5 09:04:24 UTC 2018 x86_64
libc:glibc 2.28 NPTL 2.28 
rlimit: STACK 8192k, CORE 0k, NPROC 27226, NOFILE 1048576, AS infinity, DATA infinity, FSIZE infinity
load average:1.06 0.89 0.92

/proc/meminfo:
MemTotal:        7147380 kB
MemFree:          164808 kB
MemAvailable:    1567656 kB
Buffers:          390004 kB
Cached:          1280736 kB
SwapCached:          368 kB
Active:          5206712 kB
Inactive:        1261888 kB
Active(anon):    4353044 kB
Inactive(anon):   589624 kB
Active(file):     853668 kB
Inactive(file):   672264 kB
Unevictable:          64 kB
Mlocked:              64 kB
SwapTotal:       2097148 kB
SwapFree:        2093820 kB
Dirty:               704 kB
Writeback:             0 kB
AnonPages:       4797732 kB
Mapped:           656624 kB
Shmem:            144792 kB
Slab:             317812 kB
SReclaimable:     180240 kB
SUnreclaim:       137572 kB
KernelStack:       22656 kB
PageTables:        63816 kB
NFS_Unstable:          0 kB
Bounce:                0 kB
WritebackTmp:          0 kB
CommitLimit:     5670836 kB
Committed_AS:   17169988 kB
VmallocTotal:   34359738367 kB
VmallocUsed:           0 kB
VmallocChunk:          0 kB
HardwareCorrupted:     0 kB
AnonHugePages:      2048 kB
ShmemHugePages:        0 kB
ShmemPmdMapped:        0 kB
CmaTotal:              0 kB
CmaFree:               0 kB
HugePages_Total:       0
HugePages_Free:        0
HugePages_Rsvd:        0
HugePages_Surp:        0
Hugepagesize:       2048 kB
Hugetlb:               0 kB
DirectMap4k:      476260 kB
DirectMap2M:     6811648 kB
DirectMap1G:     1048576 kB


/proc/sys/kernel/threads-max (system-wide limit on the number of threads):
54452


/proc/sys/vm/max_map_count (maximum number of memory map areas a process may have):
65530


/proc/sys/kernel/pid_max (system-wide limit on number of process identifiers):
32768


container (cgroup) information:
container_type: cgroupv1
cpu_cpuset_cpus: 0-3
cpu_memory_nodes: 0
active_processor_count: 4
cpu_quota: -1
cpu_period: 100000
cpu_shares: -1
memory_limit_in_bytes: -1
memory_and_swap_limit_in_bytes: -2
memory_soft_limit_in_bytes: -1
memory_usage_in_bytes: 5834141696
memory_max_usage_in_bytes: 5838446592


CPU:total 4 (initial active 4) (4 cores per cpu, 1 threads per core) family 23 model 17 stepping 0, cmov, cx8, fxsr, mmx, sse, sse2, sse3, ssse3, sse4.1, sse4.2, popcnt, avx, avx2, aes, clmul, mmxext, 3dnowpref, lzcnt, sse4a, tsc, tscinvbit, tscinv, bmi1, bmi2, adx, sha, fma
CPU Model and flags from /proc/cpuinfo:
model name	: AMD Ryzen 3 2200G with Radeon Vega Graphics
flags		: fpu vme de pse tsc msr pae mce cx8 apic sep mtrr pge mca cmov pat pse36 clflush mmx fxsr sse sse2 ht syscall nx mmxext fxsr_opt pdpe1gb rdtscp lm constant_tsc rep_good nopl nonstop_tsc cpuid extd_apicid aperfmperf pni pclmulqdq monitor ssse3 fma cx16 sse4_1 sse4_2 movbe popcnt aes xsave avx f16c rdrand lahf_lm cmp_legacy svm extapic cr8_legacy abm sse4a misalignsse 3dnowprefetch osvw skinit wdt tce topoext perfctr_core perfctr_nb bpext perfctr_llc mwaitx hw_pstate sme ssbd sev ibpb vmmcall fsgsbase bmi1 avx2 smep bmi2 rdseed adx smap clflushopt sha_ni xsaveopt xsavec xgetbv1 xsaves clzero irperf xsaveerptr arat npt lbrv svm_lock nrip_save tsc_scale vmcb_clean flushbyasid decodeassists pausefilter pfthreshold avic v_vmsave_vmload vgif overflow_recov succor smca

Memory: 4k page, physical 7147380k(164560k free), swap 2097148k(2093820k free)

vm_info: OpenJDK 64-Bit Server VM (11.0.1+13-Ubuntu-2ubuntu1) for linux-amd64 JRE (11.0.1+13-Ubuntu-2ubuntu1), built on Oct 22 2018 18:46:28 by "buildd" with gcc 8.2.0

END.
