#
# A fatal error has been detected by the Java Runtime Environment:
#
#  SIGSEGV (0xb) at pc=0x00007fd2fb5bbd9d, pid=25192, tid=25213
#
# JRE version: OpenJDK Runtime Environment (11.0.1+13) (build 11.0.1+13-Ubuntu-2ubuntu1)
# Java VM: OpenJDK 64-Bit Server VM (11.0.1+13-Ubuntu-2ubuntu1, mixed mode, sharing, tiered, compressed oops, g1 gc, linux-amd64)
# Problematic frame:
# C  [librxtxSerial.so+0x6d9d]  read_byte_array+0x3d
#
# Core dump will be written. Default location: Core dumps may be processed with "/usr/share/apport/apport %p %s %c %d %P" (or dumping to /mnt/2E521095521063BD/JavaPractice/Cashier/core.25192)
#
# If you would like to submit a bug report, please visit:
#   http://bugreport.java.com/bugreport/crash.jsp
# The crash happened outside the Java Virtual Machine in native code.
# See problematic frame for where to report the bug.
#

---------------  S U M M A R Y ------------

Command Line: -Dfile.encoding=UTF-8 --module-path=/mnt/2E521095521063BD/JavaPractice/Cashier/build/classes SerialTest

Host: AMD Ryzen 3 2200G with Radeon Vega Graphics, 4 cores, 6G, Ubuntu 18.10
Time: Tue Jan 29 01:29:28 2019 PST elapsed time: 1 seconds (0d 0h 0m 1s)

---------------  T H R E A D  ---------------

Current thread (0x00007fd33c19e000):  JavaThread "Thread-0" [_thread_in_native, id=25213, stack(0x00007fd2fb4b4000,0x00007fd2fb5b5000)]

Stack: [0x00007fd2fb4b4000,0x00007fd2fb5b5000],  sp=0x00007fd2fb5b2ac0,  free space=1018k
Native frames: (J=compiled Java code, A=aot compiled Java code, j=interpreted, Vv=VM code, C=native code)
C  [librxtxSerial.so+0x6d9d]  read_byte_array+0x3d

Java frames: (J=compiled Java code, j=interpreted, Vv=VM code)
j  gnu.io.RXTXPort.readArray([BII)I+0
j  gnu.io.RXTXPort$SerialInputStream.read([BII)I+212
j  sun.nio.cs.StreamDecoder.readBytes()I+135 java.base@11.0.1
j  sun.nio.cs.StreamDecoder.implRead([CII)I+112 java.base@11.0.1
j  sun.nio.cs.StreamDecoder.read([CII)I+180 java.base@11.0.1
j  java.io.InputStreamReader.read([CII)I+7 java.base@11.0.1
j  java.io.BufferedReader.fill()V+145 java.base@11.0.1
j  java.io.BufferedReader.readLine(Z)Ljava/lang/String;+44 java.base@11.0.1
j  java.io.BufferedReader.readLine()Ljava/lang/String;+2 java.base@11.0.1
j  SerialTest.serialEvent(Lgnu/io/SerialPortEvent;)V+12
j  gnu.io.RXTXPort.sendEvent(IZ)Z+382
v  ~StubRoutines::call_stub
j  gnu.io.RXTXPort.eventLoop()V+0
j  gnu.io.RXTXPort$MonitorThread.run()V+12
v  ~StubRoutines::call_stub

siginfo: si_signo: 11 (SIGSEGV), si_code: 1 (SEGV_MAPERR), si_addr: 0xfffffffffb5b3768

Register to memory mapping:

RAX=0xfffffffffb5b3760 is an unknown value
RBX=0x00007fd2d8002820 points into unknown readable memory
RCX=0x0000000000000001 is an unknown value
RDX=0x00007fd340abbb00: <offset 0x00000000004a8b00> in /usr/lib/jvm/java-11-openjdk-amd64/lib/server/libjvm.so at 0x00007fd340613000
RSP=0x00007fd2fb5b2ac0 is pointing into the stack for thread: 0x00007fd33c19e000
RBP=0x00007fd33c19e340 points into unknown readable memory
RSI=0x00007fd2fb5beb25: <offset 0x0000000000009b25> in /lib/x86_64-linux-gnu/librxtxSerial.so at 0x00007fd2fb5b5000
RDI=0x00007fd2fb5bea9f: <offset 0x0000000000009a9f> in /lib/x86_64-linux-gnu/librxtxSerial.so at 0x00007fd2fb5b5000
R8 =0x00007fd315614898 is pointing into metadata
R9 =0x0000000099925c88 is an oop
gnu.io.RXTXPort 
{0x0000000099925c88} - klass: 'gnu/io/RXTXPort'
R10=0x0000000000000006 is an unknown value
R11=0x00007fd341759a0c: <offset 0x0000000001146a0c> in /usr/lib/jvm/java-11-openjdk-amd64/lib/server/libjvm.so at 0x00007fd340613000
R12=0xffffffffffffffff is an unknown value
R13=0x0000000000000003 is an unknown value
R14=0x0000000000000007 is an unknown value
R15=0x00000000ffffffff is an unallocated location in the heap


Registers:
RAX=0xfffffffffb5b3760, RBX=0x00007fd2d8002820, RCX=0x0000000000000001, RDX=0x00007fd340abbb00
RSP=0x00007fd2fb5b2ac0, RBP=0x00007fd33c19e340, RSI=0x00007fd2fb5beb25, RDI=0x00007fd2fb5bea9f
R8 =0x00007fd315614898, R9 =0x0000000099925c88, R10=0x0000000000000006, R11=0x00007fd341759a0c
R12=0xffffffffffffffff, R13=0x0000000000000003, R14=0x0000000000000007, R15=0x00000000ffffffff
RIP=0x00007fd2fb5bbd9d, EFLAGS=0x0000000000010206, CSGSFS=0x002b000000000033, ERR=0x0000000000000005
  TRAPNO=0x000000000000000e

Top of Stack: (sp=0x00007fd2fb5b2ac0)
0x00007fd2fb5b2ac0:   00007fd2fb5b2b00 0000000000002000
0x00007fd2fb5b2ad0:   00000003fb5b2b10 00007fd2d8002820
0x00007fd2fb5b2ae0:   0000000700000007 00007fd3411690e7
0x00007fd2fb5b2af0:   0000000000000000 0000000000002000 

Instructions: (pc=0x00007fd2fb5bbd9d)
0x00007fd2fb5bbd7d:   4c 24 18 48 8d 15 17 2d 00 00 48 8d 0d 0e 2d 00
0x00007fd2fb5bbd8d:   00 44 89 44 24 14 e8 88 c7 ff ff 48 89 44 24 48
0x00007fd2fb5bbd9d:   8b 40 08 45 85 ff 48 8b 54 24 48 89 44 24 40 c7
0x00007fd2fb5bbdad:   42 08 00 00 00 00 0f 88 bd 01 00 00 31 c0 e8 70 


---------------  P R O C E S S  ---------------

Threads class SMR info:
_java_thread_list=0x00007fd33c19d500, length=12, elements={
0x00007fd33c0f4800, 0x00007fd33c0f6800, 0x00007fd33c0fc000, 0x00007fd33c0fe800,
0x00007fd33c100800, 0x00007fd33c102800, 0x00007fd33c11a000, 0x00007fd2f0077800,
0x00007fd33c160800, 0x00007fd33c19e000, 0x00007fd33c1aa000, 0x00007fd33c011000
}

Java Threads: ( => current thread )
  0x00007fd33c0f4800 JavaThread "Reference Handler" daemon [_thread_blocked, id=25203, stack(0x00007fd314f74000,0x00007fd315075000)]
  0x00007fd33c0f6800 JavaThread "Finalizer" daemon [_thread_blocked, id=25204, stack(0x00007fd314e73000,0x00007fd314f74000)]
  0x00007fd33c0fc000 JavaThread "Signal Dispatcher" daemon [_thread_blocked, id=25205, stack(0x00007fd2fbeff000,0x00007fd2fc000000)]
  0x00007fd33c0fe800 JavaThread "C2 CompilerThread0" daemon [_thread_blocked, id=25206, stack(0x00007fd2fbdfe000,0x00007fd2fbeff000)]
  0x00007fd33c100800 JavaThread "C1 CompilerThread0" daemon [_thread_blocked, id=25207, stack(0x00007fd2fbcfd000,0x00007fd2fbdfe000)]
  0x00007fd33c102800 JavaThread "Sweeper thread" daemon [_thread_blocked, id=25208, stack(0x00007fd2fbbfc000,0x00007fd2fbcfd000)]
  0x00007fd33c11a000 JavaThread "Common-Cleaner" daemon [_thread_blocked, id=25209, stack(0x00007fd2fbafb000,0x00007fd2fbbfc000)]
  0x00007fd2f0077800 JavaThread "C2 CompilerThread1" daemon [_thread_blocked, id=25210, stack(0x00007fd2fb9fa000,0x00007fd2fbafb000)]
  0x00007fd33c160800 JavaThread "Service Thread" daemon [_thread_blocked, id=25211, stack(0x00007fd2fb8f9000,0x00007fd2fb9fa000)]
=>0x00007fd33c19e000 JavaThread "Thread-0" [_thread_in_native, id=25213, stack(0x00007fd2fb4b4000,0x00007fd2fb5b5000)]
  0x00007fd33c1aa000 JavaThread "Thread-1" [_thread_blocked, id=25214, stack(0x00007fd2fb3b3000,0x00007fd2fb4b4000)]
  0x00007fd33c011000 JavaThread "DestroyJavaVM" [_thread_blocked, id=25195, stack(0x00007fd3401e1000,0x00007fd3402e2000)]

Other Threads:
  0x00007fd33c0f2000 VMThread "VM Thread" [stack: 0x00007fd315077000,0x00007fd315177000] [id=25202]
  0x00007fd33c162800 WatcherThread [stack: 0x00007fd2fb7c4000,0x00007fd2fb8c4000] [id=25212]
  0x00007fd33c026800 GCTaskThread "GC Thread#0" [stack: 0x00007fd3247a0000,0x00007fd3248a0000] [id=25196]
  0x00007fd33c052800 ConcurrentGCThread "G1 Main Marker" [stack: 0x00007fd31c19e000,0x00007fd31c29e000] [id=25198]
  0x00007fd33c054800 ConcurrentGCThread "G1 Conc#0" [stack: 0x00007fd31c09c000,0x00007fd31c19c000] [id=25199]
  0x00007fd33c0c0800 ConcurrentGCThread "G1 Refine#0" [stack: 0x00007fd315afc000,0x00007fd315bfc000] [id=25200]
  0x00007fd33c0c2800 ConcurrentGCThread "G1 Young RemSet Sampling" [stack: 0x00007fd3159fa000,0x00007fd315afa000] [id=25201]

Threads with active compile tasks:

VM state:not at safepoint (normal execution)

VM Mutex/Monitor currently owned by a thread: None

Heap address: 0x0000000092e00000, size: 1746 MB, Compressed Oops mode: 32-bit
Narrow klass base: 0x0000000800000000, Narrow klass shift: 3
Compressed class space size: 1073741824 Address: 0x0000000840000000

Heap:
 garbage-first heap   total 114688K, used 2680K [0x0000000092e00000, 0x0000000100000000)
  region size 1024K, 3 young (3072K), 0 survivors (0K)
 Metaspace       used 865K, capacity 4716K, committed 4864K, reserved 1056768K
  class space    used 85K, capacity 444K, committed 512K, reserved 1048576K
Heap Regions: E=young(eden), S=young(survivor), O=old, HS=humongous(starts), HC=humongous(continues), CS=collection set, F=free, A=archive, TAMS=top-at-mark-start (previous, next)
|   0|0x0000000092e00000, 0x0000000092e00000, 0x0000000092f00000|  0%| F|  |TAMS 0x0000000092e00000, 0x0000000092e00000| Untracked 
|   1|0x0000000092f00000, 0x0000000092f00000, 0x0000000093000000|  0%| F|  |TAMS 0x0000000092f00000, 0x0000000092f00000| Untracked 
|   2|0x0000000093000000, 0x0000000093000000, 0x0000000093100000|  0%| F|  |TAMS 0x0000000093000000, 0x0000000093000000| Untracked 
|   3|0x0000000093100000, 0x0000000093100000, 0x0000000093200000|  0%| F|  |TAMS 0x0000000093100000, 0x0000000093100000| Untracked 
|   4|0x0000000093200000, 0x0000000093200000, 0x0000000093300000|  0%| F|  |TAMS 0x0000000093200000, 0x0000000093200000| Untracked 
|   5|0x0000000093300000, 0x0000000093300000, 0x0000000093400000|  0%| F|  |TAMS 0x0000000093300000, 0x0000000093300000| Untracked 
|   6|0x0000000093400000, 0x0000000093400000, 0x0000000093500000|  0%| F|  |TAMS 0x0000000093400000, 0x0000000093400000| Untracked 
|   7|0x0000000093500000, 0x0000000093500000, 0x0000000093600000|  0%| F|  |TAMS 0x0000000093500000, 0x0000000093500000| Untracked 
|   8|0x0000000093600000, 0x0000000093600000, 0x0000000093700000|  0%| F|  |TAMS 0x0000000093600000, 0x0000000093600000| Untracked 
|   9|0x0000000093700000, 0x0000000093700000, 0x0000000093800000|  0%| F|  |TAMS 0x0000000093700000, 0x0000000093700000| Untracked 
|  10|0x0000000093800000, 0x0000000093800000, 0x0000000093900000|  0%| F|  |TAMS 0x0000000093800000, 0x0000000093800000| Untracked 
|  11|0x0000000093900000, 0x0000000093900000, 0x0000000093a00000|  0%| F|  |TAMS 0x0000000093900000, 0x0000000093900000| Untracked 
|  12|0x0000000093a00000, 0x0000000093a00000, 0x0000000093b00000|  0%| F|  |TAMS 0x0000000093a00000, 0x0000000093a00000| Untracked 
|  13|0x0000000093b00000, 0x0000000093b00000, 0x0000000093c00000|  0%| F|  |TAMS 0x0000000093b00000, 0x0000000093b00000| Untracked 
|  14|0x0000000093c00000, 0x0000000093c00000, 0x0000000093d00000|  0%| F|  |TAMS 0x0000000093c00000, 0x0000000093c00000| Untracked 
|  15|0x0000000093d00000, 0x0000000093d00000, 0x0000000093e00000|  0%| F|  |TAMS 0x0000000093d00000, 0x0000000093d00000| Untracked 
|  16|0x0000000093e00000, 0x0000000093e00000, 0x0000000093f00000|  0%| F|  |TAMS 0x0000000093e00000, 0x0000000093e00000| Untracked 
|  17|0x0000000093f00000, 0x0000000093f00000, 0x0000000094000000|  0%| F|  |TAMS 0x0000000093f00000, 0x0000000093f00000| Untracked 
|  18|0x0000000094000000, 0x0000000094000000, 0x0000000094100000|  0%| F|  |TAMS 0x0000000094000000, 0x0000000094000000| Untracked 
|  19|0x0000000094100000, 0x0000000094100000, 0x0000000094200000|  0%| F|  |TAMS 0x0000000094100000, 0x0000000094100000| Untracked 
|  20|0x0000000094200000, 0x0000000094200000, 0x0000000094300000|  0%| F|  |TAMS 0x0000000094200000, 0x0000000094200000| Untracked 
|  21|0x0000000094300000, 0x0000000094300000, 0x0000000094400000|  0%| F|  |TAMS 0x0000000094300000, 0x0000000094300000| Untracked 
|  22|0x0000000094400000, 0x0000000094400000, 0x0000000094500000|  0%| F|  |TAMS 0x0000000094400000, 0x0000000094400000| Untracked 
|  23|0x0000000094500000, 0x0000000094500000, 0x0000000094600000|  0%| F|  |TAMS 0x0000000094500000, 0x0000000094500000| Untracked 
|  24|0x0000000094600000, 0x0000000094600000, 0x0000000094700000|  0%| F|  |TAMS 0x0000000094600000, 0x0000000094600000| Untracked 
|  25|0x0000000094700000, 0x0000000094700000, 0x0000000094800000|  0%| F|  |TAMS 0x0000000094700000, 0x0000000094700000| Untracked 
|  26|0x0000000094800000, 0x0000000094800000, 0x0000000094900000|  0%| F|  |TAMS 0x0000000094800000, 0x0000000094800000| Untracked 
|  27|0x0000000094900000, 0x0000000094900000, 0x0000000094a00000|  0%| F|  |TAMS 0x0000000094900000, 0x0000000094900000| Untracked 
|  28|0x0000000094a00000, 0x0000000094a00000, 0x0000000094b00000|  0%| F|  |TAMS 0x0000000094a00000, 0x0000000094a00000| Untracked 
|  29|0x0000000094b00000, 0x0000000094b00000, 0x0000000094c00000|  0%| F|  |TAMS 0x0000000094b00000, 0x0000000094b00000| Untracked 
|  30|0x0000000094c00000, 0x0000000094c00000, 0x0000000094d00000|  0%| F|  |TAMS 0x0000000094c00000, 0x0000000094c00000| Untracked 
|  31|0x0000000094d00000, 0x0000000094d00000, 0x0000000094e00000|  0%| F|  |TAMS 0x0000000094d00000, 0x0000000094d00000| Untracked 
|  32|0x0000000094e00000, 0x0000000094e00000, 0x0000000094f00000|  0%| F|  |TAMS 0x0000000094e00000, 0x0000000094e00000| Untracked 
|  33|0x0000000094f00000, 0x0000000094f00000, 0x0000000095000000|  0%| F|  |TAMS 0x0000000094f00000, 0x0000000094f00000| Untracked 
|  34|0x0000000095000000, 0x0000000095000000, 0x0000000095100000|  0%| F|  |TAMS 0x0000000095000000, 0x0000000095000000| Untracked 
|  35|0x0000000095100000, 0x0000000095100000, 0x0000000095200000|  0%| F|  |TAMS 0x0000000095100000, 0x0000000095100000| Untracked 
|  36|0x0000000095200000, 0x0000000095200000, 0x0000000095300000|  0%| F|  |TAMS 0x0000000095200000, 0x0000000095200000| Untracked 
|  37|0x0000000095300000, 0x0000000095300000, 0x0000000095400000|  0%| F|  |TAMS 0x0000000095300000, 0x0000000095300000| Untracked 
|  38|0x0000000095400000, 0x0000000095400000, 0x0000000095500000|  0%| F|  |TAMS 0x0000000095400000, 0x0000000095400000| Untracked 
|  39|0x0000000095500000, 0x0000000095500000, 0x0000000095600000|  0%| F|  |TAMS 0x0000000095500000, 0x0000000095500000| Untracked 
|  40|0x0000000095600000, 0x0000000095600000, 0x0000000095700000|  0%| F|  |TAMS 0x0000000095600000, 0x0000000095600000| Untracked 
|  41|0x0000000095700000, 0x0000000095700000, 0x0000000095800000|  0%| F|  |TAMS 0x0000000095700000, 0x0000000095700000| Untracked 
|  42|0x0000000095800000, 0x0000000095800000, 0x0000000095900000|  0%| F|  |TAMS 0x0000000095800000, 0x0000000095800000| Untracked 
|  43|0x0000000095900000, 0x0000000095900000, 0x0000000095a00000|  0%| F|  |TAMS 0x0000000095900000, 0x0000000095900000| Untracked 
|  44|0x0000000095a00000, 0x0000000095a00000, 0x0000000095b00000|  0%| F|  |TAMS 0x0000000095a00000, 0x0000000095a00000| Untracked 
|  45|0x0000000095b00000, 0x0000000095b00000, 0x0000000095c00000|  0%| F|  |TAMS 0x0000000095b00000, 0x0000000095b00000| Untracked 
|  46|0x0000000095c00000, 0x0000000095c00000, 0x0000000095d00000|  0%| F|  |TAMS 0x0000000095c00000, 0x0000000095c00000| Untracked 
|  47|0x0000000095d00000, 0x0000000095d00000, 0x0000000095e00000|  0%| F|  |TAMS 0x0000000095d00000, 0x0000000095d00000| Untracked 
|  48|0x0000000095e00000, 0x0000000095e00000, 0x0000000095f00000|  0%| F|  |TAMS 0x0000000095e00000, 0x0000000095e00000| Untracked 
|  49|0x0000000095f00000, 0x0000000095f00000, 0x0000000096000000|  0%| F|  |TAMS 0x0000000095f00000, 0x0000000095f00000| Untracked 
|  50|0x0000000096000000, 0x0000000096000000, 0x0000000096100000|  0%| F|  |TAMS 0x0000000096000000, 0x0000000096000000| Untracked 
|  51|0x0000000096100000, 0x0000000096100000, 0x0000000096200000|  0%| F|  |TAMS 0x0000000096100000, 0x0000000096100000| Untracked 
|  52|0x0000000096200000, 0x0000000096200000, 0x0000000096300000|  0%| F|  |TAMS 0x0000000096200000, 0x0000000096200000| Untracked 
|  53|0x0000000096300000, 0x0000000096300000, 0x0000000096400000|  0%| F|  |TAMS 0x0000000096300000, 0x0000000096300000| Untracked 
|  54|0x0000000096400000, 0x0000000096400000, 0x0000000096500000|  0%| F|  |TAMS 0x0000000096400000, 0x0000000096400000| Untracked 
|  55|0x0000000096500000, 0x0000000096500000, 0x0000000096600000|  0%| F|  |TAMS 0x0000000096500000, 0x0000000096500000| Untracked 
|  56|0x0000000096600000, 0x0000000096600000, 0x0000000096700000|  0%| F|  |TAMS 0x0000000096600000, 0x0000000096600000| Untracked 
|  57|0x0000000096700000, 0x0000000096700000, 0x0000000096800000|  0%| F|  |TAMS 0x0000000096700000, 0x0000000096700000| Untracked 
|  58|0x0000000096800000, 0x0000000096800000, 0x0000000096900000|  0%| F|  |TAMS 0x0000000096800000, 0x0000000096800000| Untracked 
|  59|0x0000000096900000, 0x0000000096900000, 0x0000000096a00000|  0%| F|  |TAMS 0x0000000096900000, 0x0000000096900000| Untracked 
|  60|0x0000000096a00000, 0x0000000096a00000, 0x0000000096b00000|  0%| F|  |TAMS 0x0000000096a00000, 0x0000000096a00000| Untracked 
|  61|0x0000000096b00000, 0x0000000096b00000, 0x0000000096c00000|  0%| F|  |TAMS 0x0000000096b00000, 0x0000000096b00000| Untracked 
|  62|0x0000000096c00000, 0x0000000096c00000, 0x0000000096d00000|  0%| F|  |TAMS 0x0000000096c00000, 0x0000000096c00000| Untracked 
|  63|0x0000000096d00000, 0x0000000096d00000, 0x0000000096e00000|  0%| F|  |TAMS 0x0000000096d00000, 0x0000000096d00000| Untracked 
|  64|0x0000000096e00000, 0x0000000096e00000, 0x0000000096f00000|  0%| F|  |TAMS 0x0000000096e00000, 0x0000000096e00000| Untracked 
|  65|0x0000000096f00000, 0x0000000096f00000, 0x0000000097000000|  0%| F|  |TAMS 0x0000000096f00000, 0x0000000096f00000| Untracked 
|  66|0x0000000097000000, 0x0000000097000000, 0x0000000097100000|  0%| F|  |TAMS 0x0000000097000000, 0x0000000097000000| Untracked 
|  67|0x0000000097100000, 0x0000000097100000, 0x0000000097200000|  0%| F|  |TAMS 0x0000000097100000, 0x0000000097100000| Untracked 
|  68|0x0000000097200000, 0x0000000097200000, 0x0000000097300000|  0%| F|  |TAMS 0x0000000097200000, 0x0000000097200000| Untracked 
|  69|0x0000000097300000, 0x0000000097300000, 0x0000000097400000|  0%| F|  |TAMS 0x0000000097300000, 0x0000000097300000| Untracked 
|  70|0x0000000097400000, 0x0000000097400000, 0x0000000097500000|  0%| F|  |TAMS 0x0000000097400000, 0x0000000097400000| Untracked 
|  71|0x0000000097500000, 0x0000000097500000, 0x0000000097600000|  0%| F|  |TAMS 0x0000000097500000, 0x0000000097500000| Untracked 
|  72|0x0000000097600000, 0x0000000097600000, 0x0000000097700000|  0%| F|  |TAMS 0x0000000097600000, 0x0000000097600000| Untracked 
|  73|0x0000000097700000, 0x0000000097700000, 0x0000000097800000|  0%| F|  |TAMS 0x0000000097700000, 0x0000000097700000| Untracked 
|  74|0x0000000097800000, 0x0000000097800000, 0x0000000097900000|  0%| F|  |TAMS 0x0000000097800000, 0x0000000097800000| Untracked 
|  75|0x0000000097900000, 0x0000000097900000, 0x0000000097a00000|  0%| F|  |TAMS 0x0000000097900000, 0x0000000097900000| Untracked 
|  76|0x0000000097a00000, 0x0000000097a00000, 0x0000000097b00000|  0%| F|  |TAMS 0x0000000097a00000, 0x0000000097a00000| Untracked 
|  77|0x0000000097b00000, 0x0000000097b00000, 0x0000000097c00000|  0%| F|  |TAMS 0x0000000097b00000, 0x0000000097b00000| Untracked 
|  78|0x0000000097c00000, 0x0000000097c00000, 0x0000000097d00000|  0%| F|  |TAMS 0x0000000097c00000, 0x0000000097c00000| Untracked 
|  79|0x0000000097d00000, 0x0000000097d00000, 0x0000000097e00000|  0%| F|  |TAMS 0x0000000097d00000, 0x0000000097d00000| Untracked 
|  80|0x0000000097e00000, 0x0000000097e00000, 0x0000000097f00000|  0%| F|  |TAMS 0x0000000097e00000, 0x0000000097e00000| Untracked 
|  81|0x0000000097f00000, 0x0000000097f00000, 0x0000000098000000|  0%| F|  |TAMS 0x0000000097f00000, 0x0000000097f00000| Untracked 
|  82|0x0000000098000000, 0x0000000098000000, 0x0000000098100000|  0%| F|  |TAMS 0x0000000098000000, 0x0000000098000000| Untracked 
|  83|0x0000000098100000, 0x0000000098100000, 0x0000000098200000|  0%| F|  |TAMS 0x0000000098100000, 0x0000000098100000| Untracked 
|  84|0x0000000098200000, 0x0000000098200000, 0x0000000098300000|  0%| F|  |TAMS 0x0000000098200000, 0x0000000098200000| Untracked 
|  85|0x0000000098300000, 0x0000000098300000, 0x0000000098400000|  0%| F|  |TAMS 0x0000000098300000, 0x0000000098300000| Untracked 
|  86|0x0000000098400000, 0x0000000098400000, 0x0000000098500000|  0%| F|  |TAMS 0x0000000098400000, 0x0000000098400000| Untracked 
|  87|0x0000000098500000, 0x0000000098500000, 0x0000000098600000|  0%| F|  |TAMS 0x0000000098500000, 0x0000000098500000| Untracked 
|  88|0x0000000098600000, 0x0000000098600000, 0x0000000098700000|  0%| F|  |TAMS 0x0000000098600000, 0x0000000098600000| Untracked 
|  89|0x0000000098700000, 0x0000000098700000, 0x0000000098800000|  0%| F|  |TAMS 0x0000000098700000, 0x0000000098700000| Untracked 
|  90|0x0000000098800000, 0x0000000098800000, 0x0000000098900000|  0%| F|  |TAMS 0x0000000098800000, 0x0000000098800000| Untracked 
|  91|0x0000000098900000, 0x0000000098900000, 0x0000000098a00000|  0%| F|  |TAMS 0x0000000098900000, 0x0000000098900000| Untracked 
|  92|0x0000000098a00000, 0x0000000098a00000, 0x0000000098b00000|  0%| F|  |TAMS 0x0000000098a00000, 0x0000000098a00000| Untracked 
|  93|0x0000000098b00000, 0x0000000098b00000, 0x0000000098c00000|  0%| F|  |TAMS 0x0000000098b00000, 0x0000000098b00000| Untracked 
|  94|0x0000000098c00000, 0x0000000098c00000, 0x0000000098d00000|  0%| F|  |TAMS 0x0000000098c00000, 0x0000000098c00000| Untracked 
|  95|0x0000000098d00000, 0x0000000098d00000, 0x0000000098e00000|  0%| F|  |TAMS 0x0000000098d00000, 0x0000000098d00000| Untracked 
|  96|0x0000000098e00000, 0x0000000098e00000, 0x0000000098f00000|  0%| F|  |TAMS 0x0000000098e00000, 0x0000000098e00000| Untracked 
|  97|0x0000000098f00000, 0x0000000098f00000, 0x0000000099000000|  0%| F|  |TAMS 0x0000000098f00000, 0x0000000098f00000| Untracked 
|  98|0x0000000099000000, 0x0000000099000000, 0x0000000099100000|  0%| F|  |TAMS 0x0000000099000000, 0x0000000099000000| Untracked 
|  99|0x0000000099100000, 0x0000000099100000, 0x0000000099200000|  0%| F|  |TAMS 0x0000000099100000, 0x0000000099100000| Untracked 
| 100|0x0000000099200000, 0x0000000099200000, 0x0000000099300000|  0%| F|  |TAMS 0x0000000099200000, 0x0000000099200000| Untracked 
| 101|0x0000000099300000, 0x0000000099300000, 0x0000000099400000|  0%| F|  |TAMS 0x0000000099300000, 0x0000000099300000| Untracked 
| 102|0x0000000099400000, 0x0000000099400000, 0x0000000099500000|  0%| F|  |TAMS 0x0000000099400000, 0x0000000099400000| Untracked 
| 103|0x0000000099500000, 0x0000000099500000, 0x0000000099600000|  0%| F|  |TAMS 0x0000000099500000, 0x0000000099500000| Untracked 
| 104|0x0000000099600000, 0x0000000099600000, 0x0000000099700000|  0%| F|  |TAMS 0x0000000099600000, 0x0000000099600000| Untracked 
| 105|0x0000000099700000, 0x0000000099700000, 0x0000000099800000|  0%| F|  |TAMS 0x0000000099700000, 0x0000000099700000| Untracked 
| 106|0x0000000099800000, 0x0000000099800000, 0x0000000099900000|  0%| F|  |TAMS 0x0000000099800000, 0x0000000099800000| Untracked 
| 107|0x0000000099900000, 0x00000000999d7a48, 0x0000000099a00000| 84%| E|  |TAMS 0x0000000099900000, 0x0000000099900000| Complete 
| 108|0x0000000099a00000, 0x0000000099b00000, 0x0000000099b00000|100%| E|CS|TAMS 0x0000000099a00000, 0x0000000099a00000| Complete 
| 109|0x0000000099b00000, 0x0000000099c00000, 0x0000000099c00000|100%| E|CS|TAMS 0x0000000099b00000, 0x0000000099b00000| Complete 
|1744|0x00000000ffe00000, 0x00000000ffe34000, 0x00000000fff00000| 20%|OA|  |TAMS 0x00000000ffe00000, 0x00000000ffe00000| Untracked 
|1745|0x00000000fff00000, 0x00000000fff6a000, 0x0000000100000000| 41%|CA|  |TAMS 0x00000000fff00000, 0x00000000fff00000| Untracked 

Card table byte_map: [0x00007fd31fc97000,0x00007fd320000000] _byte_map_base: 0x00007fd31f800000

Marking Bits (Prev, Next): (CMBitMap*) 0x00007fd33c04af68, (CMBitMap*) 0x00007fd33c04afa0
 Prev Bits: [0x00007fd31dde6000, 0x00007fd31f92e000)
 Next Bits: [0x00007fd31c29e000, 0x00007fd31dde6000)

Polling page: 0x00007fd341bb7000

Metaspace:

Usage:
  Non-class:      4.17 MB capacity,   779.91 KB ( 18%) used,     3.41 MB ( 82%) free+waste,     2.44 KB ( <1%) overhead. 
      Class:    444.00 KB capacity,    85.09 KB ( 19%) used,   357.28 KB ( 80%) free+waste,     1.62 KB ( <1%) overhead. 
       Both:      4.61 MB capacity,   865.00 KB ( 18%) used,     3.76 MB ( 82%) free+waste,     4.06 KB ( <1%) overhead. 

Virtual space:
  Non-class space:        8.00 MB reserved,       4.25 MB ( 53%) committed 
      Class space:        1.00 GB reserved,     512.00 KB ( <1%) committed 
             Both:        1.01 GB reserved,       4.75 MB ( <1%) committed 

Chunk freelists:
   Non-Class:  6.00 KB
       Class:  512 bytes
        Both:  6.50 KB

CodeHeap 'non-profiled nmethods': size=120032Kb used=77Kb max_used=77Kb free=119955Kb
 bounds [0x00007fd32c453000, 0x00007fd32c6c3000, 0x00007fd33398b000]
CodeHeap 'profiled nmethods': size=120032Kb used=304Kb max_used=304Kb free=119727Kb
 bounds [0x00007fd324f1b000, 0x00007fd32518b000, 0x00007fd32c453000]
CodeHeap 'non-nmethods': size=5696Kb used=1045Kb max_used=1059Kb free=4650Kb
 bounds [0x00007fd32498b000, 0x00007fd324bfb000, 0x00007fd324f1b000]
 total_blobs=649 nmethods=247 adapters=242
 compilation: enabled
              stopped_count=0, restarted_count=0
 full_count=0

Compilation events (10 events):
Event: 0.143 Thread 0x00007fd33c100800  241       3       java.util.zip.ZipUtils::CENHOW (9 bytes)
Event: 0.143 Thread 0x00007fd33c100800 nmethod 241 0x00007fd324f66110 code [0x00007fd324f662c0, 0x00007fd324f664b0]
Event: 0.143 Thread 0x00007fd33c100800  242       3       jdk.internal.misc.Unsafe::putObjectRelease (9 bytes)
Event: 0.144 Thread 0x00007fd33c100800 nmethod 242 0x00007fd324f66610 code [0x00007fd324f667c0, 0x00007fd324f66990]
Event: 0.144 Thread 0x00007fd33c100800  245       3       java.util.concurrent.ConcurrentHashMap::casTabAt (21 bytes)
Event: 0.144 Thread 0x00007fd33c100800 nmethod 245 0x00007fd324f66a10 code [0x00007fd324f66bc0, 0x00007fd324f66d70]
Event: 0.144 Thread 0x00007fd33c100800  244       3       java.util.concurrent.ConcurrentHashMap::setTabAt (20 bytes)
Event: 0.144 Thread 0x00007fd33c100800 nmethod 244 0x00007fd324f66e10 code [0x00007fd324f66fc0, 0x00007fd324f672b0]
Event: 0.150 Thread 0x00007fd33c100800  247       1       java.lang.Object::<init> (1 bytes)
Event: 0.151 Thread 0x00007fd33c100800 nmethod 247 0x00007fd32c466090 code [0x00007fd32c466240, 0x00007fd32c466370]

GC Heap History (0 events):
No events

Deoptimization events (0 events):
No events

Classes redefined (0 events):
No events

Internal exceptions (5 events):
Event: 0.080 Thread 0x00007fd33c011000 Exception <a 'sun/nio/fs/UnixException'{0x0000000099a08df8}> (0x0000000099a08df8) thrown at [/build/openjdk-lts-rLGL8O/openjdk-lts-11.0.1+13/src/hotspot/share/prims/jni.cpp, line 615]
Event: 0.119 Thread 0x00007fd33c011000 Exception <a 'java/io/FileNotFoundException'{0x0000000099addf70}> (0x0000000099addf70) thrown at [/build/openjdk-lts-rLGL8O/openjdk-lts-11.0.1+13/src/hotspot/share/prims/jni.cpp, line 615]
Event: 0.131 Thread 0x00007fd33c011000 Exception <a 'java/io/FileNotFoundException'{0x0000000099aef9d8}> (0x0000000099aef9d8) thrown at [/build/openjdk-lts-rLGL8O/openjdk-lts-11.0.1+13/src/hotspot/share/prims/jni.cpp, line 615]
Event: 0.132 Thread 0x00007fd33c011000 Exception <a 'java/io/FileNotFoundException'{0x0000000099afc078}> (0x0000000099afc078) thrown at [/build/openjdk-lts-rLGL8O/openjdk-lts-11.0.1+13/src/hotspot/share/prims/jni.cpp, line 615]
Event: 0.140 Thread 0x00007fd33c011000 Exception <a 'java/io/FileNotFoundException'{0x000000009990db10}> (0x000000009990db10) thrown at [/build/openjdk-lts-rLGL8O/openjdk-lts-11.0.1+13/src/hotspot/share/prims/jni.cpp, line 615]

Events (10 events):
Event: 0.151 loading class java/io/BufferedReader done
Event: 0.151 loading class sun/nio/cs/StreamDecoder
Event: 0.151 loading class sun/nio/cs/StreamDecoder done
Event: 0.151 loading class sun/nio/cs/UTF_8$Decoder
Event: 0.151 loading class java/nio/charset/CharsetDecoder
Event: 0.151 loading class java/nio/charset/CharsetDecoder done
Event: 0.151 loading class sun/nio/cs/UTF_8$Decoder done
Event: 0.151 Thread 0x00007fd33c1aa000 Thread added: 0x00007fd33c1aa000
Event: 0.152 Thread 0x00007fd33c011000 Thread exited: 0x00007fd33c011000
Event: 0.152 Thread 0x00007fd33c011000 Thread added: 0x00007fd33c011000


Dynamic libraries:
92e00000-99c00000 rw-p 00000000 00:00 0 
99c00000-ffe00000 ---p 00000000 00:00 0 
ffe00000-ffe34000 rw-p 0111a000 08:02 21370163                           /usr/lib/jvm/java-11-openjdk-amd64/lib/server/classes.jsa
ffe34000-fff00000 rw-p 00000000 00:00 0 
fff00000-fff6a000 rw-p 010b0000 08:02 21370163                           /usr/lib/jvm/java-11-openjdk-amd64/lib/server/classes.jsa
fff6a000-100000000 rw-p 00000000 00:00 0 
800000000-800002000 rwxp 00001000 08:02 21370163                         /usr/lib/jvm/java-11-openjdk-amd64/lib/server/classes.jsa
800002000-8003be000 rw-p 00003000 08:02 21370163                         /usr/lib/jvm/java-11-openjdk-amd64/lib/server/classes.jsa
8003be000-800a9a000 r--p 003bf000 08:02 21370163                         /usr/lib/jvm/java-11-openjdk-amd64/lib/server/classes.jsa
800a9a000-800a9b000 rw-p 00a9b000 08:02 21370163                         /usr/lib/jvm/java-11-openjdk-amd64/lib/server/classes.jsa
800a9b000-8010af000 r--p 00a9c000 08:02 21370163                         /usr/lib/jvm/java-11-openjdk-amd64/lib/server/classes.jsa
840000000-840080000 rw-p 00000000 00:00 0 
840080000-880000000 ---p 00000000 00:00 0 
55ed662dd000-55ed662de000 r--p 00000000 08:02 21238314                   /usr/lib/jvm/java-11-openjdk-amd64/bin/java
55ed662de000-55ed662df000 r-xp 00001000 08:02 21238314                   /usr/lib/jvm/java-11-openjdk-amd64/bin/java
55ed662df000-55ed662e0000 r--p 00002000 08:02 21238314                   /usr/lib/jvm/java-11-openjdk-amd64/bin/java
55ed662e0000-55ed662e1000 r--p 00002000 08:02 21238314                   /usr/lib/jvm/java-11-openjdk-amd64/bin/java
55ed662e1000-55ed662e2000 rw-p 00003000 08:02 21238314                   /usr/lib/jvm/java-11-openjdk-amd64/bin/java
55ed680cc000-55ed680ed000 rw-p 00000000 00:00 0                          [heap]
7fd2cc000000-7fd2cc021000 rw-p 00000000 00:00 0 
7fd2cc021000-7fd2d0000000 ---p 00000000 00:00 0 
7fd2d4000000-7fd2d4021000 rw-p 00000000 00:00 0 
7fd2d4021000-7fd2d8000000 ---p 00000000 00:00 0 
7fd2d8000000-7fd2d8021000 rw-p 00000000 00:00 0 
7fd2d8021000-7fd2dc000000 ---p 00000000 00:00 0 
7fd2dc000000-7fd2dc116000 rw-p 00000000 00:00 0 
7fd2dc116000-7fd2e0000000 ---p 00000000 00:00 0 
7fd2e0000000-7fd2e0021000 rw-p 00000000 00:00 0 
7fd2e0021000-7fd2e4000000 ---p 00000000 00:00 0 
7fd2e4000000-7fd2e4021000 rw-p 00000000 00:00 0 
7fd2e4021000-7fd2e8000000 ---p 00000000 00:00 0 
7fd2e8000000-7fd2e8021000 rw-p 00000000 00:00 0 
7fd2e8021000-7fd2ec000000 ---p 00000000 00:00 0 
7fd2ec000000-7fd2ec0a3000 rw-p 00000000 00:00 0 
7fd2ec0a3000-7fd2f0000000 ---p 00000000 00:00 0 
7fd2f0000000-7fd2f00dd000 rw-p 00000000 00:00 0 
7fd2f00dd000-7fd2f4000000 ---p 00000000 00:00 0 
7fd2f4000000-7fd2f4021000 rw-p 00000000 00:00 0 
7fd2f4021000-7fd2f8000000 ---p 00000000 00:00 0 
7fd2fb3b3000-7fd2fb3b7000 ---p 00000000 00:00 0 
7fd2fb3b7000-7fd2fb4b4000 rw-p 00000000 00:00 0 
7fd2fb4b4000-7fd2fb4b8000 ---p 00000000 00:00 0 
7fd2fb4b8000-7fd2fb5b5000 rw-p 00000000 00:00 0 
7fd2fb5b5000-7fd2fb5c2000 r-xp 00000000 08:02 15466584                   /lib/x86_64-linux-gnu/librxtxSerial.so
7fd2fb5c2000-7fd2fb7c1000 ---p 0000d000 08:02 15466584                   /lib/x86_64-linux-gnu/librxtxSerial.so
7fd2fb7c1000-7fd2fb7c2000 rw-p 0000c000 08:02 15466584                   /lib/x86_64-linux-gnu/librxtxSerial.so
7fd2fb7c2000-7fd2fb7c3000 ---p 00000000 00:00 0 
7fd2fb7c3000-7fd2fb8c4000 rw-p 00000000 00:00 0 
7fd2fb8f9000-7fd2fb8fd000 ---p 00000000 00:00 0 
7fd2fb8fd000-7fd2fb9fa000 rw-p 00000000 00:00 0 
7fd2fb9fa000-7fd2fb9fe000 ---p 00000000 00:00 0 
7fd2fb9fe000-7fd2fbafb000 rw-p 00000000 00:00 0 
7fd2fbafb000-7fd2fbaff000 ---p 00000000 00:00 0 
7fd2fbaff000-7fd2fbbfc000 rw-p 00000000 00:00 0 
7fd2fbbfc000-7fd2fbc00000 ---p 00000000 00:00 0 
7fd2fbc00000-7fd2fbcfd000 rw-p 00000000 00:00 0 
7fd2fbcfd000-7fd2fbd01000 ---p 00000000 00:00 0 
7fd2fbd01000-7fd2fbdfe000 rw-p 00000000 00:00 0 
7fd2fbdfe000-7fd2fbe02000 ---p 00000000 00:00 0 
7fd2fbe02000-7fd2fbeff000 rw-p 00000000 00:00 0 
7fd2fbeff000-7fd2fbf03000 ---p 00000000 00:00 0 
7fd2fbf03000-7fd2fc000000 rw-p 00000000 00:00 0 
7fd2fc000000-7fd2fc021000 rw-p 00000000 00:00 0 
7fd2fc021000-7fd300000000 ---p 00000000 00:00 0 
7fd300000000-7fd300021000 rw-p 00000000 00:00 0 
7fd300021000-7fd304000000 ---p 00000000 00:00 0 
7fd304000000-7fd304021000 rw-p 00000000 00:00 0 
7fd304021000-7fd308000000 ---p 00000000 00:00 0 
7fd308000000-7fd308021000 rw-p 00000000 00:00 0 
7fd308021000-7fd30c000000 ---p 00000000 00:00 0 
7fd30c000000-7fd30c021000 rw-p 00000000 00:00 0 
7fd30c021000-7fd310000000 ---p 00000000 00:00 0 
7fd310000000-7fd310021000 rw-p 00000000 00:00 0 
7fd310021000-7fd314000000 ---p 00000000 00:00 0 
7fd31404e000-7fd31407f000 rw-p 00000000 00:00 0 
7fd31407f000-7fd314083000 r--p 00000000 08:02 21369962                   /usr/lib/jvm/java-11-openjdk-amd64/lib/libnet.so
7fd314083000-7fd314092000 r-xp 00004000 08:02 21369962                   /usr/lib/jvm/java-11-openjdk-amd64/lib/libnet.so
7fd314092000-7fd314096000 r--p 00013000 08:02 21369962                   /usr/lib/jvm/java-11-openjdk-amd64/lib/libnet.so
7fd314096000-7fd314097000 r--p 00016000 08:02 21369962                   /usr/lib/jvm/java-11-openjdk-amd64/lib/libnet.so
7fd314097000-7fd314098000 rw-p 00017000 08:02 21369962                   /usr/lib/jvm/java-11-openjdk-amd64/lib/libnet.so
7fd314098000-7fd314e73000 r--p 00000000 08:02 21240392                   /usr/lib/locale/locale-archive
7fd314e73000-7fd314e77000 ---p 00000000 00:00 0 
7fd314e77000-7fd314f74000 rw-p 00000000 00:00 0 
7fd314f74000-7fd314f78000 ---p 00000000 00:00 0 
7fd314f78000-7fd315075000 rw-p 00000000 00:00 0 
7fd315075000-7fd315076000 ---p 00000000 00:00 0 
7fd315076000-7fd315638000 rw-p 00000000 00:00 0 
7fd315638000-7fd3159f8000 ---p 00000000 00:00 0 
7fd3159f8000-7fd3159f9000 ---p 00000000 00:00 0 
7fd3159f9000-7fd315afa000 rw-p 00000000 00:00 0 
7fd315afa000-7fd315afb000 ---p 00000000 00:00 0 
7fd315afb000-7fd318000000 rw-p 00000000 00:00 0 
7fd318000000-7fd318021000 rw-p 00000000 00:00 0 
7fd318021000-7fd31c000000 ---p 00000000 00:00 0 
7fd31c017000-7fd31c09a000 rw-p 00000000 00:00 0 
7fd31c09a000-7fd31c09b000 ---p 00000000 00:00 0 
7fd31c09b000-7fd31c19c000 rw-p 00000000 00:00 0 
7fd31c19c000-7fd31c19d000 ---p 00000000 00:00 0 
7fd31c19d000-7fd31c456000 rw-p 00000000 00:00 0 
7fd31c456000-7fd31ddde000 ---p 00000000 00:00 0 
7fd31ddde000-7fd31df9e000 rw-p 00000000 00:00 0 
7fd31df9e000-7fd31f926000 ---p 00000000 00:00 0 
7fd31f926000-7fd31f965000 rw-p 00000000 00:00 0 
7fd31f965000-7fd31fc96000 ---p 00000000 00:00 0 
7fd31fc96000-7fd31fcce000 rw-p 00000000 00:00 0 
7fd31fcce000-7fd31ffff000 ---p 00000000 00:00 0 
7fd31ffff000-7fd320000000 rw-p 00000000 00:00 0 
7fd320000000-7fd320021000 rw-p 00000000 00:00 0 
7fd320021000-7fd324000000 ---p 00000000 00:00 0 
7fd324010000-7fd324068000 rw-p 00000000 00:00 0 
7fd324068000-7fd324399000 ---p 00000000 00:00 0 
7fd324399000-7fd32479e000 rw-p 00000000 00:00 0 
7fd32479e000-7fd32479f000 ---p 00000000 00:00 0 
7fd32479f000-7fd3248a5000 rw-p 00000000 00:00 0 
7fd3248a5000-7fd32498b000 ---p 00000000 00:00 0 
7fd32498b000-7fd324bfb000 rwxp 00000000 00:00 0 
7fd324bfb000-7fd324f1b000 ---p 00000000 00:00 0 
7fd324f1b000-7fd32518b000 rwxp 00000000 00:00 0 
7fd32518b000-7fd32c453000 ---p 00000000 00:00 0 
7fd32c453000-7fd32c6c3000 rwxp 00000000 00:00 0 
7fd32c6c3000-7fd33398b000 ---p 00000000 00:00 0 
7fd33398b000-7fd33c000000 r--s 00000000 08:02 21369972                   /usr/lib/jvm/java-11-openjdk-amd64/lib/modules
7fd33c000000-7fd33c1c0000 rw-p 00000000 00:00 0 
7fd33c1c0000-7fd340000000 ---p 00000000 00:00 0 
7fd34000b000-7fd340012000 r--p 00000000 08:02 21369963                   /usr/lib/jvm/java-11-openjdk-amd64/lib/libnio.so
7fd340012000-7fd340019000 r-xp 00007000 08:02 21369963                   /usr/lib/jvm/java-11-openjdk-amd64/lib/libnio.so
7fd340019000-7fd34001c000 r--p 0000e000 08:02 21369963                   /usr/lib/jvm/java-11-openjdk-amd64/lib/libnio.so
7fd34001c000-7fd34001d000 r--p 00010000 08:02 21369963                   /usr/lib/jvm/java-11-openjdk-amd64/lib/libnio.so
7fd34001d000-7fd34001e000 rw-p 00011000 08:02 21369963                   /usr/lib/jvm/java-11-openjdk-amd64/lib/libnio.so
7fd34001e000-7fd34007f000 rw-p 00000000 00:00 0 
7fd34007f000-7fd340165000 ---p 00000000 00:00 0 
7fd340165000-7fd34016a000 rw-p 00000000 00:00 0 
7fd34016a000-7fd340171000 ---p 00000000 00:00 0 
7fd340171000-7fd340173000 r--p 00000000 08:02 21369954                   /usr/lib/jvm/java-11-openjdk-amd64/lib/libjimage.so
7fd340173000-7fd340176000 r-xp 00002000 08:02 21369954                   /usr/lib/jvm/java-11-openjdk-amd64/lib/libjimage.so
7fd340176000-7fd340178000 r--p 00005000 08:02 21369954                   /usr/lib/jvm/java-11-openjdk-amd64/lib/libjimage.so
7fd340178000-7fd340179000 r--p 00006000 08:02 21369954                   /usr/lib/jvm/java-11-openjdk-amd64/lib/libjimage.so
7fd340179000-7fd34017a000 rw-p 00007000 08:02 21369954                   /usr/lib/jvm/java-11-openjdk-amd64/lib/libjimage.so
7fd34017a000-7fd34017d000 r--p 00000000 08:02 15471560                   /lib/x86_64-linux-gnu/libnss_files-2.28.so
7fd34017d000-7fd340184000 r-xp 00003000 08:02 15471560                   /lib/x86_64-linux-gnu/libnss_files-2.28.so
7fd340184000-7fd340187000 r--p 0000a000 08:02 15471560                   /lib/x86_64-linux-gnu/libnss_files-2.28.so
7fd340187000-7fd340188000 r--p 0000c000 08:02 15471560                   /lib/x86_64-linux-gnu/libnss_files-2.28.so
7fd340188000-7fd340189000 rw-p 0000d000 08:02 15471560                   /lib/x86_64-linux-gnu/libnss_files-2.28.so
7fd340189000-7fd34018f000 rw-p 00000000 00:00 0 
7fd340197000-7fd340199000 r--p 00000000 08:02 21369971                   /usr/lib/jvm/java-11-openjdk-amd64/lib/libzip.so
7fd340199000-7fd34019d000 r-xp 00002000 08:02 21369971                   /usr/lib/jvm/java-11-openjdk-amd64/lib/libzip.so
7fd34019d000-7fd34019f000 r--p 00006000 08:02 21369971                   /usr/lib/jvm/java-11-openjdk-amd64/lib/libzip.so
7fd34019f000-7fd3401a0000 r--p 00007000 08:02 21369971                   /usr/lib/jvm/java-11-openjdk-amd64/lib/libzip.so
7fd3401a0000-7fd3401a1000 rw-p 00008000 08:02 21369971                   /usr/lib/jvm/java-11-openjdk-amd64/lib/libzip.so
7fd3401a1000-7fd3401a9000 rw-s 00000000 08:02 1049658                    /tmp/hsperfdata_jay/25192
7fd3401a9000-7fd3401b6000 r--p 00000000 08:02 21369950                   /usr/lib/jvm/java-11-openjdk-amd64/lib/libjava.so
7fd3401b6000-7fd3401cd000 r-xp 0000d000 08:02 21369950                   /usr/lib/jvm/java-11-openjdk-amd64/lib/libjava.so
7fd3401cd000-7fd3401d4000 r--p 00024000 08:02 21369950                   /usr/lib/jvm/java-11-openjdk-amd64/lib/libjava.so
7fd3401d4000-7fd3401d5000 r--p 0002a000 08:02 21369950                   /usr/lib/jvm/java-11-openjdk-amd64/lib/libjava.so
7fd3401d5000-7fd3401d7000 rw-p 0002b000 08:02 21369950                   /usr/lib/jvm/java-11-openjdk-amd64/lib/libjava.so
7fd3401d7000-7fd3401d9000 r--p 00000000 08:02 15471610                   /lib/x86_64-linux-gnu/librt-2.28.so
7fd3401d9000-7fd3401dd000 r-xp 00002000 08:02 15471610                   /lib/x86_64-linux-gnu/librt-2.28.so
7fd3401dd000-7fd3401df000 r--p 00006000 08:02 15471610                   /lib/x86_64-linux-gnu/librt-2.28.so
7fd3401df000-7fd3401e0000 r--p 00007000 08:02 15471610                   /lib/x86_64-linux-gnu/librt-2.28.so
7fd3401e0000-7fd3401e1000 rw-p 00008000 08:02 15471610                   /lib/x86_64-linux-gnu/librt-2.28.so
7fd3401e1000-7fd3401e5000 ---p 00000000 00:00 0 
7fd3401e5000-7fd3402e2000 rw-p 00000000 00:00 0 
7fd3402e2000-7fd3402e5000 r--p 00000000 08:02 15471507                   /lib/x86_64-linux-gnu/libgcc_s.so.1
7fd3402e5000-7fd3402f6000 r-xp 00003000 08:02 15471507                   /lib/x86_64-linux-gnu/libgcc_s.so.1
7fd3402f6000-7fd3402f9000 r--p 00014000 08:02 15471507                   /lib/x86_64-linux-gnu/libgcc_s.so.1
7fd3402f9000-7fd3402fa000 ---p 00017000 08:02 15471507                   /lib/x86_64-linux-gnu/libgcc_s.so.1
7fd3402fa000-7fd3402fb000 r--p 00017000 08:02 15471507                   /lib/x86_64-linux-gnu/libgcc_s.so.1
7fd3402fb000-7fd3402fc000 rw-p 00018000 08:02 15471507                   /lib/x86_64-linux-gnu/libgcc_s.so.1
7fd3402fc000-7fd340309000 r--p 00000000 08:02 15471533                   /lib/x86_64-linux-gnu/libm-2.28.so
7fd340309000-7fd3403b4000 r-xp 0000d000 08:02 15471533                   /lib/x86_64-linux-gnu/libm-2.28.so
7fd3403b4000-7fd340487000 r--p 000b8000 08:02 15471533                   /lib/x86_64-linux-gnu/libm-2.28.so
7fd340487000-7fd340488000 r--p 0018a000 08:02 15471533                   /lib/x86_64-linux-gnu/libm-2.28.so
7fd340488000-7fd340489000 rw-p 0018b000 08:02 15471533                   /lib/x86_64-linux-gnu/libm-2.28.so
7fd340489000-7fd340512000 r--p 00000000 08:02 21242280                   /usr/lib/x86_64-linux-gnu/libstdc++.so.6.0.25
7fd340512000-7fd3405c5000 r-xp 00089000 08:02 21242280                   /usr/lib/x86_64-linux-gnu/libstdc++.so.6.0.25
7fd3405c5000-7fd340603000 r--p 0013c000 08:02 21242280                   /usr/lib/x86_64-linux-gnu/libstdc++.so.6.0.25
7fd340603000-7fd34060d000 r--p 00179000 08:02 21242280                   /usr/lib/x86_64-linux-gnu/libstdc++.so.6.0.25
7fd34060d000-7fd34060f000 rw-p 00183000 08:02 21242280                   /usr/lib/x86_64-linux-gnu/libstdc++.so.6.0.25
7fd34060f000-7fd340613000 rw-p 00000000 00:00 0 
7fd340613000-7fd3408a0000 r--p 00000000 08:02 21369977                   /usr/lib/jvm/java-11-openjdk-amd64/lib/server/libjvm.so
7fd3408a0000-7fd3413e2000 r-xp 0028d000 08:02 21369977                   /usr/lib/jvm/java-11-openjdk-amd64/lib/server/libjvm.so
7fd3413e2000-7fd341629000 r--p 00dcf000 08:02 21369977                   /usr/lib/jvm/java-11-openjdk-amd64/lib/server/libjvm.so
7fd341629000-7fd3416f1000 r--p 01015000 08:02 21369977                   /usr/lib/jvm/java-11-openjdk-amd64/lib/server/libjvm.so
7fd3416f1000-7fd34172b000 rw-p 010dd000 08:02 21369977                   /usr/lib/jvm/java-11-openjdk-amd64/lib/server/libjvm.so
7fd34172b000-7fd341782000 rw-p 00000000 00:00 0 
7fd341782000-7fd341788000 r--p 00000000 08:02 15471602                   /lib/x86_64-linux-gnu/libpthread-2.28.so
7fd341788000-7fd341797000 r-xp 00006000 08:02 15471602                   /lib/x86_64-linux-gnu/libpthread-2.28.so
7fd341797000-7fd34179d000 r--p 00015000 08:02 15471602                   /lib/x86_64-linux-gnu/libpthread-2.28.so
7fd34179d000-7fd34179e000 r--p 0001a000 08:02 15471602                   /lib/x86_64-linux-gnu/libpthread-2.28.so
7fd34179e000-7fd34179f000 rw-p 0001b000 08:02 15471602                   /lib/x86_64-linux-gnu/libpthread-2.28.so
7fd34179f000-7fd3417a3000 rw-p 00000000 00:00 0 
7fd3417a3000-7fd3417a4000 r--p 00000000 08:02 15471493                   /lib/x86_64-linux-gnu/libdl-2.28.so
7fd3417a4000-7fd3417a6000 r-xp 00001000 08:02 15471493                   /lib/x86_64-linux-gnu/libdl-2.28.so
7fd3417a6000-7fd3417a7000 r--p 00003000 08:02 15471493                   /lib/x86_64-linux-gnu/libdl-2.28.so
7fd3417a7000-7fd3417a8000 r--p 00003000 08:02 15471493                   /lib/x86_64-linux-gnu/libdl-2.28.so
7fd3417a8000-7fd3417a9000 rw-p 00004000 08:02 15471493                   /lib/x86_64-linux-gnu/libdl-2.28.so
7fd3417a9000-7fd3417c5000 r-xp 00000000 08:02 15471641                   /lib/x86_64-linux-gnu/libz.so.1.2.11
7fd3417c5000-7fd3419c4000 ---p 0001c000 08:02 15471641                   /lib/x86_64-linux-gnu/libz.so.1.2.11
7fd3419c4000-7fd3419c5000 r--p 0001b000 08:02 15471641                   /lib/x86_64-linux-gnu/libz.so.1.2.11
7fd3419c5000-7fd3419c6000 rw-p 0001c000 08:02 15471641                   /lib/x86_64-linux-gnu/libz.so.1.2.11
7fd3419c6000-7fd3419e8000 r--p 00000000 08:02 15471472                   /lib/x86_64-linux-gnu/libc-2.28.so
7fd3419e8000-7fd341b59000 r-xp 00022000 08:02 15471472                   /lib/x86_64-linux-gnu/libc-2.28.so
7fd341b59000-7fd341ba5000 r--p 00193000 08:02 15471472                   /lib/x86_64-linux-gnu/libc-2.28.so
7fd341ba5000-7fd341ba6000 ---p 001df000 08:02 15471472                   /lib/x86_64-linux-gnu/libc-2.28.so
7fd341ba6000-7fd341baa000 r--p 001df000 08:02 15471472                   /lib/x86_64-linux-gnu/libc-2.28.so
7fd341baa000-7fd341bac000 rw-p 001e3000 08:02 15471472                   /lib/x86_64-linux-gnu/libc-2.28.so
7fd341bac000-7fd341bb0000 rw-p 00000000 00:00 0 
7fd341bb7000-7fd341bb8000 ---p 00000000 00:00 0 
7fd341bb8000-7fd341bb9000 r--p 00000000 00:00 0 
7fd341bb9000-7fd341bbe000 r--p 00000000 08:02 21369970                   /usr/lib/jvm/java-11-openjdk-amd64/lib/libverify.so
7fd341bbe000-7fd341bc5000 r-xp 00005000 08:02 21369970                   /usr/lib/jvm/java-11-openjdk-amd64/lib/libverify.so
7fd341bc5000-7fd341bc7000 r--p 0000c000 08:02 21369970                   /usr/lib/jvm/java-11-openjdk-amd64/lib/libverify.so
7fd341bc7000-7fd341bc9000 r--p 0000d000 08:02 21369970                   /usr/lib/jvm/java-11-openjdk-amd64/lib/libverify.so
7fd341bc9000-7fd341bca000 rw-p 0000f000 08:02 21369970                   /usr/lib/jvm/java-11-openjdk-amd64/lib/libverify.so
7fd341bca000-7fd341bcd000 r--p 00000000 08:02 21369935                   /usr/lib/jvm/java-11-openjdk-amd64/lib/jli/libjli.so
7fd341bcd000-7fd341bd7000 r-xp 00003000 08:02 21369935                   /usr/lib/jvm/java-11-openjdk-amd64/lib/jli/libjli.so
7fd341bd7000-7fd341bda000 r--p 0000d000 08:02 21369935                   /usr/lib/jvm/java-11-openjdk-amd64/lib/jli/libjli.so
7fd341bda000-7fd341bdb000 r--p 0000f000 08:02 21369935                   /usr/lib/jvm/java-11-openjdk-amd64/lib/jli/libjli.so
7fd341bdb000-7fd341bdc000 rw-p 00010000 08:02 21369935                   /usr/lib/jvm/java-11-openjdk-amd64/lib/jli/libjli.so
7fd341bdc000-7fd341bde000 rw-p 00000000 00:00 0 
7fd341bde000-7fd341bdf000 r--p 00000000 08:02 15471446                   /lib/x86_64-linux-gnu/ld-2.28.so
7fd341bdf000-7fd341bff000 r-xp 00001000 08:02 15471446                   /lib/x86_64-linux-gnu/ld-2.28.so
7fd341bff000-7fd341c07000 r--p 00021000 08:02 15471446                   /lib/x86_64-linux-gnu/ld-2.28.so
7fd341c07000-7fd341c08000 r--p 00028000 08:02 15471446                   /lib/x86_64-linux-gnu/ld-2.28.so
7fd341c08000-7fd341c09000 rw-p 00029000 08:02 15471446                   /lib/x86_64-linux-gnu/ld-2.28.so
7fd341c09000-7fd341c0a000 rw-p 00000000 00:00 0 
7ffe00f6a000-7ffe00f8b000 rw-p 00000000 00:00 0                          [stack]
7ffe00f8e000-7ffe00f91000 r--p 00000000 00:00 0                          [vvar]
7ffe00f91000-7ffe00f93000 r-xp 00000000 00:00 0                          [vdso]
ffffffffff600000-ffffffffff601000 r-xp 00000000 00:00 0                  [vsyscall]


VM Arguments:
jvm_args: -Dfile.encoding=UTF-8 --module-path=/mnt/2E521095521063BD/JavaPractice/Cashier/build/classes 
java_command: SerialTest
java_class_path (initial): /mnt/2E521095521063BD/JavaPractice/Cashier/lib/absolutelayout/AbsoluteLayout.jar:/mnt/2E521095521063BD/downloads/sqlite-jdbc-3.23.1.jar:/mnt/2E521095521063BD/JavaPractice/Cashier/lib/RXTXcomm.jar:/mnt/2E521095521063BD/JavaPractice/Cashier/build/classes
Launcher Type: SUN_STANDARD

[Global flags]
     intx CICompilerCount                          = 3                                         {product} {ergonomic}
     uint ConcGCThreads                            = 1                                         {product} {ergonomic}
     uint G1ConcRefinementThreads                  = 4                                         {product} {ergonomic}
   size_t G1HeapRegionSize                         = 1048576                                   {product} {ergonomic}
    uintx GCDrainStackTargetSize                   = 64                                        {product} {ergonomic}
   size_t InitialHeapSize                          = 115343360                                 {product} {ergonomic}
   size_t MarkStackSize                            = 4194304                                   {product} {ergonomic}
   size_t MaxHeapSize                              = 1830813696                                {product} {ergonomic}
   size_t MaxNewSize                               = 1097859072                                {product} {ergonomic}
   size_t MinHeapDeltaBytes                        = 1048576                                   {product} {ergonomic}
    uintx NonNMethodCodeHeapSize                   = 5830092                                {pd product} {ergonomic}
    uintx NonProfiledCodeHeapSize                  = 122914074                              {pd product} {ergonomic}
    uintx ProfiledCodeHeapSize                     = 122914074                              {pd product} {ergonomic}
    uintx ReservedCodeCacheSize                    = 251658240                              {pd product} {ergonomic}
     bool SegmentedCodeCache                       = true                                      {product} {ergonomic}
     bool UseCompressedClassPointers               = true                                 {lp64_product} {ergonomic}
     bool UseCompressedOops                        = true                                 {lp64_product} {ergonomic}
     bool UseG1GC                                  = true                                      {product} {ergonomic}

Logging:
Log output configuration:
 #0: stdout all=warning uptime,level,tags
 #1: stderr all=off uptime,level,tags

Environment Variables:
PATH=/usr/local/sbin:/usr/local/bin:/usr/sbin:/usr/bin:/sbin:/bin:/usr/games:/usr/local/games:/snap/bin
USERNAME=jay
SHELL=/usr/bin/zsh
DISPLAY=:0

Signal Handlers:
SIGSEGV: [libjvm.so+0xd54fa0], sa_mask[0]=11111111011111111101111111111110, sa_flags=SA_RESTART|SA_SIGINFO
SIGBUS: [libjvm.so+0xd54fa0], sa_mask[0]=11111111011111111101111111111110, sa_flags=SA_RESTART|SA_SIGINFO
SIGFPE: [libjvm.so+0xd54fa0], sa_mask[0]=11111111011111111101111111111110, sa_flags=SA_RESTART|SA_SIGINFO
SIGPIPE: [libjvm.so+0xb5d0d0], sa_mask[0]=11111111011111111101111111111110, sa_flags=SA_RESTART|SA_SIGINFO
SIGXFSZ: [libjvm.so+0xb5d0d0], sa_mask[0]=11111111011111111101111111111110, sa_flags=SA_RESTART|SA_SIGINFO
SIGILL: [libjvm.so+0xd54fa0], sa_mask[0]=11111111011111111101111111111110, sa_flags=SA_RESTART|SA_SIGINFO
SIGUSR2: [libjvm.so+0xb5cf60], sa_mask[0]=00100000000000000000000000000000, sa_flags=SA_RESTART|SA_SIGINFO
SIGHUP: [libjvm.so+0xb5d4d0], sa_mask[0]=11111111011111111101111111111110, sa_flags=SA_RESTART|SA_SIGINFO
SIGINT: SIG_IGN, sa_mask[0]=00000000000000000000000000000000, sa_flags=none
SIGTERM: [libjvm.so+0xb5d4d0], sa_mask[0]=11111111011111111101111111111110, sa_flags=SA_RESTART|SA_SIGINFO
SIGQUIT: [libjvm.so+0xb5d4d0], sa_mask[0]=11111111011111111101111111111110, sa_flags=SA_RESTART|SA_SIGINFO


---------------  S Y S T E M  ---------------

OS:DISTRIB_ID=Ubuntu
DISTRIB_RELEASE=18.10
DISTRIB_CODENAME=cosmic
DISTRIB_DESCRIPTION="Ubuntu 18.10"
uname:Linux 4.18.0-13-generic #14-Ubuntu SMP Wed Dec 5 09:04:24 UTC 2018 x86_64
libc:glibc 2.28 NPTL 2.28 
rlimit: STACK 8192k, CORE 0k, NPROC 27226, NOFILE 1048576, AS infinity, DATA infinity, FSIZE infinity
load average:1.73 1.16 0.85

/proc/meminfo:
MemTotal:        7147380 kB
MemFree:          262912 kB
MemAvailable:    2044892 kB
Buffers:          437596 kB
Cached:          1567672 kB
SwapCached:          196 kB
Active:          5194688 kB
Inactive:        1148996 kB
Active(anon):    4184468 kB
Inactive(anon):   299840 kB
Active(file):    1010220 kB
Inactive(file):   849156 kB
Unevictable:          64 kB
Mlocked:              64 kB
SwapTotal:       2097148 kB
SwapFree:        2096124 kB
Dirty:               860 kB
Writeback:             0 kB
AnonPages:       4338364 kB
Mapped:           654472 kB
Shmem:            145896 kB
Slab:             358236 kB
SReclaimable:     225504 kB
SUnreclaim:       132732 kB
KernelStack:       16528 kB
PageTables:        58032 kB
NFS_Unstable:          0 kB
Bounce:                0 kB
WritebackTmp:          0 kB
CommitLimit:     5670836 kB
Committed_AS:   13736508 kB
VmallocTotal:   34359738367 kB
VmallocUsed:           0 kB
VmallocChunk:          0 kB
HardwareCorrupted:     0 kB
AnonHugePages:      2048 kB
ShmemHugePages:        0 kB
ShmemPmdMapped:        0 kB
CmaTotal:              0 kB
CmaFree:               0 kB
HugePages_Total:       0
HugePages_Free:        0
HugePages_Rsvd:        0
HugePages_Surp:        0
Hugepagesize:       2048 kB
Hugetlb:               0 kB
DirectMap4k:      445540 kB
DirectMap2M:     6842368 kB
DirectMap1G:     1048576 kB


/proc/sys/kernel/threads-max (system-wide limit on the number of threads):
54452


/proc/sys/vm/max_map_count (maximum number of memory map areas a process may have):
65530


/proc/sys/kernel/pid_max (system-wide limit on number of process identifiers):
32768


container (cgroup) information:
container_type: cgroupv1
cpu_cpuset_cpus: 0-3
cpu_memory_nodes: 0
active_processor_count: 4
cpu_quota: -1
cpu_period: 100000
cpu_shares: -1
memory_limit_in_bytes: -1
memory_and_swap_limit_in_bytes: -2
memory_soft_limit_in_bytes: -1
memory_usage_in_bytes: 5561683968
memory_max_usage_in_bytes: 5732261888


CPU:total 4 (initial active 4) (4 cores per cpu, 1 threads per core) family 23 model 17 stepping 0, cmov, cx8, fxsr, mmx, sse, sse2, sse3, ssse3, sse4.1, sse4.2, popcnt, avx, avx2, aes, clmul, mmxext, 3dnowpref, lzcnt, sse4a, tsc, tscinvbit, tscinv, bmi1, bmi2, adx, sha, fma
CPU Model and flags from /proc/cpuinfo:
model name	: AMD Ryzen 3 2200G with Radeon Vega Graphics
flags		: fpu vme de pse tsc msr pae mce cx8 apic sep mtrr pge mca cmov pat pse36 clflush mmx fxsr sse sse2 ht syscall nx mmxext fxsr_opt pdpe1gb rdtscp lm constant_tsc rep_good nopl nonstop_tsc cpuid extd_apicid aperfmperf pni pclmulqdq monitor ssse3 fma cx16 sse4_1 sse4_2 movbe popcnt aes xsave avx f16c rdrand lahf_lm cmp_legacy svm extapic cr8_legacy abm sse4a misalignsse 3dnowprefetch osvw skinit wdt tce topoext perfctr_core perfctr_nb bpext perfctr_llc mwaitx hw_pstate sme ssbd sev ibpb vmmcall fsgsbase bmi1 avx2 smep bmi2 rdseed adx smap clflushopt sha_ni xsaveopt xsavec xgetbv1 xsaves clzero irperf xsaveerptr arat npt lbrv svm_lock nrip_save tsc_scale vmcb_clean flushbyasid decodeassists pausefilter pfthreshold avic v_vmsave_vmload vgif overflow_recov succor smca

Memory: 4k page, physical 7147380k(262912k free), swap 2097148k(2096124k free)

vm_info: OpenJDK 64-Bit Server VM (11.0.1+13-Ubuntu-2ubuntu1) for linux-amd64 JRE (11.0.1+13-Ubuntu-2ubuntu1), built on Oct 22 2018 18:46:28 by "buildd" with gcc 8.2.0

END.
